hi 1
/media/external1/packard/db/RChange/R6NOCHARGEpp10mEv_7TeV_ptHatMin0GeV_run1_FoundJets.root
Input overriding default for NumEvents!
There are 10000000 events!
*********************** FIRST PASS ***********************
0 events analysed.
Reached 0 events!
10000 events analysed.
20000 events analysed.
30000 events analysed.
40000 events analysed.
50000 events analysed.
60000 events analysed.
70000 events analysed.
80000 events analysed.
90000 events analysed.
100000 events analysed.
110000 events analysed.
120000 events analysed.
130000 events analysed.
140000 events analysed.
150000 events analysed.
160000 events analysed.
170000 events analysed.
180000 events analysed.
190000 events analysed.
200000 events analysed.
210000 events analysed.
220000 events analysed.
230000 events analysed.
240000 events analysed.
250000 events analysed.
260000 events analysed.
270000 events analysed.
280000 events analysed.
290000 events analysed.
300000 events analysed.
310000 events analysed.
320000 events analysed.
330000 events analysed.
340000 events analysed.
350000 events analysed.
360000 events analysed.
370000 events analysed.
380000 events analysed.
390000 events analysed.
400000 events analysed.
410000 events analysed.
420000 events analysed.
430000 events analysed.
440000 events analysed.
450000 events analysed.
460000 events analysed.
470000 events analysed.
480000 events analysed.
490000 events analysed.
500000 events analysed.
510000 events analysed.
520000 events analysed.
530000 events analysed.
540000 events analysed.
550000 events analysed.
560000 events analysed.
570000 events analysed.
580000 events analysed.
590000 events analysed.
600000 events analysed.
610000 events analysed.
620000 events analysed.
630000 events analysed.
640000 events analysed.
650000 events analysed.
660000 events analysed.
670000 events analysed.
680000 events analysed.
690000 events analysed.
700000 events analysed.
710000 events analysed.
720000 events analysed.
730000 events analysed.
740000 events analysed.
750000 events analysed.
760000 events analysed.
770000 events analysed.
780000 events analysed.
790000 events analysed.
800000 events analysed.
810000 events analysed.
820000 events analysed.
830000 events analysed.
840000 events analysed.
850000 events analysed.
860000 events analysed.
870000 events analysed.
880000 events analysed.
890000 events analysed.
900000 events analysed.
910000 events analysed.
920000 events analysed.
930000 events analysed.
940000 events analysed.
950000 events analysed.
960000 events analysed.
970000 events analysed.
980000 events analysed.
990000 events analysed.
1000000 events analysed.
Reached 1 events!
1010000 events analysed.
1020000 events analysed.
1030000 events analysed.
1040000 events analysed.
1050000 events analysed.
1060000 events analysed.
1070000 events analysed.
1080000 events analysed.
1090000 events analysed.
1100000 events analysed.
1110000 events analysed.
1120000 events analysed.
1130000 events analysed.
1140000 events analysed.
1150000 events analysed.
1160000 events analysed.
1170000 events analysed.
1180000 events analysed.
1190000 events analysed.
1200000 events analysed.
1210000 events analysed.
1220000 events analysed.
1230000 events analysed.
1240000 events analysed.
1250000 events analysed.
1260000 events analysed.
1270000 events analysed.
1280000 events analysed.
1290000 events analysed.
1300000 events analysed.
1310000 events analysed.
1320000 events analysed.
1330000 events analysed.
1340000 events analysed.
1350000 events analysed.
1360000 events analysed.
1370000 events analysed.
1380000 events analysed.
1390000 events analysed.
1400000 events analysed.
1410000 events analysed.
1420000 events analysed.
1430000 events analysed.
1440000 events analysed.
1450000 events analysed.
1460000 events analysed.
1470000 events analysed.
1480000 events analysed.
1490000 events analysed.
1500000 events analysed.
1510000 events analysed.
1520000 events analysed.
1530000 events analysed.
1540000 events analysed.
1550000 events analysed.
1560000 events analysed.
1570000 events analysed.
1580000 events analysed.
1590000 events analysed.
1600000 events analysed.
1610000 events analysed.
1620000 events analysed.
1630000 events analysed.
1640000 events analysed.
1650000 events analysed.
1660000 events analysed.
1670000 events analysed.
1680000 events analysed.
1690000 events analysed.
1700000 events analysed.
1710000 events analysed.
1720000 events analysed.
1730000 events analysed.
1740000 events analysed.
1750000 events analysed.
1760000 events analysed.
1770000 events analysed.
1780000 events analysed.
1790000 events analysed.
1800000 events analysed.
1810000 events analysed.
1820000 events analysed.
1830000 events analysed.
1840000 events analysed.
1850000 events analysed.
1860000 events analysed.
1870000 events analysed.
1880000 events analysed.
1890000 events analysed.
1900000 events analysed.
1910000 events analysed.
1920000 events analysed.
1930000 events analysed.
1940000 events analysed.
1950000 events analysed.
1960000 events analysed.
1970000 events analysed.
1980000 events analysed.
1990000 events analysed.
2000000 events analysed.
Reached 2 events!
2010000 events analysed.
2020000 events analysed.
2030000 events analysed.
2040000 events analysed.
2050000 events analysed.
2060000 events analysed.
2070000 events analysed.
2080000 events analysed.
2090000 events analysed.
2100000 events analysed.
2110000 events analysed.
2120000 events analysed.
2130000 events analysed.
2140000 events analysed.
2150000 events analysed.
2160000 events analysed.
2170000 events analysed.
2180000 events analysed.
2190000 events analysed.
2200000 events analysed.
2210000 events analysed.
2220000 events analysed.
2230000 events analysed.
2240000 events analysed.
2250000 events analysed.
2260000 events analysed.
2270000 events analysed.
2280000 events analysed.
2290000 events analysed.
2300000 events analysed.
2310000 events analysed.
2320000 events analysed.
2330000 events analysed.
2340000 events analysed.
2350000 events analysed.
2360000 events analysed.
2370000 events analysed.
2380000 events analysed.
2390000 events analysed.
2400000 events analysed.
2410000 events analysed.
2420000 events analysed.
2430000 events analysed.
2440000 events analysed.
2450000 events analysed.
2460000 events analysed.
2470000 events analysed.
2480000 events analysed.
2490000 events analysed.
2500000 events analysed.
2510000 events analysed.
2520000 events analysed.
2530000 events analysed.
2540000 events analysed.
2550000 events analysed.
2560000 events analysed.
2570000 events analysed.
2580000 events analysed.
2590000 events analysed.
2600000 events analysed.
2610000 events analysed.
2620000 events analysed.
2630000 events analysed.
2640000 events analysed.
2650000 events analysed.
2660000 events analysed.
2670000 events analysed.
2680000 events analysed.
2690000 events analysed.
2700000 events analysed.
2710000 events analysed.
2720000 events analysed.
2730000 events analysed.
2740000 events analysed.
2750000 events analysed.
2760000 events analysed.
2770000 events analysed.
2780000 events analysed.
2790000 events analysed.
2800000 events analysed.
2810000 events analysed.
2820000 events analysed.
2830000 events analysed.
2840000 events analysed.
2850000 events analysed.
2860000 events analysed.
2870000 events analysed.
2880000 events analysed.
2890000 events analysed.
2900000 events analysed.
2910000 events analysed.
2920000 events analysed.
2930000 events analysed.
2940000 events analysed.
2950000 events analysed.
2960000 events analysed.
2970000 events analysed.
2980000 events analysed.
2990000 events analysed.
3000000 events analysed.
Reached 3 events!
3010000 events analysed.
3020000 events analysed.
3030000 events analysed.
3040000 events analysed.
3050000 events analysed.
3060000 events analysed.
3070000 events analysed.
3080000 events analysed.
3090000 events analysed.
3100000 events analysed.
3110000 events analysed.
3120000 events analysed.
3130000 events analysed.
3140000 events analysed.
3150000 events analysed.
3160000 events analysed.
3170000 events analysed.
3180000 events analysed.
3190000 events analysed.
3200000 events analysed.
3210000 events analysed.
3220000 events analysed.
3230000 events analysed.
3240000 events analysed.
3250000 events analysed.
3260000 events analysed.
3270000 events analysed.
3280000 events analysed.
3290000 events analysed.
3300000 events analysed.
3310000 events analysed.
3320000 events analysed.
3330000 events analysed.
3340000 events analysed.
3350000 events analysed.
3360000 events analysed.
3370000 events analysed.
3380000 events analysed.
3390000 events analysed.
3400000 events analysed.
3410000 events analysed.
3420000 events analysed.
3430000 events analysed.
3440000 events analysed.
3450000 events analysed.
3460000 events analysed.
3470000 events analysed.
3480000 events analysed.
3490000 events analysed.
3500000 events analysed.
3510000 events analysed.
3520000 events analysed.
3530000 events analysed.
3540000 events analysed.
3550000 events analysed.
3560000 events analysed.
3570000 events analysed.
3580000 events analysed.
3590000 events analysed.
3600000 events analysed.
3610000 events analysed.
3620000 events analysed.
3630000 events analysed.
3640000 events analysed.
3650000 events analysed.
3660000 events analysed.
3670000 events analysed.
3680000 events analysed.
3690000 events analysed.
3700000 events analysed.
3710000 events analysed.
3720000 events analysed.
3730000 events analysed.
3740000 events analysed.
3750000 events analysed.
3760000 events analysed.
3770000 events analysed.
3780000 events analysed.
3790000 events analysed.
3800000 events analysed.
3810000 events analysed.
3820000 events analysed.
3830000 events analysed.
3840000 events analysed.
3850000 events analysed.
3860000 events analysed.
3870000 events analysed.
3880000 events analysed.
3890000 events analysed.
3900000 events analysed.
3910000 events analysed.
3920000 events analysed.
3930000 events analysed.
3940000 events analysed.
3950000 events analysed.
3960000 events analysed.
3970000 events analysed.
3980000 events analysed.
3990000 events analysed.
4000000 events analysed.
Reached 4 events!
4010000 events analysed.
4020000 events analysed.
4030000 events analysed.
4040000 events analysed.
4050000 events analysed.
4060000 events analysed.
4070000 events analysed.
4080000 events analysed.
4090000 events analysed.
4100000 events analysed.
4110000 events analysed.
4120000 events analysed.
4130000 events analysed.
4140000 events analysed.
4150000 events analysed.
4160000 events analysed.
4170000 events analysed.
4180000 events analysed.
4190000 events analysed.
4200000 events analysed.
4210000 events analysed.
4220000 events analysed.
4230000 events analysed.
4240000 events analysed.
4250000 events analysed.
4260000 events analysed.
4270000 events analysed.
4280000 events analysed.
4290000 events analysed.
4300000 events analysed.
4310000 events analysed.
4320000 events analysed.
4330000 events analysed.
4340000 events analysed.
4350000 events analysed.
4360000 events analysed.
4370000 events analysed.
4380000 events analysed.
4390000 events analysed.
4400000 events analysed.
4410000 events analysed.
4420000 events analysed.
4430000 events analysed.
4440000 events analysed.
4450000 events analysed.
4460000 events analysed.
4470000 events analysed.
4480000 events analysed.
4490000 events analysed.
4500000 events analysed.
4510000 events analysed.
4520000 events analysed.
4530000 events analysed.
4540000 events analysed.
4550000 events analysed.
4560000 events analysed.
4570000 events analysed.
4580000 events analysed.
4590000 events analysed.
4600000 events analysed.
4610000 events analysed.
4620000 events analysed.
4630000 events analysed.
4640000 events analysed.
4650000 events analysed.
4660000 events analysed.
4670000 events analysed.
4680000 events analysed.
4690000 events analysed.
4700000 events analysed.
4710000 events analysed.
4720000 events analysed.
4730000 events analysed.
4740000 events analysed.
4750000 events analysed.
4760000 events analysed.
4770000 events analysed.
4780000 events analysed.
4790000 events analysed.
4800000 events analysed.
4810000 events analysed.
4820000 events analysed.
4830000 events analysed.
4840000 events analysed.
4850000 events analysed.
4860000 events analysed.
4870000 events analysed.
4880000 events analysed.
4890000 events analysed.
4900000 events analysed.
4910000 events analysed.
4920000 events analysed.
4930000 events analysed.
4940000 events analysed.
4950000 events analysed.
4960000 events analysed.
4970000 events analysed.
4980000 events analysed.
4990000 events analysed.
5000000 events analysed.
Reached 5 events!
5010000 events analysed.
5020000 events analysed.
5030000 events analysed.
5040000 events analysed.
5050000 events analysed.
5060000 events analysed.
5070000 events analysed.
5080000 events analysed.
5090000 events analysed.
5100000 events analysed.
5110000 events analysed.
5120000 events analysed.
5130000 events analysed.
5140000 events analysed.
5150000 events analysed.
5160000 events analysed.
5170000 events analysed.
5180000 events analysed.
5190000 events analysed.
5200000 events analysed.
5210000 events analysed.
5220000 events analysed.
5230000 events analysed.
5240000 events analysed.
5250000 events analysed.
5260000 events analysed.
5270000 events analysed.
5280000 events analysed.
5290000 events analysed.
5300000 events analysed.
5310000 events analysed.
5320000 events analysed.
5330000 events analysed.
5340000 events analysed.
5350000 events analysed.
5360000 events analysed.
5370000 events analysed.
5380000 events analysed.
5390000 events analysed.
5400000 events analysed.
5410000 events analysed.
5420000 events analysed.
5430000 events analysed.
5440000 events analysed.
5450000 events analysed.
5460000 events analysed.
5470000 events analysed.
5480000 events analysed.
5490000 events analysed.
5500000 events analysed.
5510000 events analysed.
5520000 events analysed.
5530000 events analysed.
5540000 events analysed.
5550000 events analysed.
5560000 events analysed.
5570000 events analysed.
5580000 events analysed.
5590000 events analysed.
5600000 events analysed.
5610000 events analysed.
5620000 events analysed.
5630000 events analysed.
5640000 events analysed.
5650000 events analysed.
5660000 events analysed.
5670000 events analysed.
5680000 events analysed.
5690000 events analysed.
5700000 events analysed.
5710000 events analysed.
5720000 events analysed.
5730000 events analysed.
5740000 events analysed.
5750000 events analysed.
5760000 events analysed.
5770000 events analysed.
5780000 events analysed.
5790000 events analysed.
5800000 events analysed.
5810000 events analysed.
5820000 events analysed.
5830000 events analysed.
5840000 events analysed.
5850000 events analysed.
5860000 events analysed.
5870000 events analysed.
5880000 events analysed.
5890000 events analysed.
5900000 events analysed.
5910000 events analysed.
5920000 events analysed.
5930000 events analysed.
5940000 events analysed.
5950000 events analysed.
5960000 events analysed.
5970000 events analysed.
5980000 events analysed.
5990000 events analysed.
6000000 events analysed.
Reached 6 events!
6010000 events analysed.
6020000 events analysed.
6030000 events analysed.
6040000 events analysed.
6050000 events analysed.
6060000 events analysed.
6070000 events analysed.
6080000 events analysed.
6090000 events analysed.
6100000 events analysed.
6110000 events analysed.
6120000 events analysed.
6130000 events analysed.
6140000 events analysed.
6150000 events analysed.
6160000 events analysed.
6170000 events analysed.
6180000 events analysed.
6190000 events analysed.
6200000 events analysed.
6210000 events analysed.
6220000 events analysed.
6230000 events analysed.
6240000 events analysed.
6250000 events analysed.
6260000 events analysed.
6270000 events analysed.
6280000 events analysed.
6290000 events analysed.
6300000 events analysed.
6310000 events analysed.
6320000 events analysed.
6330000 events analysed.
6340000 events analysed.
6350000 events analysed.
6360000 events analysed.
6370000 events analysed.
6380000 events analysed.
6390000 events analysed.
6400000 events analysed.
6410000 events analysed.
6420000 events analysed.
6430000 events analysed.
6440000 events analysed.
6450000 events analysed.
6460000 events analysed.
6470000 events analysed.
6480000 events analysed.
6490000 events analysed.
6500000 events analysed.
6510000 events analysed.
6520000 events analysed.
6530000 events analysed.
6540000 events analysed.
6550000 events analysed.
6560000 events analysed.
6570000 events analysed.
6580000 events analysed.
6590000 events analysed.
6600000 events analysed.
6610000 events analysed.
6620000 events analysed.
6630000 events analysed.
6640000 events analysed.
6650000 events analysed.
6660000 events analysed.
6670000 events analysed.
6680000 events analysed.
6690000 events analysed.
6700000 events analysed.
6710000 events analysed.
6720000 events analysed.
6730000 events analysed.
6740000 events analysed.
6750000 events analysed.
6760000 events analysed.
6770000 events analysed.
6780000 events analysed.
6790000 events analysed.
6800000 events analysed.
6810000 events analysed.
6820000 events analysed.
6830000 events analysed.
6840000 events analysed.
6850000 events analysed.
6860000 events analysed.
6870000 events analysed.
6880000 events analysed.
6890000 events analysed.
6900000 events analysed.
6910000 events analysed.
6920000 events analysed.
6930000 events analysed.
6940000 events analysed.
6950000 events analysed.
6960000 events analysed.
6970000 events analysed.
6980000 events analysed.
6990000 events analysed.
7000000 events analysed.
Reached 7 events!
7010000 events analysed.
7020000 events analysed.
7030000 events analysed.
7040000 events analysed.
7050000 events analysed.
7060000 events analysed.
7070000 events analysed.
7080000 events analysed.
7090000 events analysed.
7100000 events analysed.
7110000 events analysed.
7120000 events analysed.
7130000 events analysed.
7140000 events analysed.
7150000 events analysed.
7160000 events analysed.
7170000 events analysed.
7180000 events analysed.
7190000 events analysed.
7200000 events analysed.
7210000 events analysed.
7220000 events analysed.
7230000 events analysed.
7240000 events analysed.
7250000 events analysed.
7260000 events analysed.
7270000 events analysed.
7280000 events analysed.
7290000 events analysed.
7300000 events analysed.
7310000 events analysed.
7320000 events analysed.
7330000 events analysed.
7340000 events analysed.
7350000 events analysed.
7360000 events analysed.
7370000 events analysed.
7380000 events analysed.
7390000 events analysed.
7400000 events analysed.
7410000 events analysed.
7420000 events analysed.
7430000 events analysed.
7440000 events analysed.
7450000 events analysed.
7460000 events analysed.
7470000 events analysed.
7480000 events analysed.
7490000 events analysed.
7500000 events analysed.
7510000 events analysed.
7520000 events analysed.
7530000 events analysed.
7540000 events analysed.
7550000 events analysed.
7560000 events analysed.
7570000 events analysed.
7580000 events analysed.
7590000 events analysed.
7600000 events analysed.
7610000 events analysed.
7620000 events analysed.
7630000 events analysed.
7640000 events analysed.
7650000 events analysed.
7660000 events analysed.
7670000 events analysed.
7680000 events analysed.
7690000 events analysed.
7700000 events analysed.
7710000 events analysed.
7720000 events analysed.
7730000 events analysed.
7740000 events analysed.
7750000 events analysed.
7760000 events analysed.
7770000 events analysed.
7780000 events analysed.
7790000 events analysed.
7800000 events analysed.
7810000 events analysed.
7820000 events analysed.
7830000 events analysed.
7840000 events analysed.
7850000 events analysed.
7860000 events analysed.
7870000 events analysed.
7880000 events analysed.
7890000 events analysed.
7900000 events analysed.
7910000 events analysed.
7920000 events analysed.
7930000 events analysed.
7940000 events analysed.
7950000 events analysed.
7960000 events analysed.
7970000 events analysed.
7980000 events analysed.
7990000 events analysed.
8000000 events analysed.
Reached 8 events!
8010000 events analysed.
8020000 events analysed.
8030000 events analysed.
8040000 events analysed.
8050000 events analysed.
8060000 events analysed.
8070000 events analysed.
8080000 events analysed.
8090000 events analysed.
8100000 events analysed.
8110000 events analysed.
8120000 events analysed.
8130000 events analysed.
8140000 events analysed.
8150000 events analysed.
8160000 events analysed.
8170000 events analysed.
8180000 events analysed.
8190000 events analysed.
8200000 events analysed.
8210000 events analysed.
8220000 events analysed.
8230000 events analysed.
8240000 events analysed.
8250000 events analysed.
8260000 events analysed.
8270000 events analysed.
8280000 events analysed.
8290000 events analysed.
8300000 events analysed.
8310000 events analysed.
8320000 events analysed.
8330000 events analysed.
8340000 events analysed.
8350000 events analysed.
8360000 events analysed.
8370000 events analysed.
8380000 events analysed.
8390000 events analysed.
8400000 events analysed.
8410000 events analysed.
8420000 events analysed.
8430000 events analysed.
8440000 events analysed.
8450000 events analysed.
8460000 events analysed.
8470000 events analysed.
8480000 events analysed.
8490000 events analysed.
8500000 events analysed.
8510000 events analysed.
8520000 events analysed.
8530000 events analysed.
8540000 events analysed.
8550000 events analysed.
8560000 events analysed.
8570000 events analysed.
8580000 events analysed.
8590000 events analysed.
8600000 events analysed.
8610000 events analysed.
8620000 events analysed.
8630000 events analysed.
8640000 events analysed.
8650000 events analysed.
8660000 events analysed.
8670000 events analysed.
8680000 events analysed.
8690000 events analysed.
8700000 events analysed.
8710000 events analysed.
8720000 events analysed.
8730000 events analysed.
8740000 events analysed.
8750000 events analysed.
8760000 events analysed.
8770000 events analysed.
8780000 events analysed.
8790000 events analysed.
8800000 events analysed.
8810000 events analysed.
8820000 events analysed.
8830000 events analysed.
8840000 events analysed.
8850000 events analysed.
8860000 events analysed.
8870000 events analysed.
8880000 events analysed.
8890000 events analysed.
8900000 events analysed.
8910000 events analysed.
8920000 events analysed.
8930000 events analysed.
8940000 events analysed.
8950000 events analysed.
8960000 events analysed.
8970000 events analysed.
8980000 events analysed.
8990000 events analysed.
9000000 events analysed.
Reached 9 events!
9010000 events analysed.
9020000 events analysed.
9030000 events analysed.
9040000 events analysed.
9050000 events analysed.
9060000 events analysed.
9070000 events analysed.
9080000 events analysed.
9090000 events analysed.
9100000 events analysed.
9110000 events analysed.
9120000 events analysed.
9130000 events analysed.
9140000 events analysed.
9150000 events analysed.
9160000 events analysed.
9170000 events analysed.
9180000 events analysed.
9190000 events analysed.
9200000 events analysed.
9210000 events analysed.
9220000 events analysed.
9230000 events analysed.
9240000 events analysed.
9250000 events analysed.
9260000 events analysed.
9270000 events analysed.
9280000 events analysed.
9290000 events analysed.
9300000 events analysed.
9310000 events analysed.
9320000 events analysed.
9330000 events analysed.
9340000 events analysed.
9350000 events analysed.
9360000 events analysed.
9370000 events analysed.
9380000 events analysed.
9390000 events analysed.
9400000 events analysed.
9410000 events analysed.
9420000 events analysed.
9430000 events analysed.
9440000 events analysed.
9450000 events analysed.
9460000 events analysed.
9470000 events analysed.
9480000 events analysed.
9490000 events analysed.
9500000 events analysed.
9510000 events analysed.
9520000 events analysed.
9530000 events analysed.
9540000 events analysed.
9550000 events analysed.
9560000 events analysed.
9570000 events analysed.
9580000 events analysed.
9590000 events analysed.
9600000 events analysed.
9610000 events analysed.
9620000 events analysed.
9630000 events analysed.
9640000 events analysed.
9650000 events analysed.
9660000 events analysed.
9670000 events analysed.
9680000 events analysed.
9690000 events analysed.
9700000 events analysed.
9710000 events analysed.
9720000 events analysed.
9730000 events analysed.
9740000 events analysed.
9750000 events analysed.
9760000 events analysed.
9770000 events analysed.
9780000 events analysed.
9790000 events analysed.
9800000 events analysed.
9810000 events analysed.
9820000 events analysed.
9830000 events analysed.
9840000 events analysed.
9850000 events analysed.
9860000 events analysed.
9870000 events analysed.
9880000 events analysed.
9890000 events analysed.
9900000 events analysed.
9910000 events analysed.
9920000 events analysed.
9930000 events analysed.
9940000 events analysed.
9950000 events analysed.
9960000 events analysed.
9970000 events analysed.
9980000 events analysed.
9990000 events analysed.
10000000 events analysed.

External input /media/scratch/packard/db/RChange/R6NOCHARGE received for output path! Overriding default...

Output path set as /media/scratch/packard/db/RChange/R6NOCHARGE. Will write contents to this directory!

Run Time: 
Real time 12:08:27, CP time 2175.260

