Input path set as: /media/scratch/packard/db/.

Filename set as: pp10mEv_7TeV_ptHatMin0GeV_run1.

opening:   /media/scratch/packard/db/pp10mEv_7TeV_ptHatMin0GeV_run1.root


External input: /media/external1/packard/db/RChange/R4FINAL received for output path! Overriding default...

Output path set as /media/external1/packard/db/RChange/R4FINAL. Will write contents to this directory!

External input 0.4 received for R! Overriding default...

External input 0.4 received for OpeningAngle! Overriding default...

External input 5 received for jet_ptmin! Overriding default...

External input 8 received for LeadPtMin! Overriding default...

External input 5 received for SubLeadPtMin! Overriding default...

External input 200 received for max_track_rap! Overriding default...

External input 0 receieved for PtConsLo! Overriding default...

External input 1 received for PtConsHi! Overriding default...

R: 0.4

OpeningAngle: 0.4

jet_ptmin: 5

LeadPtMin: 8

SubLeadPtMin: 5

max_track_rap: 200

PtConsLo: 0

PtConsHi: 1

Number of events: 10000000.Event 0 / 10000000
#--------------------------------------------------------------------------
#                         FastJet release 3.2.1
#                 M. Cacciari, G.P. Salam and G. Soyez                  
#     A software package for jet finding and analysis at colliders      
#                           http://fastjet.fr                           
#	                                                                      
# Please cite EPJC72(2012)1896 [arXiv:1111.6097] if you use this package
# for scientific work and optionally PLB641(2006)57 [hep-ph/0512210].   
#                                                                       
# FastJet is provided without warranty under the terms of the GNU GPLv2.
# It uses T. Chan's closest pair algorithm, S. Fortune's Voronoi code
# and 3rd party plugin jet algorithms. See COPYING file for details.
#--------------------------------------------------------------------------
Event 1613 Number of Jets accepted = 2 Number of DiJets found = 1
Event 1856 Number of Jets accepted = 2 Number of DiJets found = 1
Event 10000 / 10000000
Event 20000 / 10000000
Event 22660 Number of Jets accepted = 2 Number of DiJets found = 1
Event 30000 / 10000000
Event 40000 / 10000000
Event 50000 / 10000000
Event 60000 / 10000000
Event 70000 / 10000000
Event 80000 / 10000000
Event 80613 Number of Jets accepted = 2 Number of DiJets found = 1
Event 87960 Number of Jets accepted = 2 Number of DiJets found = 1
Event 88118 Number of Jets accepted = 2 Number of DiJets found = 1
Event 90000 / 10000000
Event 100000 / 10000000
Event 110000 / 10000000
Event 120000 / 10000000
Event 130000 / 10000000
Event 140000 / 10000000
Event 150000 / 10000000
Event 150637 Number of Jets accepted = 2 Number of DiJets found = 1
Event 159409 Number of Jets accepted = 2 Number of DiJets found = 1
Event 160000 / 10000000
Event 170000 / 10000000
Event 180000 / 10000000
Event 181219 Number of Jets accepted = 2 Number of DiJets found = 1
Event 190000 / 10000000
Event 198559 Number of Jets accepted = 2 Number of DiJets found = 1
Event 200000 / 10000000
Event 201328 Number of Jets accepted = 2 Number of DiJets found = 1
Event 203979 Number of Jets accepted = 2 Number of DiJets found = 1
Event 204872 Number of Jets accepted = 2 Number of DiJets found = 1
Event 209883 Number of Jets accepted = 2 Number of DiJets found = 1
Event 210000 / 10000000
Event 210552 Number of Jets accepted = 2 Number of DiJets found = 1
Event 212637 Number of Jets accepted = 2 Number of DiJets found = 1
Event 215294 Number of Jets accepted = 2 Number of DiJets found = 1
Event 220000 / 10000000
Event 228579 Number of Jets accepted = 2 Number of DiJets found = 1
Event 230000 / 10000000
Event 237109 Number of Jets accepted = 2 Number of DiJets found = 1
Event 240000 / 10000000
Event 243024 Number of Jets accepted = 2 Number of DiJets found = 1
Event 250000 / 10000000
Event 260000 / 10000000
Event 270000 / 10000000
Event 280000 / 10000000
Event 281387 Number of Jets accepted = 2 Number of DiJets found = 1
Event 288474 Number of Jets accepted = 2 Number of DiJets found = 1
Event 290000 / 10000000
Event 290309 Number of Jets accepted = 2 Number of DiJets found = 1
Event 300000 / 10000000
Event 310000 / 10000000
Event 311001 Number of Jets accepted = 2 Number of DiJets found = 1
Event 320000 / 10000000
Event 325802 Number of Jets accepted = 2 Number of DiJets found = 1
Event 330000 / 10000000
Event 336245 Number of Jets accepted = 2 Number of DiJets found = 1
Event 340000 / 10000000
Event 342012 Number of Jets accepted = 2 Number of DiJets found = 1
Event 350000 / 10000000
Event 360000 / 10000000
Event 370000 / 10000000
Event 378131 Number of Jets accepted = 2 Number of DiJets found = 1
Event 378952 Number of Jets accepted = 2 Number of DiJets found = 1
Event 380000 / 10000000
Event 390000 / 10000000
Event 398966 Number of Jets accepted = 2 Number of DiJets found = 1
Event 400000 / 10000000
Event 401762 Number of Jets accepted = 2 Number of DiJets found = 1
Event 403280 Number of Jets accepted = 2 Number of DiJets found = 1
Event 410000 / 10000000
Event 416926 Number of Jets accepted = 2 Number of DiJets found = 1
Event 420000 / 10000000
Event 430000 / 10000000
Event 436968 Number of Jets accepted = 2 Number of DiJets found = 1
Event 440000 / 10000000
Event 450000 / 10000000
Event 460000 / 10000000
Event 461616 Number of Jets accepted = 2 Number of DiJets found = 1
Event 470000 / 10000000
Event 472070 Number of Jets accepted = 2 Number of DiJets found = 1
Event 474060 Number of Jets accepted = 2 Number of DiJets found = 1
Event 479749 Number of Jets accepted = 2 Number of DiJets found = 1
Event 480000 / 10000000
Event 488396 Number of Jets accepted = 2 Number of DiJets found = 1
Event 490000 / 10000000
Event 492355 Number of Jets accepted = 2 Number of DiJets found = 1
Event 493600 Number of Jets accepted = 2 Number of DiJets found = 1
Event 494821 Number of Jets accepted = 2 Number of DiJets found = 1
Event 500000 / 10000000
Event 501190 Number of Jets accepted = 2 Number of DiJets found = 1
Event 510000 / 10000000
Event 520000 / 10000000
Event 527122 Number of Jets accepted = 2 Number of DiJets found = 1
Event 530000 / 10000000
Event 540000 / 10000000
Event 550000 / 10000000
Event 554515 Number of Jets accepted = 2 Number of DiJets found = 1
Event 560000 / 10000000
Event 570000 / 10000000
Event 580000 / 10000000
Event 582390 Number of Jets accepted = 2 Number of DiJets found = 1
Event 590000 / 10000000
Event 599445 Number of Jets accepted = 2 Number of DiJets found = 1
Event 600000 / 10000000
Event 610000 / 10000000
Event 610740 Number of Jets accepted = 2 Number of DiJets found = 1
Event 612239 Number of Jets accepted = 2 Number of DiJets found = 1
Event 620000 / 10000000
Event 630000 / 10000000
Event 640000 / 10000000
Event 645615 Number of Jets accepted = 2 Number of DiJets found = 1
Event 650000 / 10000000
Event 660000 / 10000000
Event 670000 / 10000000
Event 673114 Number of Jets accepted = 2 Number of DiJets found = 1
Event 675565 Number of Jets accepted = 2 Number of DiJets found = 1
Event 680000 / 10000000
Event 690000 / 10000000
Event 700000 / 10000000
Event 710000 / 10000000
Event 720000 / 10000000
Event 730000 / 10000000
Event 740000 / 10000000
Event 743300 Number of Jets accepted = 2 Number of DiJets found = 1
Event 750000 / 10000000
Event 753769 Number of Jets accepted = 2 Number of DiJets found = 1
Event 760000 / 10000000
Event 769101 Number of Jets accepted = 2 Number of DiJets found = 1
Event 770000 / 10000000
Event 780000 / 10000000
Event 784396 Number of Jets accepted = 2 Number of DiJets found = 1
Event 790000 / 10000000
Event 800000 / 10000000
Event 810000 / 10000000
Event 816999 Number of Jets accepted = 2 Number of DiJets found = 1
Event 820000 / 10000000
Event 827986 Number of Jets accepted = 2 Number of DiJets found = 1
Event 830000 / 10000000
Event 840000 / 10000000
Event 850000 / 10000000
Event 860000 / 10000000
Event 863255 Number of Jets accepted = 2 Number of DiJets found = 1
Event 870000 / 10000000
Event 872681 Number of Jets accepted = 2 Number of DiJets found = 1
Event 880000 / 10000000
Event 880726 Number of Jets accepted = 2 Number of DiJets found = 1
Event 890000 / 10000000
Event 890057 Number of Jets accepted = 2 Number of DiJets found = 1
Event 895340 Number of Jets accepted = 2 Number of DiJets found = 1
Event 897455 Number of Jets accepted = 2 Number of DiJets found = 1
Event 900000 / 10000000
Event 910000 / 10000000
Event 911398 Number of Jets accepted = 2 Number of DiJets found = 1
Event 920000 / 10000000
Event 930000 / 10000000
Event 932900 Number of Jets accepted = 2 Number of DiJets found = 1
Event 940000 / 10000000
Event 950000 / 10000000
Event 953574 Number of Jets accepted = 2 Number of DiJets found = 1
Event 960000 / 10000000
Event 970000 / 10000000
Event 980000 / 10000000
Event 980190 Number of Jets accepted = 2 Number of DiJets found = 1
Event 990000 / 10000000
Event 994653 Number of Jets accepted = 2 Number of DiJets found = 1
Event 1000000 / 10000000
Event 1010000 / 10000000
Event 1020000 / 10000000
Event 1030000 / 10000000
Event 1034878 Number of Jets accepted = 2 Number of DiJets found = 1
Event 1035942 Number of Jets accepted = 2 Number of DiJets found = 1
Event 1038073 Number of Jets accepted = 2 Number of DiJets found = 1
Event 1040000 / 10000000
Event 1050000 / 10000000
Event 1059723 Number of Jets accepted = 2 Number of DiJets found = 1
Event 1060000 / 10000000
Event 1061908 Number of Jets accepted = 2 Number of DiJets found = 1
Event 1070000 / 10000000
Event 1074233 Number of Jets accepted = 2 Number of DiJets found = 1
Event 1080000 / 10000000
Event 1082889 Number of Jets accepted = 2 Number of DiJets found = 1
Event 1088040 Number of Jets accepted = 2 Number of DiJets found = 1
Event 1090000 / 10000000
Event 1092857 Number of Jets accepted = 2 Number of DiJets found = 1
Event 1100000 / 10000000
Event 1110000 / 10000000
Event 1112614 Number of Jets accepted = 2 Number of DiJets found = 1
Event 1120000 / 10000000
Event 1130000 / 10000000
Event 1140000 / 10000000
Event 1150000 / 10000000
Event 1159458 Number of Jets accepted = 2 Number of DiJets found = 1
Event 1160000 / 10000000
Event 1170000 / 10000000
Event 1180000 / 10000000
Event 1190000 / 10000000
Event 1200000 / 10000000
Event 1202521 Number of Jets accepted = 2 Number of DiJets found = 1
Event 1205946 Number of Jets accepted = 2 Number of DiJets found = 1
Event 1210000 / 10000000
Event 1220000 / 10000000
Event 1230000 / 10000000
Event 1240000 / 10000000
Event 1250000 / 10000000
Event 1258053 Number of Jets accepted = 2 Number of DiJets found = 1
Event 1259303 Number of Jets accepted = 2 Number of DiJets found = 1
Event 1259399 Number of Jets accepted = 2 Number of DiJets found = 1
Event 1260000 / 10000000
Event 1270000 / 10000000
Event 1279951 Number of Jets accepted = 2 Number of DiJets found = 1
Event 1280000 / 10000000
Event 1290000 / 10000000
Event 1300000 / 10000000
Event 1305022 Number of Jets accepted = 2 Number of DiJets found = 1
Event 1310000 / 10000000
Event 1320000 / 10000000
Event 1327096 Number of Jets accepted = 2 Number of DiJets found = 1
Event 1330000 / 10000000
Event 1340000 / 10000000
Event 1350000 / 10000000
Event 1357016 Number of Jets accepted = 2 Number of DiJets found = 1
Event 1360000 / 10000000
Event 1370000 / 10000000
Event 1372893 Number of Jets accepted = 2 Number of DiJets found = 1
Event 1374523 Number of Jets accepted = 2 Number of DiJets found = 1
Event 1380000 / 10000000
Event 1385249 Number of Jets accepted = 2 Number of DiJets found = 1
Event 1390000 / 10000000
Event 1398283 Number of Jets accepted = 2 Number of DiJets found = 1
Event 1400000 / 10000000
Event 1410000 / 10000000
Event 1420000 / 10000000
Event 1430000 / 10000000
Event 1431530 Number of Jets accepted = 2 Number of DiJets found = 1
Event 1440000 / 10000000
Event 1447939 Number of Jets accepted = 2 Number of DiJets found = 1
Event 1448389 Number of Jets accepted = 2 Number of DiJets found = 1
Event 1448894 Number of Jets accepted = 2 Number of DiJets found = 1
Event 1450000 / 10000000
Event 1452627 Number of Jets accepted = 2 Number of DiJets found = 1
Event 1460000 / 10000000
Event 1470000 / 10000000
Event 1477394 Number of Jets accepted = 2 Number of DiJets found = 1
Event 1480000 / 10000000
Event 1490000 / 10000000
Event 1492536 Number of Jets accepted = 2 Number of DiJets found = 1
Event 1500000 / 10000000
Event 1504744 Number of Jets accepted = 2 Number of DiJets found = 1
Event 1509369 Number of Jets accepted = 2 Number of DiJets found = 1
Event 1510000 / 10000000
Event 1515635 Number of Jets accepted = 2 Number of DiJets found = 1
Event 1520000 / 10000000
Event 1520995 Number of Jets accepted = 2 Number of DiJets found = 1
Event 1530000 / 10000000
Event 1540000 / 10000000
Event 1550000 / 10000000
Event 1560000 / 10000000
Event 1570000 / 10000000
Event 1580000 / 10000000
Event 1582833 Number of Jets accepted = 2 Number of DiJets found = 1
Event 1590000 / 10000000
Event 1600000 / 10000000
Event 1606719 Number of Jets accepted = 2 Number of DiJets found = 1
Event 1610000 / 10000000
Event 1620000 / 10000000
Event 1627603 Number of Jets accepted = 2 Number of DiJets found = 1
Event 1630000 / 10000000
Event 1636646 Number of Jets accepted = 2 Number of DiJets found = 1
Event 1640000 / 10000000
Event 1648377 Number of Jets accepted = 2 Number of DiJets found = 1
Event 1650000 / 10000000
Event 1660000 / 10000000
Event 1670000 / 10000000
Event 1679916 Number of Jets accepted = 2 Number of DiJets found = 1
Event 1680000 / 10000000
Event 1689863 Number of Jets accepted = 2 Number of DiJets found = 1
Event 1690000 / 10000000
Event 1699188 Number of Jets accepted = 2 Number of DiJets found = 1
Event 1700000 / 10000000
Event 1710000 / 10000000
Event 1720000 / 10000000
Event 1730000 / 10000000
Event 1734519 Number of Jets accepted = 2 Number of DiJets found = 1
Event 1740000 / 10000000
Event 1741525 Number of Jets accepted = 2 Number of DiJets found = 1
Event 1750000 / 10000000
Event 1760000 / 10000000
Event 1770000 / 10000000
Event 1780000 / 10000000
Event 1788967 Number of Jets accepted = 2 Number of DiJets found = 1
Event 1790000 / 10000000
Event 1790696 Number of Jets accepted = 2 Number of DiJets found = 1
Event 1800000 / 10000000
Event 1810000 / 10000000
Event 1820000 / 10000000
Event 1830000 / 10000000
Event 1833564 Number of Jets accepted = 4 Number of DiJets found = 2
Event 1840000 / 10000000
Event 1850000 / 10000000
Event 1860000 / 10000000
Event 1868880 Number of Jets accepted = 2 Number of DiJets found = 1
Event 1870000 / 10000000
Event 1871917 Number of Jets accepted = 2 Number of DiJets found = 1
Event 1878164 Number of Jets accepted = 2 Number of DiJets found = 1
Event 1880000 / 10000000
Event 1889036 Number of Jets accepted = 2 Number of DiJets found = 1
Event 1890000 / 10000000
Event 1896945 Number of Jets accepted = 4 Number of DiJets found = 2
Event 1900000 / 10000000
Event 1910000 / 10000000
Event 1920000 / 10000000
Event 1930000 / 10000000
Event 1940000 / 10000000
Event 1943589 Number of Jets accepted = 2 Number of DiJets found = 1
Event 1950000 / 10000000
Event 1953234 Number of Jets accepted = 2 Number of DiJets found = 1
Event 1956919 Number of Jets accepted = 2 Number of DiJets found = 1
Event 1960000 / 10000000
Event 1970000 / 10000000
Event 1974146 Number of Jets accepted = 2 Number of DiJets found = 1
Event 1980000 / 10000000
Event 1984861 Number of Jets accepted = 2 Number of DiJets found = 1
Event 1990000 / 10000000
Event 1992901 Number of Jets accepted = 2 Number of DiJets found = 1
Event 2000000 / 10000000
Event 2004977 Number of Jets accepted = 2 Number of DiJets found = 1
Event 2007365 Number of Jets accepted = 2 Number of DiJets found = 1
Event 2010000 / 10000000
Event 2013590 Number of Jets accepted = 2 Number of DiJets found = 1
Event 2014028 Number of Jets accepted = 2 Number of DiJets found = 1
Event 2020000 / 10000000
Event 2030000 / 10000000
Event 2035906 Number of Jets accepted = 2 Number of DiJets found = 1
Event 2040000 / 10000000
Event 2050000 / 10000000
Event 2060000 / 10000000
Event 2067397 Number of Jets accepted = 2 Number of DiJets found = 1
Event 2070000 / 10000000
Event 2078765 Number of Jets accepted = 2 Number of DiJets found = 1
Event 2080000 / 10000000
Event 2090000 / 10000000
Event 2100000 / 10000000
Event 2106860 Number of Jets accepted = 2 Number of DiJets found = 1
Event 2110000 / 10000000
Event 2111655 Number of Jets accepted = 2 Number of DiJets found = 1
Event 2120000 / 10000000
Event 2120372 Number of Jets accepted = 2 Number of DiJets found = 1
Event 2130000 / 10000000
Event 2135699 Number of Jets accepted = 2 Number of DiJets found = 1
Event 2140000 / 10000000
Event 2143452 Number of Jets accepted = 2 Number of DiJets found = 1
Event 2150000 / 10000000
Event 2160000 / 10000000
Event 2168291 Number of Jets accepted = 2 Number of DiJets found = 1
Event 2170000 / 10000000
Event 2176056 Number of Jets accepted = 2 Number of DiJets found = 1
Event 2180000 / 10000000
Event 2190000 / 10000000
Event 2197429 Number of Jets accepted = 2 Number of DiJets found = 1
Event 2200000 / 10000000
Event 2210000 / 10000000
Event 2211198 Number of Jets accepted = 2 Number of DiJets found = 1
Event 2220000 / 10000000
Event 2223962 Number of Jets accepted = 2 Number of DiJets found = 1
Event 2228000 Number of Jets accepted = 4 Number of DiJets found = 2
Event 2230000 / 10000000
Event 2239091 Number of Jets accepted = 2 Number of DiJets found = 1
Event 2240000 / 10000000
Event 2250000 / 10000000
Event 2252231 Number of Jets accepted = 2 Number of DiJets found = 1
Event 2260000 / 10000000
Event 2261559 Number of Jets accepted = 2 Number of DiJets found = 1
Event 2263836 Number of Jets accepted = 2 Number of DiJets found = 1
Event 2270000 / 10000000
Event 2276888 Number of Jets accepted = 2 Number of DiJets found = 1
Event 2277254 Number of Jets accepted = 2 Number of DiJets found = 1
Event 2280000 / 10000000
Event 2290000 / 10000000
Event 2298413 Number of Jets accepted = 2 Number of DiJets found = 1
Event 2299429 Number of Jets accepted = 2 Number of DiJets found = 1
Event 2300000 / 10000000
Event 2302549 Number of Jets accepted = 4 Number of DiJets found = 2
Event 2305207 Number of Jets accepted = 2 Number of DiJets found = 1
Event 2306361 Number of Jets accepted = 2 Number of DiJets found = 1
Event 2310000 / 10000000
Event 2316741 Number of Jets accepted = 2 Number of DiJets found = 1
Event 2320000 / 10000000
Event 2330000 / 10000000
Event 2331186 Number of Jets accepted = 2 Number of DiJets found = 1
Event 2340000 / 10000000
Event 2341878 Number of Jets accepted = 2 Number of DiJets found = 1
Event 2350000 / 10000000
Event 2360000 / 10000000
Event 2362863 Number of Jets accepted = 2 Number of DiJets found = 1
Event 2364824 Number of Jets accepted = 2 Number of DiJets found = 1
Event 2367413 Number of Jets accepted = 2 Number of DiJets found = 1
Event 2369526 Number of Jets accepted = 2 Number of DiJets found = 1
Event 2370000 / 10000000
Event 2380000 / 10000000
Event 2390000 / 10000000
Event 2400000 / 10000000
Event 2410000 / 10000000
Event 2410560 Number of Jets accepted = 2 Number of DiJets found = 1
Event 2420000 / 10000000
Event 2430000 / 10000000
Event 2432891 Number of Jets accepted = 2 Number of DiJets found = 1
Event 2440000 / 10000000
Event 2450000 / 10000000
Event 2451921 Number of Jets accepted = 2 Number of DiJets found = 1
Event 2457697 Number of Jets accepted = 2 Number of DiJets found = 1
Event 2460000 / 10000000
Event 2463291 Number of Jets accepted = 2 Number of DiJets found = 1
Event 2470000 / 10000000
Event 2470368 Number of Jets accepted = 4 Number of DiJets found = 2
Event 2480000 / 10000000
Event 2490000 / 10000000
Event 2492744 Number of Jets accepted = 2 Number of DiJets found = 1
Event 2496029 Number of Jets accepted = 2 Number of DiJets found = 1
Event 2500000 / 10000000
Event 2504590 Number of Jets accepted = 2 Number of DiJets found = 1
Event 2510000 / 10000000
Event 2513965 Number of Jets accepted = 2 Number of DiJets found = 1
Event 2517580 Number of Jets accepted = 2 Number of DiJets found = 1
Event 2520000 / 10000000
Event 2530000 / 10000000
Event 2540000 / 10000000
Event 2550000 / 10000000
Event 2558653 Number of Jets accepted = 2 Number of DiJets found = 1
Event 2559346 Number of Jets accepted = 2 Number of DiJets found = 1
Event 2560000 / 10000000
Event 2570000 / 10000000
Event 2580000 / 10000000
Event 2584838 Number of Jets accepted = 2 Number of DiJets found = 1
Event 2588839 Number of Jets accepted = 2 Number of DiJets found = 1
Event 2590000 / 10000000
Event 2600000 / 10000000
Event 2606054 Number of Jets accepted = 2 Number of DiJets found = 1
Event 2610000 / 10000000
Event 2610224 Number of Jets accepted = 2 Number of DiJets found = 1
Event 2620000 / 10000000
Event 2623983 Number of Jets accepted = 2 Number of DiJets found = 1
Event 2630000 / 10000000
Event 2640000 / 10000000
Event 2647076 Number of Jets accepted = 2 Number of DiJets found = 1
Event 2650000 / 10000000
Event 2660000 / 10000000
Event 2660391 Number of Jets accepted = 2 Number of DiJets found = 1
Event 2670000 / 10000000
Event 2680000 / 10000000
Event 2690000 / 10000000
Event 2690230 Number of Jets accepted = 2 Number of DiJets found = 1
Event 2691364 Number of Jets accepted = 2 Number of DiJets found = 1
Event 2700000 / 10000000
Event 2710000 / 10000000
Event 2720000 / 10000000
Event 2730000 / 10000000
Event 2739752 Number of Jets accepted = 2 Number of DiJets found = 1
Event 2740000 / 10000000
Event 2744394 Number of Jets accepted = 2 Number of DiJets found = 1
Event 2747415 Number of Jets accepted = 2 Number of DiJets found = 1
Event 2750000 / 10000000
Event 2752651 Number of Jets accepted = 2 Number of DiJets found = 1
Event 2760000 / 10000000
Event 2770000 / 10000000
Event 2780000 / 10000000
Event 2780538 Number of Jets accepted = 2 Number of DiJets found = 1
Event 2785068 Number of Jets accepted = 2 Number of DiJets found = 1
Event 2786031 Number of Jets accepted = 2 Number of DiJets found = 1
Event 2790000 / 10000000
Event 2796610 Number of Jets accepted = 2 Number of DiJets found = 1
Event 2800000 / 10000000
Event 2805476 Number of Jets accepted = 2 Number of DiJets found = 1
Event 2810000 / 10000000
Event 2815561 Number of Jets accepted = 2 Number of DiJets found = 1
Event 2820000 / 10000000
Event 2828749 Number of Jets accepted = 2 Number of DiJets found = 1
Event 2830000 / 10000000
Event 2830192 Number of Jets accepted = 2 Number of DiJets found = 1
Event 2840000 / 10000000
Event 2850000 / 10000000
Event 2860000 / 10000000
Event 2860265 Number of Jets accepted = 2 Number of DiJets found = 1
Event 2863487 Number of Jets accepted = 2 Number of DiJets found = 1
Event 2869373 Number of Jets accepted = 4 Number of DiJets found = 2
Event 2870000 / 10000000
Event 2879230 Number of Jets accepted = 2 Number of DiJets found = 1
Event 2880000 / 10000000
Event 2888794 Number of Jets accepted = 2 Number of DiJets found = 1
Event 2890000 / 10000000
Event 2895785 Number of Jets accepted = 2 Number of DiJets found = 1
Event 2900000 / 10000000
Event 2910000 / 10000000
Event 2920000 / 10000000
Event 2930000 / 10000000
Event 2940000 / 10000000
Event 2948343 Number of Jets accepted = 2 Number of DiJets found = 1
Event 2950000 / 10000000
Event 2958095 Number of Jets accepted = 2 Number of DiJets found = 1
Event 2960000 / 10000000
Event 2967463 Number of Jets accepted = 2 Number of DiJets found = 1
Event 2968213 Number of Jets accepted = 2 Number of DiJets found = 1
Event 2970000 / 10000000
Event 2980000 / 10000000
Event 2987127 Number of Jets accepted = 2 Number of DiJets found = 1
Event 2990000 / 10000000
Event 2997409 Number of Jets accepted = 2 Number of DiJets found = 1
Event 3000000 / 10000000
Event 3010000 / 10000000
Event 3011392 Number of Jets accepted = 2 Number of DiJets found = 1
Event 3020000 / 10000000
Event 3021639 Number of Jets accepted = 2 Number of DiJets found = 1
Event 3030000 / 10000000
Event 3034690 Number of Jets accepted = 2 Number of DiJets found = 1
Event 3040000 / 10000000
Event 3050000 / 10000000
Event 3060000 / 10000000
Event 3070000 / 10000000
Event 3080000 / 10000000
Event 3090000 / 10000000
Event 3100000 / 10000000
Event 3101778 Number of Jets accepted = 2 Number of DiJets found = 1
Event 3109785 Number of Jets accepted = 2 Number of DiJets found = 1
Event 3110000 / 10000000
Event 3120000 / 10000000
Event 3125902 Number of Jets accepted = 2 Number of DiJets found = 1
Event 3130000 / 10000000
Event 3133866 Number of Jets accepted = 2 Number of DiJets found = 1
Event 3136994 Number of Jets accepted = 2 Number of DiJets found = 1
Event 3138087 Number of Jets accepted = 2 Number of DiJets found = 1
Event 3140000 / 10000000
Event 3150000 / 10000000
Event 3160000 / 10000000
Event 3162927 Number of Jets accepted = 2 Number of DiJets found = 1
Event 3170000 / 10000000
Event 3175234 Number of Jets accepted = 4 Number of DiJets found = 2
Event 3180000 / 10000000
Event 3190000 / 10000000
Event 3200000 / 10000000
Event 3210000 / 10000000
Event 3220000 / 10000000
Event 3230000 / 10000000
Event 3237768 Number of Jets accepted = 2 Number of DiJets found = 1
Event 3240000 / 10000000
Event 3250000 / 10000000
Event 3256195 Number of Jets accepted = 2 Number of DiJets found = 1
Event 3259779 Number of Jets accepted = 2 Number of DiJets found = 1
Event 3260000 / 10000000
Event 3270000 / 10000000
Event 3272420 Number of Jets accepted = 2 Number of DiJets found = 1
Event 3280000 / 10000000
Event 3290000 / 10000000
Event 3294924 Number of Jets accepted = 2 Number of DiJets found = 1
Event 3300000 / 10000000
Event 3310000 / 10000000
Event 3320000 / 10000000
Event 3330000 / 10000000
Event 3340000 / 10000000
Event 3342017 Number of Jets accepted = 2 Number of DiJets found = 1
Event 3348959 Number of Jets accepted = 2 Number of DiJets found = 1
Event 3349438 Number of Jets accepted = 2 Number of DiJets found = 1
Event 3349504 Number of Jets accepted = 2 Number of DiJets found = 1
Event 3350000 / 10000000
Event 3352555 Number of Jets accepted = 2 Number of DiJets found = 1
Event 3357339 Number of Jets accepted = 2 Number of DiJets found = 1
Event 3360000 / 10000000
Event 3366944 Number of Jets accepted = 4 Number of DiJets found = 2
Event 3367936 Number of Jets accepted = 2 Number of DiJets found = 1
Event 3370000 / 10000000
Event 3379464 Number of Jets accepted = 2 Number of DiJets found = 1
Event 3380000 / 10000000
Event 3390000 / 10000000
Event 3400000 / 10000000
Event 3405899 Number of Jets accepted = 2 Number of DiJets found = 1
Event 3410000 / 10000000
Event 3420000 / 10000000
Event 3426605 Number of Jets accepted = 2 Number of DiJets found = 1
Event 3430000 / 10000000
Event 3432127 Number of Jets accepted = 2 Number of DiJets found = 1
Event 3440000 / 10000000
Event 3450000 / 10000000
Event 3451561 Number of Jets accepted = 2 Number of DiJets found = 1
Event 3456764 Number of Jets accepted = 2 Number of DiJets found = 1
Event 3460000 / 10000000
Event 3470000 / 10000000
Event 3480000 / 10000000
Event 3480614 Number of Jets accepted = 2 Number of DiJets found = 1
Event 3483382 Number of Jets accepted = 2 Number of DiJets found = 1
Event 3486485 Number of Jets accepted = 2 Number of DiJets found = 1
Event 3490000 / 10000000
Event 3500000 / 10000000
Event 3509520 Number of Jets accepted = 2 Number of DiJets found = 1
Event 3510000 / 10000000
Event 3511120 Number of Jets accepted = 2 Number of DiJets found = 1
Event 3513634 Number of Jets accepted = 2 Number of DiJets found = 1
Event 3520000 / 10000000
Event 3530000 / 10000000
Event 3540000 / 10000000
Event 3550000 / 10000000
Event 3552215 Number of Jets accepted = 2 Number of DiJets found = 1
Event 3560000 / 10000000
Event 3570000 / 10000000
Event 3570714 Number of Jets accepted = 2 Number of DiJets found = 1
Event 3580000 / 10000000
Event 3590000 / 10000000
Event 3600000 / 10000000
Event 3604774 Number of Jets accepted = 2 Number of DiJets found = 1
Event 3610000 / 10000000
Event 3618450 Number of Jets accepted = 2 Number of DiJets found = 1
Event 3620000 / 10000000
Event 3630000 / 10000000
Event 3640000 / 10000000
Event 3650000 / 10000000
Event 3658233 Number of Jets accepted = 2 Number of DiJets found = 1
Event 3658476 Number of Jets accepted = 2 Number of DiJets found = 1
Event 3660000 / 10000000
Event 3670000 / 10000000
Event 3680000 / 10000000
Event 3684142 Number of Jets accepted = 2 Number of DiJets found = 1
Event 3690000 / 10000000
Event 3700000 / 10000000
Event 3710000 / 10000000
Event 3718766 Number of Jets accepted = 2 Number of DiJets found = 1
Event 3720000 / 10000000
Event 3723497 Number of Jets accepted = 2 Number of DiJets found = 1
Event 3723998 Number of Jets accepted = 2 Number of DiJets found = 1
Event 3724932 Number of Jets accepted = 2 Number of DiJets found = 1
Event 3729500 Number of Jets accepted = 2 Number of DiJets found = 1
Event 3730000 / 10000000
Event 3732367 Number of Jets accepted = 2 Number of DiJets found = 1
Event 3740000 / 10000000
Event 3746417 Number of Jets accepted = 2 Number of DiJets found = 1
Event 3748444 Number of Jets accepted = 2 Number of DiJets found = 1
Event 3750000 / 10000000
Event 3755545 Number of Jets accepted = 2 Number of DiJets found = 1
Event 3760000 / 10000000
Event 3769096 Number of Jets accepted = 2 Number of DiJets found = 1
Event 3770000 / 10000000
Event 3770172 Number of Jets accepted = 2 Number of DiJets found = 1
Event 3777393 Number of Jets accepted = 2 Number of DiJets found = 1
Event 3780000 / 10000000
Event 3782899 Number of Jets accepted = 2 Number of DiJets found = 1
Event 3790000 / 10000000
Event 3797549 Number of Jets accepted = 2 Number of DiJets found = 1
Event 3800000 / 10000000
Event 3810000 / 10000000
Event 3811530 Number of Jets accepted = 2 Number of DiJets found = 1
Event 3820000 / 10000000
Event 3824488 Number of Jets accepted = 2 Number of DiJets found = 1
Event 3830000 / 10000000
Event 3836591 Number of Jets accepted = 2 Number of DiJets found = 1
Event 3837911 Number of Jets accepted = 4 Number of DiJets found = 2
Event 3840000 / 10000000
Event 3846167 Number of Jets accepted = 2 Number of DiJets found = 1
Event 3850000 / 10000000
Event 3850780 Number of Jets accepted = 2 Number of DiJets found = 1
Event 3860000 / 10000000
Event 3862455 Number of Jets accepted = 2 Number of DiJets found = 1
Event 3870000 / 10000000
Event 3880000 / 10000000
Event 3884543 Number of Jets accepted = 2 Number of DiJets found = 1
Event 3890000 / 10000000
Event 3900000 / 10000000
Event 3910000 / 10000000
Event 3911801 Number of Jets accepted = 2 Number of DiJets found = 1
Event 3915653 Number of Jets accepted = 2 Number of DiJets found = 1
Event 3920000 / 10000000
Event 3930000 / 10000000
Event 3937130 Number of Jets accepted = 2 Number of DiJets found = 1
Event 3940000 / 10000000
Event 3943371 Number of Jets accepted = 2 Number of DiJets found = 1
Event 3950000 / 10000000
Event 3959947 Number of Jets accepted = 2 Number of DiJets found = 1
Event 3960000 / 10000000
Event 3963106 Number of Jets accepted = 2 Number of DiJets found = 1
Event 3970000 / 10000000
Event 3980000 / 10000000
Event 3990000 / 10000000
Event 4000000 / 10000000
Event 4003013 Number of Jets accepted = 2 Number of DiJets found = 1
Event 4006784 Number of Jets accepted = 2 Number of DiJets found = 1
Event 4010000 / 10000000
Event 4017244 Number of Jets accepted = 2 Number of DiJets found = 1
Event 4020000 / 10000000
Event 4030000 / 10000000
Event 4040000 / 10000000
Event 4043330 Number of Jets accepted = 4 Number of DiJets found = 2
Event 4050000 / 10000000
Event 4060000 / 10000000
Event 4065877 Number of Jets accepted = 2 Number of DiJets found = 1
Event 4070000 / 10000000
Event 4073267 Number of Jets accepted = 2 Number of DiJets found = 1
Event 4075954 Number of Jets accepted = 2 Number of DiJets found = 1
Event 4080000 / 10000000
Event 4090000 / 10000000
Event 4100000 / 10000000
Event 4110000 / 10000000
Event 4110021 Number of Jets accepted = 2 Number of DiJets found = 1
Event 4114153 Number of Jets accepted = 2 Number of DiJets found = 1
Event 4120000 / 10000000
Event 4130000 / 10000000
Event 4132235 Number of Jets accepted = 2 Number of DiJets found = 1
Event 4140000 / 10000000
Event 4148728 Number of Jets accepted = 2 Number of DiJets found = 1
Event 4150000 / 10000000
Event 4154158 Number of Jets accepted = 2 Number of DiJets found = 1
Event 4160000 / 10000000
Event 4164538 Number of Jets accepted = 2 Number of DiJets found = 1
Event 4168289 Number of Jets accepted = 2 Number of DiJets found = 1
Event 4170000 / 10000000
Event 4179386 Number of Jets accepted = 4 Number of DiJets found = 2
Event 4180000 / 10000000
Event 4190000 / 10000000
Event 4200000 / 10000000
Event 4206903 Number of Jets accepted = 2 Number of DiJets found = 1
Event 4210000 / 10000000
Event 4220000 / 10000000
Event 4230000 / 10000000
Event 4235025 Number of Jets accepted = 2 Number of DiJets found = 1
Event 4240000 / 10000000
Event 4250000 / 10000000
Event 4260000 / 10000000
Event 4270000 / 10000000
Event 4280000 / 10000000
Event 4287729 Number of Jets accepted = 2 Number of DiJets found = 1
Event 4290000 / 10000000
Event 4299137 Number of Jets accepted = 2 Number of DiJets found = 1
Event 4300000 / 10000000
Event 4305839 Number of Jets accepted = 2 Number of DiJets found = 1
Event 4310000 / 10000000
Event 4314697 Number of Jets accepted = 2 Number of DiJets found = 1
Event 4317220 Number of Jets accepted = 2 Number of DiJets found = 1
Event 4320000 / 10000000
Event 4330000 / 10000000
Event 4333263 Number of Jets accepted = 2 Number of DiJets found = 1
Event 4340000 / 10000000
Event 4350000 / 10000000
Event 4357571 Number of Jets accepted = 2 Number of DiJets found = 1
Event 4359051 Number of Jets accepted = 2 Number of DiJets found = 1
Event 4360000 / 10000000
Event 4370000 / 10000000
Event 4380000 / 10000000
Event 4390000 / 10000000
Event 4400000 / 10000000
Event 4402641 Number of Jets accepted = 4 Number of DiJets found = 2
Event 4404447 Number of Jets accepted = 2 Number of DiJets found = 1
Event 4410000 / 10000000
Event 4419314 Number of Jets accepted = 2 Number of DiJets found = 1
Event 4420000 / 10000000
Event 4421463 Number of Jets accepted = 2 Number of DiJets found = 1
Event 4421535 Number of Jets accepted = 2 Number of DiJets found = 1
Event 4429946 Number of Jets accepted = 2 Number of DiJets found = 1
Event 4430000 / 10000000
Event 4440000 / 10000000
Event 4448027 Number of Jets accepted = 2 Number of DiJets found = 1
Event 4450000 / 10000000
Event 4460000 / 10000000
Event 4464396 Number of Jets accepted = 2 Number of DiJets found = 1
Event 4470000 / 10000000
Event 4480000 / 10000000
Event 4486097 Number of Jets accepted = 2 Number of DiJets found = 1
Event 4490000 / 10000000
Event 4493593 Number of Jets accepted = 2 Number of DiJets found = 1
Event 4500000 / 10000000
Event 4507221 Number of Jets accepted = 2 Number of DiJets found = 1
Event 4510000 / 10000000
Event 4520000 / 10000000
Event 4528841 Number of Jets accepted = 2 Number of DiJets found = 1
Event 4530000 / 10000000
Event 4536315 Number of Jets accepted = 2 Number of DiJets found = 1
Event 4540000 / 10000000
Event 4547594 Number of Jets accepted = 2 Number of DiJets found = 1
Event 4550000 / 10000000
Event 4560000 / 10000000
Event 4570000 / 10000000
Event 4573792 Number of Jets accepted = 2 Number of DiJets found = 1
Event 4580000 / 10000000
Event 4590000 / 10000000
Event 4600000 / 10000000
Event 4600398 Number of Jets accepted = 2 Number of DiJets found = 1
Event 4605419 Number of Jets accepted = 2 Number of DiJets found = 1
Event 4606291 Number of Jets accepted = 2 Number of DiJets found = 1
Event 4606559 Number of Jets accepted = 2 Number of DiJets found = 1
Event 4610000 / 10000000
Event 4620000 / 10000000
Event 4630000 / 10000000
Event 4640000 / 10000000
Event 4650000 / 10000000
Event 4660000 / 10000000
Event 4670000 / 10000000
Event 4676216 Number of Jets accepted = 2 Number of DiJets found = 1
Event 4680000 / 10000000
Event 4685292 Number of Jets accepted = 2 Number of DiJets found = 1
Event 4690000 / 10000000
Event 4700000 / 10000000
Event 4701709 Number of Jets accepted = 2 Number of DiJets found = 1
Event 4710000 / 10000000
Event 4717394 Number of Jets accepted = 2 Number of DiJets found = 1
Event 4720000 / 10000000
Event 4723692 Number of Jets accepted = 2 Number of DiJets found = 1
Event 4730000 / 10000000
Event 4736302 Number of Jets accepted = 2 Number of DiJets found = 1
Event 4740000 / 10000000
Event 4745640 Number of Jets accepted = 2 Number of DiJets found = 1
Event 4746935 Number of Jets accepted = 2 Number of DiJets found = 1
Event 4750000 / 10000000
Event 4750519 Number of Jets accepted = 2 Number of DiJets found = 1
Event 4754991 Number of Jets accepted = 2 Number of DiJets found = 1
Event 4760000 / 10000000
Event 4769540 Number of Jets accepted = 2 Number of DiJets found = 1
Event 4770000 / 10000000
Event 4773908 Number of Jets accepted = 2 Number of DiJets found = 1
Event 4777084 Number of Jets accepted = 2 Number of DiJets found = 1
Event 4780000 / 10000000
Event 4780753 Number of Jets accepted = 2 Number of DiJets found = 1
Event 4790000 / 10000000
Event 4791126 Number of Jets accepted = 2 Number of DiJets found = 1
Event 4794909 Number of Jets accepted = 2 Number of DiJets found = 1
Event 4798976 Number of Jets accepted = 2 Number of DiJets found = 1
Event 4799817 Number of Jets accepted = 2 Number of DiJets found = 1
Event 4800000 / 10000000
Event 4803758 Number of Jets accepted = 2 Number of DiJets found = 1
Event 4810000 / 10000000
Event 4820000 / 10000000
Event 4830000 / 10000000
Event 4840000 / 10000000
Event 4850000 / 10000000
Event 4855107 Number of Jets accepted = 2 Number of DiJets found = 1
Event 4859955 Number of Jets accepted = 2 Number of DiJets found = 1
Event 4860000 / 10000000
Event 4870000 / 10000000
Event 4880000 / 10000000
Event 4890000 / 10000000
Event 4890983 Number of Jets accepted = 2 Number of DiJets found = 1
Event 4900000 / 10000000
Event 4909327 Number of Jets accepted = 2 Number of DiJets found = 1
Event 4910000 / 10000000
Event 4920000 / 10000000
Event 4930000 / 10000000
Event 4931933 Number of Jets accepted = 2 Number of DiJets found = 1
Event 4940000 / 10000000
Event 4940836 Number of Jets accepted = 2 Number of DiJets found = 1
Event 4950000 / 10000000
Event 4960000 / 10000000
Event 4961545 Number of Jets accepted = 2 Number of DiJets found = 1
Event 4966268 Number of Jets accepted = 2 Number of DiJets found = 1
Event 4968673 Number of Jets accepted = 2 Number of DiJets found = 1
Event 4970000 / 10000000
Event 4980000 / 10000000
Event 4990000 / 10000000
Event 4996173 Number of Jets accepted = 2 Number of DiJets found = 1
Event 5000000 / 10000000
Event 5010000 / 10000000
Event 5020000 / 10000000
Event 5026203 Number of Jets accepted = 2 Number of DiJets found = 1
Event 5030000 / 10000000
Event 5040000 / 10000000
Event 5050000 / 10000000
Event 5060000 / 10000000
Event 5063291 Number of Jets accepted = 2 Number of DiJets found = 1
Event 5069711 Number of Jets accepted = 2 Number of DiJets found = 1
Event 5070000 / 10000000
Event 5080000 / 10000000
Event 5085075 Number of Jets accepted = 2 Number of DiJets found = 1
Event 5090000 / 10000000
Event 5097141 Number of Jets accepted = 2 Number of DiJets found = 1
Event 5100000 / 10000000
Event 5110000 / 10000000
Event 5114818 Number of Jets accepted = 2 Number of DiJets found = 1
Event 5120000 / 10000000
Event 5124710 Number of Jets accepted = 2 Number of DiJets found = 1
Event 5130000 / 10000000
Event 5140000 / 10000000
Event 5142015 Number of Jets accepted = 2 Number of DiJets found = 1
Event 5150000 / 10000000
Event 5160000 / 10000000
Event 5169344 Number of Jets accepted = 2 Number of DiJets found = 1
Event 5170000 / 10000000
Event 5180000 / 10000000
Event 5190000 / 10000000
Event 5199254 Number of Jets accepted = 2 Number of DiJets found = 1
Event 5200000 / 10000000
Event 5210000 / 10000000
Event 5220000 / 10000000
Event 5230000 / 10000000
Event 5240000 / 10000000
Event 5248620 Number of Jets accepted = 2 Number of DiJets found = 1
Event 5248948 Number of Jets accepted = 2 Number of DiJets found = 1
Event 5250000 / 10000000
Event 5255530 Number of Jets accepted = 2 Number of DiJets found = 1
Event 5260000 / 10000000
Event 5270000 / 10000000
Event 5280000 / 10000000
Event 5290000 / 10000000
Event 5298510 Number of Jets accepted = 2 Number of DiJets found = 1
Event 5300000 / 10000000
Event 5310000 / 10000000
Event 5320000 / 10000000
Event 5322040 Number of Jets accepted = 2 Number of DiJets found = 1
Event 5329195 Number of Jets accepted = 2 Number of DiJets found = 1
Event 5330000 / 10000000
Event 5339935 Number of Jets accepted = 2 Number of DiJets found = 1
Event 5340000 / 10000000
Event 5344796 Number of Jets accepted = 2 Number of DiJets found = 1
Event 5350000 / 10000000
Event 5360000 / 10000000
Event 5360658 Number of Jets accepted = 2 Number of DiJets found = 1
Event 5362863 Number of Jets accepted = 2 Number of DiJets found = 1
Event 5370000 / 10000000
Event 5380000 / 10000000
Event 5383454 Number of Jets accepted = 2 Number of DiJets found = 1
Event 5390000 / 10000000
Event 5399115 Number of Jets accepted = 2 Number of DiJets found = 1
Event 5400000 / 10000000
Event 5406620 Number of Jets accepted = 2 Number of DiJets found = 1
Event 5410000 / 10000000
Event 5413738 Number of Jets accepted = 2 Number of DiJets found = 1
Event 5420000 / 10000000
Event 5430000 / 10000000
Event 5435151 Number of Jets accepted = 2 Number of DiJets found = 1
Event 5437440 Number of Jets accepted = 2 Number of DiJets found = 1
Event 5440000 / 10000000
Event 5443480 Number of Jets accepted = 2 Number of DiJets found = 1
Event 5448419 Number of Jets accepted = 2 Number of DiJets found = 1
Event 5450000 / 10000000
Event 5460000 / 10000000
Event 5462675 Number of Jets accepted = 2 Number of DiJets found = 1
Event 5470000 / 10000000
Event 5480000 / 10000000
Event 5482911 Number of Jets accepted = 2 Number of DiJets found = 1
Event 5488715 Number of Jets accepted = 2 Number of DiJets found = 1
Event 5490000 / 10000000
Event 5500000 / 10000000
Event 5510000 / 10000000
Event 5517864 Number of Jets accepted = 2 Number of DiJets found = 1
Event 5520000 / 10000000
Event 5528288 Number of Jets accepted = 2 Number of DiJets found = 1
Event 5530000 / 10000000
Event 5540000 / 10000000
Event 5545672 Number of Jets accepted = 2 Number of DiJets found = 1
Event 5547372 Number of Jets accepted = 2 Number of DiJets found = 1
Event 5550000 / 10000000
Event 5560000 / 10000000
Event 5570000 / 10000000
Event 5576522 Number of Jets accepted = 2 Number of DiJets found = 1
Event 5577756 Number of Jets accepted = 2 Number of DiJets found = 1
Event 5580000 / 10000000
Event 5586411 Number of Jets accepted = 2 Number of DiJets found = 1
Event 5590000 / 10000000
Event 5600000 / 10000000
Event 5606658 Number of Jets accepted = 2 Number of DiJets found = 1
Event 5607535 Number of Jets accepted = 2 Number of DiJets found = 1
Event 5610000 / 10000000
Event 5613517 Number of Jets accepted = 2 Number of DiJets found = 1
Event 5620000 / 10000000
Event 5630000 / 10000000
Event 5640000 / 10000000
Event 5648684 Number of Jets accepted = 2 Number of DiJets found = 1
Event 5650000 / 10000000
Event 5660000 / 10000000
Event 5667585 Number of Jets accepted = 2 Number of DiJets found = 1
Event 5669595 Number of Jets accepted = 2 Number of DiJets found = 1
Event 5670000 / 10000000
Event 5670296 Number of Jets accepted = 2 Number of DiJets found = 1
Event 5675028 Number of Jets accepted = 2 Number of DiJets found = 1
Event 5676254 Number of Jets accepted = 2 Number of DiJets found = 1
Event 5680000 / 10000000
Event 5687008 Number of Jets accepted = 2 Number of DiJets found = 1
Event 5690000 / 10000000
Event 5695254 Number of Jets accepted = 2 Number of DiJets found = 1
Event 5700000 / 10000000
Event 5710000 / 10000000
Event 5712900 Number of Jets accepted = 2 Number of DiJets found = 1
Event 5713566 Number of Jets accepted = 2 Number of DiJets found = 1
Event 5720000 / 10000000
Event 5720320 Number of Jets accepted = 2 Number of DiJets found = 1
Event 5727860 Number of Jets accepted = 2 Number of DiJets found = 1
Event 5730000 / 10000000
Event 5740000 / 10000000
Event 5750000 / 10000000
Event 5752862 Number of Jets accepted = 2 Number of DiJets found = 1
Event 5760000 / 10000000
Event 5761799 Number of Jets accepted = 2 Number of DiJets found = 1
Event 5768125 Number of Jets accepted = 2 Number of DiJets found = 1
Event 5770000 / 10000000
Event 5775581 Number of Jets accepted = 2 Number of DiJets found = 1
Event 5780000 / 10000000
Event 5783297 Number of Jets accepted = 2 Number of DiJets found = 1
Event 5783670 Number of Jets accepted = 2 Number of DiJets found = 1
Event 5788450 Number of Jets accepted = 2 Number of DiJets found = 1
Event 5790000 / 10000000
Event 5800000 / 10000000
Event 5808249 Number of Jets accepted = 2 Number of DiJets found = 1
Event 5810000 / 10000000
Event 5820000 / 10000000
Event 5821297 Number of Jets accepted = 2 Number of DiJets found = 1
Event 5830000 / 10000000
Event 5840000 / 10000000
Event 5842595 Number of Jets accepted = 2 Number of DiJets found = 1
Event 5850000 / 10000000
Event 5859702 Number of Jets accepted = 2 Number of DiJets found = 1
Event 5860000 / 10000000
Event 5870000 / 10000000
Event 5878466 Number of Jets accepted = 2 Number of DiJets found = 1
Event 5880000 / 10000000
Event 5890000 / 10000000
Event 5896413 Number of Jets accepted = 2 Number of DiJets found = 1
Event 5900000 / 10000000
Event 5903267 Number of Jets accepted = 2 Number of DiJets found = 1
Event 5910000 / 10000000
Event 5920000 / 10000000
Event 5930000 / 10000000
Event 5938765 Number of Jets accepted = 2 Number of DiJets found = 1
Event 5940000 / 10000000
Event 5943590 Number of Jets accepted = 2 Number of DiJets found = 1
Event 5945176 Number of Jets accepted = 2 Number of DiJets found = 1
Event 5950000 / 10000000
Event 5960000 / 10000000
Event 5970000 / 10000000
Event 5980000 / 10000000
Event 5983110 Number of Jets accepted = 2 Number of DiJets found = 1
Event 5990000 / 10000000
Event 6000000 / 10000000
Event 6010000 / 10000000
Event 6014629 Number of Jets accepted = 2 Number of DiJets found = 1
Event 6018349 Number of Jets accepted = 2 Number of DiJets found = 1
Event 6020000 / 10000000
Event 6030000 / 10000000
Event 6036494 Number of Jets accepted = 2 Number of DiJets found = 1
Event 6040000 / 10000000
Event 6042994 Number of Jets accepted = 2 Number of DiJets found = 1
Event 6050000 / 10000000
Event 6051599 Number of Jets accepted = 2 Number of DiJets found = 1
Event 6058009 Number of Jets accepted = 2 Number of DiJets found = 1
Event 6060000 / 10000000
Event 6070000 / 10000000
Event 6080000 / 10000000
Event 6090000 / 10000000
Event 6100000 / 10000000
Event 6102951 Number of Jets accepted = 2 Number of DiJets found = 1
Event 6110000 / 10000000
Event 6119353 Number of Jets accepted = 2 Number of DiJets found = 1
Event 6120000 / 10000000
Event 6130000 / 10000000
Event 6140000 / 10000000
Event 6148440 Number of Jets accepted = 2 Number of DiJets found = 1
Event 6150000 / 10000000
Event 6160000 / 10000000
Event 6170000 / 10000000
Event 6174954 Number of Jets accepted = 4 Number of DiJets found = 2
Event 6175571 Number of Jets accepted = 2 Number of DiJets found = 1
Event 6176102 Number of Jets accepted = 2 Number of DiJets found = 1
Event 6180000 / 10000000
Event 6180544 Number of Jets accepted = 2 Number of DiJets found = 1
Event 6190000 / 10000000
Event 6200000 / 10000000
Event 6202791 Number of Jets accepted = 2 Number of DiJets found = 1
Event 6206305 Number of Jets accepted = 2 Number of DiJets found = 1
Event 6210000 / 10000000
Event 6220000 / 10000000
Event 6230000 / 10000000
Event 6237069 Number of Jets accepted = 2 Number of DiJets found = 1
Event 6240000 / 10000000
Event 6250000 / 10000000
Event 6255542 Number of Jets accepted = 2 Number of DiJets found = 1
Event 6260000 / 10000000
Event 6270000 / 10000000
Event 6276621 Number of Jets accepted = 2 Number of DiJets found = 1
Event 6280000 / 10000000
Event 6280340 Number of Jets accepted = 2 Number of DiJets found = 1
Event 6290000 / 10000000
Event 6290743 Number of Jets accepted = 2 Number of DiJets found = 1
Event 6297071 Number of Jets accepted = 2 Number of DiJets found = 1
Event 6300000 / 10000000
Event 6310000 / 10000000
Event 6320000 / 10000000
Event 6330000 / 10000000
Event 6335837 Number of Jets accepted = 2 Number of DiJets found = 1
Event 6340000 / 10000000
Event 6350000 / 10000000
Event 6360000 / 10000000
Event 6370000 / 10000000
Event 6380000 / 10000000
Event 6380972 Number of Jets accepted = 2 Number of DiJets found = 1
Event 6390000 / 10000000
Event 6400000 / 10000000
Event 6407474 Number of Jets accepted = 2 Number of DiJets found = 1
Event 6410000 / 10000000
Event 6415388 Number of Jets accepted = 2 Number of DiJets found = 1
Event 6420000 / 10000000
Event 6426190 Number of Jets accepted = 2 Number of DiJets found = 1
Event 6430000 / 10000000
Event 6431447 Number of Jets accepted = 2 Number of DiJets found = 1
Event 6438959 Number of Jets accepted = 2 Number of DiJets found = 1
Event 6440000 / 10000000
Event 6450000 / 10000000
Event 6455224 Number of Jets accepted = 2 Number of DiJets found = 1
Event 6460000 / 10000000
Event 6461893 Number of Jets accepted = 2 Number of DiJets found = 1
Event 6465508 Number of Jets accepted = 2 Number of DiJets found = 1
Event 6470000 / 10000000
Event 6480000 / 10000000
Event 6490000 / 10000000
Event 6490369 Number of Jets accepted = 4 Number of DiJets found = 2
Event 6496077 Number of Jets accepted = 2 Number of DiJets found = 1
Event 6500000 / 10000000
Event 6510000 / 10000000
Event 6520000 / 10000000
Event 6523895 Number of Jets accepted = 2 Number of DiJets found = 1
Event 6524520 Number of Jets accepted = 2 Number of DiJets found = 1
Event 6530000 / 10000000
Event 6536607 Number of Jets accepted = 2 Number of DiJets found = 1
Event 6540000 / 10000000
Event 6550000 / 10000000
Event 6554463 Number of Jets accepted = 2 Number of DiJets found = 1
Event 6560000 / 10000000
Event 6570000 / 10000000
Event 6580000 / 10000000
Event 6585176 Number of Jets accepted = 2 Number of DiJets found = 1
Event 6590000 / 10000000
Event 6598636 Number of Jets accepted = 2 Number of DiJets found = 1
Event 6600000 / 10000000
Event 6610000 / 10000000
Event 6615524 Number of Jets accepted = 2 Number of DiJets found = 1
Event 6617781 Number of Jets accepted = 2 Number of DiJets found = 1
Event 6620000 / 10000000
Event 6630000 / 10000000
Event 6636326 Number of Jets accepted = 2 Number of DiJets found = 1
Event 6636382 Number of Jets accepted = 2 Number of DiJets found = 1
Event 6640000 / 10000000
Event 6644122 Number of Jets accepted = 2 Number of DiJets found = 1
Event 6644940 Number of Jets accepted = 2 Number of DiJets found = 1
Event 6650000 / 10000000
Event 6658724 Number of Jets accepted = 2 Number of DiJets found = 1
Event 6660000 / 10000000
Event 6665958 Number of Jets accepted = 2 Number of DiJets found = 1
Event 6670000 / 10000000
Event 6680000 / 10000000
Event 6690000 / 10000000
Event 6700000 / 10000000
Event 6710000 / 10000000
Event 6720000 / 10000000
Event 6730000 / 10000000
Event 6740000 / 10000000
Event 6740556 Number of Jets accepted = 4 Number of DiJets found = 2
Event 6741458 Number of Jets accepted = 2 Number of DiJets found = 1
Event 6750000 / 10000000
Event 6753646 Number of Jets accepted = 2 Number of DiJets found = 1
Event 6760000 / 10000000
Event 6765187 Number of Jets accepted = 2 Number of DiJets found = 1
Event 6770000 / 10000000
Event 6771279 Number of Jets accepted = 2 Number of DiJets found = 1
Event 6780000 / 10000000
Event 6782374 Number of Jets accepted = 2 Number of DiJets found = 1
Event 6790000 / 10000000
Event 6795749 Number of Jets accepted = 2 Number of DiJets found = 1
Event 6800000 / 10000000
Event 6810000 / 10000000
Event 6819408 Number of Jets accepted = 2 Number of DiJets found = 1
Event 6820000 / 10000000
Event 6823022 Number of Jets accepted = 2 Number of DiJets found = 1
Event 6823212 Number of Jets accepted = 2 Number of DiJets found = 1
Event 6830000 / 10000000
Event 6840000 / 10000000
Event 6850000 / 10000000
Event 6853061 Number of Jets accepted = 2 Number of DiJets found = 1
Event 6858064 Number of Jets accepted = 2 Number of DiJets found = 1
Event 6860000 / 10000000
Event 6870000 / 10000000
Event 6874390 Number of Jets accepted = 2 Number of DiJets found = 1
Event 6880000 / 10000000
Event 6880453 Number of Jets accepted = 2 Number of DiJets found = 1
Event 6886135 Number of Jets accepted = 2 Number of DiJets found = 1
Event 6890000 / 10000000
Event 6900000 / 10000000
Event 6909451 Number of Jets accepted = 2 Number of DiJets found = 1
Event 6910000 / 10000000
Event 6920000 / 10000000
Event 6920128 Number of Jets accepted = 2 Number of DiJets found = 1
Event 6930000 / 10000000
Event 6935131 Number of Jets accepted = 2 Number of DiJets found = 1
Event 6940000 / 10000000
Event 6940594 Number of Jets accepted = 2 Number of DiJets found = 1
Event 6950000 / 10000000
Event 6954249 Number of Jets accepted = 2 Number of DiJets found = 1
Event 6954340 Number of Jets accepted = 2 Number of DiJets found = 1
Event 6955617 Number of Jets accepted = 2 Number of DiJets found = 1
Event 6960000 / 10000000
Event 6961172 Number of Jets accepted = 2 Number of DiJets found = 1
Event 6963050 Number of Jets accepted = 2 Number of DiJets found = 1
Event 6966362 Number of Jets accepted = 2 Number of DiJets found = 1
Event 6970000 / 10000000
Event 6975978 Number of Jets accepted = 2 Number of DiJets found = 1
Event 6980000 / 10000000
Event 6990000 / 10000000
Event 7000000 / 10000000
Event 7010000 / 10000000
Event 7020000 / 10000000
Event 7023791 Number of Jets accepted = 2 Number of DiJets found = 1
Event 7029018 Number of Jets accepted = 2 Number of DiJets found = 1
Event 7030000 / 10000000
Event 7033352 Number of Jets accepted = 2 Number of DiJets found = 1
Event 7036586 Number of Jets accepted = 2 Number of DiJets found = 1
Event 7040000 / 10000000
Event 7044314 Number of Jets accepted = 2 Number of DiJets found = 1
Event 7050000 / 10000000
Event 7055205 Number of Jets accepted = 2 Number of DiJets found = 1
Event 7058829 Number of Jets accepted = 2 Number of DiJets found = 1
Event 7060000 / 10000000
Event 7064141 Number of Jets accepted = 2 Number of DiJets found = 1
Event 7070000 / 10000000
Event 7073309 Number of Jets accepted = 2 Number of DiJets found = 1
Event 7074465 Number of Jets accepted = 2 Number of DiJets found = 1
Event 7076552 Number of Jets accepted = 2 Number of DiJets found = 1
Event 7080000 / 10000000
Event 7082131 Number of Jets accepted = 2 Number of DiJets found = 1
Event 7090000 / 10000000
Event 7094486 Number of Jets accepted = 2 Number of DiJets found = 1
Event 7095559 Number of Jets accepted = 2 Number of DiJets found = 1
Event 7100000 / 10000000
Event 7107993 Number of Jets accepted = 2 Number of DiJets found = 1
Event 7110000 / 10000000
Event 7114951 Number of Jets accepted = 2 Number of DiJets found = 1
Event 7120000 / 10000000
Event 7130000 / 10000000
Event 7130559 Number of Jets accepted = 2 Number of DiJets found = 1
Event 7139854 Number of Jets accepted = 2 Number of DiJets found = 1
Event 7139855 Number of Jets accepted = 2 Number of DiJets found = 1
Event 7140000 / 10000000
Event 7150000 / 10000000
Event 7153465 Number of Jets accepted = 2 Number of DiJets found = 1
Event 7160000 / 10000000
Event 7168412 Number of Jets accepted = 2 Number of DiJets found = 1
Event 7170000 / 10000000
Event 7180000 / 10000000
Event 7190000 / 10000000
Event 7191610 Number of Jets accepted = 2 Number of DiJets found = 1
Event 7200000 / 10000000
Event 7210000 / 10000000
Event 7220000 / 10000000
Event 7222272 Number of Jets accepted = 2 Number of DiJets found = 1
Event 7230000 / 10000000
Event 7240000 / 10000000
Event 7247938 Number of Jets accepted = 2 Number of DiJets found = 1
Event 7250000 / 10000000
Event 7251778 Number of Jets accepted = 2 Number of DiJets found = 1
Event 7252633 Number of Jets accepted = 2 Number of DiJets found = 1
Event 7259559 Number of Jets accepted = 2 Number of DiJets found = 1
Event 7260000 / 10000000
Event 7270000 / 10000000
Event 7280000 / 10000000
Event 7281134 Number of Jets accepted = 2 Number of DiJets found = 1
Event 7289432 Number of Jets accepted = 2 Number of DiJets found = 1
Event 7290000 / 10000000
Event 7294055 Number of Jets accepted = 2 Number of DiJets found = 1
Event 7300000 / 10000000
Event 7300215 Number of Jets accepted = 2 Number of DiJets found = 1
