Input path set as: /media/scratch/packard/db/.

Filename set as: pp10mEv_7TeV_ptHatMin0GeV_run7.

opening:   /media/scratch/packard/db/pp10mEv_7TeV_ptHatMin0GeV_run7.root


External input: /media/external1/packard/db/RChange/R6FINAL received for output path! Overriding default...

Output path set as /media/external1/packard/db/RChange/R6FINAL. Will write contents to this directory!

External input 0.6 received for R! Overriding default...

External input 0.4 received for OpeningAngle! Overriding default...

External input 5 received for jet_ptmin! Overriding default...

External input 8 received for LeadPtMin! Overriding default...

External input 5 received for SubLeadPtMin! Overriding default...

External input 200 received for max_track_rap! Overriding default...

External input 0 receieved for PtConsLo! Overriding default...

External input 1 received for PtConsHi! Overriding default...

R: 0.6

OpeningAngle: 0.4

jet_ptmin: 5

LeadPtMin: 8

SubLeadPtMin: 5

max_track_rap: 200

PtConsLo: 0

PtConsHi: 1

Number of events: 10000000.Event 0 / 10000000
#--------------------------------------------------------------------------
#                         FastJet release 3.2.1
#                 M. Cacciari, G.P. Salam and G. Soyez                  
#     A software package for jet finding and analysis at colliders      
#                           http://fastjet.fr                           
#	                                                                      
# Please cite EPJC72(2012)1896 [arXiv:1111.6097] if you use this package
# for scientific work and optionally PLB641(2006)57 [hep-ph/0512210].   
#                                                                       
# FastJet is provided without warranty under the terms of the GNU GPLv2.
# It uses T. Chan's closest pair algorithm, S. Fortune's Voronoi code
# and 3rd party plugin jet algorithms. See COPYING file for details.
#--------------------------------------------------------------------------
Event 10000 / 10000000
Event 10956 Number of Jets accepted = 2 Number of DiJets found = 1
Event 16892 Number of Jets accepted = 2 Number of DiJets found = 1
Event 18744 Number of Jets accepted = 2 Number of DiJets found = 1
Event 20000 / 10000000
Event 20554 Number of Jets accepted = 2 Number of DiJets found = 1
Event 27000 Number of Jets accepted = 2 Number of DiJets found = 1
Event 30000 / 10000000
Event 40000 / 10000000
Event 48438 Number of Jets accepted = 2 Number of DiJets found = 1
Event 50000 / 10000000
Event 51891 Number of Jets accepted = 2 Number of DiJets found = 1
Event 60000 / 10000000
Event 63354 Number of Jets accepted = 2 Number of DiJets found = 1
Event 70000 / 10000000
Event 74176 Number of Jets accepted = 2 Number of DiJets found = 1
Event 78379 Number of Jets accepted = 2 Number of DiJets found = 1
Event 80000 / 10000000
Event 90000 / 10000000
Event 93909 Number of Jets accepted = 2 Number of DiJets found = 1
Event 100000 / 10000000
Event 110000 / 10000000
Event 114354 Number of Jets accepted = 2 Number of DiJets found = 1
Event 116421 Number of Jets accepted = 2 Number of DiJets found = 1
Event 120000 / 10000000
Event 124516 Number of Jets accepted = 2 Number of DiJets found = 1
Event 130000 / 10000000
Event 134251 Number of Jets accepted = 2 Number of DiJets found = 1
Event 134313 Number of Jets accepted = 2 Number of DiJets found = 1
Event 140000 / 10000000
Event 147974 Number of Jets accepted = 2 Number of DiJets found = 1
Event 150000 / 10000000
Event 152034 Number of Jets accepted = 2 Number of DiJets found = 1
Event 156087 Number of Jets accepted = 2 Number of DiJets found = 1
Event 160000 / 10000000
Event 170000 / 10000000
Event 175807 Number of Jets accepted = 2 Number of DiJets found = 1
Event 180000 / 10000000
Event 183025 Number of Jets accepted = 2 Number of DiJets found = 1
Event 186073 Number of Jets accepted = 2 Number of DiJets found = 1
Event 188588 Number of Jets accepted = 2 Number of DiJets found = 1
Event 190000 / 10000000
Event 200000 / 10000000
Event 204663 Number of Jets accepted = 2 Number of DiJets found = 1
Event 210000 / 10000000
Event 220000 / 10000000
Event 228006 Number of Jets accepted = 2 Number of DiJets found = 1
Event 230000 / 10000000
Event 230211 Number of Jets accepted = 2 Number of DiJets found = 1
Event 233963 Number of Jets accepted = 2 Number of DiJets found = 1
Event 234302 Number of Jets accepted = 2 Number of DiJets found = 1
Event 240000 / 10000000
Event 250000 / 10000000
Event 251421 Number of Jets accepted = 2 Number of DiJets found = 1
Event 256707 Number of Jets accepted = 2 Number of DiJets found = 1
Event 260000 / 10000000
Event 265221 Number of Jets accepted = 2 Number of DiJets found = 1
Event 267776 Number of Jets accepted = 2 Number of DiJets found = 1
Event 268976 Number of Jets accepted = 2 Number of DiJets found = 1
Event 270000 / 10000000
Event 280000 / 10000000
Event 290000 / 10000000
Event 300000 / 10000000
Event 306580 Number of Jets accepted = 2 Number of DiJets found = 1
Event 310000 / 10000000
Event 311901 Number of Jets accepted = 2 Number of DiJets found = 1
Event 312622 Number of Jets accepted = 2 Number of DiJets found = 1
Event 320000 / 10000000
Event 328915 Number of Jets accepted = 2 Number of DiJets found = 1
Event 330000 / 10000000
Event 340000 / 10000000
Event 350000 / 10000000
Event 351915 Number of Jets accepted = 2 Number of DiJets found = 1
Event 352900 Number of Jets accepted = 2 Number of DiJets found = 1
Event 360000 / 10000000
Event 370000 / 10000000
Event 371325 Number of Jets accepted = 2 Number of DiJets found = 1
Event 374774 Number of Jets accepted = 2 Number of DiJets found = 1
Event 380000 / 10000000
Event 384128 Number of Jets accepted = 2 Number of DiJets found = 1
Event 390000 / 10000000
Event 400000 / 10000000
Event 403543 Number of Jets accepted = 2 Number of DiJets found = 1
Event 410000 / 10000000
Event 410405 Number of Jets accepted = 2 Number of DiJets found = 1
Event 418532 Number of Jets accepted = 2 Number of DiJets found = 1
Event 419700 Number of Jets accepted = 2 Number of DiJets found = 1
Event 420000 / 10000000
Event 422512 Number of Jets accepted = 2 Number of DiJets found = 1
Event 424531 Number of Jets accepted = 2 Number of DiJets found = 1
Event 424835 Number of Jets accepted = 2 Number of DiJets found = 1
Event 430000 / 10000000
Event 432993 Number of Jets accepted = 2 Number of DiJets found = 1
Event 440000 / 10000000
Event 450000 / 10000000
Event 451334 Number of Jets accepted = 2 Number of DiJets found = 1
Event 454934 Number of Jets accepted = 2 Number of DiJets found = 1
Event 460000 / 10000000
Event 470000 / 10000000
Event 477541 Number of Jets accepted = 2 Number of DiJets found = 1
Event 480000 / 10000000
Event 487479 Number of Jets accepted = 2 Number of DiJets found = 1
Event 489504 Number of Jets accepted = 2 Number of DiJets found = 1
Event 490000 / 10000000
Event 490018 Number of Jets accepted = 2 Number of DiJets found = 1
Event 493017 Number of Jets accepted = 2 Number of DiJets found = 1
Event 500000 / 10000000
Event 503188 Number of Jets accepted = 2 Number of DiJets found = 1
Event 506137 Number of Jets accepted = 2 Number of DiJets found = 1
Event 510000 / 10000000
Event 511452 Number of Jets accepted = 2 Number of DiJets found = 1
Event 511925 Number of Jets accepted = 2 Number of DiJets found = 1
Event 513024 Number of Jets accepted = 2 Number of DiJets found = 1
Event 520000 / 10000000
Event 530000 / 10000000
Event 540000 / 10000000
Event 540699 Number of Jets accepted = 2 Number of DiJets found = 1
Event 548276 Number of Jets accepted = 2 Number of DiJets found = 1
Event 550000 / 10000000
Event 556710 Number of Jets accepted = 2 Number of DiJets found = 1
Event 559427 Number of Jets accepted = 2 Number of DiJets found = 1
Event 560000 / 10000000
Event 564150 Number of Jets accepted = 2 Number of DiJets found = 1
Event 570000 / 10000000
Event 577834 Number of Jets accepted = 2 Number of DiJets found = 1
Event 579645 Number of Jets accepted = 2 Number of DiJets found = 1
Event 580000 / 10000000
Event 583188 Number of Jets accepted = 2 Number of DiJets found = 1
Event 588243 Number of Jets accepted = 2 Number of DiJets found = 1
Event 589776 Number of Jets accepted = 2 Number of DiJets found = 1
Event 590000 / 10000000
Event 600000 / 10000000
Event 608314 Number of Jets accepted = 2 Number of DiJets found = 1
Event 610000 / 10000000
Event 616927 Number of Jets accepted = 2 Number of DiJets found = 1
Event 619601 Number of Jets accepted = 2 Number of DiJets found = 1
Event 620000 / 10000000
Event 630000 / 10000000
Event 633339 Number of Jets accepted = 2 Number of DiJets found = 1
Event 639103 Number of Jets accepted = 2 Number of DiJets found = 1
Event 640000 / 10000000
Event 640744 Number of Jets accepted = 2 Number of DiJets found = 1
Event 648589 Number of Jets accepted = 2 Number of DiJets found = 1
Event 650000 / 10000000
Event 652948 Number of Jets accepted = 2 Number of DiJets found = 1
Event 660000 / 10000000
Event 661899 Number of Jets accepted = 2 Number of DiJets found = 1
Event 670000 / 10000000
Event 680000 / 10000000
Event 680383 Number of Jets accepted = 2 Number of DiJets found = 1
Event 684698 Number of Jets accepted = 2 Number of DiJets found = 1
Event 690000 / 10000000
Event 700000 / 10000000
Event 700371 Number of Jets accepted = 2 Number of DiJets found = 1
Event 705653 Number of Jets accepted = 2 Number of DiJets found = 1
Event 706569 Number of Jets accepted = 2 Number of DiJets found = 1
Event 710000 / 10000000
Event 719132 Number of Jets accepted = 2 Number of DiJets found = 1
Event 720000 / 10000000
Event 730000 / 10000000
Event 731513 Number of Jets accepted = 2 Number of DiJets found = 1
Event 735652 Number of Jets accepted = 2 Number of DiJets found = 1
Event 736925 Number of Jets accepted = 2 Number of DiJets found = 1
Event 740000 / 10000000
Event 741725 Number of Jets accepted = 2 Number of DiJets found = 1
Event 750000 / 10000000
Event 760000 / 10000000
Event 763381 Number of Jets accepted = 2 Number of DiJets found = 1
Event 767922 Number of Jets accepted = 2 Number of DiJets found = 1
Event 770000 / 10000000
Event 780000 / 10000000
Event 790000 / 10000000
Event 800000 / 10000000
Event 801803 Number of Jets accepted = 2 Number of DiJets found = 1
Event 804157 Number of Jets accepted = 2 Number of DiJets found = 1
Event 806411 Number of Jets accepted = 2 Number of DiJets found = 1
Event 810000 / 10000000
Event 811390 Number of Jets accepted = 2 Number of DiJets found = 1
Event 816202 Number of Jets accepted = 2 Number of DiJets found = 1
Event 820000 / 10000000
Event 830000 / 10000000
Event 840000 / 10000000
Event 850000 / 10000000
Event 860000 / 10000000
Event 864496 Number of Jets accepted = 2 Number of DiJets found = 1
Event 870000 / 10000000
Event 880000 / 10000000
Event 887968 Number of Jets accepted = 2 Number of DiJets found = 1
Event 890000 / 10000000
Event 898774 Number of Jets accepted = 2 Number of DiJets found = 1
Event 900000 / 10000000
Event 906279 Number of Jets accepted = 2 Number of DiJets found = 1
Event 910000 / 10000000
Event 920000 / 10000000
Event 920451 Number of Jets accepted = 2 Number of DiJets found = 1
Event 930000 / 10000000
Event 939229 Number of Jets accepted = 2 Number of DiJets found = 1
Event 940000 / 10000000
Event 942060 Number of Jets accepted = 2 Number of DiJets found = 1
Event 946104 Number of Jets accepted = 2 Number of DiJets found = 1
Event 950000 / 10000000
Event 955614 Number of Jets accepted = 2 Number of DiJets found = 1
Event 960000 / 10000000
Event 964215 Number of Jets accepted = 2 Number of DiJets found = 1
Event 967666 Number of Jets accepted = 2 Number of DiJets found = 1
Event 968884 Number of Jets accepted = 2 Number of DiJets found = 1
Event 970000 / 10000000
Event 971557 Number of Jets accepted = 2 Number of DiJets found = 1
Event 972800 Number of Jets accepted = 2 Number of DiJets found = 1
Event 977175 Number of Jets accepted = 2 Number of DiJets found = 1
Event 980000 / 10000000
Event 990000 / 10000000
Event 997387 Number of Jets accepted = 2 Number of DiJets found = 1
Event 1000000 / 10000000
Event 1010000 / 10000000
Event 1020000 / 10000000
Event 1021306 Number of Jets accepted = 2 Number of DiJets found = 1
Event 1030000 / 10000000
Event 1040000 / 10000000
Event 1040263 Number of Jets accepted = 2 Number of DiJets found = 1
Event 1041771 Number of Jets accepted = 2 Number of DiJets found = 1
Event 1047692 Number of Jets accepted = 2 Number of DiJets found = 1
Event 1049129 Number of Jets accepted = 2 Number of DiJets found = 1
Event 1050000 / 10000000
Event 1060000 / 10000000
Event 1070000 / 10000000
Event 1071916 Number of Jets accepted = 2 Number of DiJets found = 1
Event 1080000 / 10000000
Event 1086954 Number of Jets accepted = 2 Number of DiJets found = 1
Event 1090000 / 10000000
Event 1100000 / 10000000
Event 1110000 / 10000000
Event 1111781 Number of Jets accepted = 4 Number of DiJets found = 2
Event 1117969 Number of Jets accepted = 2 Number of DiJets found = 1
Event 1120000 / 10000000
Event 1125653 Number of Jets accepted = 2 Number of DiJets found = 1
Event 1130000 / 10000000
Event 1134015 Number of Jets accepted = 2 Number of DiJets found = 1
Event 1140000 / 10000000
Event 1150000 / 10000000
Event 1150774 Number of Jets accepted = 2 Number of DiJets found = 1
Event 1153627 Number of Jets accepted = 2 Number of DiJets found = 1
Event 1157715 Number of Jets accepted = 2 Number of DiJets found = 1
Event 1160000 / 10000000
Event 1170000 / 10000000
Event 1171890 Number of Jets accepted = 2 Number of DiJets found = 1
Event 1173043 Number of Jets accepted = 2 Number of DiJets found = 1
Event 1180000 / 10000000
Event 1190000 / 10000000
Event 1200000 / 10000000
Event 1200902 Number of Jets accepted = 2 Number of DiJets found = 1
Event 1209920 Number of Jets accepted = 2 Number of DiJets found = 1
Event 1210000 / 10000000
Event 1211574 Number of Jets accepted = 2 Number of DiJets found = 1
Event 1217290 Number of Jets accepted = 2 Number of DiJets found = 1
Event 1220000 / 10000000
Event 1230000 / 10000000
Event 1231294 Number of Jets accepted = 2 Number of DiJets found = 1
Event 1240000 / 10000000
Event 1242701 Number of Jets accepted = 2 Number of DiJets found = 1
Event 1242710 Number of Jets accepted = 2 Number of DiJets found = 1
Event 1248982 Number of Jets accepted = 2 Number of DiJets found = 1
Event 1250000 / 10000000
Event 1257771 Number of Jets accepted = 2 Number of DiJets found = 1
Event 1260000 / 10000000
Event 1260231 Number of Jets accepted = 2 Number of DiJets found = 1
Event 1270000 / 10000000
Event 1280000 / 10000000
Event 1283230 Number of Jets accepted = 2 Number of DiJets found = 1
Event 1283251 Number of Jets accepted = 2 Number of DiJets found = 1
Event 1288634 Number of Jets accepted = 2 Number of DiJets found = 1
Event 1290000 / 10000000
Event 1297664 Number of Jets accepted = 2 Number of DiJets found = 1
Event 1298531 Number of Jets accepted = 2 Number of DiJets found = 1
Event 1298987 Number of Jets accepted = 2 Number of DiJets found = 1
Event 1300000 / 10000000
Event 1305572 Number of Jets accepted = 2 Number of DiJets found = 1
Event 1310000 / 10000000
Event 1311394 Number of Jets accepted = 2 Number of DiJets found = 1
Event 1320000 / 10000000
Event 1327032 Number of Jets accepted = 2 Number of DiJets found = 1
Event 1330000 / 10000000
Event 1340000 / 10000000
Event 1343306 Number of Jets accepted = 2 Number of DiJets found = 1
Event 1348824 Number of Jets accepted = 2 Number of DiJets found = 1
Event 1350000 / 10000000
Event 1350065 Number of Jets accepted = 2 Number of DiJets found = 1
Event 1354568 Number of Jets accepted = 2 Number of DiJets found = 1
Event 1355420 Number of Jets accepted = 2 Number of DiJets found = 1
Event 1360000 / 10000000
Event 1362850 Number of Jets accepted = 2 Number of DiJets found = 1
Event 1363502 Number of Jets accepted = 2 Number of DiJets found = 1
Event 1370000 / 10000000
Event 1380000 / 10000000
Event 1390000 / 10000000
Event 1395551 Number of Jets accepted = 2 Number of DiJets found = 1
Event 1400000 / 10000000
Event 1404148 Number of Jets accepted = 2 Number of DiJets found = 1
Event 1404783 Number of Jets accepted = 2 Number of DiJets found = 1
Event 1410000 / 10000000
Event 1411033 Number of Jets accepted = 2 Number of DiJets found = 1
Event 1411146 Number of Jets accepted = 2 Number of DiJets found = 1
Event 1415063 Number of Jets accepted = 2 Number of DiJets found = 1
Event 1420000 / 10000000
Event 1428123 Number of Jets accepted = 2 Number of DiJets found = 1
Event 1430000 / 10000000
Event 1436613 Number of Jets accepted = 2 Number of DiJets found = 1
Event 1438358 Number of Jets accepted = 2 Number of DiJets found = 1
Event 1440000 / 10000000
Event 1443581 Number of Jets accepted = 2 Number of DiJets found = 1
Event 1450000 / 10000000
Event 1454891 Number of Jets accepted = 2 Number of DiJets found = 1
Event 1460000 / 10000000
Event 1465751 Number of Jets accepted = 2 Number of DiJets found = 1
Event 1470000 / 10000000
Event 1475925 Number of Jets accepted = 2 Number of DiJets found = 1
Event 1480000 / 10000000
Event 1480416 Number of Jets accepted = 2 Number of DiJets found = 1
Event 1490000 / 10000000
Event 1498962 Number of Jets accepted = 2 Number of DiJets found = 1
Event 1500000 / 10000000
Event 1502918 Number of Jets accepted = 2 Number of DiJets found = 1
Event 1510000 / 10000000
Event 1520000 / 10000000
Event 1530000 / 10000000
Event 1540000 / 10000000
Event 1542077 Number of Jets accepted = 2 Number of DiJets found = 1
Event 1548621 Number of Jets accepted = 4 Number of DiJets found = 2
Event 1550000 / 10000000
Event 1554617 Number of Jets accepted = 2 Number of DiJets found = 1
Event 1560000 / 10000000
Event 1570000 / 10000000
Event 1578327 Number of Jets accepted = 2 Number of DiJets found = 1
Event 1580000 / 10000000
Event 1590000 / 10000000
Event 1600000 / 10000000
Event 1610000 / 10000000
Event 1614338 Number of Jets accepted = 2 Number of DiJets found = 1
Event 1615275 Number of Jets accepted = 2 Number of DiJets found = 1
Event 1620000 / 10000000
Event 1620336 Number of Jets accepted = 2 Number of DiJets found = 1
Event 1630000 / 10000000
Event 1630145 Number of Jets accepted = 2 Number of DiJets found = 1
Event 1634169 Number of Jets accepted = 2 Number of DiJets found = 1
Event 1640000 / 10000000
Event 1643752 Number of Jets accepted = 2 Number of DiJets found = 1
Event 1650000 / 10000000
Event 1660000 / 10000000
Event 1662020 Number of Jets accepted = 2 Number of DiJets found = 1
Event 1665818 Number of Jets accepted = 2 Number of DiJets found = 1
Event 1670000 / 10000000
Event 1673943 Number of Jets accepted = 2 Number of DiJets found = 1
Event 1680000 / 10000000
Event 1690000 / 10000000
Event 1698701 Number of Jets accepted = 2 Number of DiJets found = 1
Event 1700000 / 10000000
Event 1710000 / 10000000
Event 1717462 Number of Jets accepted = 2 Number of DiJets found = 1
Event 1718795 Number of Jets accepted = 2 Number of DiJets found = 1
Event 1720000 / 10000000
Event 1730000 / 10000000
Event 1739388 Number of Jets accepted = 2 Number of DiJets found = 1
Event 1740000 / 10000000
Event 1747364 Number of Jets accepted = 2 Number of DiJets found = 1
Event 1750000 / 10000000
Event 1759363 Number of Jets accepted = 2 Number of DiJets found = 1
Event 1760000 / 10000000
Event 1770000 / 10000000
Event 1780000 / 10000000
Event 1782269 Number of Jets accepted = 2 Number of DiJets found = 1
Event 1790000 / 10000000
Event 1794715 Number of Jets accepted = 2 Number of DiJets found = 1
Event 1795875 Number of Jets accepted = 2 Number of DiJets found = 1
Event 1798263 Number of Jets accepted = 2 Number of DiJets found = 1
Event 1800000 / 10000000
Event 1800013 Number of Jets accepted = 2 Number of DiJets found = 1
Event 1801474 Number of Jets accepted = 2 Number of DiJets found = 1
Event 1810000 / 10000000
Event 1811495 Number of Jets accepted = 2 Number of DiJets found = 1
Event 1820000 / 10000000
Event 1823064 Number of Jets accepted = 2 Number of DiJets found = 1
Event 1827345 Number of Jets accepted = 2 Number of DiJets found = 1
Event 1830000 / 10000000
Event 1840000 / 10000000
Event 1842953 Number of Jets accepted = 2 Number of DiJets found = 1
Event 1850000 / 10000000
Event 1850892 Number of Jets accepted = 2 Number of DiJets found = 1
Event 1860000 / 10000000
Event 1870000 / 10000000
Event 1874262 Number of Jets accepted = 2 Number of DiJets found = 1
Event 1880000 / 10000000
Event 1890000 / 10000000
Event 1896206 Number of Jets accepted = 2 Number of DiJets found = 1
Event 1896773 Number of Jets accepted = 2 Number of DiJets found = 1
Event 1900000 / 10000000
Event 1900438 Number of Jets accepted = 2 Number of DiJets found = 1
Event 1905783 Number of Jets accepted = 2 Number of DiJets found = 1
Event 1910000 / 10000000
Event 1911872 Number of Jets accepted = 2 Number of DiJets found = 1
Event 1920000 / 10000000
Event 1927166 Number of Jets accepted = 2 Number of DiJets found = 1
Event 1930000 / 10000000
Event 1934818 Number of Jets accepted = 2 Number of DiJets found = 1
Event 1940000 / 10000000
Event 1940595 Number of Jets accepted = 2 Number of DiJets found = 1
Event 1941180 Number of Jets accepted = 2 Number of DiJets found = 1
Event 1941401 Number of Jets accepted = 2 Number of DiJets found = 1
Event 1941731 Number of Jets accepted = 2 Number of DiJets found = 1
Event 1950000 / 10000000
Event 1953460 Number of Jets accepted = 2 Number of DiJets found = 1
Event 1956715 Number of Jets accepted = 4 Number of DiJets found = 2
Event 1960000 / 10000000
Event 1970000 / 10000000
Event 1970060 Number of Jets accepted = 2 Number of DiJets found = 1
Event 1980000 / 10000000
Event 1980427 Number of Jets accepted = 2 Number of DiJets found = 1
Event 1990000 / 10000000
Event 1993168 Number of Jets accepted = 2 Number of DiJets found = 1
Event 2000000 / 10000000
Event 2008805 Number of Jets accepted = 2 Number of DiJets found = 1
Event 2010000 / 10000000
Event 2012236 Number of Jets accepted = 2 Number of DiJets found = 1
Event 2020000 / 10000000
Event 2020983 Number of Jets accepted = 2 Number of DiJets found = 1
Event 2030000 / 10000000
Event 2032140 Number of Jets accepted = 2 Number of DiJets found = 1
Event 2040000 / 10000000
Event 2049909 Number of Jets accepted = 2 Number of DiJets found = 1
Event 2050000 / 10000000
Event 2054599 Number of Jets accepted = 2 Number of DiJets found = 1
Event 2056465 Number of Jets accepted = 2 Number of DiJets found = 1
Event 2060000 / 10000000
Event 2070000 / 10000000
Event 2070004 Number of Jets accepted = 2 Number of DiJets found = 1
Event 2080000 / 10000000
Event 2080506 Number of Jets accepted = 2 Number of DiJets found = 1
Event 2090000 / 10000000
Event 2093821 Number of Jets accepted = 2 Number of DiJets found = 1
Event 2100000 / 10000000
Event 2110000 / 10000000
Event 2111462 Number of Jets accepted = 2 Number of DiJets found = 1
Event 2117577 Number of Jets accepted = 2 Number of DiJets found = 1
Event 2120000 / 10000000
Event 2127909 Number of Jets accepted = 2 Number of DiJets found = 1
Event 2130000 / 10000000
Event 2140000 / 10000000
Event 2150000 / 10000000
Event 2156225 Number of Jets accepted = 2 Number of DiJets found = 1
Event 2160000 / 10000000
Event 2163420 Number of Jets accepted = 2 Number of DiJets found = 1
Event 2170000 / 10000000
Event 2180000 / 10000000
Event 2189805 Number of Jets accepted = 2 Number of DiJets found = 1
Event 2190000 / 10000000
Event 2191230 Number of Jets accepted = 2 Number of DiJets found = 1
Event 2191488 Number of Jets accepted = 2 Number of DiJets found = 1
Event 2200000 / 10000000
Event 2205677 Number of Jets accepted = 2 Number of DiJets found = 1
Event 2210000 / 10000000
Event 2220000 / 10000000
Event 2227133 Number of Jets accepted = 2 Number of DiJets found = 1
Event 2229085 Number of Jets accepted = 2 Number of DiJets found = 1
Event 2230000 / 10000000
Event 2239238 Number of Jets accepted = 2 Number of DiJets found = 1
Event 2240000 / 10000000
Event 2240786 Number of Jets accepted = 2 Number of DiJets found = 1
Event 2242270 Number of Jets accepted = 2 Number of DiJets found = 1
Event 2243472 Number of Jets accepted = 2 Number of DiJets found = 1
Event 2250000 / 10000000
Event 2251250 Number of Jets accepted = 2 Number of DiJets found = 1
Event 2252118 Number of Jets accepted = 2 Number of DiJets found = 1
Event 2260000 / 10000000
Event 2270000 / 10000000
Event 2280000 / 10000000
Event 2280634 Number of Jets accepted = 2 Number of DiJets found = 1
Event 2290000 / 10000000
Event 2300000 / 10000000
Event 2310000 / 10000000
Event 2310038 Number of Jets accepted = 2 Number of DiJets found = 1
Event 2315500 Number of Jets accepted = 2 Number of DiJets found = 1
Event 2319679 Number of Jets accepted = 2 Number of DiJets found = 1
Event 2320000 / 10000000
Event 2330000 / 10000000
Event 2334599 Number of Jets accepted = 2 Number of DiJets found = 1
Event 2336339 Number of Jets accepted = 2 Number of DiJets found = 1
Event 2339792 Number of Jets accepted = 2 Number of DiJets found = 1
Event 2340000 / 10000000
Event 2342758 Number of Jets accepted = 2 Number of DiJets found = 1
Event 2350000 / 10000000
Event 2360000 / 10000000
Event 2360535 Number of Jets accepted = 2 Number of DiJets found = 1
Event 2370000 / 10000000
Event 2376945 Number of Jets accepted = 2 Number of DiJets found = 1
Event 2380000 / 10000000
Event 2390000 / 10000000
Event 2392527 Number of Jets accepted = 2 Number of DiJets found = 1
Event 2396785 Number of Jets accepted = 2 Number of DiJets found = 1
Event 2400000 / 10000000
Event 2402243 Number of Jets accepted = 2 Number of DiJets found = 1
Event 2410000 / 10000000
Event 2420000 / 10000000
Event 2425742 Number of Jets accepted = 2 Number of DiJets found = 1
Event 2430000 / 10000000
Event 2432684 Number of Jets accepted = 2 Number of DiJets found = 1
Event 2440000 / 10000000
Event 2441386 Number of Jets accepted = 2 Number of DiJets found = 1
Event 2441388 Number of Jets accepted = 2 Number of DiJets found = 1
Event 2448860 Number of Jets accepted = 2 Number of DiJets found = 1
Event 2450000 / 10000000
Event 2460000 / 10000000
Event 2470000 / 10000000
Event 2479384 Number of Jets accepted = 2 Number of DiJets found = 1
Event 2480000 / 10000000
Event 2490000 / 10000000
Event 2500000 / 10000000
Event 2505022 Number of Jets accepted = 2 Number of DiJets found = 1
Event 2510000 / 10000000
Event 2520000 / 10000000
Event 2530000 / 10000000
Event 2540000 / 10000000
Event 2543864 Number of Jets accepted = 2 Number of DiJets found = 1
Event 2550000 / 10000000
Event 2558299 Number of Jets accepted = 2 Number of DiJets found = 1
Event 2559737 Number of Jets accepted = 2 Number of DiJets found = 1
Event 2560000 / 10000000
Event 2570000 / 10000000
Event 2580000 / 10000000
Event 2586226 Number of Jets accepted = 2 Number of DiJets found = 1
Event 2590000 / 10000000
Event 2598949 Number of Jets accepted = 2 Number of DiJets found = 1
Event 2600000 / 10000000
Event 2610000 / 10000000
Event 2620000 / 10000000
Event 2630000 / 10000000
Event 2635162 Number of Jets accepted = 2 Number of DiJets found = 1
Event 2636169 Number of Jets accepted = 2 Number of DiJets found = 1
Event 2639537 Number of Jets accepted = 2 Number of DiJets found = 1
Event 2639565 Number of Jets accepted = 2 Number of DiJets found = 1
Event 2640000 / 10000000
Event 2647568 Number of Jets accepted = 2 Number of DiJets found = 1
Event 2648797 Number of Jets accepted = 2 Number of DiJets found = 1
Event 2650000 / 10000000
Event 2655041 Number of Jets accepted = 2 Number of DiJets found = 1
Event 2656852 Number of Jets accepted = 2 Number of DiJets found = 1
Event 2659671 Number of Jets accepted = 2 Number of DiJets found = 1
Event 2660000 / 10000000
Event 2670000 / 10000000
Event 2680000 / 10000000
Event 2680092 Number of Jets accepted = 2 Number of DiJets found = 1
Event 2690000 / 10000000
Event 2695241 Number of Jets accepted = 2 Number of DiJets found = 1
Event 2696713 Number of Jets accepted = 2 Number of DiJets found = 1
Event 2700000 / 10000000
Event 2710000 / 10000000
Event 2717585 Number of Jets accepted = 2 Number of DiJets found = 1
Event 2720000 / 10000000
Event 2725878 Number of Jets accepted = 2 Number of DiJets found = 1
Event 2730000 / 10000000
Event 2740000 / 10000000
Event 2750000 / 10000000
Event 2760000 / 10000000
Event 2770000 / 10000000
Event 2774863 Number of Jets accepted = 2 Number of DiJets found = 1
Event 2780000 / 10000000
Event 2782296 Number of Jets accepted = 2 Number of DiJets found = 1
Event 2784686 Number of Jets accepted = 2 Number of DiJets found = 1
Event 2787933 Number of Jets accepted = 2 Number of DiJets found = 1
Event 2788139 Number of Jets accepted = 2 Number of DiJets found = 1
Event 2790000 / 10000000
Event 2794668 Number of Jets accepted = 2 Number of DiJets found = 1
Event 2800000 / 10000000
Event 2806886 Number of Jets accepted = 2 Number of DiJets found = 1
Event 2810000 / 10000000
Event 2812762 Number of Jets accepted = 2 Number of DiJets found = 1
Event 2814155 Number of Jets accepted = 2 Number of DiJets found = 1
Event 2820000 / 10000000
Event 2825594 Number of Jets accepted = 2 Number of DiJets found = 1
Event 2830000 / 10000000
Event 2840000 / 10000000
Event 2840734 Number of Jets accepted = 2 Number of DiJets found = 1
Event 2850000 / 10000000
Event 2850816 Number of Jets accepted = 2 Number of DiJets found = 1
Event 2853545 Number of Jets accepted = 2 Number of DiJets found = 1
Event 2860000 / 10000000
Event 2860680 Number of Jets accepted = 2 Number of DiJets found = 1
Event 2867216 Number of Jets accepted = 2 Number of DiJets found = 1
Event 2870000 / 10000000
Event 2880000 / 10000000
Event 2883432 Number of Jets accepted = 2 Number of DiJets found = 1
Event 2890000 / 10000000
Event 2899664 Number of Jets accepted = 2 Number of DiJets found = 1
Event 2900000 / 10000000
Event 2900373 Number of Jets accepted = 2 Number of DiJets found = 1
Event 2901089 Number of Jets accepted = 2 Number of DiJets found = 1
Event 2910000 / 10000000
Event 2917270 Number of Jets accepted = 2 Number of DiJets found = 1
Event 2920000 / 10000000
Event 2930000 / 10000000
Event 2940000 / 10000000
Event 2945130 Number of Jets accepted = 2 Number of DiJets found = 1
Event 2950000 / 10000000
Event 2951620 Number of Jets accepted = 2 Number of DiJets found = 1
Event 2960000 / 10000000
Event 2963293 Number of Jets accepted = 2 Number of DiJets found = 1
Event 2970000 / 10000000
Event 2978958 Number of Jets accepted = 2 Number of DiJets found = 1
Event 2980000 / 10000000
Event 2986354 Number of Jets accepted = 2 Number of DiJets found = 1
Event 2990000 / 10000000
Event 2991807 Number of Jets accepted = 2 Number of DiJets found = 1
Event 2995294 Number of Jets accepted = 2 Number of DiJets found = 1
Event 2995402 Number of Jets accepted = 2 Number of DiJets found = 1
Event 3000000 / 10000000
Event 3010000 / 10000000
Event 3014931 Number of Jets accepted = 2 Number of DiJets found = 1
Event 3015641 Number of Jets accepted = 2 Number of DiJets found = 1
Event 3020000 / 10000000
Event 3021502 Number of Jets accepted = 2 Number of DiJets found = 1
Event 3029110 Number of Jets accepted = 2 Number of DiJets found = 1
Event 3030000 / 10000000
Event 3040000 / 10000000
Event 3046751 Number of Jets accepted = 2 Number of DiJets found = 1
Event 3050000 / 10000000
Event 3060000 / 10000000
Event 3070000 / 10000000
Event 3080000 / 10000000
Event 3080183 Number of Jets accepted = 2 Number of DiJets found = 1
Event 3090000 / 10000000
Event 3100000 / 10000000
Event 3100074 Number of Jets accepted = 2 Number of DiJets found = 1
Event 3100759 Number of Jets accepted = 2 Number of DiJets found = 1
Event 3110000 / 10000000
Event 3120000 / 10000000
Event 3125466 Number of Jets accepted = 2 Number of DiJets found = 1
Event 3130000 / 10000000
Event 3135780 Number of Jets accepted = 2 Number of DiJets found = 1
Event 3136157 Number of Jets accepted = 2 Number of DiJets found = 1
Event 3138362 Number of Jets accepted = 2 Number of DiJets found = 1
Event 3140000 / 10000000
Event 3143496 Number of Jets accepted = 2 Number of DiJets found = 1
Event 3150000 / 10000000
Event 3160000 / 10000000
Event 3163981 Number of Jets accepted = 2 Number of DiJets found = 1
Event 3166322 Number of Jets accepted = 2 Number of DiJets found = 1
Event 3170000 / 10000000
Event 3180000 / 10000000
Event 3190000 / 10000000
Event 3200000 / 10000000
Event 3210000 / 10000000
Event 3212541 Number of Jets accepted = 2 Number of DiJets found = 1
Event 3219415 Number of Jets accepted = 2 Number of DiJets found = 1
Event 3220000 / 10000000
Event 3226419 Number of Jets accepted = 2 Number of DiJets found = 1
Event 3230000 / 10000000
Event 3231997 Number of Jets accepted = 2 Number of DiJets found = 1
Event 3240000 / 10000000
Event 3250000 / 10000000
Event 3252566 Number of Jets accepted = 2 Number of DiJets found = 1
Event 3254561 Number of Jets accepted = 2 Number of DiJets found = 1
Event 3255831 Number of Jets accepted = 2 Number of DiJets found = 1
Event 3260000 / 10000000
Event 3268973 Number of Jets accepted = 2 Number of DiJets found = 1
Event 3270000 / 10000000
Event 3278485 Number of Jets accepted = 2 Number of DiJets found = 1
Event 3280000 / 10000000
Event 3290000 / 10000000
Event 3299781 Number of Jets accepted = 2 Number of DiJets found = 1
Event 3300000 / 10000000
Event 3310000 / 10000000
Event 3320000 / 10000000
Event 3320052 Number of Jets accepted = 2 Number of DiJets found = 1
Event 3330000 / 10000000
Event 3332308 Number of Jets accepted = 2 Number of DiJets found = 1
Event 3340000 / 10000000
Event 3341842 Number of Jets accepted = 2 Number of DiJets found = 1
Event 3346988 Number of Jets accepted = 2 Number of DiJets found = 1
Event 3350000 / 10000000
Event 3357331 Number of Jets accepted = 2 Number of DiJets found = 1
Event 3359269 Number of Jets accepted = 2 Number of DiJets found = 1
Event 3360000 / 10000000
Event 3360931 Number of Jets accepted = 2 Number of DiJets found = 1
Event 3364281 Number of Jets accepted = 2 Number of DiJets found = 1
Event 3367679 Number of Jets accepted = 2 Number of DiJets found = 1
Event 3370000 / 10000000
Event 3373287 Number of Jets accepted = 2 Number of DiJets found = 1
Event 3373939 Number of Jets accepted = 2 Number of DiJets found = 1
Event 3378610 Number of Jets accepted = 2 Number of DiJets found = 1
Event 3380000 / 10000000
Event 3387120 Number of Jets accepted = 2 Number of DiJets found = 1
Event 3390000 / 10000000
Event 3400000 / 10000000
Event 3410000 / 10000000
Event 3413325 Number of Jets accepted = 2 Number of DiJets found = 1
Event 3420000 / 10000000
Event 3430000 / 10000000
Event 3437684 Number of Jets accepted = 2 Number of DiJets found = 1
Event 3439851 Number of Jets accepted = 2 Number of DiJets found = 1
Event 3440000 / 10000000
Event 3442726 Number of Jets accepted = 2 Number of DiJets found = 1
Event 3450000 / 10000000
Event 3460000 / 10000000
Event 3464089 Number of Jets accepted = 2 Number of DiJets found = 1
Event 3470000 / 10000000
Event 3480000 / 10000000
Event 3490000 / 10000000
Event 3493223 Number of Jets accepted = 2 Number of DiJets found = 1
Event 3500000 / 10000000
Event 3500774 Number of Jets accepted = 2 Number of DiJets found = 1
Event 3510000 / 10000000
Event 3511209 Number of Jets accepted = 2 Number of DiJets found = 1
Event 3520000 / 10000000
Event 3526118 Number of Jets accepted = 2 Number of DiJets found = 1
Event 3530000 / 10000000
Event 3534405 Number of Jets accepted = 2 Number of DiJets found = 1
Event 3537732 Number of Jets accepted = 2 Number of DiJets found = 1
Event 3540000 / 10000000
Event 3549349 Number of Jets accepted = 2 Number of DiJets found = 1
Event 3550000 / 10000000
Event 3560000 / 10000000
Event 3566196 Number of Jets accepted = 2 Number of DiJets found = 1
Event 3570000 / 10000000
Event 3573688 Number of Jets accepted = 2 Number of DiJets found = 1
Event 3577900 Number of Jets accepted = 2 Number of DiJets found = 1
Event 3580000 / 10000000
Event 3590000 / 10000000
Event 3594139 Number of Jets accepted = 2 Number of DiJets found = 1
Event 3600000 / 10000000
Event 3610000 / 10000000
Event 3612803 Number of Jets accepted = 2 Number of DiJets found = 1
Event 3620000 / 10000000
Event 3630000 / 10000000
Event 3635724 Number of Jets accepted = 2 Number of DiJets found = 1
Event 3638211 Number of Jets accepted = 2 Number of DiJets found = 1
Event 3640000 / 10000000
Event 3650000 / 10000000
Event 3660000 / 10000000
Event 3670000 / 10000000
Event 3673846 Number of Jets accepted = 2 Number of DiJets found = 1
Event 3674702 Number of Jets accepted = 2 Number of DiJets found = 1
Event 3680000 / 10000000
Event 3690000 / 10000000
Event 3697213 Number of Jets accepted = 2 Number of DiJets found = 1
Event 3700000 / 10000000
Event 3710000 / 10000000
Event 3718797 Number of Jets accepted = 2 Number of DiJets found = 1
Event 3720000 / 10000000
Event 3721125 Number of Jets accepted = 2 Number of DiJets found = 1
Event 3729317 Number of Jets accepted = 2 Number of DiJets found = 1
Event 3730000 / 10000000
Event 3740000 / 10000000
Event 3744026 Number of Jets accepted = 2 Number of DiJets found = 1
Event 3750000 / 10000000
Event 3760000 / 10000000
Event 3762184 Number of Jets accepted = 2 Number of DiJets found = 1
Event 3770000 / 10000000
Event 3780000 / 10000000
Event 3790000 / 10000000
Event 3790680 Number of Jets accepted = 2 Number of DiJets found = 1
Event 3800000 / 10000000
Event 3810000 / 10000000
Event 3816832 Number of Jets accepted = 2 Number of DiJets found = 1
Event 3820000 / 10000000
Event 3825367 Number of Jets accepted = 2 Number of DiJets found = 1
Event 3827640 Number of Jets accepted = 2 Number of DiJets found = 1
Event 3830000 / 10000000
Event 3840000 / 10000000
Event 3850000 / 10000000
Event 3853733 Number of Jets accepted = 2 Number of DiJets found = 1
Event 3860000 / 10000000
Event 3870000 / 10000000
Event 3872513 Number of Jets accepted = 2 Number of DiJets found = 1
Event 3874165 Number of Jets accepted = 2 Number of DiJets found = 1
Event 3880000 / 10000000
Event 3890000 / 10000000
Event 3895689 Number of Jets accepted = 2 Number of DiJets found = 1
Event 3900000 / 10000000
Event 3910000 / 10000000
Event 3916280 Number of Jets accepted = 2 Number of DiJets found = 1
Event 3920000 / 10000000
Event 3928081 Number of Jets accepted = 2 Number of DiJets found = 1
Event 3928213 Number of Jets accepted = 2 Number of DiJets found = 1
Event 3930000 / 10000000
Event 3940000 / 10000000
Event 3943057 Number of Jets accepted = 2 Number of DiJets found = 1
Event 3950000 / 10000000
Event 3958673 Number of Jets accepted = 2 Number of DiJets found = 1
Event 3960000 / 10000000
Event 3963984 Number of Jets accepted = 2 Number of DiJets found = 1
Event 3966039 Number of Jets accepted = 2 Number of DiJets found = 1
Event 3970000 / 10000000
Event 3980000 / 10000000
Event 3990000 / 10000000
Event 3994539 Number of Jets accepted = 2 Number of DiJets found = 1
Event 3998333 Number of Jets accepted = 2 Number of DiJets found = 1
Event 4000000 / 10000000
Event 4006592 Number of Jets accepted = 2 Number of DiJets found = 1
Event 4010000 / 10000000
Event 4020000 / 10000000
Event 4024392 Number of Jets accepted = 2 Number of DiJets found = 1
Event 4030000 / 10000000
Event 4040000 / 10000000
Event 4050000 / 10000000
Event 4060000 / 10000000
Event 4070000 / 10000000
Event 4073645 Number of Jets accepted = 2 Number of DiJets found = 1
Event 4080000 / 10000000
Event 4090000 / 10000000
Event 4093462 Number of Jets accepted = 2 Number of DiJets found = 1
Event 4096126 Number of Jets accepted = 2 Number of DiJets found = 1
Event 4100000 / 10000000
Event 4100487 Number of Jets accepted = 2 Number of DiJets found = 1
Event 4105373 Number of Jets accepted = 2 Number of DiJets found = 1
Event 4108043 Number of Jets accepted = 2 Number of DiJets found = 1
Event 4110000 / 10000000
Event 4120000 / 10000000
Event 4120448 Number of Jets accepted = 2 Number of DiJets found = 1
Event 4128679 Number of Jets accepted = 2 Number of DiJets found = 1
Event 4130000 / 10000000
Event 4137433 Number of Jets accepted = 2 Number of DiJets found = 1
Event 4140000 / 10000000
Event 4150000 / 10000000
Event 4151513 Number of Jets accepted = 2 Number of DiJets found = 1
Event 4153409 Number of Jets accepted = 2 Number of DiJets found = 1
Event 4160000 / 10000000
Event 4170000 / 10000000
Event 4178117 Number of Jets accepted = 2 Number of DiJets found = 1
Event 4180000 / 10000000
Event 4190000 / 10000000
Event 4200000 / 10000000
Event 4208430 Number of Jets accepted = 2 Number of DiJets found = 1
Event 4210000 / 10000000
Event 4220000 / 10000000
Event 4230000 / 10000000
Event 4235014 Number of Jets accepted = 2 Number of DiJets found = 1
Event 4239804 Number of Jets accepted = 2 Number of DiJets found = 1
Event 4240000 / 10000000
Event 4250000 / 10000000
Event 4260000 / 10000000
Event 4270000 / 10000000
Event 4278260 Number of Jets accepted = 2 Number of DiJets found = 1
Event 4280000 / 10000000
Event 4290000 / 10000000
Event 4290355 Number of Jets accepted = 2 Number of DiJets found = 1
Event 4300000 / 10000000
Event 4306054 Number of Jets accepted = 2 Number of DiJets found = 1
Event 4310000 / 10000000
Event 4312630 Number of Jets accepted = 2 Number of DiJets found = 1
Event 4318033 Number of Jets accepted = 2 Number of DiJets found = 1
Event 4320000 / 10000000
Event 4327763 Number of Jets accepted = 2 Number of DiJets found = 1
Event 4330000 / 10000000
Event 4331199 Number of Jets accepted = 2 Number of DiJets found = 1
Event 4340000 / 10000000
Event 4341547 Number of Jets accepted = 2 Number of DiJets found = 1
Event 4350000 / 10000000
Event 4352298 Number of Jets accepted = 2 Number of DiJets found = 1
Event 4360000 / 10000000
Event 4368402 Number of Jets accepted = 2 Number of DiJets found = 1
Event 4370000 / 10000000
Event 4375521 Number of Jets accepted = 2 Number of DiJets found = 1
Event 4380000 / 10000000
Event 4390000 / 10000000
Event 4394589 Number of Jets accepted = 2 Number of DiJets found = 1
Event 4400000 / 10000000
Event 4402494 Number of Jets accepted = 4 Number of DiJets found = 2
Event 4405006 Number of Jets accepted = 2 Number of DiJets found = 1
Event 4410000 / 10000000
Event 4412657 Number of Jets accepted = 2 Number of DiJets found = 1
Event 4415049 Number of Jets accepted = 2 Number of DiJets found = 1
Event 4415398 Number of Jets accepted = 2 Number of DiJets found = 1
Event 4419758 Number of Jets accepted = 2 Number of DiJets found = 1
Event 4419842 Number of Jets accepted = 2 Number of DiJets found = 1
Event 4420000 / 10000000
Event 4424355 Number of Jets accepted = 2 Number of DiJets found = 1
Event 4430000 / 10000000
Event 4438220 Number of Jets accepted = 2 Number of DiJets found = 1
Event 4440000 / 10000000
Event 4447788 Number of Jets accepted = 2 Number of DiJets found = 1
Event 4450000 / 10000000
Event 4460000 / 10000000
Event 4461177 Number of Jets accepted = 2 Number of DiJets found = 1
Event 4470000 / 10000000
Event 4480000 / 10000000
Event 4490000 / 10000000
Event 4495815 Number of Jets accepted = 2 Number of DiJets found = 1
Event 4496989 Number of Jets accepted = 2 Number of DiJets found = 1
Event 4500000 / 10000000
Event 4509099 Number of Jets accepted = 2 Number of DiJets found = 1
Event 4510000 / 10000000
Event 4520000 / 10000000
Event 4523425 Number of Jets accepted = 2 Number of DiJets found = 1
Event 4530000 / 10000000
Event 4539176 Number of Jets accepted = 2 Number of DiJets found = 1
Event 4540000 / 10000000
Event 4545524 Number of Jets accepted = 2 Number of DiJets found = 1
Event 4549781 Number of Jets accepted = 2 Number of DiJets found = 1
Event 4550000 / 10000000
Event 4560000 / 10000000
Event 4570000 / 10000000
Event 4576655 Number of Jets accepted = 2 Number of DiJets found = 1
Event 4580000 / 10000000
Event 4590000 / 10000000
Event 4592130 Number of Jets accepted = 2 Number of DiJets found = 1
Event 4600000 / 10000000
Event 4602209 Number of Jets accepted = 2 Number of DiJets found = 1
Event 4610000 / 10000000
Event 4613404 Number of Jets accepted = 2 Number of DiJets found = 1
Event 4616905 Number of Jets accepted = 2 Number of DiJets found = 1
Event 4620000 / 10000000
Event 4620873 Number of Jets accepted = 2 Number of DiJets found = 1
Event 4625047 Number of Jets accepted = 2 Number of DiJets found = 1
Event 4625636 Number of Jets accepted = 2 Number of DiJets found = 1
Event 4630000 / 10000000
Event 4640000 / 10000000
Event 4647816 Number of Jets accepted = 2 Number of DiJets found = 1
Event 4650000 / 10000000
Event 4660000 / 10000000
Event 4669293 Number of Jets accepted = 2 Number of DiJets found = 1
Event 4670000 / 10000000
Event 4680000 / 10000000
Event 4680473 Number of Jets accepted = 2 Number of DiJets found = 1
Event 4681883 Number of Jets accepted = 2 Number of DiJets found = 1
Event 4690000 / 10000000
Event 4690914 Number of Jets accepted = 2 Number of DiJets found = 1
Event 4691371 Number of Jets accepted = 2 Number of DiJets found = 1
Event 4693420 Number of Jets accepted = 4 Number of DiJets found = 2
Event 4700000 / 10000000
Event 4710000 / 10000000
Event 4712993 Number of Jets accepted = 2 Number of DiJets found = 1
Event 4720000 / 10000000
Event 4721924 Number of Jets accepted = 2 Number of DiJets found = 1
Event 4722417 Number of Jets accepted = 2 Number of DiJets found = 1
Event 4724900 Number of Jets accepted = 2 Number of DiJets found = 1
Event 4730000 / 10000000
Event 4730956 Number of Jets accepted = 2 Number of DiJets found = 1
Event 4737749 Number of Jets accepted = 2 Number of DiJets found = 1
Event 4740000 / 10000000
Event 4750000 / 10000000
Event 4752981 Number of Jets accepted = 2 Number of DiJets found = 1
Event 4760000 / 10000000
Event 4761309 Number of Jets accepted = 2 Number of DiJets found = 1
Event 4770000 / 10000000
Event 4780000 / 10000000
Event 4783067 Number of Jets accepted = 2 Number of DiJets found = 1
Event 4789351 Number of Jets accepted = 2 Number of DiJets found = 1
Event 4790000 / 10000000
Event 4790870 Number of Jets accepted = 2 Number of DiJets found = 1
Event 4797943 Number of Jets accepted = 2 Number of DiJets found = 1
Event 4800000 / 10000000
Event 4803576 Number of Jets accepted = 2 Number of DiJets found = 1
Event 4810000 / 10000000
Event 4812671 Number of Jets accepted = 2 Number of DiJets found = 1
Event 4817798 Number of Jets accepted = 2 Number of DiJets found = 1
Event 4820000 / 10000000
Event 4827299 Number of Jets accepted = 2 Number of DiJets found = 1
Event 4830000 / 10000000
Event 4835164 Number of Jets accepted = 2 Number of DiJets found = 1
Event 4836580 Number of Jets accepted = 2 Number of DiJets found = 1
Event 4836811 Number of Jets accepted = 4 Number of DiJets found = 2
Event 4840000 / 10000000
Event 4842079 Number of Jets accepted = 2 Number of DiJets found = 1
Event 4844519 Number of Jets accepted = 2 Number of DiJets found = 1
Event 4849400 Number of Jets accepted = 2 Number of DiJets found = 1
Event 4850000 / 10000000
Event 4859620 Number of Jets accepted = 2 Number of DiJets found = 1
Event 4860000 / 10000000
Event 4867900 Number of Jets accepted = 2 Number of DiJets found = 1
Event 4870000 / 10000000
Event 4876252 Number of Jets accepted = 2 Number of DiJets found = 1
Event 4880000 / 10000000
Event 4882428 Number of Jets accepted = 2 Number of DiJets found = 1
Event 4890000 / 10000000
Event 4893418 Number of Jets accepted = 2 Number of DiJets found = 1
Event 4895236 Number of Jets accepted = 2 Number of DiJets found = 1
Event 4900000 / 10000000
Event 4910000 / 10000000
Event 4913929 Number of Jets accepted = 2 Number of DiJets found = 1
Event 4919499 Number of Jets accepted = 2 Number of DiJets found = 1
Event 4920000 / 10000000
Event 4930000 / 10000000
Event 4932659 Number of Jets accepted = 2 Number of DiJets found = 1
Event 4940000 / 10000000
Event 4945473 Number of Jets accepted = 2 Number of DiJets found = 1
Event 4950000 / 10000000
Event 4954167 Number of Jets accepted = 2 Number of DiJets found = 1
Event 4960000 / 10000000
Event 4961997 Number of Jets accepted = 2 Number of DiJets found = 1
Event 4970000 / 10000000
Event 4980000 / 10000000
Event 4985692 Number of Jets accepted = 2 Number of DiJets found = 1
Event 4990000 / 10000000
Event 4999971 Number of Jets accepted = 2 Number of DiJets found = 1
Event 5000000 / 10000000
Event 5001637 Number of Jets accepted = 2 Number of DiJets found = 1
Event 5010000 / 10000000
Event 5013359 Number of Jets accepted = 2 Number of DiJets found = 1
Event 5020000 / 10000000
Event 5022995 Number of Jets accepted = 2 Number of DiJets found = 1
Event 5030000 / 10000000
Event 5040000 / 10000000
Event 5050000 / 10000000
Event 5060000 / 10000000
Event 5070000 / 10000000
Event 5075112 Number of Jets accepted = 2 Number of DiJets found = 1
Event 5080000 / 10000000
Event 5082460 Number of Jets accepted = 2 Number of DiJets found = 1
Event 5085034 Number of Jets accepted = 2 Number of DiJets found = 1
Event 5085326 Number of Jets accepted = 2 Number of DiJets found = 1
Event 5085887 Number of Jets accepted = 2 Number of DiJets found = 1
Event 5088320 Number of Jets accepted = 2 Number of DiJets found = 1
Event 5090000 / 10000000
Event 5095289 Number of Jets accepted = 2 Number of DiJets found = 1
Event 5099772 Number of Jets accepted = 2 Number of DiJets found = 1
Event 5100000 / 10000000
Event 5110000 / 10000000
Event 5114887 Number of Jets accepted = 2 Number of DiJets found = 1
Event 5120000 / 10000000
Event 5130000 / 10000000
Event 5140000 / 10000000
Event 5140360 Number of Jets accepted = 2 Number of DiJets found = 1
Event 5150000 / 10000000
Event 5155254 Number of Jets accepted = 2 Number of DiJets found = 1
Event 5157427 Number of Jets accepted = 2 Number of DiJets found = 1
Event 5157664 Number of Jets accepted = 2 Number of DiJets found = 1
Event 5158923 Number of Jets accepted = 2 Number of DiJets found = 1
Event 5160000 / 10000000
Event 5162599 Number of Jets accepted = 2 Number of DiJets found = 1
Event 5170000 / 10000000
Event 5170649 Number of Jets accepted = 2 Number of DiJets found = 1
Event 5172786 Number of Jets accepted = 2 Number of DiJets found = 1
Event 5180000 / 10000000
Event 5190000 / 10000000
Event 5190306 Number of Jets accepted = 2 Number of DiJets found = 1
Event 5193993 Number of Jets accepted = 2 Number of DiJets found = 1
Event 5198919 Number of Jets accepted = 2 Number of DiJets found = 1
Event 5200000 / 10000000
Event 5206406 Number of Jets accepted = 2 Number of DiJets found = 1
Event 5210000 / 10000000
Event 5216766 Number of Jets accepted = 2 Number of DiJets found = 1
Event 5219262 Number of Jets accepted = 2 Number of DiJets found = 1
Event 5220000 / 10000000
Event 5230000 / 10000000
Event 5238377 Number of Jets accepted = 2 Number of DiJets found = 1
Event 5240000 / 10000000
Event 5242193 Number of Jets accepted = 2 Number of DiJets found = 1
Event 5250000 / 10000000
Event 5259368 Number of Jets accepted = 2 Number of DiJets found = 1
Event 5260000 / 10000000
Event 5270000 / 10000000
Event 5275814 Number of Jets accepted = 2 Number of DiJets found = 1
Event 5279238 Number of Jets accepted = 2 Number of DiJets found = 1
Event 5280000 / 10000000
Event 5282513 Number of Jets accepted = 2 Number of DiJets found = 1
Event 5283876 Number of Jets accepted = 2 Number of DiJets found = 1
Event 5290000 / 10000000
Event 5300000 / 10000000
Event 5301872 Number of Jets accepted = 2 Number of DiJets found = 1
Event 5308114 Number of Jets accepted = 2 Number of DiJets found = 1
Event 5310000 / 10000000
Event 5320000 / 10000000
Event 5330000 / 10000000
Event 5340000 / 10000000
Event 5343896 Number of Jets accepted = 2 Number of DiJets found = 1
Event 5350000 / 10000000
Event 5360000 / 10000000
Event 5363735 Number of Jets accepted = 2 Number of DiJets found = 1
Event 5370000 / 10000000
Event 5372878 Number of Jets accepted = 2 Number of DiJets found = 1
Event 5374240 Number of Jets accepted = 2 Number of DiJets found = 1
Event 5379095 Number of Jets accepted = 2 Number of DiJets found = 1
Event 5380000 / 10000000
Event 5389807 Number of Jets accepted = 2 Number of DiJets found = 1
Event 5390000 / 10000000
Event 5400000 / 10000000
Event 5404333 Number of Jets accepted = 2 Number of DiJets found = 1
Event 5410000 / 10000000
Event 5420000 / 10000000
Event 5424694 Number of Jets accepted = 2 Number of DiJets found = 1
Event 5430000 / 10000000
Event 5433290 Number of Jets accepted = 2 Number of DiJets found = 1
Event 5440000 / 10000000
Event 5447495 Number of Jets accepted = 2 Number of DiJets found = 1
Event 5450000 / 10000000
Event 5454544 Number of Jets accepted = 2 Number of DiJets found = 1
Event 5460000 / 10000000
Event 5464753 Number of Jets accepted = 2 Number of DiJets found = 1
Event 5470000 / 10000000
Event 5479205 Number of Jets accepted = 2 Number of DiJets found = 1
Event 5480000 / 10000000
Event 5483264 Number of Jets accepted = 2 Number of DiJets found = 1
Event 5487068 Number of Jets accepted = 2 Number of DiJets found = 1
Event 5490000 / 10000000
Event 5496548 Number of Jets accepted = 2 Number of DiJets found = 1
Event 5500000 / 10000000
Event 5500310 Number of Jets accepted = 2 Number of DiJets found = 1
Event 5507447 Number of Jets accepted = 2 Number of DiJets found = 1
Event 5510000 / 10000000
Event 5520000 / 10000000
Event 5530000 / 10000000
Event 5531240 Number of Jets accepted = 2 Number of DiJets found = 1
Event 5540000 / 10000000
Event 5550000 / 10000000
Event 5553588 Number of Jets accepted = 2 Number of DiJets found = 1
Event 5554824 Number of Jets accepted = 2 Number of DiJets found = 1
Event 5560000 / 10000000
Event 5570000 / 10000000
Event 5575284 Number of Jets accepted = 2 Number of DiJets found = 1
Event 5580000 / 10000000
Event 5583097 Number of Jets accepted = 2 Number of DiJets found = 1
Event 5589159 Number of Jets accepted = 2 Number of DiJets found = 1
Event 5590000 / 10000000
Event 5596931 Number of Jets accepted = 2 Number of DiJets found = 1
Event 5600000 / 10000000
Event 5610000 / 10000000
Event 5620000 / 10000000
Event 5630000 / 10000000
Event 5634441 Number of Jets accepted = 2 Number of DiJets found = 1
Event 5634734 Number of Jets accepted = 2 Number of DiJets found = 1
Event 5638941 Number of Jets accepted = 2 Number of DiJets found = 1
Event 5640000 / 10000000
Event 5640667 Number of Jets accepted = 2 Number of DiJets found = 1
Event 5650000 / 10000000
Event 5658188 Number of Jets accepted = 2 Number of DiJets found = 1
Event 5660000 / 10000000
Event 5670000 / 10000000
Event 5670911 Number of Jets accepted = 2 Number of DiJets found = 1
Event 5680000 / 10000000
Event 5680202 Number of Jets accepted = 2 Number of DiJets found = 1
Event 5685462 Number of Jets accepted = 2 Number of DiJets found = 1
Event 5686051 Number of Jets accepted = 2 Number of DiJets found = 1
Event 5688085 Number of Jets accepted = 2 Number of DiJets found = 1
Event 5688140 Number of Jets accepted = 2 Number of DiJets found = 1
Event 5690000 / 10000000
Event 5691673 Number of Jets accepted = 2 Number of DiJets found = 1
Event 5700000 / 10000000
Event 5702696 Number of Jets accepted = 2 Number of DiJets found = 1
Event 5703603 Number of Jets accepted = 2 Number of DiJets found = 1
Event 5710000 / 10000000
Event 5711706 Number of Jets accepted = 2 Number of DiJets found = 1
Event 5714615 Number of Jets accepted = 2 Number of DiJets found = 1
Event 5720000 / 10000000
Event 5720408 Number of Jets accepted = 2 Number of DiJets found = 1
Event 5724660 Number of Jets accepted = 2 Number of DiJets found = 1
Event 5730000 / 10000000
Event 5733842 Number of Jets accepted = 2 Number of DiJets found = 1
Event 5737483 Number of Jets accepted = 2 Number of DiJets found = 1
Event 5739292 Number of Jets accepted = 2 Number of DiJets found = 1
Event 5740000 / 10000000
Event 5741494 Number of Jets accepted = 2 Number of DiJets found = 1
Event 5742140 Number of Jets accepted = 2 Number of DiJets found = 1
Event 5748074 Number of Jets accepted = 2 Number of DiJets found = 1
Event 5749212 Number of Jets accepted = 2 Number of DiJets found = 1
Event 5750000 / 10000000
Event 5760000 / 10000000
Event 5763054 Number of Jets accepted = 2 Number of DiJets found = 1
Event 5770000 / 10000000
Event 5773816 Number of Jets accepted = 2 Number of DiJets found = 1
Event 5780000 / 10000000
Event 5787121 Number of Jets accepted = 2 Number of DiJets found = 1
Event 5789133 Number of Jets accepted = 2 Number of DiJets found = 1
Event 5790000 / 10000000
Event 5800000 / 10000000
Event 5808170 Number of Jets accepted = 2 Number of DiJets found = 1
Event 5810000 / 10000000
Event 5812975 Number of Jets accepted = 2 Number of DiJets found = 1
Event 5815717 Number of Jets accepted = 2 Number of DiJets found = 1
Event 5820000 / 10000000
Event 5823200 Number of Jets accepted = 2 Number of DiJets found = 1
Event 5824810 Number of Jets accepted = 2 Number of DiJets found = 1
Event 5830000 / 10000000
Event 5834793 Number of Jets accepted = 2 Number of DiJets found = 1
Event 5838547 Number of Jets accepted = 2 Number of DiJets found = 1
Event 5840000 / 10000000
Event 5847502 Number of Jets accepted = 2 Number of DiJets found = 1
Event 5850000 / 10000000
Event 5860000 / 10000000
Event 5860202 Number of Jets accepted = 2 Number of DiJets found = 1
Event 5870000 / 10000000
Event 5874826 Number of Jets accepted = 2 Number of DiJets found = 1
Event 5880000 / 10000000
Event 5890000 / 10000000
Event 5891933 Number of Jets accepted = 2 Number of DiJets found = 1
Event 5896778 Number of Jets accepted = 2 Number of DiJets found = 1
Event 5900000 / 10000000
Event 5902665 Number of Jets accepted = 2 Number of DiJets found = 1
Event 5910000 / 10000000
Event 5920000 / 10000000
Event 5930000 / 10000000
Event 5930044 Number of Jets accepted = 2 Number of DiJets found = 1
Event 5940000 / 10000000
Event 5945577 Number of Jets accepted = 2 Number of DiJets found = 1
Event 5950000 / 10000000
Event 5955647 Number of Jets accepted = 2 Number of DiJets found = 1
Event 5960000 / 10000000
Event 5962789 Number of Jets accepted = 2 Number of DiJets found = 1
Event 5970000 / 10000000
Event 5975253 Number of Jets accepted = 2 Number of DiJets found = 1
Event 5980000 / 10000000
Event 5989237 Number of Jets accepted = 2 Number of DiJets found = 1
Event 5990000 / 10000000
Event 6000000 / 10000000
Event 6001438 Number of Jets accepted = 2 Number of DiJets found = 1
Event 6002460 Number of Jets accepted = 2 Number of DiJets found = 1
Event 6010000 / 10000000
Event 6014498 Number of Jets accepted = 2 Number of DiJets found = 1
Event 6020000 / 10000000
Event 6020148 Number of Jets accepted = 2 Number of DiJets found = 1
Event 6020608 Number of Jets accepted = 2 Number of DiJets found = 1
Event 6025250 Number of Jets accepted = 2 Number of DiJets found = 1
Event 6030000 / 10000000
Event 6040000 / 10000000
Event 6046825 Number of Jets accepted = 2 Number of DiJets found = 1
Event 6050000 / 10000000
Event 6060000 / 10000000
Event 6070000 / 10000000
Event 6072108 Number of Jets accepted = 2 Number of DiJets found = 1
Event 6080000 / 10000000
Event 6090000 / 10000000
Event 6092313 Number of Jets accepted = 2 Number of DiJets found = 1
Event 6097345 Number of Jets accepted = 2 Number of DiJets found = 1
Event 6100000 / 10000000
Event 6110000 / 10000000
Event 6120000 / 10000000
Event 6126840 Number of Jets accepted = 2 Number of DiJets found = 1
Event 6129823 Number of Jets accepted = 2 Number of DiJets found = 1
Event 6130000 / 10000000
Event 6140000 / 10000000
Event 6150000 / 10000000
Event 6160000 / 10000000
Event 6167055 Number of Jets accepted = 2 Number of DiJets found = 1
Event 6167454 Number of Jets accepted = 2 Number of DiJets found = 1
Event 6170000 / 10000000
Event 6180000 / 10000000
Event 6186529 Number of Jets accepted = 2 Number of DiJets found = 1
Event 6189695 Number of Jets accepted = 2 Number of DiJets found = 1
Event 6190000 / 10000000
Event 6200000 / 10000000
Event 6201260 Number of Jets accepted = 2 Number of DiJets found = 1
Event 6207808 Number of Jets accepted = 2 Number of DiJets found = 1
Event 6210000 / 10000000
Event 6220000 / 10000000
Event 6221252 Number of Jets accepted = 2 Number of DiJets found = 1
Event 6229632 Number of Jets accepted = 2 Number of DiJets found = 1
Event 6230000 / 10000000
Event 6230758 Number of Jets accepted = 2 Number of DiJets found = 1
Event 6240000 / 10000000
Event 6250000 / 10000000
Event 6260000 / 10000000
Event 6270000 / 10000000
Event 6272312 Number of Jets accepted = 2 Number of DiJets found = 1
Event 6278437 Number of Jets accepted = 4 Number of DiJets found = 2
Event 6278462 Number of Jets accepted = 2 Number of DiJets found = 1
Event 6280000 / 10000000
Event 6282474 Number of Jets accepted = 2 Number of DiJets found = 1
Event 6290000 / 10000000
Event 6296308 Number of Jets accepted = 2 Number of DiJets found = 1
Event 6298041 Number of Jets accepted = 2 Number of DiJets found = 1
Event 6300000 / 10000000
Event 6302669 Number of Jets accepted = 2 Number of DiJets found = 1
Event 6310000 / 10000000
Event 6315010 Number of Jets accepted = 2 Number of DiJets found = 1
Event 6320000 / 10000000
Event 6327418 Number of Jets accepted = 2 Number of DiJets found = 1
Event 6330000 / 10000000
Event 6340000 / 10000000
Event 6350000 / 10000000
Event 6360000 / 10000000
Event 6370000 / 10000000
Event 6380000 / 10000000
Event 6390000 / 10000000
Event 6400000 / 10000000
Event 6401757 Number of Jets accepted = 2 Number of DiJets found = 1
Event 6406517 Number of Jets accepted = 2 Number of DiJets found = 1
Event 6410000 / 10000000
Event 6413967 Number of Jets accepted = 2 Number of DiJets found = 1
Event 6414634 Number of Jets accepted = 2 Number of DiJets found = 1
Event 6420000 / 10000000
Event 6425116 Number of Jets accepted = 2 Number of DiJets found = 1
Event 6427865 Number of Jets accepted = 2 Number of DiJets found = 1
Event 6430000 / 10000000
Event 6440000 / 10000000
Event 6450000 / 10000000
Event 6450159 Number of Jets accepted = 2 Number of DiJets found = 1
Event 6460000 / 10000000
Event 6466028 Number of Jets accepted = 2 Number of DiJets found = 1
Event 6470000 / 10000000
Event 6472810 Number of Jets accepted = 2 Number of DiJets found = 1
Event 6480000 / 10000000
Event 6490000 / 10000000
Event 6497147 Number of Jets accepted = 2 Number of DiJets found = 1
Event 6500000 / 10000000
Event 6504440 Number of Jets accepted = 2 Number of DiJets found = 1
Event 6507081 Number of Jets accepted = 2 Number of DiJets found = 1
Event 6510000 / 10000000
Event 6512995 Number of Jets accepted = 2 Number of DiJets found = 1
Event 6520000 / 10000000
Event 6530000 / 10000000
Event 6540000 / 10000000
Event 6542342 Number of Jets accepted = 2 Number of DiJets found = 1
Event 6550000 / 10000000
Event 6554641 Number of Jets accepted = 2 Number of DiJets found = 1
Event 6560000 / 10000000
Event 6570000 / 10000000
Event 6575330 Number of Jets accepted = 2 Number of DiJets found = 1
Event 6580000 / 10000000
Event 6590000 / 10000000
Event 6600000 / 10000000
Event 6610000 / 10000000
Event 6614231 Number of Jets accepted = 2 Number of DiJets found = 1
Event 6618465 Number of Jets accepted = 2 Number of DiJets found = 1
Event 6620000 / 10000000
Event 6630000 / 10000000
Event 6637386 Number of Jets accepted = 2 Number of DiJets found = 1
Event 6639490 Number of Jets accepted = 2 Number of DiJets found = 1
Event 6640000 / 10000000
Event 6645645 Number of Jets accepted = 2 Number of DiJets found = 1
Event 6650000 / 10000000
Event 6653779 Number of Jets accepted = 2 Number of DiJets found = 1
Event 6657167 Number of Jets accepted = 2 Number of DiJets found = 1
Event 6658817 Number of Jets accepted = 2 Number of DiJets found = 1
Event 6660000 / 10000000
Event 6670000 / 10000000
Event 6680000 / 10000000
Event 6681555 Number of Jets accepted = 2 Number of DiJets found = 1
Event 6682342 Number of Jets accepted = 2 Number of DiJets found = 1
Event 6683916 Number of Jets accepted = 2 Number of DiJets found = 1
Event 6688224 Number of Jets accepted = 2 Number of DiJets found = 1
Event 6690000 / 10000000
Event 6700000 / 10000000
Event 6700349 Number of Jets accepted = 2 Number of DiJets found = 1
Event 6706147 Number of Jets accepted = 2 Number of DiJets found = 1
Event 6710000 / 10000000
Event 6720000 / 10000000
Event 6730000 / 10000000
Event 6740000 / 10000000
Event 6750000 / 10000000
Event 6760000 / 10000000
Event 6770000 / 10000000
Event 6780000 / 10000000
Event 6787071 Number of Jets accepted = 2 Number of DiJets found = 1
Event 6788897 Number of Jets accepted = 2 Number of DiJets found = 1
Event 6790000 / 10000000
Event 6800000 / 10000000
Event 6801980 Number of Jets accepted = 2 Number of DiJets found = 1
Event 6810000 / 10000000
Event 6819466 Number of Jets accepted = 2 Number of DiJets found = 1
Event 6820000 / 10000000
Event 6820293 Number of Jets accepted = 2 Number of DiJets found = 1
Event 6830000 / 10000000
Event 6840000 / 10000000
Event 6847583 Number of Jets accepted = 2 Number of DiJets found = 1
Event 6848799 Number of Jets accepted = 2 Number of DiJets found = 1
Event 6850000 / 10000000
Event 6858987 Number of Jets accepted = 2 Number of DiJets found = 1
Event 6859469 Number of Jets accepted = 2 Number of DiJets found = 1
Event 6860000 / 10000000
Event 6861519 Number of Jets accepted = 2 Number of DiJets found = 1
Event 6863404 Number of Jets accepted = 2 Number of DiJets found = 1
Event 6865766 Number of Jets accepted = 2 Number of DiJets found = 1
Event 6870000 / 10000000
Event 6879508 Number of Jets accepted = 2 Number of DiJets found = 1
Event 6880000 / 10000000
