Input path set as: /media/scratch/packard/db/.

Filename set as: pp10mEv_7TeV_ptHatMin0GeV_run4.

opening:   /media/scratch/packard/db/pp10mEv_7TeV_ptHatMin0GeV_run4.root


External input: /media/external1/packard/db/RChange/R6FINAL received for output path! Overriding default...

Output path set as /media/external1/packard/db/RChange/R6FINAL. Will write contents to this directory!

External input 0.6 received for R! Overriding default...

External input 0.4 received for OpeningAngle! Overriding default...

External input 5 received for jet_ptmin! Overriding default...

External input 8 received for LeadPtMin! Overriding default...

External input 5 received for SubLeadPtMin! Overriding default...

External input 200 received for max_track_rap! Overriding default...

External input 0 receieved for PtConsLo! Overriding default...

External input 1 received for PtConsHi! Overriding default...

R: 0.6

OpeningAngle: 0.4

jet_ptmin: 5

LeadPtMin: 8

SubLeadPtMin: 5

max_track_rap: 200

PtConsLo: 0

PtConsHi: 1

Number of events: 10000000.Event 0 / 10000000
#--------------------------------------------------------------------------
#                         FastJet release 3.2.1
#                 M. Cacciari, G.P. Salam and G. Soyez                  
#     A software package for jet finding and analysis at colliders      
#                           http://fastjet.fr                           
#	                                                                      
# Please cite EPJC72(2012)1896 [arXiv:1111.6097] if you use this package
# for scientific work and optionally PLB641(2006)57 [hep-ph/0512210].   
#                                                                       
# FastJet is provided without warranty under the terms of the GNU GPLv2.
# It uses T. Chan's closest pair algorithm, S. Fortune's Voronoi code
# and 3rd party plugin jet algorithms. See COPYING file for details.
#--------------------------------------------------------------------------
Event 2402 Number of Jets accepted = 2 Number of DiJets found = 1
Event 10000 / 10000000
Event 17833 Number of Jets accepted = 2 Number of DiJets found = 1
Event 20000 / 10000000
Event 20465 Number of Jets accepted = 2 Number of DiJets found = 1
Event 30000 / 10000000
Event 40000 / 10000000
Event 40297 Number of Jets accepted = 2 Number of DiJets found = 1
Event 50000 / 10000000
Event 54050 Number of Jets accepted = 2 Number of DiJets found = 1
Event 60000 / 10000000
Event 70000 / 10000000
Event 79474 Number of Jets accepted = 2 Number of DiJets found = 1
Event 80000 / 10000000
Event 81504 Number of Jets accepted = 2 Number of DiJets found = 1
Event 85170 Number of Jets accepted = 2 Number of DiJets found = 1
Event 90000 / 10000000
Event 100000 / 10000000
Event 110000 / 10000000
Event 120000 / 10000000
Event 120919 Number of Jets accepted = 2 Number of DiJets found = 1
Event 126761 Number of Jets accepted = 2 Number of DiJets found = 1
Event 127827 Number of Jets accepted = 2 Number of DiJets found = 1
Event 130000 / 10000000
Event 140000 / 10000000
Event 144074 Number of Jets accepted = 2 Number of DiJets found = 1
Event 150000 / 10000000
Event 160000 / 10000000
Event 170000 / 10000000
Event 171654 Number of Jets accepted = 2 Number of DiJets found = 1
Event 180000 / 10000000
Event 181306 Number of Jets accepted = 2 Number of DiJets found = 1
Event 182807 Number of Jets accepted = 2 Number of DiJets found = 1
Event 190000 / 10000000
Event 200000 / 10000000
Event 206590 Number of Jets accepted = 2 Number of DiJets found = 1
Event 208718 Number of Jets accepted = 2 Number of DiJets found = 1
Event 210000 / 10000000
Event 220000 / 10000000
Event 221058 Number of Jets accepted = 2 Number of DiJets found = 1
Event 230000 / 10000000
Event 230027 Number of Jets accepted = 2 Number of DiJets found = 1
Event 232187 Number of Jets accepted = 2 Number of DiJets found = 1
Event 240000 / 10000000
Event 244401 Number of Jets accepted = 2 Number of DiJets found = 1
Event 250000 / 10000000
Event 251096 Number of Jets accepted = 2 Number of DiJets found = 1
Event 260000 / 10000000
Event 270000 / 10000000
Event 280000 / 10000000
Event 284207 Number of Jets accepted = 2 Number of DiJets found = 1
Event 290000 / 10000000
Event 295871 Number of Jets accepted = 2 Number of DiJets found = 1
Event 299814 Number of Jets accepted = 2 Number of DiJets found = 1
Event 300000 / 10000000
Event 301217 Number of Jets accepted = 2 Number of DiJets found = 1
Event 310000 / 10000000
Event 310369 Number of Jets accepted = 2 Number of DiJets found = 1
Event 312478 Number of Jets accepted = 2 Number of DiJets found = 1
Event 315183 Number of Jets accepted = 2 Number of DiJets found = 1
Event 320000 / 10000000
Event 325882 Number of Jets accepted = 2 Number of DiJets found = 1
Event 330000 / 10000000
Event 333067 Number of Jets accepted = 2 Number of DiJets found = 1
Event 340000 / 10000000
Event 350000 / 10000000
Event 357964 Number of Jets accepted = 2 Number of DiJets found = 1
Event 360000 / 10000000
Event 367413 Number of Jets accepted = 2 Number of DiJets found = 1
Event 370000 / 10000000
Event 377576 Number of Jets accepted = 2 Number of DiJets found = 1
Event 379474 Number of Jets accepted = 2 Number of DiJets found = 1
Event 380000 / 10000000
Event 382154 Number of Jets accepted = 2 Number of DiJets found = 1
Event 390000 / 10000000
Event 400000 / 10000000
Event 404796 Number of Jets accepted = 2 Number of DiJets found = 1
Event 405188 Number of Jets accepted = 2 Number of DiJets found = 1
Event 410000 / 10000000
Event 420000 / 10000000
Event 430000 / 10000000
Event 430734 Number of Jets accepted = 2 Number of DiJets found = 1
Event 440000 / 10000000
Event 441072 Number of Jets accepted = 2 Number of DiJets found = 1
Event 441228 Number of Jets accepted = 2 Number of DiJets found = 1
Event 450000 / 10000000
Event 454920 Number of Jets accepted = 2 Number of DiJets found = 1
Event 459777 Number of Jets accepted = 2 Number of DiJets found = 1
Event 460000 / 10000000
Event 470000 / 10000000
Event 480000 / 10000000
Event 490000 / 10000000
Event 493002 Number of Jets accepted = 2 Number of DiJets found = 1
Event 494393 Number of Jets accepted = 2 Number of DiJets found = 1
Event 500000 / 10000000
Event 510000 / 10000000
Event 518388 Number of Jets accepted = 2 Number of DiJets found = 1
Event 520000 / 10000000
Event 530000 / 10000000
Event 536677 Number of Jets accepted = 2 Number of DiJets found = 1
Event 540000 / 10000000
Event 545352 Number of Jets accepted = 2 Number of DiJets found = 1
Event 550000 / 10000000
Event 560000 / 10000000
Event 566340 Number of Jets accepted = 2 Number of DiJets found = 1
Event 567290 Number of Jets accepted = 2 Number of DiJets found = 1
Event 570000 / 10000000
Event 580000 / 10000000
Event 580340 Number of Jets accepted = 2 Number of DiJets found = 1
Event 590000 / 10000000
Event 593228 Number of Jets accepted = 2 Number of DiJets found = 1
Event 594424 Number of Jets accepted = 2 Number of DiJets found = 1
Event 600000 / 10000000
Event 605004 Number of Jets accepted = 2 Number of DiJets found = 1
Event 610000 / 10000000
Event 620000 / 10000000
Event 630000 / 10000000
Event 638161 Number of Jets accepted = 2 Number of DiJets found = 1
Event 640000 / 10000000
Event 650000 / 10000000
Event 660000 / 10000000
Event 669495 Number of Jets accepted = 2 Number of DiJets found = 1
Event 670000 / 10000000
Event 672032 Number of Jets accepted = 2 Number of DiJets found = 1
Event 680000 / 10000000
Event 683807 Number of Jets accepted = 2 Number of DiJets found = 1
Event 690000 / 10000000
Event 695554 Number of Jets accepted = 2 Number of DiJets found = 1
Event 698151 Number of Jets accepted = 2 Number of DiJets found = 1
Event 700000 / 10000000
Event 710000 / 10000000
Event 710807 Number of Jets accepted = 2 Number of DiJets found = 1
Event 720000 / 10000000
Event 724450 Number of Jets accepted = 2 Number of DiJets found = 1
Event 727343 Number of Jets accepted = 2 Number of DiJets found = 1
Event 730000 / 10000000
Event 735388 Number of Jets accepted = 2 Number of DiJets found = 1
Event 738196 Number of Jets accepted = 2 Number of DiJets found = 1
Event 740000 / 10000000
Event 742713 Number of Jets accepted = 2 Number of DiJets found = 1
Event 750000 / 10000000
Event 751163 Number of Jets accepted = 2 Number of DiJets found = 1
Event 760000 / 10000000
Event 762763 Number of Jets accepted = 2 Number of DiJets found = 1
Event 766134 Number of Jets accepted = 2 Number of DiJets found = 1
Event 770000 / 10000000
Event 771665 Number of Jets accepted = 2 Number of DiJets found = 1
Event 771750 Number of Jets accepted = 2 Number of DiJets found = 1
Event 780000 / 10000000
Event 783962 Number of Jets accepted = 2 Number of DiJets found = 1
Event 786545 Number of Jets accepted = 2 Number of DiJets found = 1
Event 790000 / 10000000
Event 799491 Number of Jets accepted = 2 Number of DiJets found = 1
Event 800000 / 10000000
Event 810000 / 10000000
Event 820000 / 10000000
Event 825688 Number of Jets accepted = 2 Number of DiJets found = 1
Event 826339 Number of Jets accepted = 2 Number of DiJets found = 1
Event 830000 / 10000000
Event 831037 Number of Jets accepted = 2 Number of DiJets found = 1
Event 840000 / 10000000
Event 850000 / 10000000
Event 851364 Number of Jets accepted = 2 Number of DiJets found = 1
Event 856184 Number of Jets accepted = 2 Number of DiJets found = 1
Event 860000 / 10000000
Event 868076 Number of Jets accepted = 2 Number of DiJets found = 1
Event 870000 / 10000000
Event 880000 / 10000000
Event 882744 Number of Jets accepted = 2 Number of DiJets found = 1
Event 890000 / 10000000
Event 893728 Number of Jets accepted = 2 Number of DiJets found = 1
Event 900000 / 10000000
Event 903678 Number of Jets accepted = 2 Number of DiJets found = 1
Event 910000 / 10000000
Event 914943 Number of Jets accepted = 2 Number of DiJets found = 1
Event 920000 / 10000000
Event 922640 Number of Jets accepted = 2 Number of DiJets found = 1
Event 928164 Number of Jets accepted = 2 Number of DiJets found = 1
Event 930000 / 10000000
Event 930118 Number of Jets accepted = 2 Number of DiJets found = 1
Event 940000 / 10000000
Event 950000 / 10000000
Event 960000 / 10000000
Event 970000 / 10000000
Event 979481 Number of Jets accepted = 2 Number of DiJets found = 1
Event 980000 / 10000000
Event 987188 Number of Jets accepted = 2 Number of DiJets found = 1
Event 990000 / 10000000
Event 994414 Number of Jets accepted = 2 Number of DiJets found = 1
Event 1000000 / 10000000
Event 1004652 Number of Jets accepted = 2 Number of DiJets found = 1
Event 1004694 Number of Jets accepted = 2 Number of DiJets found = 1
Event 1010000 / 10000000
Event 1011932 Number of Jets accepted = 2 Number of DiJets found = 1
Event 1014244 Number of Jets accepted = 2 Number of DiJets found = 1
Event 1018000 Number of Jets accepted = 2 Number of DiJets found = 1
Event 1020000 / 10000000
Event 1026903 Number of Jets accepted = 2 Number of DiJets found = 1
Event 1030000 / 10000000
Event 1040000 / 10000000
Event 1050000 / 10000000
Event 1060000 / 10000000
Event 1070000 / 10000000
Event 1077595 Number of Jets accepted = 2 Number of DiJets found = 1
Event 1080000 / 10000000
Event 1080041 Number of Jets accepted = 2 Number of DiJets found = 1
Event 1087167 Number of Jets accepted = 2 Number of DiJets found = 1
Event 1090000 / 10000000
Event 1090530 Number of Jets accepted = 2 Number of DiJets found = 1
Event 1092387 Number of Jets accepted = 2 Number of DiJets found = 1
Event 1100000 / 10000000
Event 1101174 Number of Jets accepted = 2 Number of DiJets found = 1
Event 1102023 Number of Jets accepted = 2 Number of DiJets found = 1
Event 1110000 / 10000000
Event 1113824 Number of Jets accepted = 2 Number of DiJets found = 1
Event 1114141 Number of Jets accepted = 2 Number of DiJets found = 1
Event 1120000 / 10000000
Event 1121026 Number of Jets accepted = 2 Number of DiJets found = 1
Event 1130000 / 10000000
Event 1136488 Number of Jets accepted = 2 Number of DiJets found = 1
Event 1140000 / 10000000
Event 1146152 Number of Jets accepted = 2 Number of DiJets found = 1
Event 1149129 Number of Jets accepted = 2 Number of DiJets found = 1
Event 1150000 / 10000000
Event 1160000 / 10000000
Event 1170000 / 10000000
Event 1174126 Number of Jets accepted = 2 Number of DiJets found = 1
Event 1179128 Number of Jets accepted = 2 Number of DiJets found = 1
Event 1180000 / 10000000
Event 1190000 / 10000000
Event 1200000 / 10000000
Event 1202277 Number of Jets accepted = 2 Number of DiJets found = 1
Event 1202586 Number of Jets accepted = 2 Number of DiJets found = 1
Event 1203266 Number of Jets accepted = 2 Number of DiJets found = 1
Event 1204988 Number of Jets accepted = 2 Number of DiJets found = 1
Event 1210000 / 10000000
Event 1218574 Number of Jets accepted = 2 Number of DiJets found = 1
Event 1218746 Number of Jets accepted = 2 Number of DiJets found = 1
Event 1220000 / 10000000
Event 1220432 Number of Jets accepted = 2 Number of DiJets found = 1
Event 1230000 / 10000000
Event 1240000 / 10000000
Event 1242124 Number of Jets accepted = 2 Number of DiJets found = 1
Event 1243745 Number of Jets accepted = 2 Number of DiJets found = 1
Event 1244961 Number of Jets accepted = 2 Number of DiJets found = 1
Event 1250000 / 10000000
Event 1260000 / 10000000
Event 1270000 / 10000000
Event 1272792 Number of Jets accepted = 2 Number of DiJets found = 1
Event 1280000 / 10000000
Event 1290000 / 10000000
Event 1293663 Number of Jets accepted = 2 Number of DiJets found = 1
Event 1300000 / 10000000
Event 1310000 / 10000000
Event 1318515 Number of Jets accepted = 2 Number of DiJets found = 1
Event 1320000 / 10000000
Event 1322016 Number of Jets accepted = 2 Number of DiJets found = 1
Event 1330000 / 10000000
Event 1340000 / 10000000
Event 1340447 Number of Jets accepted = 2 Number of DiJets found = 1
Event 1350000 / 10000000
Event 1358222 Number of Jets accepted = 2 Number of DiJets found = 1
Event 1360000 / 10000000
Event 1370000 / 10000000
Event 1374210 Number of Jets accepted = 2 Number of DiJets found = 1
Event 1374389 Number of Jets accepted = 2 Number of DiJets found = 1
Event 1380000 / 10000000
Event 1390000 / 10000000
Event 1392078 Number of Jets accepted = 2 Number of DiJets found = 1
Event 1393571 Number of Jets accepted = 2 Number of DiJets found = 1
Event 1400000 / 10000000
Event 1410000 / 10000000
Event 1416986 Number of Jets accepted = 2 Number of DiJets found = 1
Event 1420000 / 10000000
Event 1423985 Number of Jets accepted = 2 Number of DiJets found = 1
Event 1430000 / 10000000
Event 1434283 Number of Jets accepted = 2 Number of DiJets found = 1
Event 1438069 Number of Jets accepted = 2 Number of DiJets found = 1
Event 1440000 / 10000000
Event 1447701 Number of Jets accepted = 2 Number of DiJets found = 1
Event 1450000 / 10000000
Event 1450062 Number of Jets accepted = 2 Number of DiJets found = 1
Event 1453120 Number of Jets accepted = 2 Number of DiJets found = 1
Event 1459416 Number of Jets accepted = 2 Number of DiJets found = 1
Event 1460000 / 10000000
Event 1460640 Number of Jets accepted = 2 Number of DiJets found = 1
Event 1461316 Number of Jets accepted = 2 Number of DiJets found = 1
Event 1464556 Number of Jets accepted = 2 Number of DiJets found = 1
Event 1469989 Number of Jets accepted = 2 Number of DiJets found = 1
Event 1470000 / 10000000
Event 1473359 Number of Jets accepted = 2 Number of DiJets found = 1
Event 1480000 / 10000000
Event 1486515 Number of Jets accepted = 2 Number of DiJets found = 1
Event 1490000 / 10000000
Event 1493960 Number of Jets accepted = 2 Number of DiJets found = 1
Event 1497613 Number of Jets accepted = 2 Number of DiJets found = 1
Event 1497919 Number of Jets accepted = 2 Number of DiJets found = 1
Event 1500000 / 10000000
Event 1510000 / 10000000
Event 1520000 / 10000000
Event 1520354 Number of Jets accepted = 2 Number of DiJets found = 1
Event 1530000 / 10000000
Event 1540000 / 10000000
Event 1550000 / 10000000
Event 1556655 Number of Jets accepted = 2 Number of DiJets found = 1
Event 1558670 Number of Jets accepted = 2 Number of DiJets found = 1
Event 1560000 / 10000000
Event 1563532 Number of Jets accepted = 2 Number of DiJets found = 1
Event 1570000 / 10000000
Event 1574656 Number of Jets accepted = 2 Number of DiJets found = 1
Event 1580000 / 10000000
Event 1586224 Number of Jets accepted = 2 Number of DiJets found = 1
Event 1588235 Number of Jets accepted = 2 Number of DiJets found = 1
Event 1590000 / 10000000
Event 1590810 Number of Jets accepted = 2 Number of DiJets found = 1
Event 1591661 Number of Jets accepted = 2 Number of DiJets found = 1
Event 1595056 Number of Jets accepted = 2 Number of DiJets found = 1
Event 1600000 / 10000000
Event 1601970 Number of Jets accepted = 2 Number of DiJets found = 1
Event 1610000 / 10000000
Event 1614230 Number of Jets accepted = 2 Number of DiJets found = 1
Event 1620000 / 10000000
Event 1630000 / 10000000
Event 1640000 / 10000000
Event 1650000 / 10000000
Event 1660000 / 10000000
Event 1665654 Number of Jets accepted = 2 Number of DiJets found = 1
Event 1669189 Number of Jets accepted = 2 Number of DiJets found = 1
Event 1670000 / 10000000
Event 1680000 / 10000000
Event 1690000 / 10000000
Event 1691367 Number of Jets accepted = 2 Number of DiJets found = 1
Event 1692540 Number of Jets accepted = 2 Number of DiJets found = 1
Event 1697809 Number of Jets accepted = 2 Number of DiJets found = 1
Event 1700000 / 10000000
Event 1705347 Number of Jets accepted = 2 Number of DiJets found = 1
Event 1710000 / 10000000
Event 1711670 Number of Jets accepted = 2 Number of DiJets found = 1
Event 1720000 / 10000000
Event 1722238 Number of Jets accepted = 2 Number of DiJets found = 1
Event 1730000 / 10000000
Event 1730477 Number of Jets accepted = 2 Number of DiJets found = 1
Event 1737952 Number of Jets accepted = 2 Number of DiJets found = 1
Event 1740000 / 10000000
Event 1749679 Number of Jets accepted = 2 Number of DiJets found = 1
Event 1750000 / 10000000
Event 1750096 Number of Jets accepted = 2 Number of DiJets found = 1
Event 1760000 / 10000000
Event 1761987 Number of Jets accepted = 2 Number of DiJets found = 1
Event 1764216 Number of Jets accepted = 2 Number of DiJets found = 1
Event 1764623 Number of Jets accepted = 2 Number of DiJets found = 1
Event 1770000 / 10000000
Event 1778000 Number of Jets accepted = 2 Number of DiJets found = 1
Event 1780000 / 10000000
Event 1783409 Number of Jets accepted = 2 Number of DiJets found = 1
Event 1785057 Number of Jets accepted = 2 Number of DiJets found = 1
Event 1790000 / 10000000
Event 1800000 / 10000000
Event 1807445 Number of Jets accepted = 2 Number of DiJets found = 1
Event 1810000 / 10000000
Event 1817372 Number of Jets accepted = 2 Number of DiJets found = 1
Event 1820000 / 10000000
Event 1830000 / 10000000
Event 1831743 Number of Jets accepted = 2 Number of DiJets found = 1
Event 1833566 Number of Jets accepted = 2 Number of DiJets found = 1
Event 1840000 / 10000000
Event 1846472 Number of Jets accepted = 2 Number of DiJets found = 1
Event 1850000 / 10000000
Event 1860000 / 10000000
Event 1869066 Number of Jets accepted = 2 Number of DiJets found = 1
Event 1870000 / 10000000
Event 1880000 / 10000000
Event 1886403 Number of Jets accepted = 2 Number of DiJets found = 1
Event 1890000 / 10000000
Event 1900000 / 10000000
Event 1905512 Number of Jets accepted = 2 Number of DiJets found = 1
Event 1906779 Number of Jets accepted = 2 Number of DiJets found = 1
Event 1910000 / 10000000
Event 1920000 / 10000000
Event 1927039 Number of Jets accepted = 2 Number of DiJets found = 1
Event 1930000 / 10000000
Event 1940000 / 10000000
Event 1940131 Number of Jets accepted = 2 Number of DiJets found = 1
Event 1942301 Number of Jets accepted = 2 Number of DiJets found = 1
Event 1949518 Number of Jets accepted = 2 Number of DiJets found = 1
Event 1950000 / 10000000
Event 1950967 Number of Jets accepted = 2 Number of DiJets found = 1
Event 1960000 / 10000000
Event 1970000 / 10000000
Event 1980000 / 10000000
Event 1984361 Number of Jets accepted = 2 Number of DiJets found = 1
Event 1985339 Number of Jets accepted = 2 Number of DiJets found = 1
Event 1990000 / 10000000
Event 1996686 Number of Jets accepted = 2 Number of DiJets found = 1
Event 2000000 / 10000000
Event 2010000 / 10000000
Event 2013204 Number of Jets accepted = 2 Number of DiJets found = 1
Event 2017110 Number of Jets accepted = 2 Number of DiJets found = 1
Event 2017332 Number of Jets accepted = 2 Number of DiJets found = 1
Event 2020000 / 10000000
Event 2023113 Number of Jets accepted = 2 Number of DiJets found = 1
Event 2030000 / 10000000
Event 2034655 Number of Jets accepted = 2 Number of DiJets found = 1
Event 2040000 / 10000000
Event 2043291 Number of Jets accepted = 2 Number of DiJets found = 1
Event 2050000 / 10000000
Event 2054694 Number of Jets accepted = 2 Number of DiJets found = 1
Event 2060000 / 10000000
Event 2060670 Number of Jets accepted = 2 Number of DiJets found = 1
Event 2064539 Number of Jets accepted = 2 Number of DiJets found = 1
Event 2070000 / 10000000
Event 2080000 / 10000000
Event 2082785 Number of Jets accepted = 2 Number of DiJets found = 1
Event 2090000 / 10000000
Event 2090110 Number of Jets accepted = 2 Number of DiJets found = 1
Event 2100000 / 10000000
Event 2101180 Number of Jets accepted = 2 Number of DiJets found = 1
Event 2110000 / 10000000
Event 2120000 / 10000000
Event 2130000 / 10000000
Event 2134389 Number of Jets accepted = 2 Number of DiJets found = 1
Event 2136926 Number of Jets accepted = 2 Number of DiJets found = 1
Event 2140000 / 10000000
Event 2148332 Number of Jets accepted = 2 Number of DiJets found = 1
Event 2150000 / 10000000
Event 2160000 / 10000000
Event 2170000 / 10000000
Event 2170138 Number of Jets accepted = 2 Number of DiJets found = 1
Event 2173105 Number of Jets accepted = 2 Number of DiJets found = 1
Event 2173670 Number of Jets accepted = 2 Number of DiJets found = 1
Event 2176505 Number of Jets accepted = 2 Number of DiJets found = 1
Event 2179702 Number of Jets accepted = 2 Number of DiJets found = 1
Event 2180000 / 10000000
Event 2190000 / 10000000
Event 2191147 Number of Jets accepted = 2 Number of DiJets found = 1
Event 2200000 / 10000000
Event 2210000 / 10000000
Event 2212652 Number of Jets accepted = 2 Number of DiJets found = 1
Event 2212819 Number of Jets accepted = 2 Number of DiJets found = 1
Event 2220000 / 10000000
Event 2230000 / 10000000
Event 2240000 / 10000000
Event 2250000 / 10000000
Event 2257963 Number of Jets accepted = 2 Number of DiJets found = 1
Event 2260000 / 10000000
Event 2270000 / 10000000
Event 2270061 Number of Jets accepted = 2 Number of DiJets found = 1
Event 2273765 Number of Jets accepted = 2 Number of DiJets found = 1
Event 2280000 / 10000000
Event 2287194 Number of Jets accepted = 2 Number of DiJets found = 1
Event 2289816 Number of Jets accepted = 2 Number of DiJets found = 1
Event 2290000 / 10000000
Event 2292240 Number of Jets accepted = 2 Number of DiJets found = 1
Event 2300000 / 10000000
Event 2308699 Number of Jets accepted = 2 Number of DiJets found = 1
Event 2310000 / 10000000
Event 2314562 Number of Jets accepted = 2 Number of DiJets found = 1
Event 2317217 Number of Jets accepted = 2 Number of DiJets found = 1
Event 2320000 / 10000000
Event 2324259 Number of Jets accepted = 2 Number of DiJets found = 1
Event 2326784 Number of Jets accepted = 2 Number of DiJets found = 1
Event 2330000 / 10000000
Event 2338528 Number of Jets accepted = 2 Number of DiJets found = 1
Event 2340000 / 10000000
Event 2342337 Number of Jets accepted = 2 Number of DiJets found = 1
Event 2343212 Number of Jets accepted = 2 Number of DiJets found = 1
Event 2347261 Number of Jets accepted = 2 Number of DiJets found = 1
Event 2350000 / 10000000
Event 2352902 Number of Jets accepted = 2 Number of DiJets found = 1
Event 2360000 / 10000000
Event 2366055 Number of Jets accepted = 2 Number of DiJets found = 1
Event 2370000 / 10000000
Event 2379823 Number of Jets accepted = 2 Number of DiJets found = 1
Event 2380000 / 10000000
Event 2380317 Number of Jets accepted = 2 Number of DiJets found = 1
Event 2388621 Number of Jets accepted = 2 Number of DiJets found = 1
Event 2389577 Number of Jets accepted = 2 Number of DiJets found = 1
Event 2390000 / 10000000
Event 2390324 Number of Jets accepted = 2 Number of DiJets found = 1
Event 2391180 Number of Jets accepted = 2 Number of DiJets found = 1
Event 2399664 Number of Jets accepted = 2 Number of DiJets found = 1
Event 2400000 / 10000000
Event 2410000 / 10000000
Event 2420000 / 10000000
Event 2420384 Number of Jets accepted = 2 Number of DiJets found = 1
Event 2421545 Number of Jets accepted = 2 Number of DiJets found = 1
Event 2430000 / 10000000
Event 2440000 / 10000000
Event 2450000 / 10000000
Event 2456262 Number of Jets accepted = 2 Number of DiJets found = 1
Event 2460000 / 10000000
Event 2465719 Number of Jets accepted = 2 Number of DiJets found = 1
Event 2470000 / 10000000
Event 2478123 Number of Jets accepted = 2 Number of DiJets found = 1
Event 2480000 / 10000000
Event 2490000 / 10000000
Event 2499364 Number of Jets accepted = 2 Number of DiJets found = 1
Event 2500000 / 10000000
Event 2506568 Number of Jets accepted = 2 Number of DiJets found = 1
Event 2510000 / 10000000
Event 2518101 Number of Jets accepted = 2 Number of DiJets found = 1
Event 2520000 / 10000000
Event 2525424 Number of Jets accepted = 2 Number of DiJets found = 1
Event 2525672 Number of Jets accepted = 2 Number of DiJets found = 1
Event 2530000 / 10000000
Event 2540000 / 10000000
Event 2547007 Number of Jets accepted = 2 Number of DiJets found = 1
Event 2550000 / 10000000
Event 2560000 / 10000000
Event 2570000 / 10000000
Event 2570117 Number of Jets accepted = 2 Number of DiJets found = 1
Event 2580000 / 10000000
Event 2590000 / 10000000
Event 2596025 Number of Jets accepted = 2 Number of DiJets found = 1
Event 2597862 Number of Jets accepted = 2 Number of DiJets found = 1
Event 2599906 Number of Jets accepted = 2 Number of DiJets found = 1
Event 2600000 / 10000000
Event 2603553 Number of Jets accepted = 2 Number of DiJets found = 1
Event 2603648 Number of Jets accepted = 2 Number of DiJets found = 1
Event 2610000 / 10000000
Event 2620000 / 10000000
Event 2623131 Number of Jets accepted = 2 Number of DiJets found = 1
Event 2630000 / 10000000
Event 2640000 / 10000000
Event 2650000 / 10000000
Event 2660000 / 10000000
Event 2660333 Number of Jets accepted = 2 Number of DiJets found = 1
Event 2666856 Number of Jets accepted = 2 Number of DiJets found = 1
Event 2670000 / 10000000
Event 2671021 Number of Jets accepted = 2 Number of DiJets found = 1
Event 2675994 Number of Jets accepted = 2 Number of DiJets found = 1
Event 2680000 / 10000000
Event 2684818 Number of Jets accepted = 2 Number of DiJets found = 1
Event 2690000 / 10000000
Event 2691200 Number of Jets accepted = 2 Number of DiJets found = 1
Event 2691791 Number of Jets accepted = 2 Number of DiJets found = 1
Event 2700000 / 10000000
Event 2707588 Number of Jets accepted = 2 Number of DiJets found = 1
Event 2710000 / 10000000
Event 2717917 Number of Jets accepted = 2 Number of DiJets found = 1
Event 2720000 / 10000000
Event 2720937 Number of Jets accepted = 2 Number of DiJets found = 1
Event 2722021 Number of Jets accepted = 2 Number of DiJets found = 1
Event 2723840 Number of Jets accepted = 2 Number of DiJets found = 1
Event 2730000 / 10000000
Event 2740000 / 10000000
Event 2746358 Number of Jets accepted = 2 Number of DiJets found = 1
Event 2750000 / 10000000
Event 2750370 Number of Jets accepted = 2 Number of DiJets found = 1
Event 2752150 Number of Jets accepted = 2 Number of DiJets found = 1
Event 2760000 / 10000000
Event 2764013 Number of Jets accepted = 2 Number of DiJets found = 1
Event 2770000 / 10000000
Event 2780000 / 10000000
Event 2790000 / 10000000
Event 2791083 Number of Jets accepted = 2 Number of DiJets found = 1
Event 2800000 / 10000000
Event 2808968 Number of Jets accepted = 2 Number of DiJets found = 1
Event 2810000 / 10000000
Event 2810452 Number of Jets accepted = 2 Number of DiJets found = 1
Event 2819237 Number of Jets accepted = 2 Number of DiJets found = 1
Event 2820000 / 10000000
Event 2827206 Number of Jets accepted = 2 Number of DiJets found = 1
Event 2830000 / 10000000
Event 2840000 / 10000000
Event 2841106 Number of Jets accepted = 2 Number of DiJets found = 1
Event 2845765 Number of Jets accepted = 2 Number of DiJets found = 1
Event 2850000 / 10000000
Event 2852271 Number of Jets accepted = 2 Number of DiJets found = 1
Event 2853006 Number of Jets accepted = 2 Number of DiJets found = 1
Event 2858076 Number of Jets accepted = 2 Number of DiJets found = 1
Event 2860000 / 10000000
Event 2860793 Number of Jets accepted = 2 Number of DiJets found = 1
Event 2870000 / 10000000
Event 2874897 Number of Jets accepted = 2 Number of DiJets found = 1
Event 2880000 / 10000000
Event 2890000 / 10000000
Event 2897015 Number of Jets accepted = 2 Number of DiJets found = 1
Event 2900000 / 10000000
Event 2910000 / 10000000
Event 2918543 Number of Jets accepted = 2 Number of DiJets found = 1
Event 2920000 / 10000000
Event 2930000 / 10000000
Event 2940000 / 10000000
Event 2947613 Number of Jets accepted = 2 Number of DiJets found = 1
Event 2950000 / 10000000
Event 2955052 Number of Jets accepted = 2 Number of DiJets found = 1
Event 2956975 Number of Jets accepted = 2 Number of DiJets found = 1
Event 2960000 / 10000000
Event 2970000 / 10000000
Event 2977166 Number of Jets accepted = 2 Number of DiJets found = 1
Event 2980000 / 10000000
Event 2990000 / 10000000
Event 2990918 Number of Jets accepted = 2 Number of DiJets found = 1
Event 3000000 / 10000000
Event 3002681 Number of Jets accepted = 2 Number of DiJets found = 1
Event 3007671 Number of Jets accepted = 4 Number of DiJets found = 2
Event 3007760 Number of Jets accepted = 2 Number of DiJets found = 1
Event 3010000 / 10000000
Event 3014449 Number of Jets accepted = 2 Number of DiJets found = 1
Event 3019837 Number of Jets accepted = 2 Number of DiJets found = 1
Event 3020000 / 10000000
Event 3030000 / 10000000
Event 3035813 Number of Jets accepted = 2 Number of DiJets found = 1
Event 3038312 Number of Jets accepted = 2 Number of DiJets found = 1
Event 3040000 / 10000000
Event 3049269 Number of Jets accepted = 2 Number of DiJets found = 1
Event 3049526 Number of Jets accepted = 2 Number of DiJets found = 1
Event 3050000 / 10000000
Event 3052339 Number of Jets accepted = 2 Number of DiJets found = 1
Event 3060000 / 10000000
Event 3066495 Number of Jets accepted = 2 Number of DiJets found = 1
Event 3068295 Number of Jets accepted = 2 Number of DiJets found = 1
Event 3070000 / 10000000
Event 3070259 Number of Jets accepted = 2 Number of DiJets found = 1
Event 3072681 Number of Jets accepted = 2 Number of DiJets found = 1
Event 3075903 Number of Jets accepted = 2 Number of DiJets found = 1
Event 3080000 / 10000000
Event 3085217 Number of Jets accepted = 2 Number of DiJets found = 1
Event 3090000 / 10000000
Event 3094129 Number of Jets accepted = 2 Number of DiJets found = 1
Event 3100000 / 10000000
Event 3107661 Number of Jets accepted = 2 Number of DiJets found = 1
Event 3109573 Number of Jets accepted = 2 Number of DiJets found = 1
Event 3110000 / 10000000
Event 3114010 Number of Jets accepted = 2 Number of DiJets found = 1
Event 3120000 / 10000000
Event 3130000 / 10000000
Event 3136308 Number of Jets accepted = 2 Number of DiJets found = 1
Event 3139520 Number of Jets accepted = 2 Number of DiJets found = 1
Event 3140000 / 10000000
Event 3150000 / 10000000
Event 3153429 Number of Jets accepted = 2 Number of DiJets found = 1
Event 3155123 Number of Jets accepted = 2 Number of DiJets found = 1
Event 3160000 / 10000000
Event 3170000 / 10000000
Event 3177433 Number of Jets accepted = 2 Number of DiJets found = 1
Event 3180000 / 10000000
Event 3186693 Number of Jets accepted = 2 Number of DiJets found = 1
Event 3190000 / 10000000
Event 3199770 Number of Jets accepted = 2 Number of DiJets found = 1
Event 3200000 / 10000000
Event 3208069 Number of Jets accepted = 2 Number of DiJets found = 1
Event 3209603 Number of Jets accepted = 2 Number of DiJets found = 1
Event 3210000 / 10000000
Event 3220000 / 10000000
Event 3230000 / 10000000
Event 3233777 Number of Jets accepted = 2 Number of DiJets found = 1
Event 3240000 / 10000000
Event 3248301 Number of Jets accepted = 2 Number of DiJets found = 1
Event 3250000 / 10000000
Event 3260000 / 10000000
Event 3270000 / 10000000
Event 3279378 Number of Jets accepted = 2 Number of DiJets found = 1
Event 3280000 / 10000000
Event 3290000 / 10000000
Event 3291048 Number of Jets accepted = 2 Number of DiJets found = 1
Event 3300000 / 10000000
Event 3310000 / 10000000
Event 3312764 Number of Jets accepted = 2 Number of DiJets found = 1
Event 3320000 / 10000000
Event 3320799 Number of Jets accepted = 2 Number of DiJets found = 1
Event 3325039 Number of Jets accepted = 2 Number of DiJets found = 1
Event 3330000 / 10000000
Event 3338815 Number of Jets accepted = 2 Number of DiJets found = 1
Event 3340000 / 10000000
Event 3350000 / 10000000
Event 3350513 Number of Jets accepted = 2 Number of DiJets found = 1
Event 3360000 / 10000000
Event 3364966 Number of Jets accepted = 2 Number of DiJets found = 1
Event 3365749 Number of Jets accepted = 2 Number of DiJets found = 1
Event 3369467 Number of Jets accepted = 2 Number of DiJets found = 1
Event 3370000 / 10000000
Event 3372110 Number of Jets accepted = 2 Number of DiJets found = 1
Event 3380000 / 10000000
Event 3390000 / 10000000
Event 3391596 Number of Jets accepted = 2 Number of DiJets found = 1
Event 3392812 Number of Jets accepted = 2 Number of DiJets found = 1
Event 3400000 / 10000000
Event 3408222 Number of Jets accepted = 2 Number of DiJets found = 1
Event 3408734 Number of Jets accepted = 2 Number of DiJets found = 1
Event 3410000 / 10000000
Event 3419241 Number of Jets accepted = 2 Number of DiJets found = 1
Event 3420000 / 10000000
Event 3430000 / 10000000
Event 3434628 Number of Jets accepted = 2 Number of DiJets found = 1
Event 3440000 / 10000000
Event 3443451 Number of Jets accepted = 2 Number of DiJets found = 1
Event 3450000 / 10000000
Event 3450144 Number of Jets accepted = 2 Number of DiJets found = 1
Event 3452387 Number of Jets accepted = 2 Number of DiJets found = 1
Event 3455581 Number of Jets accepted = 2 Number of DiJets found = 1
Event 3458557 Number of Jets accepted = 2 Number of DiJets found = 1
Event 3460000 / 10000000
Event 3462822 Number of Jets accepted = 2 Number of DiJets found = 1
Event 3463790 Number of Jets accepted = 2 Number of DiJets found = 1
Event 3470000 / 10000000
Event 3478010 Number of Jets accepted = 2 Number of DiJets found = 1
Event 3480000 / 10000000
Event 3480521 Number of Jets accepted = 2 Number of DiJets found = 1
Event 3482353 Number of Jets accepted = 2 Number of DiJets found = 1
Event 3490000 / 10000000
Event 3490041 Number of Jets accepted = 2 Number of DiJets found = 1
Event 3497702 Number of Jets accepted = 2 Number of DiJets found = 1
Event 3500000 / 10000000
Event 3501774 Number of Jets accepted = 2 Number of DiJets found = 1
Event 3503210 Number of Jets accepted = 2 Number of DiJets found = 1
Event 3503467 Number of Jets accepted = 2 Number of DiJets found = 1
Event 3510000 / 10000000
Event 3512872 Number of Jets accepted = 2 Number of DiJets found = 1
Event 3513182 Number of Jets accepted = 2 Number of DiJets found = 1
Event 3520000 / 10000000
Event 3521987 Number of Jets accepted = 2 Number of DiJets found = 1
Event 3530000 / 10000000
Event 3532588 Number of Jets accepted = 2 Number of DiJets found = 1
Event 3533654 Number of Jets accepted = 2 Number of DiJets found = 1
Event 3537726 Number of Jets accepted = 2 Number of DiJets found = 1
Event 3540000 / 10000000
Event 3550000 / 10000000
Event 3560000 / 10000000
Event 3567467 Number of Jets accepted = 2 Number of DiJets found = 1
Event 3570000 / 10000000
Event 3570161 Number of Jets accepted = 2 Number of DiJets found = 1
Event 3574638 Number of Jets accepted = 2 Number of DiJets found = 1
Event 3580000 / 10000000
Event 3580982 Number of Jets accepted = 2 Number of DiJets found = 1
Event 3590000 / 10000000
Event 3600000 / 10000000
Event 3601770 Number of Jets accepted = 2 Number of DiJets found = 1
Event 3604408 Number of Jets accepted = 2 Number of DiJets found = 1
Event 3610000 / 10000000
Event 3611378 Number of Jets accepted = 2 Number of DiJets found = 1
Event 3620000 / 10000000
Event 3622334 Number of Jets accepted = 2 Number of DiJets found = 1
Event 3627989 Number of Jets accepted = 2 Number of DiJets found = 1
Event 3630000 / 10000000
Event 3638186 Number of Jets accepted = 2 Number of DiJets found = 1
Event 3640000 / 10000000
Event 3644348 Number of Jets accepted = 2 Number of DiJets found = 1
Event 3650000 / 10000000
Event 3656273 Number of Jets accepted = 2 Number of DiJets found = 1
Event 3660000 / 10000000
Event 3668685 Number of Jets accepted = 2 Number of DiJets found = 1
Event 3670000 / 10000000
Event 3677477 Number of Jets accepted = 2 Number of DiJets found = 1
Event 3680000 / 10000000
Event 3686424 Number of Jets accepted = 2 Number of DiJets found = 1
Event 3690000 / 10000000
Event 3694512 Number of Jets accepted = 2 Number of DiJets found = 1
Event 3700000 / 10000000
Event 3702451 Number of Jets accepted = 2 Number of DiJets found = 1
Event 3710000 / 10000000
Event 3714308 Number of Jets accepted = 2 Number of DiJets found = 1
Event 3720000 / 10000000
Event 3730000 / 10000000
Event 3733633 Number of Jets accepted = 2 Number of DiJets found = 1
Event 3738542 Number of Jets accepted = 2 Number of DiJets found = 1
Event 3740000 / 10000000
Event 3750000 / 10000000
Event 3759305 Number of Jets accepted = 2 Number of DiJets found = 1
Event 3760000 / 10000000
Event 3770000 / 10000000
Event 3775613 Number of Jets accepted = 2 Number of DiJets found = 1
Event 3776012 Number of Jets accepted = 2 Number of DiJets found = 1
Event 3780000 / 10000000
Event 3787356 Number of Jets accepted = 2 Number of DiJets found = 1
Event 3790000 / 10000000
Event 3800000 / 10000000
Event 3805504 Number of Jets accepted = 2 Number of DiJets found = 1
Event 3806131 Number of Jets accepted = 2 Number of DiJets found = 1
Event 3807490 Number of Jets accepted = 2 Number of DiJets found = 1
Event 3810000 / 10000000
Event 3816076 Number of Jets accepted = 2 Number of DiJets found = 1
Event 3818389 Number of Jets accepted = 2 Number of DiJets found = 1
Event 3820000 / 10000000
Event 3824713 Number of Jets accepted = 2 Number of DiJets found = 1
Event 3825117 Number of Jets accepted = 2 Number of DiJets found = 1
Event 3827482 Number of Jets accepted = 2 Number of DiJets found = 1
Event 3828457 Number of Jets accepted = 2 Number of DiJets found = 1
Event 3830000 / 10000000
Event 3832126 Number of Jets accepted = 2 Number of DiJets found = 1
Event 3832333 Number of Jets accepted = 2 Number of DiJets found = 1
Event 3833401 Number of Jets accepted = 2 Number of DiJets found = 1
Event 3835287 Number of Jets accepted = 2 Number of DiJets found = 1
Event 3840000 / 10000000
Event 3843267 Number of Jets accepted = 2 Number of DiJets found = 1
Event 3850000 / 10000000
Event 3857501 Number of Jets accepted = 2 Number of DiJets found = 1
Event 3860000 / 10000000
Event 3860417 Number of Jets accepted = 2 Number of DiJets found = 1
Event 3864947 Number of Jets accepted = 2 Number of DiJets found = 1
Event 3870000 / 10000000
Event 3871276 Number of Jets accepted = 2 Number of DiJets found = 1
Event 3880000 / 10000000
Event 3881537 Number of Jets accepted = 2 Number of DiJets found = 1
Event 3886484 Number of Jets accepted = 2 Number of DiJets found = 1
Event 3890000 / 10000000
Event 3890114 Number of Jets accepted = 2 Number of DiJets found = 1
Event 3899949 Number of Jets accepted = 2 Number of DiJets found = 1
Event 3900000 / 10000000
Event 3900031 Number of Jets accepted = 2 Number of DiJets found = 1
Event 3909361 Number of Jets accepted = 2 Number of DiJets found = 1
Event 3910000 / 10000000
Event 3910843 Number of Jets accepted = 2 Number of DiJets found = 1
Event 3920000 / 10000000
Event 3930000 / 10000000
Event 3935840 Number of Jets accepted = 2 Number of DiJets found = 1
Event 3940000 / 10000000
Event 3941339 Number of Jets accepted = 2 Number of DiJets found = 1
Event 3950000 / 10000000
Event 3951292 Number of Jets accepted = 2 Number of DiJets found = 1
Event 3960000 / 10000000
Event 3964310 Number of Jets accepted = 2 Number of DiJets found = 1
Event 3970000 / 10000000
Event 3980000 / 10000000
Event 3990000 / 10000000
Event 3993436 Number of Jets accepted = 2 Number of DiJets found = 1
Event 4000000 / 10000000
Event 4010000 / 10000000
Event 4017105 Number of Jets accepted = 2 Number of DiJets found = 1
Event 4020000 / 10000000
Event 4025767 Number of Jets accepted = 2 Number of DiJets found = 1
Event 4026242 Number of Jets accepted = 2 Number of DiJets found = 1
Event 4030000 / 10000000
Event 4032305 Number of Jets accepted = 2 Number of DiJets found = 1
Event 4040000 / 10000000
Event 4040255 Number of Jets accepted = 2 Number of DiJets found = 1
Event 4050000 / 10000000
Event 4060000 / 10000000
Event 4061950 Number of Jets accepted = 2 Number of DiJets found = 1
Event 4070000 / 10000000
Event 4071432 Number of Jets accepted = 2 Number of DiJets found = 1
Event 4080000 / 10000000
Event 4090000 / 10000000
Event 4090837 Number of Jets accepted = 2 Number of DiJets found = 1
Event 4100000 / 10000000
Event 4110000 / 10000000
Event 4120000 / 10000000
Event 4127003 Number of Jets accepted = 2 Number of DiJets found = 1
Event 4130000 / 10000000
Event 4136111 Number of Jets accepted = 2 Number of DiJets found = 1
Event 4140000 / 10000000
Event 4148744 Number of Jets accepted = 2 Number of DiJets found = 1
Event 4150000 / 10000000
Event 4151889 Number of Jets accepted = 2 Number of DiJets found = 1
Event 4152607 Number of Jets accepted = 2 Number of DiJets found = 1
Event 4157666 Number of Jets accepted = 2 Number of DiJets found = 1
Event 4160000 / 10000000
Event 4170000 / 10000000
Event 4180000 / 10000000
Event 4181282 Number of Jets accepted = 2 Number of DiJets found = 1
Event 4190000 / 10000000
Event 4191968 Number of Jets accepted = 2 Number of DiJets found = 1
Event 4200000 / 10000000
Event 4205366 Number of Jets accepted = 2 Number of DiJets found = 1
Event 4207345 Number of Jets accepted = 2 Number of DiJets found = 1
Event 4210000 / 10000000
Event 4212465 Number of Jets accepted = 2 Number of DiJets found = 1
Event 4218486 Number of Jets accepted = 2 Number of DiJets found = 1
Event 4220000 / 10000000
Event 4226182 Number of Jets accepted = 2 Number of DiJets found = 1
Event 4230000 / 10000000
Event 4235919 Number of Jets accepted = 2 Number of DiJets found = 1
Event 4240000 / 10000000
Event 4250000 / 10000000
Event 4250023 Number of Jets accepted = 2 Number of DiJets found = 1
Event 4251581 Number of Jets accepted = 2 Number of DiJets found = 1
Event 4253525 Number of Jets accepted = 2 Number of DiJets found = 1
Event 4260000 / 10000000
Event 4269101 Number of Jets accepted = 2 Number of DiJets found = 1
Event 4270000 / 10000000
Event 4270293 Number of Jets accepted = 2 Number of DiJets found = 1
Event 4280000 / 10000000
Event 4290000 / 10000000
Event 4300000 / 10000000
Event 4300659 Number of Jets accepted = 2 Number of DiJets found = 1
Event 4310000 / 10000000
Event 4320000 / 10000000
Event 4321124 Number of Jets accepted = 2 Number of DiJets found = 1
Event 4327643 Number of Jets accepted = 2 Number of DiJets found = 1
Event 4330000 / 10000000
Event 4340000 / 10000000
Event 4346577 Number of Jets accepted = 2 Number of DiJets found = 1
Event 4350000 / 10000000
Event 4356608 Number of Jets accepted = 2 Number of DiJets found = 1
Event 4360000 / 10000000
Event 4369620 Number of Jets accepted = 2 Number of DiJets found = 1
Event 4370000 / 10000000
Event 4380000 / 10000000
Event 4382945 Number of Jets accepted = 2 Number of DiJets found = 1
Event 4389183 Number of Jets accepted = 2 Number of DiJets found = 1
Event 4390000 / 10000000
Event 4390062 Number of Jets accepted = 2 Number of DiJets found = 1
Event 4395201 Number of Jets accepted = 2 Number of DiJets found = 1
Event 4400000 / 10000000
Event 4402736 Number of Jets accepted = 2 Number of DiJets found = 1
Event 4405001 Number of Jets accepted = 2 Number of DiJets found = 1
Event 4405025 Number of Jets accepted = 2 Number of DiJets found = 1
Event 4410000 / 10000000
Event 4412566 Number of Jets accepted = 2 Number of DiJets found = 1
Event 4420000 / 10000000
Event 4428260 Number of Jets accepted = 2 Number of DiJets found = 1
Event 4430000 / 10000000
Event 4437213 Number of Jets accepted = 2 Number of DiJets found = 1
Event 4440000 / 10000000
Event 4440798 Number of Jets accepted = 2 Number of DiJets found = 1
Event 4449126 Number of Jets accepted = 2 Number of DiJets found = 1
Event 4450000 / 10000000
Event 4452667 Number of Jets accepted = 2 Number of DiJets found = 1
Event 4454930 Number of Jets accepted = 2 Number of DiJets found = 1
Event 4457969 Number of Jets accepted = 2 Number of DiJets found = 1
Event 4460000 / 10000000
Event 4460227 Number of Jets accepted = 2 Number of DiJets found = 1
Event 4465293 Number of Jets accepted = 2 Number of DiJets found = 1
Event 4470000 / 10000000
Event 4480000 / 10000000
Event 4482831 Number of Jets accepted = 2 Number of DiJets found = 1
Event 4490000 / 10000000
Event 4493319 Number of Jets accepted = 2 Number of DiJets found = 1
Event 4495788 Number of Jets accepted = 2 Number of DiJets found = 1
Event 4498998 Number of Jets accepted = 2 Number of DiJets found = 1
Event 4500000 / 10000000
Event 4503850 Number of Jets accepted = 2 Number of DiJets found = 1
Event 4510000 / 10000000
Event 4513609 Number of Jets accepted = 2 Number of DiJets found = 1
Event 4514199 Number of Jets accepted = 2 Number of DiJets found = 1
Event 4520000 / 10000000
Event 4530000 / 10000000
Event 4531858 Number of Jets accepted = 2 Number of DiJets found = 1
Event 4532829 Number of Jets accepted = 2 Number of DiJets found = 1
Event 4540000 / 10000000
Event 4540243 Number of Jets accepted = 2 Number of DiJets found = 1
Event 4550000 / 10000000
Event 4557376 Number of Jets accepted = 2 Number of DiJets found = 1
Event 4560000 / 10000000
Event 4563451 Number of Jets accepted = 2 Number of DiJets found = 1
Event 4570000 / 10000000
Event 4570439 Number of Jets accepted = 2 Number of DiJets found = 1
Event 4573072 Number of Jets accepted = 2 Number of DiJets found = 1
Event 4574840 Number of Jets accepted = 2 Number of DiJets found = 1
Event 4580000 / 10000000
Event 4590000 / 10000000
Event 4599800 Number of Jets accepted = 2 Number of DiJets found = 1
Event 4600000 / 10000000
Event 4610000 / 10000000
Event 4620000 / 10000000
Event 4622743 Number of Jets accepted = 2 Number of DiJets found = 1
Event 4625603 Number of Jets accepted = 2 Number of DiJets found = 1
Event 4629794 Number of Jets accepted = 2 Number of DiJets found = 1
Event 4630000 / 10000000
Event 4640000 / 10000000
Event 4642736 Number of Jets accepted = 2 Number of DiJets found = 1
Event 4650000 / 10000000
Event 4654628 Number of Jets accepted = 2 Number of DiJets found = 1
Event 4658166 Number of Jets accepted = 2 Number of DiJets found = 1
Event 4659357 Number of Jets accepted = 2 Number of DiJets found = 1
Event 4660000 / 10000000
Event 4670000 / 10000000
Event 4676362 Number of Jets accepted = 2 Number of DiJets found = 1
Event 4680000 / 10000000
Event 4680844 Number of Jets accepted = 2 Number of DiJets found = 1
Event 4689005 Number of Jets accepted = 2 Number of DiJets found = 1
Event 4690000 / 10000000
Event 4700000 / 10000000
Event 4702031 Number of Jets accepted = 2 Number of DiJets found = 1
Event 4702597 Number of Jets accepted = 2 Number of DiJets found = 1
Event 4704440 Number of Jets accepted = 2 Number of DiJets found = 1
Event 4709153 Number of Jets accepted = 2 Number of DiJets found = 1
Event 4710000 / 10000000
Event 4714827 Number of Jets accepted = 2 Number of DiJets found = 1
Event 4714917 Number of Jets accepted = 2 Number of DiJets found = 1
Event 4720000 / 10000000
Event 4722665 Number of Jets accepted = 2 Number of DiJets found = 1
Event 4730000 / 10000000
Event 4731920 Number of Jets accepted = 2 Number of DiJets found = 1
Event 4732684 Number of Jets accepted = 2 Number of DiJets found = 1
Event 4733873 Number of Jets accepted = 2 Number of DiJets found = 1
Event 4733913 Number of Jets accepted = 2 Number of DiJets found = 1
Event 4740000 / 10000000
Event 4743940 Number of Jets accepted = 2 Number of DiJets found = 1
Event 4750000 / 10000000
Event 4752066 Number of Jets accepted = 2 Number of DiJets found = 1
Event 4755406 Number of Jets accepted = 2 Number of DiJets found = 1
Event 4760000 / 10000000
Event 4761249 Number of Jets accepted = 2 Number of DiJets found = 1
Event 4770000 / 10000000
Event 4780000 / 10000000
Event 4780356 Number of Jets accepted = 2 Number of DiJets found = 1
Event 4781063 Number of Jets accepted = 2 Number of DiJets found = 1
Event 4781163 Number of Jets accepted = 2 Number of DiJets found = 1
Event 4781800 Number of Jets accepted = 2 Number of DiJets found = 1
Event 4787737 Number of Jets accepted = 2 Number of DiJets found = 1
Event 4790000 / 10000000
Event 4794193 Number of Jets accepted = 2 Number of DiJets found = 1
Event 4794391 Number of Jets accepted = 2 Number of DiJets found = 1
Event 4800000 / 10000000
Event 4806121 Number of Jets accepted = 2 Number of DiJets found = 1
Event 4810000 / 10000000
Event 4811889 Number of Jets accepted = 2 Number of DiJets found = 1
Event 4820000 / 10000000
Event 4822398 Number of Jets accepted = 2 Number of DiJets found = 1
Event 4822989 Number of Jets accepted = 2 Number of DiJets found = 1
Event 4830000 / 10000000
Event 4837684 Number of Jets accepted = 2 Number of DiJets found = 1
Event 4840000 / 10000000
Event 4847241 Number of Jets accepted = 2 Number of DiJets found = 1
Event 4850000 / 10000000
Event 4855681 Number of Jets accepted = 2 Number of DiJets found = 1
Event 4860000 / 10000000
Event 4866513 Number of Jets accepted = 2 Number of DiJets found = 1
Event 4870000 / 10000000
Event 4873312 Number of Jets accepted = 2 Number of DiJets found = 1
Event 4875543 Number of Jets accepted = 2 Number of DiJets found = 1
Event 4880000 / 10000000
Event 4887689 Number of Jets accepted = 2 Number of DiJets found = 1
Event 4890000 / 10000000
Event 4899151 Number of Jets accepted = 2 Number of DiJets found = 1
Event 4900000 / 10000000
Event 4910000 / 10000000
Event 4920000 / 10000000
Event 4930000 / 10000000
Event 4931493 Number of Jets accepted = 4 Number of DiJets found = 2
Event 4940000 / 10000000
Event 4942867 Number of Jets accepted = 2 Number of DiJets found = 1
Event 4942974 Number of Jets accepted = 2 Number of DiJets found = 1
Event 4950000 / 10000000
Event 4955376 Number of Jets accepted = 2 Number of DiJets found = 1
Event 4955563 Number of Jets accepted = 2 Number of DiJets found = 1
Event 4959397 Number of Jets accepted = 2 Number of DiJets found = 1
Event 4960000 / 10000000
Event 4965446 Number of Jets accepted = 2 Number of DiJets found = 1
Event 4970000 / 10000000
Event 4972626 Number of Jets accepted = 2 Number of DiJets found = 1
Event 4980000 / 10000000
Event 4990000 / 10000000
Event 5000000 / 10000000
Event 5004467 Number of Jets accepted = 2 Number of DiJets found = 1
Event 5005203 Number of Jets accepted = 2 Number of DiJets found = 1
Event 5006208 Number of Jets accepted = 4 Number of DiJets found = 2
Event 5010000 / 10000000
Event 5011573 Number of Jets accepted = 2 Number of DiJets found = 1
Event 5020000 / 10000000
Event 5024341 Number of Jets accepted = 2 Number of DiJets found = 1
Event 5030000 / 10000000
Event 5035302 Number of Jets accepted = 2 Number of DiJets found = 1
Event 5037057 Number of Jets accepted = 2 Number of DiJets found = 1
Event 5040000 / 10000000
Event 5042443 Number of Jets accepted = 2 Number of DiJets found = 1
Event 5043878 Number of Jets accepted = 2 Number of DiJets found = 1
Event 5048827 Number of Jets accepted = 2 Number of DiJets found = 1
Event 5050000 / 10000000
Event 5050835 Number of Jets accepted = 2 Number of DiJets found = 1
Event 5052801 Number of Jets accepted = 2 Number of DiJets found = 1
Event 5057217 Number of Jets accepted = 2 Number of DiJets found = 1
Event 5060000 / 10000000
Event 5070000 / 10000000
Event 5073755 Number of Jets accepted = 2 Number of DiJets found = 1
Event 5076176 Number of Jets accepted = 2 Number of DiJets found = 1
Event 5080000 / 10000000
Event 5090000 / 10000000
Event 5097294 Number of Jets accepted = 2 Number of DiJets found = 1
Event 5098279 Number of Jets accepted = 2 Number of DiJets found = 1
Event 5100000 / 10000000
Event 5103072 Number of Jets accepted = 2 Number of DiJets found = 1
Event 5110000 / 10000000
Event 5120000 / 10000000
Event 5120309 Number of Jets accepted = 2 Number of DiJets found = 1
Event 5123561 Number of Jets accepted = 2 Number of DiJets found = 1
Event 5130000 / 10000000
Event 5134772 Number of Jets accepted = 2 Number of DiJets found = 1
Event 5140000 / 10000000
Event 5140130 Number of Jets accepted = 2 Number of DiJets found = 1
Event 5146215 Number of Jets accepted = 2 Number of DiJets found = 1
Event 5149179 Number of Jets accepted = 2 Number of DiJets found = 1
Event 5150000 / 10000000
Event 5152436 Number of Jets accepted = 2 Number of DiJets found = 1
Event 5160000 / 10000000
Event 5169363 Number of Jets accepted = 2 Number of DiJets found = 1
Event 5170000 / 10000000
Event 5177684 Number of Jets accepted = 2 Number of DiJets found = 1
Event 5180000 / 10000000
Event 5187974 Number of Jets accepted = 2 Number of DiJets found = 1
Event 5190000 / 10000000
Event 5200000 / 10000000
Event 5203172 Number of Jets accepted = 2 Number of DiJets found = 1
Event 5208564 Number of Jets accepted = 2 Number of DiJets found = 1
Event 5210000 / 10000000
Event 5220000 / 10000000
Event 5226746 Number of Jets accepted = 2 Number of DiJets found = 1
Event 5230000 / 10000000
Event 5240000 / 10000000
Event 5241451 Number of Jets accepted = 2 Number of DiJets found = 1
Event 5243448 Number of Jets accepted = 2 Number of DiJets found = 1
Event 5250000 / 10000000
Event 5260000 / 10000000
Event 5260762 Number of Jets accepted = 2 Number of DiJets found = 1
Event 5270000 / 10000000
Event 5271403 Number of Jets accepted = 2 Number of DiJets found = 1
Event 5273779 Number of Jets accepted = 2 Number of DiJets found = 1
Event 5277218 Number of Jets accepted = 2 Number of DiJets found = 1
Event 5277282 Number of Jets accepted = 2 Number of DiJets found = 1
Event 5280000 / 10000000
Event 5290000 / 10000000
Event 5298879 Number of Jets accepted = 2 Number of DiJets found = 1
Event 5300000 / 10000000
Event 5310000 / 10000000
Event 5320000 / 10000000
Event 5321598 Number of Jets accepted = 2 Number of DiJets found = 1
Event 5330000 / 10000000
Event 5332397 Number of Jets accepted = 2 Number of DiJets found = 1
Event 5332987 Number of Jets accepted = 2 Number of DiJets found = 1
Event 5336746 Number of Jets accepted = 2 Number of DiJets found = 1
Event 5340000 / 10000000
Event 5348009 Number of Jets accepted = 2 Number of DiJets found = 1
Event 5348383 Number of Jets accepted = 2 Number of DiJets found = 1
Event 5350000 / 10000000
Event 5360000 / 10000000
Event 5360303 Number of Jets accepted = 2 Number of DiJets found = 1
Event 5370000 / 10000000
Event 5380000 / 10000000
Event 5389304 Number of Jets accepted = 2 Number of DiJets found = 1
Event 5390000 / 10000000
Event 5400000 / 10000000
Event 5410000 / 10000000
Event 5411912 Number of Jets accepted = 2 Number of DiJets found = 1
Event 5411992 Number of Jets accepted = 2 Number of DiJets found = 1
Event 5420000 / 10000000
Event 5423105 Number of Jets accepted = 2 Number of DiJets found = 1
Event 5427751 Number of Jets accepted = 2 Number of DiJets found = 1
Event 5430000 / 10000000
Event 5440000 / 10000000
Event 5445122 Number of Jets accepted = 2 Number of DiJets found = 1
Event 5450000 / 10000000
Event 5460000 / 10000000
Event 5470000 / 10000000
Event 5480000 / 10000000
Event 5487562 Number of Jets accepted = 2 Number of DiJets found = 1
Event 5490000 / 10000000
Event 5500000 / 10000000
Event 5501146 Number of Jets accepted = 2 Number of DiJets found = 1
Event 5505848 Number of Jets accepted = 2 Number of DiJets found = 1
Event 5510000 / 10000000
Event 5515684 Number of Jets accepted = 2 Number of DiJets found = 1
Event 5518718 Number of Jets accepted = 2 Number of DiJets found = 1
Event 5520000 / 10000000
Event 5524373 Number of Jets accepted = 2 Number of DiJets found = 1
Event 5530000 / 10000000
Event 5540000 / 10000000
Event 5550000 / 10000000
Event 5560000 / 10000000
Event 5570000 / 10000000
Event 5580000 / 10000000
Event 5590000 / 10000000
Event 5594286 Number of Jets accepted = 2 Number of DiJets found = 1
Event 5600000 / 10000000
Event 5601907 Number of Jets accepted = 2 Number of DiJets found = 1
Event 5604605 Number of Jets accepted = 2 Number of DiJets found = 1
Event 5610000 / 10000000
Event 5617088 Number of Jets accepted = 2 Number of DiJets found = 1
Event 5620000 / 10000000
Event 5623980 Number of Jets accepted = 2 Number of DiJets found = 1
Event 5629147 Number of Jets accepted = 2 Number of DiJets found = 1
Event 5630000 / 10000000
Event 5640000 / 10000000
Event 5650000 / 10000000
Event 5655776 Number of Jets accepted = 2 Number of DiJets found = 1
Event 5660000 / 10000000
Event 5663596 Number of Jets accepted = 2 Number of DiJets found = 1
Event 5670000 / 10000000
Event 5671697 Number of Jets accepted = 2 Number of DiJets found = 1
Event 5675124 Number of Jets accepted = 2 Number of DiJets found = 1
Event 5680000 / 10000000
Event 5687794 Number of Jets accepted = 2 Number of DiJets found = 1
Event 5690000 / 10000000
Event 5692462 Number of Jets accepted = 2 Number of DiJets found = 1
Event 5694048 Number of Jets accepted = 2 Number of DiJets found = 1
Event 5695063 Number of Jets accepted = 2 Number of DiJets found = 1
Event 5700000 / 10000000
Event 5700869 Number of Jets accepted = 2 Number of DiJets found = 1
Event 5704430 Number of Jets accepted = 2 Number of DiJets found = 1
Event 5706195 Number of Jets accepted = 2 Number of DiJets found = 1
Event 5709957 Number of Jets accepted = 2 Number of DiJets found = 1
Event 5710000 / 10000000
Event 5710800 Number of Jets accepted = 2 Number of DiJets found = 1
Event 5720000 / 10000000
Event 5726800 Number of Jets accepted = 2 Number of DiJets found = 1
Event 5730000 / 10000000
Event 5733658 Number of Jets accepted = 2 Number of DiJets found = 1
Event 5740000 / 10000000
Event 5745814 Number of Jets accepted = 2 Number of DiJets found = 1
Event 5750000 / 10000000
Event 5755160 Number of Jets accepted = 2 Number of DiJets found = 1
Event 5755994 Number of Jets accepted = 2 Number of DiJets found = 1
Event 5760000 / 10000000
Event 5767896 Number of Jets accepted = 2 Number of DiJets found = 1
Event 5770000 / 10000000
Event 5778595 Number of Jets accepted = 2 Number of DiJets found = 1
Event 5780000 / 10000000
Event 5790000 / 10000000
Event 5796191 Number of Jets accepted = 2 Number of DiJets found = 1
Event 5800000 / 10000000
Event 5809494 Number of Jets accepted = 2 Number of DiJets found = 1
Event 5810000 / 10000000
Event 5812991 Number of Jets accepted = 2 Number of DiJets found = 1
Event 5820000 / 10000000
Event 5830000 / 10000000
Event 5832114 Number of Jets accepted = 2 Number of DiJets found = 1
Event 5833860 Number of Jets accepted = 2 Number of DiJets found = 1
Event 5840000 / 10000000
Event 5840214 Number of Jets accepted = 2 Number of DiJets found = 1
Event 5847496 Number of Jets accepted = 4 Number of DiJets found = 2
Event 5850000 / 10000000
Event 5860000 / 10000000
Event 5861310 Number of Jets accepted = 2 Number of DiJets found = 1
Event 5870000 / 10000000
Event 5875189 Number of Jets accepted = 2 Number of DiJets found = 1
Event 5880000 / 10000000
Event 5890000 / 10000000
Event 5890015 Number of Jets accepted = 2 Number of DiJets found = 1
Event 5900000 / 10000000
Event 5906514 Number of Jets accepted = 2 Number of DiJets found = 1
Event 5910000 / 10000000
Event 5920000 / 10000000
Event 5923607 Number of Jets accepted = 2 Number of DiJets found = 1
Event 5930000 / 10000000
Event 5940000 / 10000000
Event 5950000 / 10000000
Event 5960000 / 10000000
Event 5966295 Number of Jets accepted = 2 Number of DiJets found = 1
Event 5970000 / 10000000
Event 5970815 Number of Jets accepted = 2 Number of DiJets found = 1
Event 5974400 Number of Jets accepted = 2 Number of DiJets found = 1
Event 5977826 Number of Jets accepted = 2 Number of DiJets found = 1
Event 5980000 / 10000000
Event 5982376 Number of Jets accepted = 2 Number of DiJets found = 1
Event 5983925 Number of Jets accepted = 2 Number of DiJets found = 1
Event 5984464 Number of Jets accepted = 2 Number of DiJets found = 1
Event 5987180 Number of Jets accepted = 2 Number of DiJets found = 1
Event 5989777 Number of Jets accepted = 2 Number of DiJets found = 1
Event 5990000 / 10000000
Event 5997422 Number of Jets accepted = 2 Number of DiJets found = 1
Event 6000000 / 10000000
Event 6010000 / 10000000
Event 6018090 Number of Jets accepted = 2 Number of DiJets found = 1
Event 6020000 / 10000000
Event 6024973 Number of Jets accepted = 2 Number of DiJets found = 1
Event 6025410 Number of Jets accepted = 2 Number of DiJets found = 1
Event 6030000 / 10000000
Event 6030574 Number of Jets accepted = 2 Number of DiJets found = 1
Event 6033053 Number of Jets accepted = 2 Number of DiJets found = 1
Event 6038474 Number of Jets accepted = 2 Number of DiJets found = 1
Event 6040000 / 10000000
Event 6046550 Number of Jets accepted = 2 Number of DiJets found = 1
Event 6050000 / 10000000
Event 6054584 Number of Jets accepted = 2 Number of DiJets found = 1
Event 6059502 Number of Jets accepted = 2 Number of DiJets found = 1
Event 6060000 / 10000000
Event 6062813 Number of Jets accepted = 2 Number of DiJets found = 1
Event 6063073 Number of Jets accepted = 2 Number of DiJets found = 1
Event 6070000 / 10000000
Event 6080000 / 10000000
Event 6090000 / 10000000
Event 6092310 Number of Jets accepted = 2 Number of DiJets found = 1
Event 6092527 Number of Jets accepted = 2 Number of DiJets found = 1
Event 6093170 Number of Jets accepted = 2 Number of DiJets found = 1
Event 6100000 / 10000000
Event 6100186 Number of Jets accepted = 2 Number of DiJets found = 1
Event 6101247 Number of Jets accepted = 2 Number of DiJets found = 1
Event 6110000 / 10000000
Event 6110740 Number of Jets accepted = 2 Number of DiJets found = 1
Event 6114299 Number of Jets accepted = 2 Number of DiJets found = 1
Event 6120000 / 10000000
Event 6120044 Number of Jets accepted = 2 Number of DiJets found = 1
Event 6120893 Number of Jets accepted = 2 Number of DiJets found = 1
Event 6126178 Number of Jets accepted = 2 Number of DiJets found = 1
Event 6130000 / 10000000
Event 6137269 Number of Jets accepted = 2 Number of DiJets found = 1
Event 6140000 / 10000000
Event 6140304 Number of Jets accepted = 2 Number of DiJets found = 1
Event 6142533 Number of Jets accepted = 2 Number of DiJets found = 1
Event 6145918 Number of Jets accepted = 2 Number of DiJets found = 1
Event 6149406 Number of Jets accepted = 2 Number of DiJets found = 1
Event 6149604 Number of Jets accepted = 2 Number of DiJets found = 1
Event 6150000 / 10000000
Event 6151427 Number of Jets accepted = 2 Number of DiJets found = 1
Event 6155869 Number of Jets accepted = 2 Number of DiJets found = 1
Event 6160000 / 10000000
Event 6165870 Number of Jets accepted = 2 Number of DiJets found = 1
Event 6170000 / 10000000
Event 6180000 / 10000000
Event 6190000 / 10000000
Event 6192721 Number of Jets accepted = 2 Number of DiJets found = 1
Event 6200000 / 10000000
Event 6204268 Number of Jets accepted = 2 Number of DiJets found = 1
Event 6207376 Number of Jets accepted = 2 Number of DiJets found = 1
Event 6210000 / 10000000
Event 6213326 Number of Jets accepted = 2 Number of DiJets found = 1
Event 6215062 Number of Jets accepted = 2 Number of DiJets found = 1
Event 6220000 / 10000000
Event 6229954 Number of Jets accepted = 2 Number of DiJets found = 1
Event 6230000 / 10000000
Event 6238069 Number of Jets accepted = 2 Number of DiJets found = 1
Event 6238477 Number of Jets accepted = 2 Number of DiJets found = 1
Event 6240000 / 10000000
Event 6245969 Number of Jets accepted = 2 Number of DiJets found = 1
Event 6250000 / 10000000
Event 6254150 Number of Jets accepted = 2 Number of DiJets found = 1
Event 6258014 Number of Jets accepted = 2 Number of DiJets found = 1
Event 6258027 Number of Jets accepted = 2 Number of DiJets found = 1
Event 6260000 / 10000000
Event 6270000 / 10000000
Event 6272604 Number of Jets accepted = 2 Number of DiJets found = 1
Event 6276278 Number of Jets accepted = 2 Number of DiJets found = 1
Event 6280000 / 10000000
Event 6284176 Number of Jets accepted = 2 Number of DiJets found = 1
Event 6290000 / 10000000
Event 6300000 / 10000000
Event 6307077 Number of Jets accepted = 2 Number of DiJets found = 1
Event 6309642 Number of Jets accepted = 2 Number of DiJets found = 1
Event 6310000 / 10000000
Event 6317325 Number of Jets accepted = 2 Number of DiJets found = 1
Event 6320000 / 10000000
Event 6321191 Number of Jets accepted = 2 Number of DiJets found = 1
Event 6330000 / 10000000
Event 6340000 / 10000000
Event 6350000 / 10000000
Event 6356974 Number of Jets accepted = 2 Number of DiJets found = 1
Event 6360000 / 10000000
Event 6370000 / 10000000
Event 6370255 Number of Jets accepted = 2 Number of DiJets found = 1
Event 6372153 Number of Jets accepted = 2 Number of DiJets found = 1
Event 6374157 Number of Jets accepted = 2 Number of DiJets found = 1
Event 6376095 Number of Jets accepted = 2 Number of DiJets found = 1
Event 6376709 Number of Jets accepted = 2 Number of DiJets found = 1
Event 6377050 Number of Jets accepted = 2 Number of DiJets found = 1
Event 6380000 / 10000000
Event 6389220 Number of Jets accepted = 2 Number of DiJets found = 1
Event 6390000 / 10000000
Event 6394005 Number of Jets accepted = 2 Number of DiJets found = 1
Event 6397251 Number of Jets accepted = 2 Number of DiJets found = 1
Event 6400000 / 10000000
Event 6400127 Number of Jets accepted = 2 Number of DiJets found = 1
Event 6402393 Number of Jets accepted = 2 Number of DiJets found = 1
Event 6410000 / 10000000
Event 6415323 Number of Jets accepted = 2 Number of DiJets found = 1
Event 6416373 Number of Jets accepted = 2 Number of DiJets found = 1
Event 6420000 / 10000000
Event 6430000 / 10000000
Event 6440000 / 10000000
Event 6450000 / 10000000
Event 6460000 / 10000000
Event 6468591 Number of Jets accepted = 2 Number of DiJets found = 1
Event 6470000 / 10000000
Event 6480000 / 10000000
Event 6480821 Number of Jets accepted = 2 Number of DiJets found = 1
Event 6488392 Number of Jets accepted = 2 Number of DiJets found = 1
Event 6490000 / 10000000
Event 6500000 / 10000000
Event 6510000 / 10000000
Event 6511779 Number of Jets accepted = 2 Number of DiJets found = 1
Event 6520000 / 10000000
Event 6524181 Number of Jets accepted = 2 Number of DiJets found = 1
Event 6524407 Number of Jets accepted = 2 Number of DiJets found = 1
Event 6530000 / 10000000
Event 6531568 Number of Jets accepted = 2 Number of DiJets found = 1
Event 6540000 / 10000000
Event 6550000 / 10000000
Event 6560000 / 10000000
Event 6565113 Number of Jets accepted = 2 Number of DiJets found = 1
Event 6567905 Number of Jets accepted = 2 Number of DiJets found = 1
Event 6570000 / 10000000
Event 6580000 / 10000000
Event 6584377 Number of Jets accepted = 2 Number of DiJets found = 1
Event 6590000 / 10000000
Event 6594874 Number of Jets accepted = 2 Number of DiJets found = 1
Event 6598390 Number of Jets accepted = 2 Number of DiJets found = 1
Event 6600000 / 10000000
Event 6600171 Number of Jets accepted = 2 Number of DiJets found = 1
Event 6600678 Number of Jets accepted = 2 Number of DiJets found = 1
Event 6609876 Number of Jets accepted = 2 Number of DiJets found = 1
Event 6610000 / 10000000
Event 6617257 Number of Jets accepted = 2 Number of DiJets found = 1
Event 6620000 / 10000000
Event 6630000 / 10000000
Event 6633106 Number of Jets accepted = 2 Number of DiJets found = 1
Event 6637584 Number of Jets accepted = 2 Number of DiJets found = 1
Event 6640000 / 10000000
Event 6644721 Number of Jets accepted = 2 Number of DiJets found = 1
Event 6650000 / 10000000
Event 6660000 / 10000000
Event 6664092 Number of Jets accepted = 2 Number of DiJets found = 1
Event 6670000 / 10000000
Event 6670349 Number of Jets accepted = 2 Number of DiJets found = 1
Event 6680000 / 10000000
Event 6689007 Number of Jets accepted = 2 Number of DiJets found = 1
Event 6690000 / 10000000
Event 6699775 Number of Jets accepted = 2 Number of DiJets found = 1
Event 6700000 / 10000000
Event 6709840 Number of Jets accepted = 2 Number of DiJets found = 1
Event 6710000 / 10000000
Event 6713752 Number of Jets accepted = 2 Number of DiJets found = 1
Event 6714411 Number of Jets accepted = 2 Number of DiJets found = 1
Event 6714917 Number of Jets accepted = 2 Number of DiJets found = 1
Event 6720000 / 10000000
Event 6725671 Number of Jets accepted = 2 Number of DiJets found = 1
Event 6726347 Number of Jets accepted = 2 Number of DiJets found = 1
Event 6730000 / 10000000
Event 6734812 Number of Jets accepted = 2 Number of DiJets found = 1
Event 6740000 / 10000000
Event 6742607 Number of Jets accepted = 2 Number of DiJets found = 1
Event 6747451 Number of Jets accepted = 2 Number of DiJets found = 1
Event 6750000 / 10000000
Event 6750323 Number of Jets accepted = 2 Number of DiJets found = 1
Event 6760000 / 10000000
Event 6770000 / 10000000
Event 6777242 Number of Jets accepted = 2 Number of DiJets found = 1
Event 6780000 / 10000000
Event 6784303 Number of Jets accepted = 2 Number of DiJets found = 1
Event 6784421 Number of Jets accepted = 2 Number of DiJets found = 1
Event 6790000 / 10000000
Event 6794458 Number of Jets accepted = 2 Number of DiJets found = 1
Event 6800000 / 10000000
Event 6803899 Number of Jets accepted = 2 Number of DiJets found = 1
Event 6806428 Number of Jets accepted = 2 Number of DiJets found = 1
Event 6808277 Number of Jets accepted = 2 Number of DiJets found = 1
Event 6809456 Number of Jets accepted = 2 Number of DiJets found = 1
Event 6810000 / 10000000
Event 6820000 / 10000000
Event 6830000 / 10000000
Event 6834353 Number of Jets accepted = 2 Number of DiJets found = 1
Event 6837328 Number of Jets accepted = 2 Number of DiJets found = 1
Event 6840000 / 10000000
Event 6844978 Number of Jets accepted = 2 Number of DiJets found = 1
Event 6845185 Number of Jets accepted = 2 Number of DiJets found = 1
Event 6850000 / 10000000
Event 6860000 / 10000000
Event 6870000 / 10000000
Event 6878733 Number of Jets accepted = 2 Number of DiJets found = 1
Event 6880000 / 10000000
Event 6880895 Number of Jets accepted = 2 Number of DiJets found = 1
Event 6890000 / 10000000
Event 6900000 / 10000000
Event 6905400 Number of Jets accepted = 2 Number of DiJets found = 1
Event 6910000 / 10000000
Event 6920000 / 10000000
Event 6920185 Number of Jets accepted = 2 Number of DiJets found = 1
Event 6930000 / 10000000
Event 6931546 Number of Jets accepted = 4 Number of DiJets found = 2
Event 6933326 Number of Jets accepted = 2 Number of DiJets found = 1
Event 6940000 / 10000000
Event 6950000 / 10000000
Event 6953388 Number of Jets accepted = 2 Number of DiJets found = 1
Event 6955416 Number of Jets accepted = 2 Number of DiJets found = 1
Event 6960000 / 10000000
Event 6968156 Number of Jets accepted = 2 Number of DiJets found = 1
Event 6968568 Number of Jets accepted = 2 Number of DiJets found = 1
Event 6970000 / 10000000
Event 6971266 Number of Jets accepted = 2 Number of DiJets found = 1
Event 6980000 / 10000000
Event 6990000 / 10000000
Event 6995565 Number of Jets accepted = 2 Number of DiJets found = 1
Event 7000000 / 10000000
Event 7010000 / 10000000
Event 7020000 / 10000000
Event 7021498 Number of Jets accepted = 2 Number of DiJets found = 1
Event 7030000 / 10000000
Event 7030438 Number of Jets accepted = 2 Number of DiJets found = 1
Event 7040000 / 10000000
Event 7048286 Number of Jets accepted = 2 Number of DiJets found = 1
Event 7049135 Number of Jets accepted = 2 Number of DiJets found = 1
Event 7050000 / 10000000
Event 7060000 / 10000000
Event 7070000 / 10000000
Event 7080000 / 10000000
Event 7081122 Number of Jets accepted = 2 Number of DiJets found = 1
Event 7085088 Number of Jets accepted = 2 Number of DiJets found = 1
Event 7086585 Number of Jets accepted = 2 Number of DiJets found = 1
Event 7087323 Number of Jets accepted = 2 Number of DiJets found = 1
Event 7090000 / 10000000
Event 7097179 Number of Jets accepted = 2 Number of DiJets found = 1
Event 7100000 / 10000000
Event 7103023 Number of Jets accepted = 2 Number of DiJets found = 1
Event 7110000 / 10000000
Event 7112199 Number of Jets accepted = 2 Number of DiJets found = 1
Event 7120000 / 10000000
Event 7126940 Number of Jets accepted = 2 Number of DiJets found = 1
Event 7130000 / 10000000
Event 7140000 / 10000000
Event 7143102 Number of Jets accepted = 2 Number of DiJets found = 1
Event 7148070 Number of Jets accepted = 2 Number of DiJets found = 1
Event 7150000 / 10000000
Event 7154158 Number of Jets accepted = 2 Number of DiJets found = 1
Event 7156132 Number of Jets accepted = 2 Number of DiJets found = 1
Event 7157443 Number of Jets accepted = 2 Number of DiJets found = 1
Event 7160000 / 10000000
Event 7170000 / 10000000
Event 7173617 Number of Jets accepted = 2 Number of DiJets found = 1
Event 7180000 / 10000000
Event 7190000 / 10000000
Event 7197693 Number of Jets accepted = 2 Number of DiJets found = 1
Event 7200000 / 10000000
Event 7202341 Number of Jets accepted = 2 Number of DiJets found = 1
Event 7210000 / 10000000
Event 7210183 Number of Jets accepted = 2 Number of DiJets found = 1
Event 7212073 Number of Jets accepted = 2 Number of DiJets found = 1
Event 7220000 / 10000000
Event 7221792 Number of Jets accepted = 2 Number of DiJets found = 1
Event 7225843 Number of Jets accepted = 2 Number of DiJets found = 1
Event 7230000 / 10000000
Event 7232592 Number of Jets accepted = 2 Number of DiJets found = 1
Event 7233838 Number of Jets accepted = 2 Number of DiJets found = 1
Event 7240000 / 10000000
Event 7250000 / 10000000
Event 7260000 / 10000000
Event 7266610 Number of Jets accepted = 2 Number of DiJets found = 1
Event 7270000 / 10000000
Event 7275598 Number of Jets accepted = 2 Number of DiJets found = 1
Event 7280000 / 10000000
Event 7286189 Number of Jets accepted = 2 Number of DiJets found = 1
Event 7290000 / 10000000
Event 7300000 / 10000000
Event 7305932 Number of Jets accepted = 2 Number of DiJets found = 1
Event 7310000 / 10000000
Event 7311774 Number of Jets accepted = 2 Number of DiJets found = 1
Event 7320000 / 10000000
Event 7324371 Number of Jets accepted = 2 Number of DiJets found = 1
Event 7326878 Number of Jets accepted = 2 Number of DiJets found = 1
Event 7329406 Number of Jets accepted = 2 Number of DiJets found = 1
Event 7329890 Number of Jets accepted = 2 Number of DiJets found = 1
Event 7330000 / 10000000
Event 7336800 Number of Jets accepted = 2 Number of DiJets found = 1
Event 7340000 / 10000000
Event 7348916 Number of Jets accepted = 2 Number of DiJets found = 1
Event 7350000 / 10000000
Event 7360000 / 10000000
Event 7363211 Number of Jets accepted = 2 Number of DiJets found = 1
Event 7370000 / 10000000
Event 7380000 / 10000000
