Input path set as: /media/scratch/packard/db/.

Filename set as: pp10mEv_7TeV_ptHatMin0GeV_run2.

opening:   /media/scratch/packard/db/pp10mEv_7TeV_ptHatMin0GeV_run2.root


External input: /media/external1/packard/db/RChange/R2NOCHARGE received for output path! Overriding default...

Output path set as /media/external1/packard/db/RChange/R2NOCHARGE. Will write contents to this directory!

External input 0.2 received for R! Overriding default...

External input 0.4 received for OpeningAngle! Overriding default...

External input 5 received for jet_ptmin! Overriding default...

External input 8 received for LeadPtMin! Overriding default...

External input 5 received for SubLeadPtMin! Overriding default...

External input 200 received for max_track_rap! Overriding default...

External input 0 receieved for PtConsLo! Overriding default...

External input 1 received for PtConsHi! Overriding default...

R: 0.2

OpeningAngle: 0.4

jet_ptmin: 5

LeadPtMin: 8

SubLeadPtMin: 5

max_track_rap: 200

PtConsLo: 0

PtConsHi: 1

Number of events: 10000000.Event 0 / 10000000
#--------------------------------------------------------------------------
#                         FastJet release 3.2.1
#                 M. Cacciari, G.P. Salam and G. Soyez                  
#     A software package for jet finding and analysis at colliders      
#                           http://fastjet.fr                           
#	                                                                      
# Please cite EPJC72(2012)1896 [arXiv:1111.6097] if you use this package
# for scientific work and optionally PLB641(2006)57 [hep-ph/0512210].   
#                                                                       
# FastJet is provided without warranty under the terms of the GNU GPLv2.
# It uses T. Chan's closest pair algorithm, S. Fortune's Voronoi code
# and 3rd party plugin jet algorithms. See COPYING file for details.
#--------------------------------------------------------------------------
Event 10000 / 10000000
Event 16409 Number of Jets accepted = 2 Number of DiJets found = 1
Event 18563 Number of Jets accepted = 2 Number of DiJets found = 1
Event 20000 / 10000000
Event 24335 Number of Jets accepted = 2 Number of DiJets found = 1
Event 30000 / 10000000
Event 34032 Number of Jets accepted = 2 Number of DiJets found = 1
Event 35675 Number of Jets accepted = 2 Number of DiJets found = 1
Event 40000 / 10000000
Event 49133 Number of Jets accepted = 2 Number of DiJets found = 1
Event 50000 / 10000000
Event 60000 / 10000000
Event 65225 Number of Jets accepted = 2 Number of DiJets found = 1
Event 70000 / 10000000
Event 80000 / 10000000
Event 90000 / 10000000
Event 100000 / 10000000
Event 110000 / 10000000
Event 120000 / 10000000
Event 121046 Number of Jets accepted = 2 Number of DiJets found = 1
Event 130000 / 10000000
Event 140000 / 10000000
Event 150000 / 10000000
Event 157482 Number of Jets accepted = 2 Number of DiJets found = 1
Event 160000 / 10000000
Event 164448 Number of Jets accepted = 2 Number of DiJets found = 1
Event 170000 / 10000000
Event 180000 / 10000000
Event 190000 / 10000000
Event 200000 / 10000000
Event 210000 / 10000000
Event 212279 Number of Jets accepted = 2 Number of DiJets found = 1
Event 220000 / 10000000
Event 221106 Number of Jets accepted = 2 Number of DiJets found = 1
Event 230000 / 10000000
Event 236809 Number of Jets accepted = 2 Number of DiJets found = 1
Event 240000 / 10000000
Event 250000 / 10000000
Event 253450 Number of Jets accepted = 2 Number of DiJets found = 1
Event 257470 Number of Jets accepted = 2 Number of DiJets found = 1
Event 260000 / 10000000
Event 270000 / 10000000
Event 271653 Number of Jets accepted = 2 Number of DiJets found = 1
Event 280000 / 10000000
Event 290000 / 10000000
Event 300000 / 10000000
Event 306571 Number of Jets accepted = 2 Number of DiJets found = 1
Event 310000 / 10000000
Event 320000 / 10000000
Event 330000 / 10000000
Event 340000 / 10000000
Event 348896 Number of Jets accepted = 2 Number of DiJets found = 1
Event 350000 / 10000000
Event 360000 / 10000000
Event 370000 / 10000000
Event 373819 Number of Jets accepted = 2 Number of DiJets found = 1
Event 380000 / 10000000
Event 390000 / 10000000
Event 390770 Number of Jets accepted = 2 Number of DiJets found = 1
Event 400000 / 10000000
Event 410000 / 10000000
Event 420000 / 10000000
Event 425810 Number of Jets accepted = 2 Number of DiJets found = 1
Event 430000 / 10000000
Event 440000 / 10000000
Event 447944 Number of Jets accepted = 2 Number of DiJets found = 1
Event 450000 / 10000000
Event 458695 Number of Jets accepted = 2 Number of DiJets found = 1
Event 460000 / 10000000
Event 470000 / 10000000
Event 477087 Number of Jets accepted = 2 Number of DiJets found = 1
Event 480000 / 10000000
Event 480685 Number of Jets accepted = 2 Number of DiJets found = 1
Event 490000 / 10000000
Event 500000 / 10000000
Event 510000 / 10000000
Event 518352 Number of Jets accepted = 2 Number of DiJets found = 1
Event 518672 Number of Jets accepted = 2 Number of DiJets found = 1
Event 520000 / 10000000
Event 528741 Number of Jets accepted = 2 Number of DiJets found = 1
Event 530000 / 10000000
Event 535538 Number of Jets accepted = 2 Number of DiJets found = 1
Event 540000 / 10000000
Event 550000 / 10000000
Event 551157 Number of Jets accepted = 2 Number of DiJets found = 1
Event 551592 Number of Jets accepted = 2 Number of DiJets found = 1
Event 560000 / 10000000
Event 560405 Number of Jets accepted = 2 Number of DiJets found = 1
Event 565482 Number of Jets accepted = 2 Number of DiJets found = 1
Event 570000 / 10000000
Event 571021 Number of Jets accepted = 2 Number of DiJets found = 1
Event 576436 Number of Jets accepted = 2 Number of DiJets found = 1
Event 576900 Number of Jets accepted = 2 Number of DiJets found = 1
Event 580000 / 10000000
Event 590000 / 10000000
Event 600000 / 10000000
Event 610000 / 10000000
Event 620000 / 10000000
Event 630000 / 10000000
Event 640000 / 10000000
Event 650000 / 10000000
Event 660000 / 10000000
Event 670000 / 10000000
Event 680000 / 10000000
Event 686187 Number of Jets accepted = 2 Number of DiJets found = 1
Event 690000 / 10000000
Event 691268 Number of Jets accepted = 2 Number of DiJets found = 1
Event 700000 / 10000000
Event 708107 Number of Jets accepted = 2 Number of DiJets found = 1
Event 710000 / 10000000
Event 713420 Number of Jets accepted = 2 Number of DiJets found = 1
Event 720000 / 10000000
Event 720244 Number of Jets accepted = 2 Number of DiJets found = 1
Event 728496 Number of Jets accepted = 2 Number of DiJets found = 1
Event 730000 / 10000000
Event 740000 / 10000000
Event 741161 Number of Jets accepted = 2 Number of DiJets found = 1
Event 750000 / 10000000
Event 750667 Number of Jets accepted = 2 Number of DiJets found = 1
Event 751345 Number of Jets accepted = 2 Number of DiJets found = 1
Event 758638 Number of Jets accepted = 2 Number of DiJets found = 1
Event 760000 / 10000000
Event 765665 Number of Jets accepted = 2 Number of DiJets found = 1
Event 769694 Number of Jets accepted = 2 Number of DiJets found = 1
Event 770000 / 10000000
Event 780000 / 10000000
Event 790000 / 10000000
Event 800000 / 10000000
Event 800742 Number of Jets accepted = 2 Number of DiJets found = 1
Event 810000 / 10000000
Event 819343 Number of Jets accepted = 2 Number of DiJets found = 1
Event 820000 / 10000000
Event 830000 / 10000000
Event 840000 / 10000000
Event 850000 / 10000000
Event 854979 Number of Jets accepted = 2 Number of DiJets found = 1
Event 857243 Number of Jets accepted = 2 Number of DiJets found = 1
Event 860000 / 10000000
Event 867085 Number of Jets accepted = 2 Number of DiJets found = 1
Event 870000 / 10000000
Event 880000 / 10000000
Event 887245 Number of Jets accepted = 2 Number of DiJets found = 1
Event 890000 / 10000000
Event 900000 / 10000000
Event 902836 Number of Jets accepted = 2 Number of DiJets found = 1
Event 904274 Number of Jets accepted = 2 Number of DiJets found = 1
Event 910000 / 10000000
Event 920000 / 10000000
Event 921536 Number of Jets accepted = 2 Number of DiJets found = 1
Event 930000 / 10000000
Event 940000 / 10000000
Event 942473 Number of Jets accepted = 2 Number of DiJets found = 1
Event 950000 / 10000000
Event 960000 / 10000000
Event 970000 / 10000000
Event 976636 Number of Jets accepted = 2 Number of DiJets found = 1
Event 980000 / 10000000
Event 990000 / 10000000
Event 1000000 / 10000000
Event 1010000 / 10000000
Event 1020000 / 10000000
Event 1030000 / 10000000
Event 1031624 Number of Jets accepted = 2 Number of DiJets found = 1
Event 1040000 / 10000000
Event 1050000 / 10000000
Event 1060000 / 10000000
Event 1070000 / 10000000
Event 1080000 / 10000000
Event 1084273 Number of Jets accepted = 2 Number of DiJets found = 1
Event 1088458 Number of Jets accepted = 2 Number of DiJets found = 1
Event 1090000 / 10000000
Event 1090789 Number of Jets accepted = 2 Number of DiJets found = 1
Event 1095742 Number of Jets accepted = 2 Number of DiJets found = 1
Event 1098820 Number of Jets accepted = 2 Number of DiJets found = 1
Event 1100000 / 10000000
Event 1101352 Number of Jets accepted = 2 Number of DiJets found = 1
Event 1110000 / 10000000
Event 1120000 / 10000000
Event 1130000 / 10000000
Event 1140000 / 10000000
Event 1150000 / 10000000
Event 1156158 Number of Jets accepted = 2 Number of DiJets found = 1
Event 1160000 / 10000000
Event 1170000 / 10000000
Event 1180000 / 10000000
Event 1183395 Number of Jets accepted = 2 Number of DiJets found = 1
Event 1184114 Number of Jets accepted = 2 Number of DiJets found = 1
Event 1186013 Number of Jets accepted = 2 Number of DiJets found = 1
Event 1190000 / 10000000
Event 1196054 Number of Jets accepted = 2 Number of DiJets found = 1
Event 1199423 Number of Jets accepted = 2 Number of DiJets found = 1
Event 1200000 / 10000000
Event 1209012 Number of Jets accepted = 2 Number of DiJets found = 1
Event 1210000 / 10000000
Event 1220000 / 10000000
Event 1230000 / 10000000
Event 1234989 Number of Jets accepted = 2 Number of DiJets found = 1
Event 1240000 / 10000000
Event 1243991 Number of Jets accepted = 2 Number of DiJets found = 1
Event 1250000 / 10000000
Event 1260000 / 10000000
Event 1270000 / 10000000
Event 1274790 Number of Jets accepted = 2 Number of DiJets found = 1
Event 1280000 / 10000000
Event 1290000 / 10000000
Event 1293255 Number of Jets accepted = 2 Number of DiJets found = 1
Event 1300000 / 10000000
Event 1307525 Number of Jets accepted = 2 Number of DiJets found = 1
Event 1310000 / 10000000
Event 1320000 / 10000000
Event 1322221 Number of Jets accepted = 2 Number of DiJets found = 1
Event 1330000 / 10000000
Event 1331694 Number of Jets accepted = 2 Number of DiJets found = 1
Event 1340000 / 10000000
Event 1347216 Number of Jets accepted = 2 Number of DiJets found = 1
Event 1350000 / 10000000
Event 1356390 Number of Jets accepted = 2 Number of DiJets found = 1
Event 1360000 / 10000000
Event 1366173 Number of Jets accepted = 2 Number of DiJets found = 1
Event 1370000 / 10000000
Event 1375543 Number of Jets accepted = 2 Number of DiJets found = 1
Event 1380000 / 10000000
Event 1387997 Number of Jets accepted = 2 Number of DiJets found = 1
Event 1390000 / 10000000
Event 1392991 Number of Jets accepted = 2 Number of DiJets found = 1
Event 1400000 / 10000000
Event 1410000 / 10000000
Event 1420000 / 10000000
Event 1430000 / 10000000
Event 1433866 Number of Jets accepted = 2 Number of DiJets found = 1
Event 1440000 / 10000000
Event 1450000 / 10000000
Event 1452656 Number of Jets accepted = 2 Number of DiJets found = 1
Event 1460000 / 10000000
Event 1464240 Number of Jets accepted = 2 Number of DiJets found = 1
Event 1468989 Number of Jets accepted = 2 Number of DiJets found = 1
Event 1470000 / 10000000
Event 1480000 / 10000000
Event 1482929 Number of Jets accepted = 2 Number of DiJets found = 1
Event 1490000 / 10000000
Event 1500000 / 10000000
Event 1500819 Number of Jets accepted = 2 Number of DiJets found = 1
Event 1505885 Number of Jets accepted = 2 Number of DiJets found = 1
Event 1510000 / 10000000
Event 1520000 / 10000000
Event 1530000 / 10000000
Event 1536153 Number of Jets accepted = 2 Number of DiJets found = 1
Event 1536238 Number of Jets accepted = 2 Number of DiJets found = 1
Event 1540000 / 10000000
Event 1546412 Number of Jets accepted = 2 Number of DiJets found = 1
Event 1550000 / 10000000
Event 1560000 / 10000000
Event 1570000 / 10000000
Event 1580000 / 10000000
Event 1583600 Number of Jets accepted = 2 Number of DiJets found = 1
Event 1590000 / 10000000
Event 1600000 / 10000000
Event 1606331 Number of Jets accepted = 2 Number of DiJets found = 1
Event 1610000 / 10000000
Event 1620000 / 10000000
Event 1630000 / 10000000
Event 1630201 Number of Jets accepted = 2 Number of DiJets found = 1
Event 1640000 / 10000000
Event 1642326 Number of Jets accepted = 2 Number of DiJets found = 1
Event 1650000 / 10000000
Event 1656876 Number of Jets accepted = 4 Number of DiJets found = 2
Event 1660000 / 10000000
Event 1670000 / 10000000
Event 1680000 / 10000000
Event 1688090 Number of Jets accepted = 2 Number of DiJets found = 1
Event 1690000 / 10000000
Event 1697789 Number of Jets accepted = 2 Number of DiJets found = 1
Event 1700000 / 10000000
Event 1700280 Number of Jets accepted = 2 Number of DiJets found = 1
Event 1710000 / 10000000
Event 1720000 / 10000000
Event 1730000 / 10000000
Event 1740000 / 10000000
Event 1750000 / 10000000
Event 1754791 Number of Jets accepted = 2 Number of DiJets found = 1
Event 1760000 / 10000000
Event 1770000 / 10000000
Event 1780000 / 10000000
Event 1785546 Number of Jets accepted = 2 Number of DiJets found = 1
Event 1786925 Number of Jets accepted = 2 Number of DiJets found = 1
Event 1790000 / 10000000
Event 1800000 / 10000000
Event 1810000 / 10000000
Event 1811109 Number of Jets accepted = 2 Number of DiJets found = 1
Event 1820000 / 10000000
Event 1829278 Number of Jets accepted = 2 Number of DiJets found = 1
Event 1830000 / 10000000
Event 1832858 Number of Jets accepted = 2 Number of DiJets found = 1
Event 1840000 / 10000000
Event 1842341 Number of Jets accepted = 2 Number of DiJets found = 1
Event 1850000 / 10000000
Event 1851977 Number of Jets accepted = 2 Number of DiJets found = 1
Event 1860000 / 10000000
Event 1870000 / 10000000
Event 1880000 / 10000000
Event 1882483 Number of Jets accepted = 2 Number of DiJets found = 1
Event 1890000 / 10000000
Event 1896461 Number of Jets accepted = 2 Number of DiJets found = 1
Event 1900000 / 10000000
Event 1907195 Number of Jets accepted = 2 Number of DiJets found = 1
Event 1908920 Number of Jets accepted = 2 Number of DiJets found = 1
Event 1910000 / 10000000
Event 1920000 / 10000000
Event 1921907 Number of Jets accepted = 2 Number of DiJets found = 1
Event 1924788 Number of Jets accepted = 2 Number of DiJets found = 1
Event 1927231 Number of Jets accepted = 2 Number of DiJets found = 1
Event 1930000 / 10000000
Event 1940000 / 10000000
Event 1940343 Number of Jets accepted = 2 Number of DiJets found = 1
Event 1950000 / 10000000
Event 1958091 Number of Jets accepted = 2 Number of DiJets found = 1
Event 1960000 / 10000000
Event 1968121 Number of Jets accepted = 2 Number of DiJets found = 1
Event 1970000 / 10000000
Event 1971656 Number of Jets accepted = 2 Number of DiJets found = 1
Event 1980000 / 10000000
Event 1985435 Number of Jets accepted = 2 Number of DiJets found = 1
Event 1987628 Number of Jets accepted = 2 Number of DiJets found = 1
Event 1990000 / 10000000
Event 1999419 Number of Jets accepted = 2 Number of DiJets found = 1
Event 2000000 / 10000000
Event 2001588 Number of Jets accepted = 2 Number of DiJets found = 1
Event 2010000 / 10000000
Event 2013121 Number of Jets accepted = 2 Number of DiJets found = 1
Event 2020000 / 10000000
Event 2026163 Number of Jets accepted = 2 Number of DiJets found = 1
Event 2027723 Number of Jets accepted = 2 Number of DiJets found = 1
Event 2030000 / 10000000
Event 2038368 Number of Jets accepted = 2 Number of DiJets found = 1
Event 2039318 Number of Jets accepted = 2 Number of DiJets found = 1
Event 2040000 / 10000000
Event 2044136 Number of Jets accepted = 6 Number of DiJets found = 3
Event 2044295 Number of Jets accepted = 2 Number of DiJets found = 1
Event 2050000 / 10000000
Event 2051969 Number of Jets accepted = 2 Number of DiJets found = 1
Event 2058157 Number of Jets accepted = 2 Number of DiJets found = 1
Event 2060000 / 10000000
Event 2067079 Number of Jets accepted = 2 Number of DiJets found = 1
Event 2068554 Number of Jets accepted = 2 Number of DiJets found = 1
Event 2070000 / 10000000
Event 2072927 Number of Jets accepted = 2 Number of DiJets found = 1
Event 2080000 / 10000000
Event 2086926 Number of Jets accepted = 2 Number of DiJets found = 1
Event 2088586 Number of Jets accepted = 2 Number of DiJets found = 1
Event 2090000 / 10000000
Event 2097890 Number of Jets accepted = 2 Number of DiJets found = 1
Event 2098914 Number of Jets accepted = 2 Number of DiJets found = 1
Event 2100000 / 10000000
Event 2110000 / 10000000
Event 2120000 / 10000000
Event 2120998 Number of Jets accepted = 2 Number of DiJets found = 1
Event 2124776 Number of Jets accepted = 2 Number of DiJets found = 1
Event 2125853 Number of Jets accepted = 2 Number of DiJets found = 1
Event 2130000 / 10000000
Event 2139061 Number of Jets accepted = 2 Number of DiJets found = 1
Event 2140000 / 10000000
Event 2140931 Number of Jets accepted = 2 Number of DiJets found = 1
Event 2150000 / 10000000
Event 2160000 / 10000000
Event 2162462 Number of Jets accepted = 2 Number of DiJets found = 1
Event 2170000 / 10000000
Event 2171425 Number of Jets accepted = 2 Number of DiJets found = 1
Event 2175137 Number of Jets accepted = 2 Number of DiJets found = 1
Event 2180000 / 10000000
Event 2187105 Number of Jets accepted = 2 Number of DiJets found = 1
Event 2190000 / 10000000
Event 2200000 / 10000000
Event 2210000 / 10000000
Event 2211759 Number of Jets accepted = 2 Number of DiJets found = 1
Event 2220000 / 10000000
Event 2230000 / 10000000
Event 2230420 Number of Jets accepted = 2 Number of DiJets found = 1
Event 2240000 / 10000000
Event 2250000 / 10000000
Event 2259909 Number of Jets accepted = 2 Number of DiJets found = 1
Event 2260000 / 10000000
Event 2270000 / 10000000
Event 2270147 Number of Jets accepted = 2 Number of DiJets found = 1
Event 2280000 / 10000000
Event 2290000 / 10000000
Event 2300000 / 10000000
Event 2306321 Number of Jets accepted = 2 Number of DiJets found = 1
Event 2310000 / 10000000
Event 2315135 Number of Jets accepted = 2 Number of DiJets found = 1
Event 2320000 / 10000000
Event 2320013 Number of Jets accepted = 2 Number of DiJets found = 1
Event 2325606 Number of Jets accepted = 2 Number of DiJets found = 1
Event 2330000 / 10000000
Event 2340000 / 10000000
Event 2346106 Number of Jets accepted = 2 Number of DiJets found = 1
Event 2350000 / 10000000
Event 2360000 / 10000000
Event 2369426 Number of Jets accepted = 2 Number of DiJets found = 1
Event 2370000 / 10000000
Event 2380000 / 10000000
Event 2390000 / 10000000
Event 2400000 / 10000000
Event 2404831 Number of Jets accepted = 2 Number of DiJets found = 1
Event 2410000 / 10000000
Event 2420000 / 10000000
Event 2430000 / 10000000
Event 2435215 Number of Jets accepted = 2 Number of DiJets found = 1
Event 2440000 / 10000000
Event 2446756 Number of Jets accepted = 2 Number of DiJets found = 1
Event 2450000 / 10000000
Event 2457795 Number of Jets accepted = 2 Number of DiJets found = 1
Event 2460000 / 10000000
Event 2470000 / 10000000
Event 2480000 / 10000000
Event 2490000 / 10000000
Event 2500000 / 10000000
Event 2501777 Number of Jets accepted = 2 Number of DiJets found = 1
Event 2510000 / 10000000
Event 2514521 Number of Jets accepted = 2 Number of DiJets found = 1
Event 2520000 / 10000000
Event 2530000 / 10000000
Event 2540000 / 10000000
Event 2544891 Number of Jets accepted = 2 Number of DiJets found = 1
Event 2550000 / 10000000
Event 2560000 / 10000000
Event 2569870 Number of Jets accepted = 2 Number of DiJets found = 1
Event 2570000 / 10000000
Event 2574965 Number of Jets accepted = 2 Number of DiJets found = 1
Event 2578288 Number of Jets accepted = 2 Number of DiJets found = 1
Event 2580000 / 10000000
Event 2590000 / 10000000
Event 2600000 / 10000000
Event 2606923 Number of Jets accepted = 2 Number of DiJets found = 1
Event 2610000 / 10000000
Event 2616759 Number of Jets accepted = 2 Number of DiJets found = 1
Event 2620000 / 10000000
Event 2623345 Number of Jets accepted = 2 Number of DiJets found = 1
Event 2630000 / 10000000
Event 2640000 / 10000000
Event 2650000 / 10000000
Event 2660000 / 10000000
Event 2662649 Number of Jets accepted = 2 Number of DiJets found = 1
Event 2669709 Number of Jets accepted = 2 Number of DiJets found = 1
Event 2670000 / 10000000
Event 2670712 Number of Jets accepted = 2 Number of DiJets found = 1
Event 2680000 / 10000000
Event 2690000 / 10000000
Event 2697624 Number of Jets accepted = 2 Number of DiJets found = 1
Event 2700000 / 10000000
Event 2710000 / 10000000
Event 2712345 Number of Jets accepted = 2 Number of DiJets found = 1
Event 2720000 / 10000000
Event 2730000 / 10000000
Event 2731312 Number of Jets accepted = 2 Number of DiJets found = 1
Event 2739337 Number of Jets accepted = 2 Number of DiJets found = 1
Event 2740000 / 10000000
Event 2750000 / 10000000
Event 2752519 Number of Jets accepted = 2 Number of DiJets found = 1
Event 2760000 / 10000000
Event 2770000 / 10000000
Event 2780000 / 10000000
Event 2790000 / 10000000
Event 2800000 / 10000000
Event 2810000 / 10000000
Event 2810900 Number of Jets accepted = 2 Number of DiJets found = 1
Event 2820000 / 10000000
Event 2830000 / 10000000
Event 2840000 / 10000000
Event 2850000 / 10000000
Event 2860000 / 10000000
Event 2870000 / 10000000
Event 2870988 Number of Jets accepted = 2 Number of DiJets found = 1
Event 2876088 Number of Jets accepted = 2 Number of DiJets found = 1
Event 2876673 Number of Jets accepted = 2 Number of DiJets found = 1
Event 2880000 / 10000000
Event 2890000 / 10000000
Event 2900000 / 10000000
Event 2900847 Number of Jets accepted = 2 Number of DiJets found = 1
Event 2906338 Number of Jets accepted = 2 Number of DiJets found = 1
Event 2910000 / 10000000
Event 2920000 / 10000000
Event 2930000 / 10000000
Event 2931822 Number of Jets accepted = 2 Number of DiJets found = 1
Event 2940000 / 10000000
Event 2950000 / 10000000
Event 2960000 / 10000000
Event 2967622 Number of Jets accepted = 2 Number of DiJets found = 1
Event 2970000 / 10000000
Event 2973860 Number of Jets accepted = 2 Number of DiJets found = 1
Event 2980000 / 10000000
Event 2983816 Number of Jets accepted = 2 Number of DiJets found = 1
Event 2990000 / 10000000
Event 2999833 Number of Jets accepted = 2 Number of DiJets found = 1
Event 3000000 / 10000000
Event 3010000 / 10000000
Event 3012616 Number of Jets accepted = 2 Number of DiJets found = 1
Event 3019372 Number of Jets accepted = 2 Number of DiJets found = 1
Event 3020000 / 10000000
Event 3030000 / 10000000
Event 3040000 / 10000000
Event 3040043 Number of Jets accepted = 2 Number of DiJets found = 1
Event 3050000 / 10000000
Event 3056632 Number of Jets accepted = 2 Number of DiJets found = 1
Event 3060000 / 10000000
Event 3064524 Number of Jets accepted = 2 Number of DiJets found = 1
Event 3067612 Number of Jets accepted = 2 Number of DiJets found = 1
Event 3070000 / 10000000
Event 3080000 / 10000000
Event 3090000 / 10000000
Event 3100000 / 10000000
Event 3110000 / 10000000
Event 3115072 Number of Jets accepted = 2 Number of DiJets found = 1
Event 3120000 / 10000000
Event 3126602 Number of Jets accepted = 2 Number of DiJets found = 1
Event 3130000 / 10000000
Event 3140000 / 10000000
Event 3146410 Number of Jets accepted = 2 Number of DiJets found = 1
Event 3150000 / 10000000
Event 3158332 Number of Jets accepted = 2 Number of DiJets found = 1
Event 3158786 Number of Jets accepted = 2 Number of DiJets found = 1
Event 3160000 / 10000000
Event 3163326 Number of Jets accepted = 2 Number of DiJets found = 1
Event 3170000 / 10000000
Event 3171391 Number of Jets accepted = 2 Number of DiJets found = 1
Event 3180000 / 10000000
Event 3190000 / 10000000
Event 3198229 Number of Jets accepted = 2 Number of DiJets found = 1
Event 3200000 / 10000000
Event 3210000 / 10000000
Event 3213027 Number of Jets accepted = 2 Number of DiJets found = 1
Event 3220000 / 10000000
Event 3224526 Number of Jets accepted = 2 Number of DiJets found = 1
Event 3230000 / 10000000
Event 3238159 Number of Jets accepted = 2 Number of DiJets found = 1
Event 3240000 / 10000000
Event 3243245 Number of Jets accepted = 2 Number of DiJets found = 1
Event 3250000 / 10000000
Event 3256897 Number of Jets accepted = 2 Number of DiJets found = 1
Event 3260000 / 10000000
Event 3263242 Number of Jets accepted = 2 Number of DiJets found = 1
Event 3270000 / 10000000
Event 3280000 / 10000000
Event 3283451 Number of Jets accepted = 2 Number of DiJets found = 1
Event 3284917 Number of Jets accepted = 2 Number of DiJets found = 1
Event 3288001 Number of Jets accepted = 2 Number of DiJets found = 1
Event 3290000 / 10000000
Event 3294546 Number of Jets accepted = 2 Number of DiJets found = 1
Event 3300000 / 10000000
Event 3309008 Number of Jets accepted = 2 Number of DiJets found = 1
Event 3310000 / 10000000
Event 3314625 Number of Jets accepted = 2 Number of DiJets found = 1
Event 3317934 Number of Jets accepted = 2 Number of DiJets found = 1
Event 3320000 / 10000000
Event 3321138 Number of Jets accepted = 2 Number of DiJets found = 1
Event 3330000 / 10000000
Event 3332166 Number of Jets accepted = 2 Number of DiJets found = 1
Event 3340000 / 10000000
Event 3350000 / 10000000
Event 3360000 / 10000000
Event 3363757 Number of Jets accepted = 2 Number of DiJets found = 1
Event 3364777 Number of Jets accepted = 2 Number of DiJets found = 1
Event 3370000 / 10000000
Event 3371260 Number of Jets accepted = 2 Number of DiJets found = 1
Event 3380000 / 10000000
Event 3385390 Number of Jets accepted = 2 Number of DiJets found = 1
Event 3387358 Number of Jets accepted = 2 Number of DiJets found = 1
Event 3390000 / 10000000
Event 3400000 / 10000000
Event 3405836 Number of Jets accepted = 2 Number of DiJets found = 1
Event 3410000 / 10000000
Event 3420000 / 10000000
Event 3430000 / 10000000
Event 3440000 / 10000000
Event 3447510 Number of Jets accepted = 2 Number of DiJets found = 1
Event 3448140 Number of Jets accepted = 2 Number of DiJets found = 1
Event 3450000 / 10000000
Event 3460000 / 10000000
Event 3470000 / 10000000
Event 3473671 Number of Jets accepted = 2 Number of DiJets found = 1
Event 3480000 / 10000000
Event 3490000 / 10000000
Event 3500000 / 10000000
Event 3506150 Number of Jets accepted = 2 Number of DiJets found = 1
Event 3510000 / 10000000
Event 3520000 / 10000000
Event 3530000 / 10000000
Event 3540000 / 10000000
Event 3550000 / 10000000
Event 3551709 Number of Jets accepted = 2 Number of DiJets found = 1
Event 3553396 Number of Jets accepted = 2 Number of DiJets found = 1
Event 3554700 Number of Jets accepted = 2 Number of DiJets found = 1
Event 3560000 / 10000000
Event 3564541 Number of Jets accepted = 2 Number of DiJets found = 1
Event 3564653 Number of Jets accepted = 2 Number of DiJets found = 1
Event 3570000 / 10000000
Event 3576213 Number of Jets accepted = 2 Number of DiJets found = 1
Event 3580000 / 10000000
Event 3581244 Number of Jets accepted = 2 Number of DiJets found = 1
Event 3582352 Number of Jets accepted = 2 Number of DiJets found = 1
Event 3586018 Number of Jets accepted = 2 Number of DiJets found = 1
Event 3590000 / 10000000
Event 3600000 / 10000000
Event 3606940 Number of Jets accepted = 2 Number of DiJets found = 1
Event 3610000 / 10000000
Event 3618135 Number of Jets accepted = 2 Number of DiJets found = 1
Event 3620000 / 10000000
Event 3621040 Number of Jets accepted = 2 Number of DiJets found = 1
Event 3630000 / 10000000
Event 3640000 / 10000000
Event 3650000 / 10000000
Event 3660000 / 10000000
Event 3667032 Number of Jets accepted = 2 Number of DiJets found = 1
Event 3667474 Number of Jets accepted = 2 Number of DiJets found = 1
Event 3670000 / 10000000
Event 3680000 / 10000000
Event 3690000 / 10000000
Event 3700000 / 10000000
Event 3710000 / 10000000
Event 3720000 / 10000000
Event 3720891 Number of Jets accepted = 2 Number of DiJets found = 1
Event 3730000 / 10000000
Event 3740000 / 10000000
Event 3750000 / 10000000
Event 3760000 / 10000000
Event 3770000 / 10000000
Event 3780000 / 10000000
Event 3790000 / 10000000
Event 3800000 / 10000000
Event 3810000 / 10000000
Event 3820000 / 10000000
Event 3830000 / 10000000
Event 3837876 Number of Jets accepted = 2 Number of DiJets found = 1
Event 3840000 / 10000000
Event 3841966 Number of Jets accepted = 2 Number of DiJets found = 1
Event 3848799 Number of Jets accepted = 2 Number of DiJets found = 1
Event 3849549 Number of Jets accepted = 2 Number of DiJets found = 1
Event 3850000 / 10000000
Event 3860000 / 10000000
Event 3865652 Number of Jets accepted = 2 Number of DiJets found = 1
Event 3870000 / 10000000
Event 3877823 Number of Jets accepted = 2 Number of DiJets found = 1
Event 3880000 / 10000000
Event 3890000 / 10000000
Event 3893439 Number of Jets accepted = 2 Number of DiJets found = 1
Event 3896546 Number of Jets accepted = 2 Number of DiJets found = 1
Event 3900000 / 10000000
Event 3910000 / 10000000
Event 3920000 / 10000000
Event 3930000 / 10000000
Event 3940000 / 10000000
Event 3948420 Number of Jets accepted = 2 Number of DiJets found = 1
Event 3950000 / 10000000
Event 3952755 Number of Jets accepted = 2 Number of DiJets found = 1
Event 3957592 Number of Jets accepted = 2 Number of DiJets found = 1
Event 3960000 / 10000000
Event 3970000 / 10000000
Event 3972232 Number of Jets accepted = 2 Number of DiJets found = 1
Event 3980000 / 10000000
Event 3990000 / 10000000
Event 4000000 / 10000000
Event 4010000 / 10000000
Event 4017884 Number of Jets accepted = 2 Number of DiJets found = 1
Event 4020000 / 10000000
Event 4030000 / 10000000
Event 4036202 Number of Jets accepted = 2 Number of DiJets found = 1
Event 4037854 Number of Jets accepted = 2 Number of DiJets found = 1
Event 4040000 / 10000000
Event 4050000 / 10000000
Event 4060000 / 10000000
Event 4060914 Number of Jets accepted = 2 Number of DiJets found = 1
Event 4061240 Number of Jets accepted = 2 Number of DiJets found = 1
Event 4070000 / 10000000
Event 4080000 / 10000000
Event 4090000 / 10000000
Event 4096532 Number of Jets accepted = 2 Number of DiJets found = 1
Event 4100000 / 10000000
Event 4107418 Number of Jets accepted = 2 Number of DiJets found = 1
Event 4110000 / 10000000
Event 4120000 / 10000000
Event 4130000 / 10000000
Event 4140000 / 10000000
Event 4145472 Number of Jets accepted = 2 Number of DiJets found = 1
Event 4150000 / 10000000
Event 4160000 / 10000000
Event 4163204 Number of Jets accepted = 2 Number of DiJets found = 1
Event 4170000 / 10000000
Event 4176805 Number of Jets accepted = 2 Number of DiJets found = 1
Event 4180000 / 10000000
Event 4180964 Number of Jets accepted = 2 Number of DiJets found = 1
Event 4181657 Number of Jets accepted = 2 Number of DiJets found = 1
Event 4190000 / 10000000
Event 4194946 Number of Jets accepted = 2 Number of DiJets found = 1
Event 4200000 / 10000000
Event 4210000 / 10000000
Event 4213340 Number of Jets accepted = 2 Number of DiJets found = 1
Event 4220000 / 10000000
Event 4225047 Number of Jets accepted = 4 Number of DiJets found = 2
Event 4230000 / 10000000
Event 4240000 / 10000000
Event 4245664 Number of Jets accepted = 2 Number of DiJets found = 1
Event 4250000 / 10000000
Event 4260000 / 10000000
Event 4270000 / 10000000
Event 4280000 / 10000000
Event 4280285 Number of Jets accepted = 2 Number of DiJets found = 1
Event 4290000 / 10000000
Event 4291118 Number of Jets accepted = 2 Number of DiJets found = 1
Event 4299542 Number of Jets accepted = 2 Number of DiJets found = 1
Event 4300000 / 10000000
Event 4309305 Number of Jets accepted = 2 Number of DiJets found = 1
Event 4310000 / 10000000
Event 4320000 / 10000000
Event 4329846 Number of Jets accepted = 2 Number of DiJets found = 1
Event 4330000 / 10000000
Event 4333556 Number of Jets accepted = 2 Number of DiJets found = 1
Event 4338072 Number of Jets accepted = 2 Number of DiJets found = 1
Event 4340000 / 10000000
Event 4350000 / 10000000
Event 4360000 / 10000000
Event 4367367 Number of Jets accepted = 2 Number of DiJets found = 1
Event 4370000 / 10000000
Event 4380000 / 10000000
Event 4390000 / 10000000
Event 4400000 / 10000000
Event 4410000 / 10000000
Event 4417203 Number of Jets accepted = 2 Number of DiJets found = 1
Event 4420000 / 10000000
Event 4420319 Number of Jets accepted = 2 Number of DiJets found = 1
Event 4426165 Number of Jets accepted = 2 Number of DiJets found = 1
Event 4430000 / 10000000
Event 4440000 / 10000000
Event 4450000 / 10000000
Event 4460000 / 10000000
Event 4470000 / 10000000
Event 4471123 Number of Jets accepted = 2 Number of DiJets found = 1
Event 4480000 / 10000000
Event 4490000 / 10000000
Event 4490279 Number of Jets accepted = 2 Number of DiJets found = 1
Event 4500000 / 10000000
Event 4504556 Number of Jets accepted = 2 Number of DiJets found = 1
Event 4510000 / 10000000
Event 4520000 / 10000000
Event 4530000 / 10000000
Event 4540000 / 10000000
Event 4547853 Number of Jets accepted = 2 Number of DiJets found = 1
Event 4550000 / 10000000
Event 4559016 Number of Jets accepted = 2 Number of DiJets found = 1
Event 4560000 / 10000000
Event 4560526 Number of Jets accepted = 2 Number of DiJets found = 1
Event 4569427 Number of Jets accepted = 2 Number of DiJets found = 1
Event 4570000 / 10000000
Event 4580000 / 10000000
Event 4590000 / 10000000
Event 4600000 / 10000000
Event 4603465 Number of Jets accepted = 2 Number of DiJets found = 1
Event 4604947 Number of Jets accepted = 2 Number of DiJets found = 1
Event 4610000 / 10000000
Event 4620000 / 10000000
Event 4630000 / 10000000
Event 4633712 Number of Jets accepted = 2 Number of DiJets found = 1
Event 4639829 Number of Jets accepted = 2 Number of DiJets found = 1
Event 4640000 / 10000000
Event 4649262 Number of Jets accepted = 2 Number of DiJets found = 1
Event 4649712 Number of Jets accepted = 2 Number of DiJets found = 1
Event 4650000 / 10000000
Event 4653353 Number of Jets accepted = 2 Number of DiJets found = 1
Event 4655196 Number of Jets accepted = 2 Number of DiJets found = 1
Event 4660000 / 10000000
Event 4660583 Number of Jets accepted = 2 Number of DiJets found = 1
Event 4666904 Number of Jets accepted = 2 Number of DiJets found = 1
Event 4670000 / 10000000
Event 4680000 / 10000000
Event 4690000 / 10000000
Event 4700000 / 10000000
Event 4703816 Number of Jets accepted = 2 Number of DiJets found = 1
Event 4710000 / 10000000
Event 4720000 / 10000000
Event 4721946 Number of Jets accepted = 2 Number of DiJets found = 1
Event 4730000 / 10000000
Event 4737250 Number of Jets accepted = 2 Number of DiJets found = 1
Event 4740000 / 10000000
Event 4750000 / 10000000
Event 4758900 Number of Jets accepted = 2 Number of DiJets found = 1
Event 4760000 / 10000000
Event 4770000 / 10000000
Event 4780000 / 10000000
Event 4780200 Number of Jets accepted = 2 Number of DiJets found = 1
Event 4788656 Number of Jets accepted = 2 Number of DiJets found = 1
Event 4790000 / 10000000
Event 4800000 / 10000000
Event 4803520 Number of Jets accepted = 2 Number of DiJets found = 1
Event 4806190 Number of Jets accepted = 2 Number of DiJets found = 1
Event 4809187 Number of Jets accepted = 2 Number of DiJets found = 1
Event 4810000 / 10000000
Event 4820000 / 10000000
Event 4822234 Number of Jets accepted = 2 Number of DiJets found = 1
Event 4827202 Number of Jets accepted = 2 Number of DiJets found = 1
Event 4830000 / 10000000
Event 4831973 Number of Jets accepted = 2 Number of DiJets found = 1
Event 4840000 / 10000000
Event 4850000 / 10000000
Event 4851836 Number of Jets accepted = 2 Number of DiJets found = 1
Event 4860000 / 10000000
Event 4860010 Number of Jets accepted = 2 Number of DiJets found = 1
Event 4861361 Number of Jets accepted = 2 Number of DiJets found = 1
Event 4870000 / 10000000
Event 4880000 / 10000000
Event 4887458 Number of Jets accepted = 2 Number of DiJets found = 1
Event 4890000 / 10000000
Event 4897431 Number of Jets accepted = 2 Number of DiJets found = 1
Event 4900000 / 10000000
Event 4910000 / 10000000
Event 4920000 / 10000000
Event 4930000 / 10000000
Event 4940000 / 10000000
Event 4950000 / 10000000
Event 4959198 Number of Jets accepted = 2 Number of DiJets found = 1
Event 4960000 / 10000000
Event 4967937 Number of Jets accepted = 2 Number of DiJets found = 1
Event 4970000 / 10000000
Event 4980000 / 10000000
Event 4990000 / 10000000
Event 5000000 / 10000000
Event 5006303 Number of Jets accepted = 2 Number of DiJets found = 1
Event 5010000 / 10000000
Event 5013552 Number of Jets accepted = 2 Number of DiJets found = 1
Event 5016133 Number of Jets accepted = 2 Number of DiJets found = 1
Event 5020000 / 10000000
Event 5030000 / 10000000
Event 5040000 / 10000000
Event 5050000 / 10000000
Event 5053951 Number of Jets accepted = 2 Number of DiJets found = 1
Event 5056039 Number of Jets accepted = 2 Number of DiJets found = 1
Event 5060000 / 10000000
Event 5070000 / 10000000
Event 5072287 Number of Jets accepted = 2 Number of DiJets found = 1
Event 5072883 Number of Jets accepted = 2 Number of DiJets found = 1
Event 5080000 / 10000000
Event 5090000 / 10000000
Event 5100000 / 10000000
Event 5101178 Number of Jets accepted = 2 Number of DiJets found = 1
Event 5110000 / 10000000
Event 5120000 / 10000000
Event 5128140 Number of Jets accepted = 2 Number of DiJets found = 1
Event 5129193 Number of Jets accepted = 2 Number of DiJets found = 1
Event 5129650 Number of Jets accepted = 2 Number of DiJets found = 1
Event 5130000 / 10000000
Event 5140000 / 10000000
Event 5150000 / 10000000
Event 5160000 / 10000000
Event 5170000 / 10000000
Event 5180000 / 10000000
Event 5182528 Number of Jets accepted = 2 Number of DiJets found = 1
Event 5190000 / 10000000
Event 5200000 / 10000000
Event 5205566 Number of Jets accepted = 2 Number of DiJets found = 1
Event 5210000 / 10000000
Event 5211809 Number of Jets accepted = 2 Number of DiJets found = 1
Event 5216025 Number of Jets accepted = 2 Number of DiJets found = 1
Event 5220000 / 10000000
Event 5230000 / 10000000
Event 5240000 / 10000000
Event 5250000 / 10000000
Event 5251198 Number of Jets accepted = 2 Number of DiJets found = 1
Event 5252991 Number of Jets accepted = 2 Number of DiJets found = 1
Event 5259206 Number of Jets accepted = 2 Number of DiJets found = 1
Event 5260000 / 10000000
Event 5260043 Number of Jets accepted = 2 Number of DiJets found = 1
Event 5270000 / 10000000
Event 5277384 Number of Jets accepted = 2 Number of DiJets found = 1
Event 5280000 / 10000000
Event 5290000 / 10000000
Event 5290061 Number of Jets accepted = 2 Number of DiJets found = 1
Event 5293799 Number of Jets accepted = 2 Number of DiJets found = 1
Event 5300000 / 10000000
Event 5310000 / 10000000
Event 5313611 Number of Jets accepted = 2 Number of DiJets found = 1
Event 5314077 Number of Jets accepted = 2 Number of DiJets found = 1
Event 5320000 / 10000000
Event 5327873 Number of Jets accepted = 2 Number of DiJets found = 1
Event 5329896 Number of Jets accepted = 2 Number of DiJets found = 1
Event 5330000 / 10000000
Event 5330841 Number of Jets accepted = 2 Number of DiJets found = 1
Event 5340000 / 10000000
Event 5350000 / 10000000
Event 5360000 / 10000000
Event 5370000 / 10000000
Event 5380000 / 10000000
Event 5390000 / 10000000
Event 5392010 Number of Jets accepted = 2 Number of DiJets found = 1
Event 5400000 / 10000000
Event 5400341 Number of Jets accepted = 2 Number of DiJets found = 1
Event 5408786 Number of Jets accepted = 2 Number of DiJets found = 1
Event 5410000 / 10000000
Event 5420000 / 10000000
Event 5430000 / 10000000
Event 5440000 / 10000000
Event 5450000 / 10000000
Event 5460000 / 10000000
Event 5470000 / 10000000
Event 5480000 / 10000000
Event 5490000 / 10000000
Event 5492645 Number of Jets accepted = 2 Number of DiJets found = 1
Event 5500000 / 10000000
Event 5502012 Number of Jets accepted = 4 Number of DiJets found = 2
Event 5510000 / 10000000
Event 5514068 Number of Jets accepted = 2 Number of DiJets found = 1
Event 5520000 / 10000000
Event 5530000 / 10000000
Event 5533230 Number of Jets accepted = 2 Number of DiJets found = 1
Event 5536704 Number of Jets accepted = 2 Number of DiJets found = 1
Event 5537748 Number of Jets accepted = 2 Number of DiJets found = 1
Event 5540000 / 10000000
Event 5547800 Number of Jets accepted = 2 Number of DiJets found = 1
Event 5550000 / 10000000
Event 5560000 / 10000000
Event 5570000 / 10000000
Event 5574004 Number of Jets accepted = 2 Number of DiJets found = 1
Event 5580000 / 10000000
Event 5585641 Number of Jets accepted = 2 Number of DiJets found = 1
Event 5590000 / 10000000
Event 5596606 Number of Jets accepted = 2 Number of DiJets found = 1
Event 5600000 / 10000000
Event 5607939 Number of Jets accepted = 2 Number of DiJets found = 1
Event 5608226 Number of Jets accepted = 2 Number of DiJets found = 1
Event 5610000 / 10000000
Event 5620000 / 10000000
Event 5624423 Number of Jets accepted = 2 Number of DiJets found = 1
Event 5630000 / 10000000
Event 5631087 Number of Jets accepted = 2 Number of DiJets found = 1
Event 5640000 / 10000000
Event 5650000 / 10000000
Event 5654619 Number of Jets accepted = 2 Number of DiJets found = 1
Event 5660000 / 10000000
Event 5666159 Number of Jets accepted = 2 Number of DiJets found = 1
Event 5670000 / 10000000
Event 5675843 Number of Jets accepted = 2 Number of DiJets found = 1
Event 5680000 / 10000000
Event 5690000 / 10000000
Event 5700000 / 10000000
Event 5701164 Number of Jets accepted = 2 Number of DiJets found = 1
Event 5710000 / 10000000
Event 5720000 / 10000000
Event 5722454 Number of Jets accepted = 2 Number of DiJets found = 1
Event 5730000 / 10000000
Event 5740000 / 10000000
Event 5750000 / 10000000
Event 5760000 / 10000000
Event 5763792 Number of Jets accepted = 2 Number of DiJets found = 1
Event 5770000 / 10000000
Event 5771037 Number of Jets accepted = 4 Number of DiJets found = 2
Event 5780000 / 10000000
Event 5790000 / 10000000
Event 5790863 Number of Jets accepted = 2 Number of DiJets found = 1
Event 5799392 Number of Jets accepted = 2 Number of DiJets found = 1
Event 5800000 / 10000000
Event 5803862 Number of Jets accepted = 2 Number of DiJets found = 1
Event 5805260 Number of Jets accepted = 2 Number of DiJets found = 1
Event 5810000 / 10000000
Event 5814224 Number of Jets accepted = 2 Number of DiJets found = 1
Event 5820000 / 10000000
Event 5830000 / 10000000
Event 5840000 / 10000000
Event 5850000 / 10000000
Event 5856927 Number of Jets accepted = 2 Number of DiJets found = 1
Event 5857820 Number of Jets accepted = 2 Number of DiJets found = 1
Event 5860000 / 10000000
Event 5869967 Number of Jets accepted = 2 Number of DiJets found = 1
Event 5870000 / 10000000
Event 5880000 / 10000000
Event 5887738 Number of Jets accepted = 2 Number of DiJets found = 1
Event 5890000 / 10000000
Event 5900000 / 10000000
Event 5910000 / 10000000
Event 5920000 / 10000000
Event 5930000 / 10000000
Event 5931095 Number of Jets accepted = 2 Number of DiJets found = 1
Event 5940000 / 10000000
Event 5940240 Number of Jets accepted = 2 Number of DiJets found = 1
Event 5941777 Number of Jets accepted = 2 Number of DiJets found = 1
Event 5947345 Number of Jets accepted = 2 Number of DiJets found = 1
Event 5950000 / 10000000
Event 5960000 / 10000000
Event 5961109 Number of Jets accepted = 2 Number of DiJets found = 1
Event 5967904 Number of Jets accepted = 2 Number of DiJets found = 1
Event 5970000 / 10000000
Event 5972709 Number of Jets accepted = 2 Number of DiJets found = 1
Event 5973361 Number of Jets accepted = 2 Number of DiJets found = 1
Event 5980000 / 10000000
Event 5990000 / 10000000
Event 5995194 Number of Jets accepted = 2 Number of DiJets found = 1
Event 6000000 / 10000000
Event 6010000 / 10000000
Event 6010106 Number of Jets accepted = 2 Number of DiJets found = 1
Event 6020000 / 10000000
Event 6030000 / 10000000
Event 6040000 / 10000000
Event 6044434 Number of Jets accepted = 2 Number of DiJets found = 1
Event 6050000 / 10000000
Event 6053659 Number of Jets accepted = 2 Number of DiJets found = 1
Event 6060000 / 10000000
Event 6070000 / 10000000
Event 6080000 / 10000000
Event 6090000 / 10000000
Event 6100000 / 10000000
Event 6110000 / 10000000
Event 6110287 Number of Jets accepted = 2 Number of DiJets found = 1
Event 6120000 / 10000000
Event 6130000 / 10000000
Event 6132580 Number of Jets accepted = 2 Number of DiJets found = 1
Event 6137136 Number of Jets accepted = 2 Number of DiJets found = 1
Event 6140000 / 10000000
Event 6145283 Number of Jets accepted = 2 Number of DiJets found = 1
Event 6148639 Number of Jets accepted = 2 Number of DiJets found = 1
Event 6150000 / 10000000
Event 6160000 / 10000000
Event 6170000 / 10000000
Event 6180000 / 10000000
Event 6181931 Number of Jets accepted = 2 Number of DiJets found = 1
Event 6190000 / 10000000
Event 6200000 / 10000000
Event 6210000 / 10000000
Event 6220000 / 10000000
Event 6230000 / 10000000
Event 6231801 Number of Jets accepted = 2 Number of DiJets found = 1
Event 6240000 / 10000000
Event 6250000 / 10000000
Event 6256702 Number of Jets accepted = 2 Number of DiJets found = 1
Event 6260000 / 10000000
Event 6268270 Number of Jets accepted = 2 Number of DiJets found = 1
Event 6269026 Number of Jets accepted = 2 Number of DiJets found = 1
Event 6270000 / 10000000
Event 6280000 / 10000000
Event 6288595 Number of Jets accepted = 2 Number of DiJets found = 1
Event 6290000 / 10000000
Event 6300000 / 10000000
Event 6310000 / 10000000
Event 6320000 / 10000000
Event 6330000 / 10000000
Event 6340000 / 10000000
Event 6350000 / 10000000
Event 6355738 Number of Jets accepted = 2 Number of DiJets found = 1
Event 6360000 / 10000000
Event 6367164 Number of Jets accepted = 2 Number of DiJets found = 1
Event 6370000 / 10000000
Event 6380000 / 10000000
Event 6381584 Number of Jets accepted = 2 Number of DiJets found = 1
Event 6389137 Number of Jets accepted = 2 Number of DiJets found = 1
Event 6390000 / 10000000
Event 6391616 Number of Jets accepted = 2 Number of DiJets found = 1
Event 6400000 / 10000000
Event 6410000 / 10000000
Event 6412496 Number of Jets accepted = 2 Number of DiJets found = 1
Event 6420000 / 10000000
Event 6430000 / 10000000
Event 6430320 Number of Jets accepted = 2 Number of DiJets found = 1
Event 6432856 Number of Jets accepted = 2 Number of DiJets found = 1
Event 6439275 Number of Jets accepted = 2 Number of DiJets found = 1
Event 6440000 / 10000000
Event 6450000 / 10000000
Event 6460000 / 10000000
Event 6461220 Number of Jets accepted = 2 Number of DiJets found = 1
Event 6470000 / 10000000
Event 6480000 / 10000000
Event 6490000 / 10000000
Event 6500000 / 10000000
Event 6507259 Number of Jets accepted = 2 Number of DiJets found = 1
Event 6510000 / 10000000
Event 6520000 / 10000000
Event 6520626 Number of Jets accepted = 2 Number of DiJets found = 1
Event 6530000 / 10000000
Event 6534967 Number of Jets accepted = 2 Number of DiJets found = 1
Event 6540000 / 10000000
Event 6550000 / 10000000
Event 6560000 / 10000000
Event 6563199 Number of Jets accepted = 2 Number of DiJets found = 1
Event 6570000 / 10000000
Event 6570050 Number of Jets accepted = 2 Number of DiJets found = 1
Event 6580000 / 10000000
Event 6590000 / 10000000
Event 6590377 Number of Jets accepted = 2 Number of DiJets found = 1
Event 6600000 / 10000000
Event 6610000 / 10000000
Event 6611742 Number of Jets accepted = 2 Number of DiJets found = 1
Event 6613481 Number of Jets accepted = 2 Number of DiJets found = 1
Event 6620000 / 10000000
Event 6621243 Number of Jets accepted = 2 Number of DiJets found = 1
Event 6627165 Number of Jets accepted = 2 Number of DiJets found = 1
Event 6630000 / 10000000
Event 6640000 / 10000000
Event 6648447 Number of Jets accepted = 2 Number of DiJets found = 1
Event 6650000 / 10000000
Event 6654781 Number of Jets accepted = 2 Number of DiJets found = 1
Event 6660000 / 10000000
Event 6670000 / 10000000
Event 6680000 / 10000000
Event 6690000 / 10000000
Event 6698424 Number of Jets accepted = 2 Number of DiJets found = 1
Event 6700000 / 10000000
Event 6710000 / 10000000
Event 6712458 Number of Jets accepted = 2 Number of DiJets found = 1
Event 6720000 / 10000000
Event 6730000 / 10000000
Event 6730056 Number of Jets accepted = 2 Number of DiJets found = 1
Event 6733448 Number of Jets accepted = 2 Number of DiJets found = 1
Event 6740000 / 10000000
Event 6750000 / 10000000
Event 6760000 / 10000000
Event 6769459 Number of Jets accepted = 2 Number of DiJets found = 1
Event 6770000 / 10000000
Event 6780000 / 10000000
Event 6783126 Number of Jets accepted = 2 Number of DiJets found = 1
Event 6790000 / 10000000
Event 6800000 / 10000000
Event 6800056 Number of Jets accepted = 2 Number of DiJets found = 1
Event 6808429 Number of Jets accepted = 2 Number of DiJets found = 1
Event 6810000 / 10000000
Event 6812642 Number of Jets accepted = 2 Number of DiJets found = 1
Event 6820000 / 10000000
Event 6826035 Number of Jets accepted = 2 Number of DiJets found = 1
Event 6826422 Number of Jets accepted = 2 Number of DiJets found = 1
Event 6830000 / 10000000
Event 6840000 / 10000000
Event 6850000 / 10000000
Event 6858607 Number of Jets accepted = 2 Number of DiJets found = 1
Event 6860000 / 10000000
Event 6870000 / 10000000
Event 6870969 Number of Jets accepted = 2 Number of DiJets found = 1
Event 6880000 / 10000000
Event 6890000 / 10000000
Event 6890690 Number of Jets accepted = 2 Number of DiJets found = 1
Event 6894115 Number of Jets accepted = 2 Number of DiJets found = 1
Event 6900000 / 10000000
Event 6903914 Number of Jets accepted = 2 Number of DiJets found = 1
Event 6910000 / 10000000
Event 6920000 / 10000000
Event 6930000 / 10000000
Event 6940000 / 10000000
Event 6950000 / 10000000
Event 6960000 / 10000000
Event 6970000 / 10000000
Event 6977852 Number of Jets accepted = 2 Number of DiJets found = 1
Event 6980000 / 10000000
Event 6990000 / 10000000
Event 7000000 / 10000000
Event 7010000 / 10000000
Event 7020000 / 10000000
Event 7030000 / 10000000
Event 7040000 / 10000000
Event 7049585 Number of Jets accepted = 2 Number of DiJets found = 1
Event 7050000 / 10000000
Event 7056329 Number of Jets accepted = 2 Number of DiJets found = 1
Event 7060000 / 10000000
Event 7070000 / 10000000
Event 7073498 Number of Jets accepted = 2 Number of DiJets found = 1
Event 7080000 / 10000000
Event 7090000 / 10000000
Event 7100000 / 10000000
Event 7110000 / 10000000
Event 7112047 Number of Jets accepted = 2 Number of DiJets found = 1
Event 7120000 / 10000000
Event 7130000 / 10000000
Event 7132364 Number of Jets accepted = 2 Number of DiJets found = 1
Event 7140000 / 10000000
Event 7144220 Number of Jets accepted = 2 Number of DiJets found = 1
Event 7144812 Number of Jets accepted = 2 Number of DiJets found = 1
Event 7150000 / 10000000
Event 7150058 Number of Jets accepted = 2 Number of DiJets found = 1
Event 7155087 Number of Jets accepted = 2 Number of DiJets found = 1
Event 7156940 Number of Jets accepted = 2 Number of DiJets found = 1
Event 7160000 / 10000000
Event 7170000 / 10000000
Event 7180000 / 10000000
Event 7188551 Number of Jets accepted = 2 Number of DiJets found = 1
Event 7190000 / 10000000
Event 7200000 / 10000000
Event 7200060 Number of Jets accepted = 2 Number of DiJets found = 1
Event 7210000 / 10000000
Event 7212754 Number of Jets accepted = 2 Number of DiJets found = 1
Event 7220000 / 10000000
Event 7228442 Number of Jets accepted = 2 Number of DiJets found = 1
Event 7230000 / 10000000
Event 7240000 / 10000000
Event 7242178 Number of Jets accepted = 2 Number of DiJets found = 1
Event 7250000 / 10000000
Event 7260000 / 10000000
Event 7270000 / 10000000
Event 7272766 Number of Jets accepted = 2 Number of DiJets found = 1
Event 7280000 / 10000000
Event 7280399 Number of Jets accepted = 2 Number of DiJets found = 1
Event 7290000 / 10000000
Event 7300000 / 10000000
Event 7300352 Number of Jets accepted = 2 Number of DiJets found = 1
Event 7310000 / 10000000
Event 7315241 Number of Jets accepted = 2 Number of DiJets found = 1
Event 7320000 / 10000000
Event 7330000 / 10000000
Event 7340000 / 10000000
Event 7350000 / 10000000
Event 7360000 / 10000000
Event 7361471 Number of Jets accepted = 2 Number of DiJets found = 1
Event 7370000 / 10000000
Event 7374164 Number of Jets accepted = 2 Number of DiJets found = 1
Event 7380000 / 10000000
Event 7390000 / 10000000
Event 7400000 / 10000000
Event 7410000 / 10000000
Event 7420000 / 10000000
Event 7430000 / 10000000
Event 7435206 Number of Jets accepted = 2 Number of DiJets found = 1
Event 7440000 / 10000000
Event 7444187 Number of Jets accepted = 2 Number of DiJets found = 1
Event 7450000 / 10000000
Event 7460000 / 10000000
Event 7470000 / 10000000
Event 7473476 Number of Jets accepted = 2 Number of DiJets found = 1
Event 7473578 Number of Jets accepted = 2 Number of DiJets found = 1
Event 7476736 Number of Jets accepted = 2 Number of DiJets found = 1
Event 7477292 Number of Jets accepted = 2 Number of DiJets found = 1
Event 7480000 / 10000000
Event 7490000 / 10000000
Event 7494736 Number of Jets accepted = 2 Number of DiJets found = 1
Event 7500000 / 10000000
Event 7510000 / 10000000
Event 7520000 / 10000000
Event 7528134 Number of Jets accepted = 2 Number of DiJets found = 1
Event 7530000 / 10000000
Event 7532778 Number of Jets accepted = 2 Number of DiJets found = 1
Event 7535180 Number of Jets accepted = 2 Number of DiJets found = 1
Event 7540000 / 10000000
Event 7540003 Number of Jets accepted = 2 Number of DiJets found = 1
Event 7550000 / 10000000
Event 7554336 Number of Jets accepted = 2 Number of DiJets found = 1
Event 7560000 / 10000000
Event 7570000 / 10000000
Event 7575413 Number of Jets accepted = 2 Number of DiJets found = 1
Event 7580000 / 10000000
Event 7590000 / 10000000
Event 7600000 / 10000000
Event 7600007 Number of Jets accepted = 2 Number of DiJets found = 1
Event 7604785 Number of Jets accepted = 2 Number of DiJets found = 1
Event 7607601 Number of Jets accepted = 2 Number of DiJets found = 1
Event 7610000 / 10000000
Event 7620000 / 10000000
Event 7630000 / 10000000
Event 7630796 Number of Jets accepted = 2 Number of DiJets found = 1
Event 7640000 / 10000000
Event 7646443 Number of Jets accepted = 4 Number of DiJets found = 2
Event 7646861 Number of Jets accepted = 2 Number of DiJets found = 1
Event 7650000 / 10000000
Event 7660000 / 10000000
Event 7670000 / 10000000
Event 7680000 / 10000000
Event 7680194 Number of Jets accepted = 2 Number of DiJets found = 1
Event 7682763 Number of Jets accepted = 2 Number of DiJets found = 1
Event 7683600 Number of Jets accepted = 2 Number of DiJets found = 1
Event 7690000 / 10000000
Event 7697694 Number of Jets accepted = 2 Number of DiJets found = 1
Event 7698005 Number of Jets accepted = 4 Number of DiJets found = 2
Event 7700000 / 10000000
Event 7701147 Number of Jets accepted = 2 Number of DiJets found = 1
Event 7704239 Number of Jets accepted = 2 Number of DiJets found = 1
Event 7708671 Number of Jets accepted = 2 Number of DiJets found = 1
Event 7710000 / 10000000
Event 7719580 Number of Jets accepted = 2 Number of DiJets found = 1
Event 7720000 / 10000000
Event 7730000 / 10000000
Event 7738317 Number of Jets accepted = 2 Number of DiJets found = 1
Event 7738784 Number of Jets accepted = 2 Number of DiJets found = 1
Event 7740000 / 10000000
Event 7746864 Number of Jets accepted = 2 Number of DiJets found = 1
Event 7750000 / 10000000
Event 7759346 Number of Jets accepted = 2 Number of DiJets found = 1
Event 7760000 / 10000000
Event 7760740 Number of Jets accepted = 2 Number of DiJets found = 1
Event 7764545 Number of Jets accepted = 2 Number of DiJets found = 1
Event 7768403 Number of Jets accepted = 2 Number of DiJets found = 1
Event 7770000 / 10000000
Event 7780000 / 10000000
Event 7784748 Number of Jets accepted = 2 Number of DiJets found = 1
Event 7790000 / 10000000
Event 7800000 / 10000000
Event 7802193 Number of Jets accepted = 2 Number of DiJets found = 1
Event 7810000 / 10000000
Event 7815859 Number of Jets accepted = 2 Number of DiJets found = 1
Event 7820000 / 10000000
Event 7830000 / 10000000
Event 7838050 Number of Jets accepted = 2 Number of DiJets found = 1
Event 7840000 / 10000000
Event 7850000 / 10000000
Event 7857123 Number of Jets accepted = 4 Number of DiJets found = 2
Event 7857837 Number of Jets accepted = 2 Number of DiJets found = 1
Event 7857875 Number of Jets accepted = 2 Number of DiJets found = 1
Event 7860000 / 10000000
Event 7870000 / 10000000
Event 7878608 Number of Jets accepted = 2 Number of DiJets found = 1
Event 7880000 / 10000000
Event 7888015 Number of Jets accepted = 2 Number of DiJets found = 1
Event 7890000 / 10000000
Event 7892421 Number of Jets accepted = 2 Number of DiJets found = 1
Event 7900000 / 10000000
Event 7904300 Number of Jets accepted = 2 Number of DiJets found = 1
Event 7908105 Number of Jets accepted = 2 Number of DiJets found = 1
Event 7910000 / 10000000
Event 7920000 / 10000000
Event 7922901 Number of Jets accepted = 2 Number of DiJets found = 1
Event 7930000 / 10000000
Event 7938457 Number of Jets accepted = 2 Number of DiJets found = 1
Event 7940000 / 10000000
Event 7950000 / 10000000
Event 7950122 Number of Jets accepted = 2 Number of DiJets found = 1
Event 7950632 Number of Jets accepted = 2 Number of DiJets found = 1
Event 7952175 Number of Jets accepted = 2 Number of DiJets found = 1
Event 7960000 / 10000000
Event 7970000 / 10000000
Event 7980000 / 10000000
Event 7987650 Number of Jets accepted = 2 Number of DiJets found = 1
Event 7990000 / 10000000
Event 8000000 / 10000000
Event 8000801 Number of Jets accepted = 2 Number of DiJets found = 1
Event 8010000 / 10000000
Event 8019721 Number of Jets accepted = 2 Number of DiJets found = 1
Event 8020000 / 10000000
Event 8030000 / 10000000
Event 8040000 / 10000000
Event 8048705 Number of Jets accepted = 2 Number of DiJets found = 1
Event 8050000 / 10000000
Event 8056331 Number of Jets accepted = 2 Number of DiJets found = 1
Event 8060000 / 10000000
Event 8070000 / 10000000
Event 8073971 Number of Jets accepted = 2 Number of DiJets found = 1
Event 8080000 / 10000000
Event 8086093 Number of Jets accepted = 2 Number of DiJets found = 1
Event 8090000 / 10000000
Event 8092211 Number of Jets accepted = 2 Number of DiJets found = 1
Event 8100000 / 10000000
Event 8110000 / 10000000
Event 8118303 Number of Jets accepted = 2 Number of DiJets found = 1
Event 8120000 / 10000000
Event 8130000 / 10000000
Event 8135648 Number of Jets accepted = 2 Number of DiJets found = 1
Event 8140000 / 10000000
Event 8147272 Number of Jets accepted = 2 Number of DiJets found = 1
Event 8150000 / 10000000
Event 8160000 / 10000000
Event 8163463 Number of Jets accepted = 2 Number of DiJets found = 1
Event 8170000 / 10000000
Event 8177923 Number of Jets accepted = 2 Number of DiJets found = 1
Event 8180000 / 10000000
Event 8190000 / 10000000
Event 8191154 Number of Jets accepted = 2 Number of DiJets found = 1
Event 8200000 / 10000000
Event 8203720 Number of Jets accepted = 2 Number of DiJets found = 1
Event 8210000 / 10000000
Event 8218627 Number of Jets accepted = 2 Number of DiJets found = 1
Event 8220000 / 10000000
Event 8230000 / 10000000
Event 8236249 Number of Jets accepted = 2 Number of DiJets found = 1
Event 8236702 Number of Jets accepted = 2 Number of DiJets found = 1
Event 8240000 / 10000000
Event 8241531 Number of Jets accepted = 2 Number of DiJets found = 1
Event 8245389 Number of Jets accepted = 2 Number of DiJets found = 1
Event 8249144 Number of Jets accepted = 2 Number of DiJets found = 1
Event 8250000 / 10000000
Event 8260000 / 10000000
Event 8270000 / 10000000
Event 8276271 Number of Jets accepted = 2 Number of DiJets found = 1
Event 8280000 / 10000000
Event 8290000 / 10000000
Event 8299750 Number of Jets accepted = 2 Number of DiJets found = 1
Event 8300000 / 10000000
Event 8310000 / 10000000
Event 8314671 Number of Jets accepted = 2 Number of DiJets found = 1
Event 8320000 / 10000000
Event 8330000 / 10000000
Event 8335264 Number of Jets accepted = 2 Number of DiJets found = 1
Event 8340000 / 10000000
Event 8350000 / 10000000
Event 8360000 / 10000000
Event 8370000 / 10000000
Event 8370229 Number of Jets accepted = 2 Number of DiJets found = 1
Event 8380000 / 10000000
Event 8390000 / 10000000
Event 8395561 Number of Jets accepted = 2 Number of DiJets found = 1
Event 8400000 / 10000000
Event 8410000 / 10000000
Event 8411995 Number of Jets accepted = 2 Number of DiJets found = 1
Event 8413610 Number of Jets accepted = 2 Number of DiJets found = 1
Event 8420000 / 10000000
Event 8426428 Number of Jets accepted = 2 Number of DiJets found = 1
Event 8427951 Number of Jets accepted = 2 Number of DiJets found = 1
Event 8429445 Number of Jets accepted = 2 Number of DiJets found = 1
Event 8430000 / 10000000
Event 8432892 Number of Jets accepted = 2 Number of DiJets found = 1
Event 8440000 / 10000000
Event 8450000 / 10000000
Event 8454306 Number of Jets accepted = 2 Number of DiJets found = 1
Event 8460000 / 10000000
Event 8469761 Number of Jets accepted = 2 Number of DiJets found = 1
Event 8470000 / 10000000
Event 8480000 / 10000000
Event 8490000 / 10000000
Event 8495433 Number of Jets accepted = 2 Number of DiJets found = 1
Event 8500000 / 10000000
Event 8505003 Number of Jets accepted = 2 Number of DiJets found = 1
Event 8507660 Number of Jets accepted = 2 Number of DiJets found = 1
Event 8510000 / 10000000
Event 8520000 / 10000000
Event 8522282 Number of Jets accepted = 2 Number of DiJets found = 1
Event 8530000 / 10000000
Event 8536446 Number of Jets accepted = 2 Number of DiJets found = 1
Event 8540000 / 10000000
Event 8550000 / 10000000
Event 8552252 Number of Jets accepted = 2 Number of DiJets found = 1
Event 8560000 / 10000000
Event 8570000 / 10000000
Event 8573924 Number of Jets accepted = 2 Number of DiJets found = 1
Event 8580000 / 10000000
Event 8582950 Number of Jets accepted = 2 Number of DiJets found = 1
Event 8590000 / 10000000
Event 8600000 / 10000000
Event 8610000 / 10000000
Event 8620000 / 10000000
Event 8630000 / 10000000
Event 8640000 / 10000000
Event 8644132 Number of Jets accepted = 2 Number of DiJets found = 1
Event 8650000 / 10000000
Event 8659849 Number of Jets accepted = 2 Number of DiJets found = 1
Event 8660000 / 10000000
Event 8661533 Number of Jets accepted = 2 Number of DiJets found = 1
Event 8670000 / 10000000
Event 8680000 / 10000000
Event 8690000 / 10000000
Event 8700000 / 10000000
Event 8707933 Number of Jets accepted = 2 Number of DiJets found = 1
Event 8710000 / 10000000
Event 8720000 / 10000000
Event 8730000 / 10000000
Event 8731457 Number of Jets accepted = 2 Number of DiJets found = 1
Event 8740000 / 10000000
Event 8750000 / 10000000
Event 8754346 Number of Jets accepted = 2 Number of DiJets found = 1
Event 8760000 / 10000000
Event 8760019 Number of Jets accepted = 2 Number of DiJets found = 1
Event 8763554 Number of Jets accepted = 2 Number of DiJets found = 1
Event 8770000 / 10000000
Event 8778102 Number of Jets accepted = 2 Number of DiJets found = 1
Event 8778246 Number of Jets accepted = 2 Number of DiJets found = 1
Event 8780000 / 10000000
Event 8790000 / 10000000
Event 8792805 Number of Jets accepted = 2 Number of DiJets found = 1
Event 8800000 / 10000000
Event 8805136 Number of Jets accepted = 2 Number of DiJets found = 1
Event 8808072 Number of Jets accepted = 2 Number of DiJets found = 1
Event 8810000 / 10000000
Event 8813515 Number of Jets accepted = 2 Number of DiJets found = 1
Event 8820000 / 10000000
Event 8821565 Number of Jets accepted = 2 Number of DiJets found = 1
Event 8830000 / 10000000
Event 8833512 Number of Jets accepted = 2 Number of DiJets found = 1
Event 8840000 / 10000000
Event 8845705 Number of Jets accepted = 2 Number of DiJets found = 1
Event 8850000 / 10000000
Event 8860000 / 10000000
Event 8870000 / 10000000
Event 8879223 Number of Jets accepted = 2 Number of DiJets found = 1
Event 8880000 / 10000000
Event 8889291 Number of Jets accepted = 2 Number of DiJets found = 1
Event 8889870 Number of Jets accepted = 2 Number of DiJets found = 1
Event 8890000 / 10000000
Event 8900000 / 10000000
Event 8901835 Number of Jets accepted = 2 Number of DiJets found = 1
Event 8910000 / 10000000
Event 8912210 Number of Jets accepted = 2 Number of DiJets found = 1
Event 8920000 / 10000000
Event 8925026 Number of Jets accepted = 2 Number of DiJets found = 1
Event 8926896 Number of Jets accepted = 2 Number of DiJets found = 1
Event 8930000 / 10000000
Event 8940000 / 10000000
Event 8947112 Number of Jets accepted = 2 Number of DiJets found = 1
Event 8947686 Number of Jets accepted = 2 Number of DiJets found = 1
Event 8950000 / 10000000
Event 8960000 / 10000000
Event 8965524 Number of Jets accepted = 2 Number of DiJets found = 1
Event 8970000 / 10000000
Event 8970480 Number of Jets accepted = 2 Number of DiJets found = 1
Event 8978275 Number of Jets accepted = 2 Number of DiJets found = 1
Event 8980000 / 10000000
Event 8980807 Number of Jets accepted = 2 Number of DiJets found = 1
Event 8983602 Number of Jets accepted = 2 Number of DiJets found = 1
Event 8990000 / 10000000
Event 9000000 / 10000000
Event 9010000 / 10000000
Event 9020000 / 10000000
Event 9030000 / 10000000
Event 9038922 Number of Jets accepted = 2 Number of DiJets found = 1
Event 9040000 / 10000000
Event 9044157 Number of Jets accepted = 2 Number of DiJets found = 1
Event 9050000 / 10000000
Event 9060000 / 10000000
Event 9070000 / 10000000
Event 9074615 Number of Jets accepted = 2 Number of DiJets found = 1
Event 9080000 / 10000000
Event 9090000 / 10000000
Event 9100000 / 10000000
Event 9110000 / 10000000
Event 9120000 / 10000000
Event 9127936 Number of Jets accepted = 2 Number of DiJets found = 1
Event 9130000 / 10000000
Event 9139109 Number of Jets accepted = 2 Number of DiJets found = 1
Event 9140000 / 10000000
Event 9150000 / 10000000
Event 9160000 / 10000000
Event 9161875 Number of Jets accepted = 2 Number of DiJets found = 1
Event 9170000 / 10000000
Event 9170082 Number of Jets accepted = 2 Number of DiJets found = 1
Event 9178789 Number of Jets accepted = 2 Number of DiJets found = 1
Event 9180000 / 10000000
Event 9190000 / 10000000
Event 9200000 / 10000000
Event 9208520 Number of Jets accepted = 2 Number of DiJets found = 1
Event 9210000 / 10000000
Event 9215965 Number of Jets accepted = 2 Number of DiJets found = 1
Event 9217550 Number of Jets accepted = 2 Number of DiJets found = 1
Event 9220000 / 10000000
Event 9230000 / 10000000
Event 9240000 / 10000000
Event 9250000 / 10000000
Event 9256394 Number of Jets accepted = 2 Number of DiJets found = 1
Event 9256949 Number of Jets accepted = 2 Number of DiJets found = 1
Event 9260000 / 10000000
Event 9266750 Number of Jets accepted = 2 Number of DiJets found = 1
Event 9268565 Number of Jets accepted = 2 Number of DiJets found = 1
Event 9270000 / 10000000
Event 9280000 / 10000000
Event 9280262 Number of Jets accepted = 2 Number of DiJets found = 1
Event 9280533 Number of Jets accepted = 2 Number of DiJets found = 1
Event 9287154 Number of Jets accepted = 2 Number of DiJets found = 1
Event 9290000 / 10000000
Event 9300000 / 10000000
Event 9302644 Number of Jets accepted = 2 Number of DiJets found = 1
Event 9310000 / 10000000
Event 9320000 / 10000000
Event 9330000 / 10000000
Event 9334068 Number of Jets accepted = 2 Number of DiJets found = 1
Event 9336653 Number of Jets accepted = 2 Number of DiJets found = 1
Event 9337186 Number of Jets accepted = 2 Number of DiJets found = 1
Event 9340000 / 10000000
Event 9344299 Number of Jets accepted = 2 Number of DiJets found = 1
Event 9350000 / 10000000
Event 9360000 / 10000000
Event 9370000 / 10000000
Event 9380000 / 10000000
Event 9390000 / 10000000
Event 9399291 Number of Jets accepted = 2 Number of DiJets found = 1
Event 9400000 / 10000000
Event 9401171 Number of Jets accepted = 2 Number of DiJets found = 1
Event 9401605 Number of Jets accepted = 2 Number of DiJets found = 1
Event 9410000 / 10000000
Event 9420000 / 10000000
Event 9430000 / 10000000
Event 9432845 Number of Jets accepted = 2 Number of DiJets found = 1
Event 9440000 / 10000000
Event 9450000 / 10000000
Event 9451133 Number of Jets accepted = 2 Number of DiJets found = 1
Event 9455191 Number of Jets accepted = 2 Number of DiJets found = 1
Event 9460000 / 10000000
Event 9464864 Number of Jets accepted = 2 Number of DiJets found = 1
Event 9468602 Number of Jets accepted = 2 Number of DiJets found = 1
Event 9470000 / 10000000
Event 9478647 Number of Jets accepted = 2 Number of DiJets found = 1
Event 9480000 / 10000000
Event 9481741 Number of Jets accepted = 2 Number of DiJets found = 1
Event 9484945 Number of Jets accepted = 2 Number of DiJets found = 1
Event 9490000 / 10000000
Event 9494369 Number of Jets accepted = 2 Number of DiJets found = 1
Event 9500000 / 10000000
Event 9510000 / 10000000
Event 9512858 Number of Jets accepted = 4 Number of DiJets found = 2
Event 9520000 / 10000000
Event 9520432 Number of Jets accepted = 2 Number of DiJets found = 1
Event 9525091 Number of Jets accepted = 2 Number of DiJets found = 1
Event 9530000 / 10000000
Event 9534719 Number of Jets accepted = 2 Number of DiJets found = 1
Event 9540000 / 10000000
Event 9550000 / 10000000
Event 9560000 / 10000000
Event 9562075 Number of Jets accepted = 2 Number of DiJets found = 1
Event 9570000 / 10000000
Event 9580000 / 10000000
Event 9590000 / 10000000
Event 9600000 / 10000000
Event 9610000 / 10000000
Event 9611922 Number of Jets accepted = 2 Number of DiJets found = 1
Event 9613059 Number of Jets accepted = 2 Number of DiJets found = 1
Event 9620000 / 10000000
Event 9625027 Number of Jets accepted = 2 Number of DiJets found = 1
Event 9630000 / 10000000
Event 9640000 / 10000000
Event 9645148 Number of Jets accepted = 2 Number of DiJets found = 1
Event 9647622 Number of Jets accepted = 2 Number of DiJets found = 1
Event 9650000 / 10000000
Event 9652737 Number of Jets accepted = 2 Number of DiJets found = 1
Event 9660000 / 10000000
Event 9665551 Number of Jets accepted = 2 Number of DiJets found = 1
Event 9669971 Number of Jets accepted = 2 Number of DiJets found = 1
Event 9670000 / 10000000
Event 9673675 Number of Jets accepted = 2 Number of DiJets found = 1
Event 9677030 Number of Jets accepted = 2 Number of DiJets found = 1
Event 9679438 Number of Jets accepted = 2 Number of DiJets found = 1
Event 9680000 / 10000000
Event 9690000 / 10000000
Event 9700000 / 10000000
Event 9710000 / 10000000
Event 9710710 Number of Jets accepted = 2 Number of DiJets found = 1
Event 9719055 Number of Jets accepted = 2 Number of DiJets found = 1
Event 9720000 / 10000000
Event 9727069 Number of Jets accepted = 2 Number of DiJets found = 1
Event 9727154 Number of Jets accepted = 2 Number of DiJets found = 1
Event 9730000 / 10000000
Event 9740000 / 10000000
Event 9741677 Number of Jets accepted = 2 Number of DiJets found = 1
Event 9743434 Number of Jets accepted = 2 Number of DiJets found = 1
Event 9750000 / 10000000
Event 9751201 Number of Jets accepted = 2 Number of DiJets found = 1
Event 9752960 Number of Jets accepted = 2 Number of DiJets found = 1
Event 9760000 / 10000000
Event 9764106 Number of Jets accepted = 2 Number of DiJets found = 1
Event 9770000 / 10000000
Event 9780000 / 10000000
Event 9787395 Number of Jets accepted = 2 Number of DiJets found = 1
Event 9790000 / 10000000
Event 9800000 / 10000000
Event 9810000 / 10000000
Event 9812307 Number of Jets accepted = 2 Number of DiJets found = 1
Event 9820000 / 10000000
Event 9830000 / 10000000
Event 9840000 / 10000000
Event 9850000 / 10000000
Event 9855657 Number of Jets accepted = 2 Number of DiJets found = 1
Event 9860000 / 10000000
Event 9870000 / 10000000
Event 9878255 Number of Jets accepted = 2 Number of DiJets found = 1
Event 9880000 / 10000000
Event 9890000 / 10000000
Event 9893372 Number of Jets accepted = 2 Number of DiJets found = 1
Event 9894305 Number of Jets accepted = 2 Number of DiJets found = 1
Event 9897965 Number of Jets accepted = 2 Number of DiJets found = 1
Event 9900000 / 10000000
Event 9900307 Number of Jets accepted = 2 Number of DiJets found = 1
Event 9910000 / 10000000
Event 9918203 Number of Jets accepted = 2 Number of DiJets found = 1
Event 9920000 / 10000000
Event 9924952 Number of Jets accepted = 2 Number of DiJets found = 1
Event 9930000 / 10000000
Event 9937492 Number of Jets accepted = 2 Number of DiJets found = 1
Event 9940000 / 10000000
Event 9950000 / 10000000
Event 9960000 / 10000000
Event 9968180 Number of Jets accepted = 2 Number of DiJets found = 1
Event 9970000 / 10000000
Event 9980000 / 10000000
Event 9990000 / 10000000

Found 664 events with jets.

Time elapsed: Real time 40:11:18, CP time 142220.430
