Input path set as: /media/scratch/packard/db/.

Filename set as: pp10mEv_7TeV_ptHatMin0GeV_run3.

opening:   /media/scratch/packard/db/pp10mEv_7TeV_ptHatMin0GeV_run3.root


External input: /media/external1/packard/db/RChange/R2NOCHARGE received for output path! Overriding default...

Output path set as /media/external1/packard/db/RChange/R2NOCHARGE. Will write contents to this directory!

External input 0.2 received for R! Overriding default...

External input 0.4 received for OpeningAngle! Overriding default...

External input 5 received for jet_ptmin! Overriding default...

External input 8 received for LeadPtMin! Overriding default...

External input 5 received for SubLeadPtMin! Overriding default...

External input 200 received for max_track_rap! Overriding default...

External input 0 receieved for PtConsLo! Overriding default...

External input 1 received for PtConsHi! Overriding default...

R: 0.2

OpeningAngle: 0.4

jet_ptmin: 5

LeadPtMin: 8

SubLeadPtMin: 5

max_track_rap: 200

PtConsLo: 0

PtConsHi: 1

Number of events: 10000000.Event 0 / 10000000
#--------------------------------------------------------------------------
#                         FastJet release 3.2.1
#                 M. Cacciari, G.P. Salam and G. Soyez                  
#     A software package for jet finding and analysis at colliders      
#                           http://fastjet.fr                           
#	                                                                      
# Please cite EPJC72(2012)1896 [arXiv:1111.6097] if you use this package
# for scientific work and optionally PLB641(2006)57 [hep-ph/0512210].   
#                                                                       
# FastJet is provided without warranty under the terms of the GNU GPLv2.
# It uses T. Chan's closest pair algorithm, S. Fortune's Voronoi code
# and 3rd party plugin jet algorithms. See COPYING file for details.
#--------------------------------------------------------------------------
Event 10000 / 10000000
Event 14027 Number of Jets accepted = 2 Number of DiJets found = 1
Event 20000 / 10000000
Event 30000 / 10000000
Event 40000 / 10000000
Event 47245 Number of Jets accepted = 2 Number of DiJets found = 1
Event 50000 / 10000000
Event 60000 / 10000000
Event 70000 / 10000000
Event 79558 Number of Jets accepted = 2 Number of DiJets found = 1
Event 80000 / 10000000
Event 85124 Number of Jets accepted = 2 Number of DiJets found = 1
Event 90000 / 10000000
Event 94263 Number of Jets accepted = 2 Number of DiJets found = 1
Event 100000 / 10000000
Event 110000 / 10000000
Event 120000 / 10000000
Event 127608 Number of Jets accepted = 2 Number of DiJets found = 1
Event 129250 Number of Jets accepted = 2 Number of DiJets found = 1
Event 130000 / 10000000
Event 140000 / 10000000
Event 146202 Number of Jets accepted = 2 Number of DiJets found = 1
Event 148005 Number of Jets accepted = 2 Number of DiJets found = 1
Event 150000 / 10000000
Event 160000 / 10000000
Event 170000 / 10000000
Event 180000 / 10000000
Event 182585 Number of Jets accepted = 2 Number of DiJets found = 1
Event 190000 / 10000000
Event 198801 Number of Jets accepted = 2 Number of DiJets found = 1
Event 200000 / 10000000
Event 207542 Number of Jets accepted = 2 Number of DiJets found = 1
Event 210000 / 10000000
Event 220000 / 10000000
Event 220966 Number of Jets accepted = 2 Number of DiJets found = 1
Event 230000 / 10000000
Event 235274 Number of Jets accepted = 2 Number of DiJets found = 1
Event 240000 / 10000000
Event 250000 / 10000000
Event 260000 / 10000000
Event 270000 / 10000000
Event 280000 / 10000000
Event 290000 / 10000000
Event 300000 / 10000000
Event 310000 / 10000000
Event 316084 Number of Jets accepted = 2 Number of DiJets found = 1
Event 320000 / 10000000
Event 330000 / 10000000
Event 340000 / 10000000
Event 340848 Number of Jets accepted = 2 Number of DiJets found = 1
Event 350000 / 10000000
Event 360000 / 10000000
Event 367968 Number of Jets accepted = 2 Number of DiJets found = 1
Event 370000 / 10000000
Event 375488 Number of Jets accepted = 2 Number of DiJets found = 1
Event 380000 / 10000000
Event 390000 / 10000000
Event 396201 Number of Jets accepted = 2 Number of DiJets found = 1
Event 399025 Number of Jets accepted = 2 Number of DiJets found = 1
Event 399094 Number of Jets accepted = 4 Number of DiJets found = 2
Event 400000 / 10000000
Event 410000 / 10000000
Event 411557 Number of Jets accepted = 2 Number of DiJets found = 1
Event 420000 / 10000000
Event 421508 Number of Jets accepted = 2 Number of DiJets found = 1
Event 430000 / 10000000
Event 440000 / 10000000
Event 450000 / 10000000
Event 457051 Number of Jets accepted = 2 Number of DiJets found = 1
Event 460000 / 10000000
Event 468334 Number of Jets accepted = 2 Number of DiJets found = 1
Event 470000 / 10000000
Event 474914 Number of Jets accepted = 2 Number of DiJets found = 1
Event 480000 / 10000000
Event 482755 Number of Jets accepted = 2 Number of DiJets found = 1
Event 486879 Number of Jets accepted = 2 Number of DiJets found = 1
Event 490000 / 10000000
Event 500000 / 10000000
Event 500153 Number of Jets accepted = 2 Number of DiJets found = 1
Event 501531 Number of Jets accepted = 2 Number of DiJets found = 1
Event 501597 Number of Jets accepted = 2 Number of DiJets found = 1
Event 510000 / 10000000
Event 520000 / 10000000
Event 525259 Number of Jets accepted = 2 Number of DiJets found = 1
Event 525479 Number of Jets accepted = 2 Number of DiJets found = 1
Event 530000 / 10000000
Event 540000 / 10000000
Event 549388 Number of Jets accepted = 2 Number of DiJets found = 1
Event 550000 / 10000000
Event 556774 Number of Jets accepted = 2 Number of DiJets found = 1
Event 560000 / 10000000
Event 565563 Number of Jets accepted = 2 Number of DiJets found = 1
Event 569831 Number of Jets accepted = 2 Number of DiJets found = 1
Event 570000 / 10000000
Event 580000 / 10000000
Event 581316 Number of Jets accepted = 2 Number of DiJets found = 1
Event 590000 / 10000000
Event 600000 / 10000000
Event 606325 Number of Jets accepted = 4 Number of DiJets found = 2
Event 610000 / 10000000
Event 613212 Number of Jets accepted = 2 Number of DiJets found = 1
Event 617743 Number of Jets accepted = 2 Number of DiJets found = 1
Event 620000 / 10000000
Event 630000 / 10000000
Event 631419 Number of Jets accepted = 2 Number of DiJets found = 1
Event 640000 / 10000000
Event 650000 / 10000000
Event 660000 / 10000000
Event 667728 Number of Jets accepted = 2 Number of DiJets found = 1
Event 670000 / 10000000
Event 680000 / 10000000
Event 690000 / 10000000
Event 700000 / 10000000
Event 704695 Number of Jets accepted = 2 Number of DiJets found = 1
Event 710000 / 10000000
Event 720000 / 10000000
Event 730000 / 10000000
Event 740000 / 10000000
Event 750000 / 10000000
Event 757809 Number of Jets accepted = 2 Number of DiJets found = 1
Event 760000 / 10000000
Event 761517 Number of Jets accepted = 2 Number of DiJets found = 1
Event 768720 Number of Jets accepted = 2 Number of DiJets found = 1
Event 770000 / 10000000
Event 780000 / 10000000
Event 790000 / 10000000
Event 791997 Number of Jets accepted = 2 Number of DiJets found = 1
Event 800000 / 10000000
Event 800942 Number of Jets accepted = 2 Number of DiJets found = 1
Event 801794 Number of Jets accepted = 2 Number of DiJets found = 1
Event 810000 / 10000000
Event 810207 Number of Jets accepted = 2 Number of DiJets found = 1
Event 820000 / 10000000
Event 830000 / 10000000
Event 840000 / 10000000
Event 841720 Number of Jets accepted = 2 Number of DiJets found = 1
Event 845770 Number of Jets accepted = 2 Number of DiJets found = 1
Event 850000 / 10000000
Event 860000 / 10000000
Event 861905 Number of Jets accepted = 2 Number of DiJets found = 1
Event 870000 / 10000000
Event 878655 Number of Jets accepted = 2 Number of DiJets found = 1
Event 880000 / 10000000
Event 890000 / 10000000
Event 900000 / 10000000
Event 904669 Number of Jets accepted = 2 Number of DiJets found = 1
Event 910000 / 10000000
Event 911701 Number of Jets accepted = 4 Number of DiJets found = 2
Event 919087 Number of Jets accepted = 2 Number of DiJets found = 1
Event 920000 / 10000000
Event 930000 / 10000000
Event 932238 Number of Jets accepted = 2 Number of DiJets found = 1
Event 940000 / 10000000
Event 942598 Number of Jets accepted = 2 Number of DiJets found = 1
Event 950000 / 10000000
Event 960000 / 10000000
Event 965088 Number of Jets accepted = 2 Number of DiJets found = 1
Event 970000 / 10000000
Event 980000 / 10000000
Event 983440 Number of Jets accepted = 2 Number of DiJets found = 1
Event 990000 / 10000000
Event 995894 Number of Jets accepted = 2 Number of DiJets found = 1
Event 1000000 / 10000000
Event 1010000 / 10000000
Event 1011687 Number of Jets accepted = 2 Number of DiJets found = 1
Event 1020000 / 10000000
Event 1030000 / 10000000
Event 1038256 Number of Jets accepted = 2 Number of DiJets found = 1
Event 1040000 / 10000000
Event 1050000 / 10000000
Event 1060000 / 10000000
Event 1070000 / 10000000
Event 1080000 / 10000000
Event 1090000 / 10000000
Event 1100000 / 10000000
Event 1110000 / 10000000
Event 1120000 / 10000000
Event 1125556 Number of Jets accepted = 2 Number of DiJets found = 1
Event 1130000 / 10000000
Event 1140000 / 10000000
Event 1143938 Number of Jets accepted = 2 Number of DiJets found = 1
Event 1148998 Number of Jets accepted = 2 Number of DiJets found = 1
Event 1150000 / 10000000
Event 1151854 Number of Jets accepted = 2 Number of DiJets found = 1
Event 1160000 / 10000000
Event 1170000 / 10000000
Event 1176471 Number of Jets accepted = 2 Number of DiJets found = 1
Event 1180000 / 10000000
Event 1190000 / 10000000
Event 1200000 / 10000000
Event 1210000 / 10000000
Event 1214970 Number of Jets accepted = 4 Number of DiJets found = 2
Event 1217892 Number of Jets accepted = 2 Number of DiJets found = 1
Event 1220000 / 10000000
Event 1230000 / 10000000
Event 1240000 / 10000000
Event 1250000 / 10000000
Event 1260000 / 10000000
Event 1260670 Number of Jets accepted = 2 Number of DiJets found = 1
Event 1270000 / 10000000
Event 1272778 Number of Jets accepted = 2 Number of DiJets found = 1
Event 1277249 Number of Jets accepted = 2 Number of DiJets found = 1
Event 1280000 / 10000000
Event 1290000 / 10000000
Event 1294295 Number of Jets accepted = 2 Number of DiJets found = 1
Event 1300000 / 10000000
Event 1310000 / 10000000
Event 1320000 / 10000000
Event 1330000 / 10000000
Event 1340000 / 10000000
Event 1350000 / 10000000
Event 1352653 Number of Jets accepted = 2 Number of DiJets found = 1
Event 1360000 / 10000000
Event 1360488 Number of Jets accepted = 2 Number of DiJets found = 1
Event 1370000 / 10000000
Event 1373027 Number of Jets accepted = 2 Number of DiJets found = 1
Event 1380000 / 10000000
Event 1383773 Number of Jets accepted = 2 Number of DiJets found = 1
Event 1390000 / 10000000
Event 1398825 Number of Jets accepted = 2 Number of DiJets found = 1
Event 1400000 / 10000000
Event 1410000 / 10000000
Event 1419212 Number of Jets accepted = 2 Number of DiJets found = 1
Event 1420000 / 10000000
Event 1421404 Number of Jets accepted = 2 Number of DiJets found = 1
Event 1424411 Number of Jets accepted = 2 Number of DiJets found = 1
Event 1430000 / 10000000
Event 1431070 Number of Jets accepted = 2 Number of DiJets found = 1
Event 1440000 / 10000000
Event 1450000 / 10000000
Event 1457684 Number of Jets accepted = 2 Number of DiJets found = 1
Event 1460000 / 10000000
Event 1470000 / 10000000
Event 1476495 Number of Jets accepted = 2 Number of DiJets found = 1
Event 1476641 Number of Jets accepted = 2 Number of DiJets found = 1
Event 1480000 / 10000000
Event 1490000 / 10000000
Event 1500000 / 10000000
Event 1508131 Number of Jets accepted = 2 Number of DiJets found = 1
Event 1510000 / 10000000
Event 1520000 / 10000000
Event 1520014 Number of Jets accepted = 2 Number of DiJets found = 1
Event 1529994 Number of Jets accepted = 2 Number of DiJets found = 1
Event 1530000 / 10000000
Event 1530107 Number of Jets accepted = 2 Number of DiJets found = 1
Event 1530637 Number of Jets accepted = 2 Number of DiJets found = 1
Event 1538233 Number of Jets accepted = 2 Number of DiJets found = 1
Event 1540000 / 10000000
Event 1542906 Number of Jets accepted = 2 Number of DiJets found = 1
Event 1544489 Number of Jets accepted = 2 Number of DiJets found = 1
Event 1550000 / 10000000
Event 1560000 / 10000000
Event 1570000 / 10000000
Event 1580000 / 10000000
Event 1587690 Number of Jets accepted = 2 Number of DiJets found = 1
Event 1590000 / 10000000
Event 1599115 Number of Jets accepted = 2 Number of DiJets found = 1
Event 1600000 / 10000000
Event 1610000 / 10000000
Event 1619863 Number of Jets accepted = 2 Number of DiJets found = 1
Event 1620000 / 10000000
Event 1625341 Number of Jets accepted = 2 Number of DiJets found = 1
Event 1627677 Number of Jets accepted = 2 Number of DiJets found = 1
Event 1630000 / 10000000
Event 1640000 / 10000000
Event 1650000 / 10000000
Event 1660000 / 10000000
Event 1664572 Number of Jets accepted = 2 Number of DiJets found = 1
Event 1670000 / 10000000
Event 1670870 Number of Jets accepted = 2 Number of DiJets found = 1
Event 1680000 / 10000000
Event 1687326 Number of Jets accepted = 2 Number of DiJets found = 1
Event 1690000 / 10000000
Event 1700000 / 10000000
Event 1710000 / 10000000
Event 1717601 Number of Jets accepted = 2 Number of DiJets found = 1
Event 1720000 / 10000000
Event 1730000 / 10000000
Event 1740000 / 10000000
Event 1750000 / 10000000
Event 1753286 Number of Jets accepted = 2 Number of DiJets found = 1
Event 1756686 Number of Jets accepted = 2 Number of DiJets found = 1
Event 1760000 / 10000000
Event 1770000 / 10000000
Event 1780000 / 10000000
Event 1790000 / 10000000
Event 1800000 / 10000000
Event 1801345 Number of Jets accepted = 2 Number of DiJets found = 1
Event 1810000 / 10000000
Event 1820000 / 10000000
Event 1830000 / 10000000
Event 1840000 / 10000000
Event 1842415 Number of Jets accepted = 2 Number of DiJets found = 1
Event 1847805 Number of Jets accepted = 2 Number of DiJets found = 1
Event 1850000 / 10000000
Event 1850004 Number of Jets accepted = 2 Number of DiJets found = 1
Event 1855799 Number of Jets accepted = 2 Number of DiJets found = 1
Event 1860000 / 10000000
Event 1870000 / 10000000
Event 1880000 / 10000000
Event 1890000 / 10000000
Event 1894462 Number of Jets accepted = 2 Number of DiJets found = 1
Event 1896084 Number of Jets accepted = 2 Number of DiJets found = 1
Event 1900000 / 10000000
Event 1907349 Number of Jets accepted = 2 Number of DiJets found = 1
Event 1910000 / 10000000
Event 1920000 / 10000000
Event 1927533 Number of Jets accepted = 2 Number of DiJets found = 1
Event 1930000 / 10000000
Event 1933732 Number of Jets accepted = 2 Number of DiJets found = 1
Event 1934644 Number of Jets accepted = 2 Number of DiJets found = 1
Event 1936569 Number of Jets accepted = 2 Number of DiJets found = 1
Event 1940000 / 10000000
Event 1948659 Number of Jets accepted = 2 Number of DiJets found = 1
Event 1950000 / 10000000
Event 1960000 / 10000000
Event 1970000 / 10000000
Event 1971559 Number of Jets accepted = 2 Number of DiJets found = 1
Event 1980000 / 10000000
Event 1985066 Number of Jets accepted = 2 Number of DiJets found = 1
Event 1990000 / 10000000
Event 1990484 Number of Jets accepted = 2 Number of DiJets found = 1
Event 1995348 Number of Jets accepted = 2 Number of DiJets found = 1
Event 1997110 Number of Jets accepted = 2 Number of DiJets found = 1
Event 2000000 / 10000000
Event 2002316 Number of Jets accepted = 2 Number of DiJets found = 1
Event 2010000 / 10000000
Event 2010989 Number of Jets accepted = 2 Number of DiJets found = 1
Event 2020000 / 10000000
Event 2030000 / 10000000
Event 2037159 Number of Jets accepted = 2 Number of DiJets found = 1
Event 2040000 / 10000000
Event 2040572 Number of Jets accepted = 2 Number of DiJets found = 1
Event 2045444 Number of Jets accepted = 2 Number of DiJets found = 1
Event 2050000 / 10000000
Event 2060000 / 10000000
Event 2066587 Number of Jets accepted = 2 Number of DiJets found = 1
Event 2070000 / 10000000
Event 2080000 / 10000000
Event 2090000 / 10000000
Event 2092570 Number of Jets accepted = 2 Number of DiJets found = 1
Event 2097156 Number of Jets accepted = 2 Number of DiJets found = 1
Event 2100000 / 10000000
Event 2101463 Number of Jets accepted = 2 Number of DiJets found = 1
Event 2101922 Number of Jets accepted = 2 Number of DiJets found = 1
Event 2107273 Number of Jets accepted = 2 Number of DiJets found = 1
Event 2110000 / 10000000
Event 2110961 Number of Jets accepted = 2 Number of DiJets found = 1
Event 2120000 / 10000000
Event 2130000 / 10000000
Event 2140000 / 10000000
Event 2150000 / 10000000
Event 2159534 Number of Jets accepted = 2 Number of DiJets found = 1
Event 2160000 / 10000000
Event 2161886 Number of Jets accepted = 2 Number of DiJets found = 1
Event 2162408 Number of Jets accepted = 2 Number of DiJets found = 1
Event 2170000 / 10000000
Event 2174987 Number of Jets accepted = 2 Number of DiJets found = 1
Event 2179359 Number of Jets accepted = 2 Number of DiJets found = 1
Event 2180000 / 10000000
Event 2186013 Number of Jets accepted = 2 Number of DiJets found = 1
Event 2190000 / 10000000
Event 2200000 / 10000000
Event 2210000 / 10000000
Event 2220000 / 10000000
Event 2225010 Number of Jets accepted = 2 Number of DiJets found = 1
Event 2230000 / 10000000
Event 2240000 / 10000000
Event 2250000 / 10000000
Event 2260000 / 10000000
Event 2270000 / 10000000
Event 2280000 / 10000000
Event 2281989 Number of Jets accepted = 2 Number of DiJets found = 1
Event 2286732 Number of Jets accepted = 2 Number of DiJets found = 1
Event 2290000 / 10000000
Event 2300000 / 10000000
Event 2307286 Number of Jets accepted = 2 Number of DiJets found = 1
Event 2310000 / 10000000
Event 2320000 / 10000000
Event 2322733 Number of Jets accepted = 2 Number of DiJets found = 1
Event 2330000 / 10000000
Event 2330759 Number of Jets accepted = 2 Number of DiJets found = 1
Event 2338547 Number of Jets accepted = 2 Number of DiJets found = 1
Event 2340000 / 10000000
Event 2350000 / 10000000
Event 2360000 / 10000000
Event 2370000 / 10000000
Event 2377109 Number of Jets accepted = 2 Number of DiJets found = 1
Event 2380000 / 10000000
Event 2387837 Number of Jets accepted = 2 Number of DiJets found = 1
Event 2390000 / 10000000
Event 2396668 Number of Jets accepted = 2 Number of DiJets found = 1
Event 2400000 / 10000000
Event 2403209 Number of Jets accepted = 2 Number of DiJets found = 1
Event 2410000 / 10000000
Event 2420000 / 10000000
Event 2430000 / 10000000
Event 2440000 / 10000000
Event 2450000 / 10000000
Event 2456885 Number of Jets accepted = 2 Number of DiJets found = 1
Event 2460000 / 10000000
Event 2464730 Number of Jets accepted = 2 Number of DiJets found = 1
Event 2468152 Number of Jets accepted = 2 Number of DiJets found = 1
Event 2470000 / 10000000
Event 2480000 / 10000000
Event 2480126 Number of Jets accepted = 2 Number of DiJets found = 1
Event 2490000 / 10000000
Event 2500000 / 10000000
Event 2502721 Number of Jets accepted = 2 Number of DiJets found = 1
Event 2510000 / 10000000
Event 2513022 Number of Jets accepted = 2 Number of DiJets found = 1
Event 2514704 Number of Jets accepted = 2 Number of DiJets found = 1
Event 2520000 / 10000000
Event 2530000 / 10000000
Event 2540000 / 10000000
Event 2550000 / 10000000
Event 2560000 / 10000000
Event 2563526 Number of Jets accepted = 2 Number of DiJets found = 1
Event 2565925 Number of Jets accepted = 2 Number of DiJets found = 1
Event 2570000 / 10000000
Event 2580000 / 10000000
Event 2590000 / 10000000
Event 2600000 / 10000000
Event 2610000 / 10000000
Event 2620000 / 10000000
Event 2623929 Number of Jets accepted = 2 Number of DiJets found = 1
Event 2630000 / 10000000
Event 2640000 / 10000000
Event 2650000 / 10000000
Event 2653418 Number of Jets accepted = 2 Number of DiJets found = 1
Event 2654898 Number of Jets accepted = 2 Number of DiJets found = 1
Event 2660000 / 10000000
Event 2670000 / 10000000
Event 2680000 / 10000000
Event 2680430 Number of Jets accepted = 2 Number of DiJets found = 1
Event 2690000 / 10000000
Event 2700000 / 10000000
Event 2706232 Number of Jets accepted = 2 Number of DiJets found = 1
Event 2710000 / 10000000
Event 2720000 / 10000000
Event 2721212 Number of Jets accepted = 2 Number of DiJets found = 1
Event 2730000 / 10000000
Event 2740000 / 10000000
Event 2749252 Number of Jets accepted = 2 Number of DiJets found = 1
Event 2749550 Number of Jets accepted = 2 Number of DiJets found = 1
Event 2750000 / 10000000
Event 2760000 / 10000000
Event 2761457 Number of Jets accepted = 2 Number of DiJets found = 1
Event 2770000 / 10000000
Event 2780000 / 10000000
Event 2783461 Number of Jets accepted = 2 Number of DiJets found = 1
Event 2783905 Number of Jets accepted = 2 Number of DiJets found = 1
Event 2790000 / 10000000
Event 2793642 Number of Jets accepted = 2 Number of DiJets found = 1
Event 2800000 / 10000000
Event 2810000 / 10000000
Event 2813071 Number of Jets accepted = 2 Number of DiJets found = 1
Event 2816622 Number of Jets accepted = 2 Number of DiJets found = 1
Event 2820000 / 10000000
Event 2820352 Number of Jets accepted = 2 Number of DiJets found = 1
Event 2830000 / 10000000
Event 2832303 Number of Jets accepted = 2 Number of DiJets found = 1
Event 2836630 Number of Jets accepted = 2 Number of DiJets found = 1
Event 2840000 / 10000000
Event 2843726 Number of Jets accepted = 2 Number of DiJets found = 1
Event 2850000 / 10000000
Event 2860000 / 10000000
Event 2860813 Number of Jets accepted = 4 Number of DiJets found = 2
Event 2869436 Number of Jets accepted = 2 Number of DiJets found = 1
Event 2870000 / 10000000
Event 2880000 / 10000000
Event 2880151 Number of Jets accepted = 2 Number of DiJets found = 1
Event 2884037 Number of Jets accepted = 2 Number of DiJets found = 1
Event 2890000 / 10000000
Event 2892661 Number of Jets accepted = 2 Number of DiJets found = 1
Event 2899222 Number of Jets accepted = 2 Number of DiJets found = 1
Event 2900000 / 10000000
Event 2910000 / 10000000
Event 2920000 / 10000000
Event 2930000 / 10000000
Event 2940000 / 10000000
Event 2940645 Number of Jets accepted = 2 Number of DiJets found = 1
Event 2950000 / 10000000
Event 2960000 / 10000000
Event 2966483 Number of Jets accepted = 2 Number of DiJets found = 1
Event 2970000 / 10000000
Event 2980000 / 10000000
Event 2990000 / 10000000
Event 3000000 / 10000000
Event 3010000 / 10000000
Event 3015471 Number of Jets accepted = 2 Number of DiJets found = 1
Event 3016525 Number of Jets accepted = 2 Number of DiJets found = 1
Event 3020000 / 10000000
Event 3030000 / 10000000
Event 3040000 / 10000000
Event 3050000 / 10000000
Event 3060000 / 10000000
Event 3061015 Number of Jets accepted = 2 Number of DiJets found = 1
Event 3061498 Number of Jets accepted = 4 Number of DiJets found = 2
Event 3070000 / 10000000
Event 3080000 / 10000000
Event 3090000 / 10000000
Event 3092253 Number of Jets accepted = 2 Number of DiJets found = 1
Event 3100000 / 10000000
Event 3110000 / 10000000
Event 3120000 / 10000000
Event 3130000 / 10000000
Event 3140000 / 10000000
Event 3150000 / 10000000
Event 3160000 / 10000000
Event 3162958 Number of Jets accepted = 2 Number of DiJets found = 1
Event 3170000 / 10000000
Event 3180000 / 10000000
Event 3190000 / 10000000
Event 3200000 / 10000000
Event 3210000 / 10000000
Event 3219462 Number of Jets accepted = 2 Number of DiJets found = 1
Event 3220000 / 10000000
Event 3230000 / 10000000
Event 3240000 / 10000000
Event 3250000 / 10000000
Event 3250730 Number of Jets accepted = 2 Number of DiJets found = 1
Event 3252160 Number of Jets accepted = 2 Number of DiJets found = 1
Event 3253407 Number of Jets accepted = 2 Number of DiJets found = 1
Event 3260000 / 10000000
Event 3270000 / 10000000
Event 3280000 / 10000000
Event 3290000 / 10000000
Event 3293118 Number of Jets accepted = 2 Number of DiJets found = 1
Event 3300000 / 10000000
Event 3310000 / 10000000
Event 3313205 Number of Jets accepted = 2 Number of DiJets found = 1
Event 3316053 Number of Jets accepted = 2 Number of DiJets found = 1
Event 3318969 Number of Jets accepted = 2 Number of DiJets found = 1
Event 3320000 / 10000000
Event 3330000 / 10000000
Event 3340000 / 10000000
Event 3350000 / 10000000
Event 3360000 / 10000000
Event 3370000 / 10000000
Event 3371740 Number of Jets accepted = 2 Number of DiJets found = 1
Event 3380000 / 10000000
Event 3381229 Number of Jets accepted = 4 Number of DiJets found = 2
Event 3390000 / 10000000
Event 3399973 Number of Jets accepted = 2 Number of DiJets found = 1
Event 3400000 / 10000000
Event 3410000 / 10000000
Event 3420000 / 10000000
Event 3430000 / 10000000
Event 3432671 Number of Jets accepted = 2 Number of DiJets found = 1
Event 3440000 / 10000000
Event 3440430 Number of Jets accepted = 2 Number of DiJets found = 1
Event 3450000 / 10000000
Event 3460000 / 10000000
Event 3470000 / 10000000
Event 3480000 / 10000000
Event 3490000 / 10000000
Event 3500000 / 10000000
Event 3510000 / 10000000
Event 3520000 / 10000000
Event 3530000 / 10000000
Event 3530422 Number of Jets accepted = 2 Number of DiJets found = 1
Event 3535785 Number of Jets accepted = 2 Number of DiJets found = 1
Event 3538535 Number of Jets accepted = 2 Number of DiJets found = 1
Event 3540000 / 10000000
Event 3550000 / 10000000
Event 3558459 Number of Jets accepted = 2 Number of DiJets found = 1
Event 3560000 / 10000000
Event 3570000 / 10000000
Event 3572909 Number of Jets accepted = 2 Number of DiJets found = 1
Event 3573889 Number of Jets accepted = 2 Number of DiJets found = 1
Event 3580000 / 10000000
Event 3590000 / 10000000
Event 3595271 Number of Jets accepted = 2 Number of DiJets found = 1
Event 3600000 / 10000000
Event 3610000 / 10000000
Event 3620000 / 10000000
Event 3624748 Number of Jets accepted = 2 Number of DiJets found = 1
Event 3630000 / 10000000
Event 3636710 Number of Jets accepted = 2 Number of DiJets found = 1
Event 3640000 / 10000000
Event 3642592 Number of Jets accepted = 2 Number of DiJets found = 1
Event 3650000 / 10000000
Event 3660000 / 10000000
Event 3663454 Number of Jets accepted = 4 Number of DiJets found = 2
Event 3670000 / 10000000
Event 3680000 / 10000000
Event 3690000 / 10000000
Event 3700000 / 10000000
Event 3700729 Number of Jets accepted = 2 Number of DiJets found = 1
Event 3704611 Number of Jets accepted = 2 Number of DiJets found = 1
Event 3710000 / 10000000
Event 3711325 Number of Jets accepted = 2 Number of DiJets found = 1
Event 3715405 Number of Jets accepted = 2 Number of DiJets found = 1
Event 3720000 / 10000000
Event 3724417 Number of Jets accepted = 2 Number of DiJets found = 1
Event 3730000 / 10000000
Event 3740000 / 10000000
Event 3750000 / 10000000
Event 3760000 / 10000000
Event 3770000 / 10000000
Event 3780000 / 10000000
Event 3786812 Number of Jets accepted = 2 Number of DiJets found = 1
Event 3790000 / 10000000
Event 3798676 Number of Jets accepted = 2 Number of DiJets found = 1
Event 3800000 / 10000000
Event 3810000 / 10000000
Event 3818716 Number of Jets accepted = 2 Number of DiJets found = 1
Event 3820000 / 10000000
Event 3827314 Number of Jets accepted = 2 Number of DiJets found = 1
Event 3828670 Number of Jets accepted = 2 Number of DiJets found = 1
Event 3830000 / 10000000
Event 3840000 / 10000000
Event 3848135 Number of Jets accepted = 2 Number of DiJets found = 1
Event 3850000 / 10000000
Event 3850827 Number of Jets accepted = 2 Number of DiJets found = 1
Event 3860000 / 10000000
Event 3864801 Number of Jets accepted = 2 Number of DiJets found = 1
Event 3870000 / 10000000
Event 3876783 Number of Jets accepted = 2 Number of DiJets found = 1
Event 3880000 / 10000000
Event 3886401 Number of Jets accepted = 2 Number of DiJets found = 1
Event 3890000 / 10000000
Event 3892439 Number of Jets accepted = 2 Number of DiJets found = 1
Event 3896187 Number of Jets accepted = 2 Number of DiJets found = 1
Event 3900000 / 10000000
Event 3904361 Number of Jets accepted = 2 Number of DiJets found = 1
Event 3910000 / 10000000
Event 3920000 / 10000000
Event 3923780 Number of Jets accepted = 4 Number of DiJets found = 2
Event 3930000 / 10000000
Event 3940000 / 10000000
Event 3940797 Number of Jets accepted = 2 Number of DiJets found = 1
Event 3950000 / 10000000
Event 3960000 / 10000000
Event 3970000 / 10000000
Event 3980000 / 10000000
Event 3987122 Number of Jets accepted = 2 Number of DiJets found = 1
Event 3990000 / 10000000
Event 3991624 Number of Jets accepted = 2 Number of DiJets found = 1
Event 3994890 Number of Jets accepted = 2 Number of DiJets found = 1
Event 3997872 Number of Jets accepted = 2 Number of DiJets found = 1
Event 4000000 / 10000000
Event 4000046 Number of Jets accepted = 2 Number of DiJets found = 1
Event 4004549 Number of Jets accepted = 2 Number of DiJets found = 1
Event 4010000 / 10000000
Event 4014890 Number of Jets accepted = 2 Number of DiJets found = 1
Event 4017845 Number of Jets accepted = 2 Number of DiJets found = 1
Event 4020000 / 10000000
Event 4024486 Number of Jets accepted = 2 Number of DiJets found = 1
Event 4030000 / 10000000
Event 4040000 / 10000000
Event 4049684 Number of Jets accepted = 2 Number of DiJets found = 1
Event 4050000 / 10000000
Event 4060000 / 10000000
Event 4060407 Number of Jets accepted = 2 Number of DiJets found = 1
Event 4070000 / 10000000
Event 4080000 / 10000000
Event 4087770 Number of Jets accepted = 2 Number of DiJets found = 1
Event 4090000 / 10000000
Event 4100000 / 10000000
Event 4103332 Number of Jets accepted = 2 Number of DiJets found = 1
Event 4108117 Number of Jets accepted = 2 Number of DiJets found = 1
Event 4110000 / 10000000
Event 4120000 / 10000000
Event 4123253 Number of Jets accepted = 2 Number of DiJets found = 1
Event 4124681 Number of Jets accepted = 2 Number of DiJets found = 1
Event 4130000 / 10000000
Event 4140000 / 10000000
Event 4140980 Number of Jets accepted = 2 Number of DiJets found = 1
Event 4150000 / 10000000
Event 4160000 / 10000000
Event 4169564 Number of Jets accepted = 2 Number of DiJets found = 1
Event 4170000 / 10000000
Event 4178772 Number of Jets accepted = 2 Number of DiJets found = 1
Event 4180000 / 10000000
Event 4190000 / 10000000
Event 4195940 Number of Jets accepted = 2 Number of DiJets found = 1
Event 4198722 Number of Jets accepted = 2 Number of DiJets found = 1
Event 4200000 / 10000000
Event 4210000 / 10000000
Event 4215807 Number of Jets accepted = 2 Number of DiJets found = 1
Event 4220000 / 10000000
Event 4224047 Number of Jets accepted = 2 Number of DiJets found = 1
Event 4230000 / 10000000
Event 4240000 / 10000000
Event 4250000 / 10000000
Event 4260000 / 10000000
Event 4260020 Number of Jets accepted = 2 Number of DiJets found = 1
Event 4270000 / 10000000
Event 4272037 Number of Jets accepted = 2 Number of DiJets found = 1
Event 4275303 Number of Jets accepted = 2 Number of DiJets found = 1
Event 4275516 Number of Jets accepted = 2 Number of DiJets found = 1
Event 4276150 Number of Jets accepted = 2 Number of DiJets found = 1
Event 4280000 / 10000000
Event 4290000 / 10000000
Event 4300000 / 10000000
Event 4303872 Number of Jets accepted = 2 Number of DiJets found = 1
Event 4310000 / 10000000
Event 4314020 Number of Jets accepted = 2 Number of DiJets found = 1
Event 4320000 / 10000000
Event 4328552 Number of Jets accepted = 2 Number of DiJets found = 1
Event 4330000 / 10000000
Event 4340000 / 10000000
Event 4341025 Number of Jets accepted = 2 Number of DiJets found = 1
Event 4350000 / 10000000
Event 4360000 / 10000000
Event 4370000 / 10000000
Event 4373069 Number of Jets accepted = 2 Number of DiJets found = 1
Event 4380000 / 10000000
Event 4390000 / 10000000
Event 4400000 / 10000000
Event 4410000 / 10000000
Event 4420000 / 10000000
Event 4420731 Number of Jets accepted = 2 Number of DiJets found = 1
Event 4430000 / 10000000
Event 4432922 Number of Jets accepted = 2 Number of DiJets found = 1
Event 4440000 / 10000000
Event 4442549 Number of Jets accepted = 2 Number of DiJets found = 1
Event 4450000 / 10000000
Event 4460000 / 10000000
Event 4466535 Number of Jets accepted = 2 Number of DiJets found = 1
Event 4470000 / 10000000
Event 4480000 / 10000000
Event 4483771 Number of Jets accepted = 2 Number of DiJets found = 1
Event 4490000 / 10000000
Event 4500000 / 10000000
Event 4506224 Number of Jets accepted = 2 Number of DiJets found = 1
Event 4510000 / 10000000
Event 4520000 / 10000000
Event 4530000 / 10000000
Event 4540000 / 10000000
Event 4541934 Number of Jets accepted = 2 Number of DiJets found = 1
Event 4550000 / 10000000
Event 4560000 / 10000000
Event 4562129 Number of Jets accepted = 2 Number of DiJets found = 1
Event 4570000 / 10000000
Event 4580000 / 10000000
Event 4590000 / 10000000
Event 4600000 / 10000000
Event 4603310 Number of Jets accepted = 2 Number of DiJets found = 1
Event 4608075 Number of Jets accepted = 2 Number of DiJets found = 1
Event 4610000 / 10000000
Event 4620000 / 10000000
Event 4630000 / 10000000
Event 4632785 Number of Jets accepted = 2 Number of DiJets found = 1
Event 4633571 Number of Jets accepted = 2 Number of DiJets found = 1
Event 4640000 / 10000000
Event 4642434 Number of Jets accepted = 2 Number of DiJets found = 1
Event 4642834 Number of Jets accepted = 2 Number of DiJets found = 1
Event 4645306 Number of Jets accepted = 2 Number of DiJets found = 1
Event 4650000 / 10000000
Event 4660000 / 10000000
Event 4667945 Number of Jets accepted = 2 Number of DiJets found = 1
Event 4670000 / 10000000
Event 4680000 / 10000000
Event 4690000 / 10000000
Event 4700000 / 10000000
Event 4706717 Number of Jets accepted = 2 Number of DiJets found = 1
Event 4710000 / 10000000
Event 4720000 / 10000000
Event 4725479 Number of Jets accepted = 2 Number of DiJets found = 1
Event 4730000 / 10000000
Event 4731368 Number of Jets accepted = 2 Number of DiJets found = 1
Event 4740000 / 10000000
Event 4745867 Number of Jets accepted = 2 Number of DiJets found = 1
Event 4747297 Number of Jets accepted = 2 Number of DiJets found = 1
Event 4747917 Number of Jets accepted = 2 Number of DiJets found = 1
Event 4750000 / 10000000
Event 4752466 Number of Jets accepted = 2 Number of DiJets found = 1
Event 4760000 / 10000000
Event 4769199 Number of Jets accepted = 2 Number of DiJets found = 1
Event 4770000 / 10000000
Event 4773479 Number of Jets accepted = 2 Number of DiJets found = 1
Event 4780000 / 10000000
Event 4786655 Number of Jets accepted = 2 Number of DiJets found = 1
Event 4790000 / 10000000
Event 4800000 / 10000000
Event 4810000 / 10000000
Event 4818405 Number of Jets accepted = 2 Number of DiJets found = 1
Event 4820000 / 10000000
Event 4830000 / 10000000
Event 4837399 Number of Jets accepted = 2 Number of DiJets found = 1
Event 4837522 Number of Jets accepted = 2 Number of DiJets found = 1
Event 4840000 / 10000000
Event 4844756 Number of Jets accepted = 2 Number of DiJets found = 1
Event 4850000 / 10000000
Event 4854669 Number of Jets accepted = 2 Number of DiJets found = 1
Event 4856339 Number of Jets accepted = 2 Number of DiJets found = 1
Event 4860000 / 10000000
Event 4870000 / 10000000
Event 4880000 / 10000000
Event 4890000 / 10000000
Event 4896288 Number of Jets accepted = 2 Number of DiJets found = 1
Event 4897863 Number of Jets accepted = 2 Number of DiJets found = 1
Event 4900000 / 10000000
Event 4903581 Number of Jets accepted = 2 Number of DiJets found = 1
Event 4910000 / 10000000
Event 4920000 / 10000000
Event 4930000 / 10000000
Event 4932493 Number of Jets accepted = 2 Number of DiJets found = 1
Event 4940000 / 10000000
Event 4944357 Number of Jets accepted = 2 Number of DiJets found = 1
Event 4950000 / 10000000
Event 4960000 / 10000000
Event 4970000 / 10000000
Event 4980000 / 10000000
Event 4990000 / 10000000
Event 4997652 Number of Jets accepted = 2 Number of DiJets found = 1
Event 5000000 / 10000000
Event 5010000 / 10000000
Event 5017265 Number of Jets accepted = 2 Number of DiJets found = 1
Event 5020000 / 10000000
Event 5030000 / 10000000
Event 5035130 Number of Jets accepted = 2 Number of DiJets found = 1
Event 5036367 Number of Jets accepted = 2 Number of DiJets found = 1
Event 5040000 / 10000000
Event 5050000 / 10000000
Event 5053667 Number of Jets accepted = 2 Number of DiJets found = 1
Event 5060000 / 10000000
Event 5062855 Number of Jets accepted = 2 Number of DiJets found = 1
Event 5066540 Number of Jets accepted = 2 Number of DiJets found = 1
Event 5070000 / 10000000
Event 5074812 Number of Jets accepted = 2 Number of DiJets found = 1
Event 5080000 / 10000000
Event 5090000 / 10000000
Event 5100000 / 10000000
Event 5110000 / 10000000
Event 5116865 Number of Jets accepted = 2 Number of DiJets found = 1
Event 5120000 / 10000000
Event 5124688 Number of Jets accepted = 2 Number of DiJets found = 1
Event 5130000 / 10000000
Event 5134143 Number of Jets accepted = 2 Number of DiJets found = 1
Event 5138191 Number of Jets accepted = 2 Number of DiJets found = 1
Event 5140000 / 10000000
Event 5140638 Number of Jets accepted = 2 Number of DiJets found = 1
Event 5148829 Number of Jets accepted = 2 Number of DiJets found = 1
Event 5150000 / 10000000
Event 5152763 Number of Jets accepted = 2 Number of DiJets found = 1
Event 5154913 Number of Jets accepted = 2 Number of DiJets found = 1
Event 5158936 Number of Jets accepted = 2 Number of DiJets found = 1
Event 5160000 / 10000000
Event 5170000 / 10000000
Event 5180000 / 10000000
Event 5190000 / 10000000
Event 5200000 / 10000000
Event 5201284 Number of Jets accepted = 2 Number of DiJets found = 1
Event 5201682 Number of Jets accepted = 2 Number of DiJets found = 1
Event 5210000 / 10000000
Event 5220000 / 10000000
Event 5230000 / 10000000
Event 5238029 Number of Jets accepted = 4 Number of DiJets found = 2
Event 5240000 / 10000000
Event 5250000 / 10000000
Event 5260000 / 10000000
Event 5266946 Number of Jets accepted = 2 Number of DiJets found = 1
Event 5270000 / 10000000
Event 5280000 / 10000000
Event 5285505 Number of Jets accepted = 2 Number of DiJets found = 1
Event 5286648 Number of Jets accepted = 2 Number of DiJets found = 1
Event 5290000 / 10000000
Event 5293913 Number of Jets accepted = 2 Number of DiJets found = 1
Event 5300000 / 10000000
Event 5304128 Number of Jets accepted = 2 Number of DiJets found = 1
Event 5310000 / 10000000
Event 5320000 / 10000000
Event 5320637 Number of Jets accepted = 2 Number of DiJets found = 1
Event 5330000 / 10000000
Event 5340000 / 10000000
Event 5350000 / 10000000
Event 5358397 Number of Jets accepted = 2 Number of DiJets found = 1
Event 5360000 / 10000000
Event 5370000 / 10000000
Event 5380000 / 10000000
Event 5390000 / 10000000
Event 5400000 / 10000000
Event 5410000 / 10000000
Event 5420000 / 10000000
Event 5430000 / 10000000
Event 5440000 / 10000000
Event 5450000 / 10000000
Event 5452966 Number of Jets accepted = 2 Number of DiJets found = 1
Event 5457182 Number of Jets accepted = 2 Number of DiJets found = 1
Event 5460000 / 10000000
Event 5461780 Number of Jets accepted = 2 Number of DiJets found = 1
Event 5470000 / 10000000
Event 5477870 Number of Jets accepted = 2 Number of DiJets found = 1
Event 5480000 / 10000000
Event 5489031 Number of Jets accepted = 2 Number of DiJets found = 1
Event 5490000 / 10000000
Event 5500000 / 10000000
Event 5503918 Number of Jets accepted = 2 Number of DiJets found = 1
Event 5510000 / 10000000
Event 5520000 / 10000000
Event 5520670 Number of Jets accepted = 2 Number of DiJets found = 1
Event 5530000 / 10000000
Event 5535875 Number of Jets accepted = 2 Number of DiJets found = 1
Event 5540000 / 10000000
Event 5550000 / 10000000
Event 5552349 Number of Jets accepted = 2 Number of DiJets found = 1
Event 5559255 Number of Jets accepted = 2 Number of DiJets found = 1
Event 5560000 / 10000000
Event 5564041 Number of Jets accepted = 2 Number of DiJets found = 1
Event 5570000 / 10000000
Event 5571492 Number of Jets accepted = 2 Number of DiJets found = 1
Event 5580000 / 10000000
Event 5590000 / 10000000
Event 5600000 / 10000000
Event 5610000 / 10000000
Event 5613337 Number of Jets accepted = 2 Number of DiJets found = 1
Event 5620000 / 10000000
Event 5630000 / 10000000
Event 5640000 / 10000000
Event 5641105 Number of Jets accepted = 2 Number of DiJets found = 1
Event 5643610 Number of Jets accepted = 2 Number of DiJets found = 1
Event 5650000 / 10000000
Event 5660000 / 10000000
Event 5670000 / 10000000
Event 5680000 / 10000000
Event 5690000 / 10000000
Event 5694481 Number of Jets accepted = 2 Number of DiJets found = 1
Event 5700000 / 10000000
Event 5710000 / 10000000
Event 5710979 Number of Jets accepted = 2 Number of DiJets found = 1
Event 5713596 Number of Jets accepted = 2 Number of DiJets found = 1
Event 5720000 / 10000000
Event 5728320 Number of Jets accepted = 2 Number of DiJets found = 1
Event 5730000 / 10000000
Event 5740000 / 10000000
Event 5748592 Number of Jets accepted = 2 Number of DiJets found = 1
Event 5749804 Number of Jets accepted = 2 Number of DiJets found = 1
Event 5750000 / 10000000
Event 5754786 Number of Jets accepted = 2 Number of DiJets found = 1
Event 5760000 / 10000000
Event 5770000 / 10000000
Event 5780000 / 10000000
Event 5790000 / 10000000
Event 5800000 / 10000000
Event 5810000 / 10000000
Event 5820000 / 10000000
Event 5820901 Number of Jets accepted = 2 Number of DiJets found = 1
Event 5824630 Number of Jets accepted = 2 Number of DiJets found = 1
Event 5826071 Number of Jets accepted = 2 Number of DiJets found = 1
Event 5830000 / 10000000
Event 5838043 Number of Jets accepted = 2 Number of DiJets found = 1
Event 5840000 / 10000000
Event 5843760 Number of Jets accepted = 4 Number of DiJets found = 2
Event 5850000 / 10000000
Event 5860000 / 10000000
Event 5862793 Number of Jets accepted = 2 Number of DiJets found = 1
Event 5870000 / 10000000
Event 5873866 Number of Jets accepted = 2 Number of DiJets found = 1
Event 5880000 / 10000000
Event 5890000 / 10000000
Event 5900000 / 10000000
Event 5910000 / 10000000
Event 5913882 Number of Jets accepted = 2 Number of DiJets found = 1
Event 5917244 Number of Jets accepted = 2 Number of DiJets found = 1
Event 5918505 Number of Jets accepted = 2 Number of DiJets found = 1
Event 5920000 / 10000000
Event 5928271 Number of Jets accepted = 2 Number of DiJets found = 1
Event 5930000 / 10000000
Event 5940000 / 10000000
Event 5942811 Number of Jets accepted = 2 Number of DiJets found = 1
Event 5944158 Number of Jets accepted = 4 Number of DiJets found = 2
Event 5947818 Number of Jets accepted = 2 Number of DiJets found = 1
Event 5950000 / 10000000
Event 5951793 Number of Jets accepted = 2 Number of DiJets found = 1
Event 5960000 / 10000000
Event 5970000 / 10000000
Event 5975368 Number of Jets accepted = 2 Number of DiJets found = 1
Event 5980000 / 10000000
Event 5988068 Number of Jets accepted = 2 Number of DiJets found = 1
Event 5990000 / 10000000
Event 6000000 / 10000000
Event 6008668 Number of Jets accepted = 2 Number of DiJets found = 1
Event 6010000 / 10000000
Event 6012589 Number of Jets accepted = 2 Number of DiJets found = 1
Event 6018810 Number of Jets accepted = 2 Number of DiJets found = 1
Event 6018871 Number of Jets accepted = 2 Number of DiJets found = 1
Event 6020000 / 10000000
Event 6030000 / 10000000
Event 6030576 Number of Jets accepted = 2 Number of DiJets found = 1
Event 6040000 / 10000000
Event 6050000 / 10000000
Event 6053646 Number of Jets accepted = 2 Number of DiJets found = 1
Event 6060000 / 10000000
Event 6070000 / 10000000
Event 6080000 / 10000000
Event 6090000 / 10000000
Event 6100000 / 10000000
Event 6110000 / 10000000
Event 6120000 / 10000000
Event 6125314 Number of Jets accepted = 2 Number of DiJets found = 1
Event 6130000 / 10000000
Event 6131644 Number of Jets accepted = 2 Number of DiJets found = 1
Event 6140000 / 10000000
Event 6147035 Number of Jets accepted = 2 Number of DiJets found = 1
Event 6150000 / 10000000
Event 6152727 Number of Jets accepted = 2 Number of DiJets found = 1
Event 6160000 / 10000000
Event 6164754 Number of Jets accepted = 2 Number of DiJets found = 1
Event 6169821 Number of Jets accepted = 2 Number of DiJets found = 1
Event 6170000 / 10000000
Event 6173558 Number of Jets accepted = 2 Number of DiJets found = 1
Event 6180000 / 10000000
Event 6185257 Number of Jets accepted = 2 Number of DiJets found = 1
Event 6190000 / 10000000
Event 6200000 / 10000000
Event 6203288 Number of Jets accepted = 2 Number of DiJets found = 1
Event 6203545 Number of Jets accepted = 2 Number of DiJets found = 1
Event 6208736 Number of Jets accepted = 2 Number of DiJets found = 1
Event 6210000 / 10000000
Event 6220000 / 10000000
Event 6230000 / 10000000
Event 6240000 / 10000000
Event 6244839 Number of Jets accepted = 2 Number of DiJets found = 1
Event 6250000 / 10000000
Event 6252144 Number of Jets accepted = 2 Number of DiJets found = 1
Event 6253986 Number of Jets accepted = 2 Number of DiJets found = 1
Event 6260000 / 10000000
Event 6270000 / 10000000
Event 6270590 Number of Jets accepted = 2 Number of DiJets found = 1
Event 6271014 Number of Jets accepted = 2 Number of DiJets found = 1
Event 6272230 Number of Jets accepted = 2 Number of DiJets found = 1
Event 6278989 Number of Jets accepted = 4 Number of DiJets found = 2
Event 6280000 / 10000000
Event 6290000 / 10000000
Event 6300000 / 10000000
Event 6303260 Number of Jets accepted = 2 Number of DiJets found = 1
Event 6310000 / 10000000
Event 6320000 / 10000000
Event 6329875 Number of Jets accepted = 2 Number of DiJets found = 1
Event 6330000 / 10000000
Event 6340000 / 10000000
Event 6350000 / 10000000
Event 6360000 / 10000000
Event 6370000 / 10000000
Event 6380000 / 10000000
Event 6386307 Number of Jets accepted = 2 Number of DiJets found = 1
Event 6389524 Number of Jets accepted = 2 Number of DiJets found = 1
Event 6390000 / 10000000
Event 6392640 Number of Jets accepted = 2 Number of DiJets found = 1
Event 6400000 / 10000000
Event 6410000 / 10000000
Event 6417120 Number of Jets accepted = 2 Number of DiJets found = 1
Event 6420000 / 10000000
Event 6420822 Number of Jets accepted = 2 Number of DiJets found = 1
Event 6425894 Number of Jets accepted = 2 Number of DiJets found = 1
Event 6428388 Number of Jets accepted = 2 Number of DiJets found = 1
Event 6430000 / 10000000
Event 6440000 / 10000000
Event 6450000 / 10000000
Event 6454780 Number of Jets accepted = 2 Number of DiJets found = 1
Event 6460000 / 10000000
Event 6466691 Number of Jets accepted = 2 Number of DiJets found = 1
Event 6470000 / 10000000
Event 6480000 / 10000000
Event 6490000 / 10000000
Event 6499740 Number of Jets accepted = 2 Number of DiJets found = 1
Event 6500000 / 10000000
Event 6510000 / 10000000
Event 6510750 Number of Jets accepted = 2 Number of DiJets found = 1
Event 6513465 Number of Jets accepted = 2 Number of DiJets found = 1
Event 6520000 / 10000000
Event 6530000 / 10000000
Event 6540000 / 10000000
Event 6550000 / 10000000
Event 6560000 / 10000000
Event 6570000 / 10000000
Event 6580000 / 10000000
Event 6580023 Number of Jets accepted = 2 Number of DiJets found = 1
Event 6581701 Number of Jets accepted = 2 Number of DiJets found = 1
Event 6590000 / 10000000
Event 6600000 / 10000000
Event 6610000 / 10000000
Event 6613444 Number of Jets accepted = 2 Number of DiJets found = 1
Event 6614409 Number of Jets accepted = 2 Number of DiJets found = 1
Event 6620000 / 10000000
Event 6630000 / 10000000
Event 6640000 / 10000000
Event 6650000 / 10000000
Event 6660000 / 10000000
Event 6661127 Number of Jets accepted = 2 Number of DiJets found = 1
Event 6669162 Number of Jets accepted = 2 Number of DiJets found = 1
Event 6670000 / 10000000
Event 6680000 / 10000000
Event 6690000 / 10000000
Event 6698091 Number of Jets accepted = 2 Number of DiJets found = 1
Event 6700000 / 10000000
Event 6710000 / 10000000
Event 6711064 Number of Jets accepted = 2 Number of DiJets found = 1
Event 6720000 / 10000000
Event 6724620 Number of Jets accepted = 2 Number of DiJets found = 1
Event 6730000 / 10000000
Event 6740000 / 10000000
Event 6750000 / 10000000
Event 6760000 / 10000000
Event 6770000 / 10000000
Event 6773381 Number of Jets accepted = 2 Number of DiJets found = 1
Event 6774258 Number of Jets accepted = 2 Number of DiJets found = 1
Event 6775463 Number of Jets accepted = 2 Number of DiJets found = 1
Event 6780000 / 10000000
Event 6790000 / 10000000
Event 6799627 Number of Jets accepted = 2 Number of DiJets found = 1
Event 6800000 / 10000000
Event 6810000 / 10000000
Event 6810782 Number of Jets accepted = 2 Number of DiJets found = 1
Event 6820000 / 10000000
Event 6822152 Number of Jets accepted = 2 Number of DiJets found = 1
Event 6830000 / 10000000
Event 6840000 / 10000000
Event 6850000 / 10000000
Event 6850453 Number of Jets accepted = 2 Number of DiJets found = 1
Event 6860000 / 10000000
Event 6870000 / 10000000
Event 6872748 Number of Jets accepted = 2 Number of DiJets found = 1
Event 6880000 / 10000000
Event 6881888 Number of Jets accepted = 2 Number of DiJets found = 1
Event 6890000 / 10000000
Event 6892377 Number of Jets accepted = 2 Number of DiJets found = 1
Event 6897249 Number of Jets accepted = 2 Number of DiJets found = 1
Event 6900000 / 10000000
Event 6903119 Number of Jets accepted = 2 Number of DiJets found = 1
Event 6906043 Number of Jets accepted = 2 Number of DiJets found = 1
Event 6910000 / 10000000
Event 6913229 Number of Jets accepted = 2 Number of DiJets found = 1
Event 6920000 / 10000000
Event 6930000 / 10000000
Event 6940000 / 10000000
Event 6940177 Number of Jets accepted = 2 Number of DiJets found = 1
Event 6950000 / 10000000
Event 6957100 Number of Jets accepted = 2 Number of DiJets found = 1
Event 6960000 / 10000000
Event 6970000 / 10000000
Event 6980000 / 10000000
Event 6981151 Number of Jets accepted = 2 Number of DiJets found = 1
Event 6990000 / 10000000
Event 7000000 / 10000000
Event 7001964 Number of Jets accepted = 2 Number of DiJets found = 1
Event 7010000 / 10000000
Event 7020000 / 10000000
Event 7030000 / 10000000
Event 7040000 / 10000000
Event 7050000 / 10000000
Event 7056574 Number of Jets accepted = 2 Number of DiJets found = 1
Event 7060000 / 10000000
Event 7070000 / 10000000
Event 7075480 Number of Jets accepted = 2 Number of DiJets found = 1
Event 7080000 / 10000000
Event 7087026 Number of Jets accepted = 2 Number of DiJets found = 1
Event 7089484 Number of Jets accepted = 2 Number of DiJets found = 1
Event 7090000 / 10000000
Event 7090877 Number of Jets accepted = 2 Number of DiJets found = 1
Event 7100000 / 10000000
Event 7110000 / 10000000
Event 7120000 / 10000000
Event 7130000 / 10000000
Event 7140000 / 10000000
Event 7150000 / 10000000
Event 7160000 / 10000000
Event 7170000 / 10000000
Event 7180000 / 10000000
Event 7190000 / 10000000
Event 7200000 / 10000000
Event 7210000 / 10000000
Event 7220000 / 10000000
Event 7221245 Number of Jets accepted = 2 Number of DiJets found = 1
Event 7228087 Number of Jets accepted = 2 Number of DiJets found = 1
Event 7230000 / 10000000
Event 7240000 / 10000000
Event 7250000 / 10000000
Event 7260000 / 10000000
Event 7266602 Number of Jets accepted = 2 Number of DiJets found = 1
Event 7270000 / 10000000
Event 7280000 / 10000000
Event 7286199 Number of Jets accepted = 2 Number of DiJets found = 1
Event 7290000 / 10000000
Event 7300000 / 10000000
Event 7309156 Number of Jets accepted = 2 Number of DiJets found = 1
Event 7310000 / 10000000
Event 7313865 Number of Jets accepted = 2 Number of DiJets found = 1
Event 7319111 Number of Jets accepted = 2 Number of DiJets found = 1
Event 7319182 Number of Jets accepted = 2 Number of DiJets found = 1
Event 7320000 / 10000000
Event 7330000 / 10000000
Event 7340000 / 10000000
Event 7350000 / 10000000
Event 7352571 Number of Jets accepted = 2 Number of DiJets found = 1
Event 7354449 Number of Jets accepted = 2 Number of DiJets found = 1
Event 7355789 Number of Jets accepted = 2 Number of DiJets found = 1
Event 7360000 / 10000000
Event 7370000 / 10000000
Event 7370435 Number of Jets accepted = 2 Number of DiJets found = 1
Event 7378401 Number of Jets accepted = 2 Number of DiJets found = 1
Event 7380000 / 10000000
Event 7390000 / 10000000
Event 7400000 / 10000000
Event 7402955 Number of Jets accepted = 2 Number of DiJets found = 1
Event 7403666 Number of Jets accepted = 2 Number of DiJets found = 1
Event 7410000 / 10000000
Event 7420000 / 10000000
Event 7430000 / 10000000
Event 7434094 Number of Jets accepted = 2 Number of DiJets found = 1
Event 7440000 / 10000000
Event 7450000 / 10000000
Event 7460000 / 10000000
Event 7470000 / 10000000
Event 7478513 Number of Jets accepted = 2 Number of DiJets found = 1
Event 7480000 / 10000000
Event 7485679 Number of Jets accepted = 2 Number of DiJets found = 1
Event 7490000 / 10000000
Event 7494734 Number of Jets accepted = 2 Number of DiJets found = 1
Event 7498439 Number of Jets accepted = 2 Number of DiJets found = 1
Event 7500000 / 10000000
Event 7510000 / 10000000
Event 7510290 Number of Jets accepted = 2 Number of DiJets found = 1
Event 7520000 / 10000000
Event 7521018 Number of Jets accepted = 2 Number of DiJets found = 1
Event 7530000 / 10000000
Event 7540000 / 10000000
Event 7550000 / 10000000
Event 7551907 Number of Jets accepted = 2 Number of DiJets found = 1
Event 7555271 Number of Jets accepted = 2 Number of DiJets found = 1
Event 7560000 / 10000000
Event 7570000 / 10000000
Event 7580000 / 10000000
Event 7586995 Number of Jets accepted = 2 Number of DiJets found = 1
Event 7590000 / 10000000
Event 7598122 Number of Jets accepted = 2 Number of DiJets found = 1
Event 7600000 / 10000000
Event 7600269 Number of Jets accepted = 2 Number of DiJets found = 1
Event 7609970 Number of Jets accepted = 2 Number of DiJets found = 1
Event 7610000 / 10000000
Event 7611448 Number of Jets accepted = 2 Number of DiJets found = 1
Event 7613888 Number of Jets accepted = 2 Number of DiJets found = 1
Event 7620000 / 10000000
Event 7630000 / 10000000
Event 7630775 Number of Jets accepted = 2 Number of DiJets found = 1
Event 7640000 / 10000000
Event 7650000 / 10000000
Event 7653757 Number of Jets accepted = 2 Number of DiJets found = 1
Event 7660000 / 10000000
Event 7661714 Number of Jets accepted = 2 Number of DiJets found = 1
Event 7670000 / 10000000
Event 7680000 / 10000000
Event 7690000 / 10000000
Event 7695758 Number of Jets accepted = 2 Number of DiJets found = 1
Event 7700000 / 10000000
Event 7705876 Number of Jets accepted = 2 Number of DiJets found = 1
Event 7710000 / 10000000
Event 7720000 / 10000000
Event 7730000 / 10000000
Event 7740000 / 10000000
Event 7745859 Number of Jets accepted = 2 Number of DiJets found = 1
Event 7750000 / 10000000
Event 7752971 Number of Jets accepted = 2 Number of DiJets found = 1
Event 7753032 Number of Jets accepted = 2 Number of DiJets found = 1
Event 7756256 Number of Jets accepted = 2 Number of DiJets found = 1
Event 7760000 / 10000000
Event 7770000 / 10000000
Event 7780000 / 10000000
Event 7780038 Number of Jets accepted = 2 Number of DiJets found = 1
Event 7790000 / 10000000
Event 7800000 / 10000000
Event 7810000 / 10000000
Event 7813756 Number of Jets accepted = 2 Number of DiJets found = 1
Event 7817030 Number of Jets accepted = 2 Number of DiJets found = 1
Event 7817323 Number of Jets accepted = 2 Number of DiJets found = 1
Event 7818785 Number of Jets accepted = 2 Number of DiJets found = 1
Event 7819051 Number of Jets accepted = 2 Number of DiJets found = 1
Event 7820000 / 10000000
Event 7828073 Number of Jets accepted = 2 Number of DiJets found = 1
Event 7830000 / 10000000
Event 7840000 / 10000000
Event 7847266 Number of Jets accepted = 2 Number of DiJets found = 1
Event 7850000 / 10000000
Event 7850912 Number of Jets accepted = 2 Number of DiJets found = 1
Event 7860000 / 10000000
Event 7866727 Number of Jets accepted = 2 Number of DiJets found = 1
Event 7870000 / 10000000
Event 7870437 Number of Jets accepted = 2 Number of DiJets found = 1
Event 7880000 / 10000000
Event 7890000 / 10000000
Event 7896375 Number of Jets accepted = 2 Number of DiJets found = 1
Event 7900000 / 10000000
Event 7910000 / 10000000
Event 7920000 / 10000000
Event 7930000 / 10000000
Event 7938074 Number of Jets accepted = 2 Number of DiJets found = 1
Event 7940000 / 10000000
Event 7942874 Number of Jets accepted = 4 Number of DiJets found = 2
Event 7950000 / 10000000
Event 7960000 / 10000000
Event 7970000 / 10000000
Event 7980000 / 10000000
Event 7990000 / 10000000
Event 8000000 / 10000000
Event 8004445 Number of Jets accepted = 2 Number of DiJets found = 1
Event 8010000 / 10000000
Event 8018580 Number of Jets accepted = 2 Number of DiJets found = 1
Event 8019319 Number of Jets accepted = 4 Number of DiJets found = 2
Event 8020000 / 10000000
Event 8030000 / 10000000
Event 8040000 / 10000000
Event 8041986 Number of Jets accepted = 2 Number of DiJets found = 1
Event 8050000 / 10000000
Event 8059084 Number of Jets accepted = 2 Number of DiJets found = 1
Event 8060000 / 10000000
Event 8070000 / 10000000
Event 8080000 / 10000000
Event 8090000 / 10000000
Event 8100000 / 10000000
Event 8110000 / 10000000
Event 8110295 Number of Jets accepted = 2 Number of DiJets found = 1
Event 8111592 Number of Jets accepted = 2 Number of DiJets found = 1
Event 8120000 / 10000000
Event 8122342 Number of Jets accepted = 2 Number of DiJets found = 1
Event 8130000 / 10000000
Event 8139123 Number of Jets accepted = 2 Number of DiJets found = 1
Event 8139173 Number of Jets accepted = 2 Number of DiJets found = 1
Event 8140000 / 10000000
Event 8141720 Number of Jets accepted = 2 Number of DiJets found = 1
Event 8150000 / 10000000
Event 8160000 / 10000000
Event 8169023 Number of Jets accepted = 2 Number of DiJets found = 1
Event 8170000 / 10000000
Event 8180000 / 10000000
Event 8190000 / 10000000
Event 8195141 Number of Jets accepted = 2 Number of DiJets found = 1
Event 8200000 / 10000000
Event 8200904 Number of Jets accepted = 2 Number of DiJets found = 1
Event 8210000 / 10000000
Event 8220000 / 10000000
Event 8230000 / 10000000
Event 8240000 / 10000000
Event 8241502 Number of Jets accepted = 2 Number of DiJets found = 1
Event 8248659 Number of Jets accepted = 2 Number of DiJets found = 1
Event 8250000 / 10000000
Event 8260000 / 10000000
Event 8270000 / 10000000
Event 8280000 / 10000000
Event 8286105 Number of Jets accepted = 2 Number of DiJets found = 1
Event 8290000 / 10000000
Event 8300000 / 10000000
Event 8303603 Number of Jets accepted = 2 Number of DiJets found = 1
Event 8309966 Number of Jets accepted = 2 Number of DiJets found = 1
Event 8310000 / 10000000
Event 8320000 / 10000000
Event 8330000 / 10000000
Event 8340000 / 10000000
Event 8350000 / 10000000
Event 8350215 Number of Jets accepted = 2 Number of DiJets found = 1
Event 8350961 Number of Jets accepted = 2 Number of DiJets found = 1
Event 8360000 / 10000000
Event 8370000 / 10000000
Event 8371553 Number of Jets accepted = 4 Number of DiJets found = 2
Event 8380000 / 10000000
Event 8381175 Number of Jets accepted = 2 Number of DiJets found = 1
Event 8386726 Number of Jets accepted = 2 Number of DiJets found = 1
Event 8388178 Number of Jets accepted = 2 Number of DiJets found = 1
Event 8388694 Number of Jets accepted = 2 Number of DiJets found = 1
Event 8390000 / 10000000
Event 8394733 Number of Jets accepted = 2 Number of DiJets found = 1
Event 8397591 Number of Jets accepted = 2 Number of DiJets found = 1
Event 8400000 / 10000000
Event 8410000 / 10000000
Event 8420000 / 10000000
Event 8430000 / 10000000
Event 8433129 Number of Jets accepted = 2 Number of DiJets found = 1
Event 8440000 / 10000000
Event 8440560 Number of Jets accepted = 2 Number of DiJets found = 1
Event 8450000 / 10000000
Event 8457927 Number of Jets accepted = 2 Number of DiJets found = 1
Event 8460000 / 10000000
Event 8470000 / 10000000
Event 8470347 Number of Jets accepted = 2 Number of DiJets found = 1
Event 8472748 Number of Jets accepted = 2 Number of DiJets found = 1
Event 8480000 / 10000000
Event 8482417 Number of Jets accepted = 2 Number of DiJets found = 1
Event 8490000 / 10000000
Event 8499715 Number of Jets accepted = 2 Number of DiJets found = 1
Event 8500000 / 10000000
Event 8503549 Number of Jets accepted = 2 Number of DiJets found = 1
Event 8510000 / 10000000
Event 8510960 Number of Jets accepted = 2 Number of DiJets found = 1
Event 8520000 / 10000000
Event 8526487 Number of Jets accepted = 2 Number of DiJets found = 1
Event 8530000 / 10000000
Event 8532848 Number of Jets accepted = 2 Number of DiJets found = 1
Event 8539451 Number of Jets accepted = 2 Number of DiJets found = 1
Event 8540000 / 10000000
Event 8550000 / 10000000
Event 8560000 / 10000000
Event 8564098 Number of Jets accepted = 2 Number of DiJets found = 1
Event 8570000 / 10000000
Event 8580000 / 10000000
Event 8588023 Number of Jets accepted = 2 Number of DiJets found = 1
Event 8590000 / 10000000
Event 8598277 Number of Jets accepted = 2 Number of DiJets found = 1
Event 8600000 / 10000000
Event 8605283 Number of Jets accepted = 2 Number of DiJets found = 1
Event 8610000 / 10000000
Event 8614278 Number of Jets accepted = 2 Number of DiJets found = 1
Event 8620000 / 10000000
Event 8630000 / 10000000
Event 8635397 Number of Jets accepted = 2 Number of DiJets found = 1
Event 8638969 Number of Jets accepted = 2 Number of DiJets found = 1
Event 8640000 / 10000000
Event 8650000 / 10000000
Event 8660000 / 10000000
Event 8670000 / 10000000
Event 8675438 Number of Jets accepted = 2 Number of DiJets found = 1
Event 8680000 / 10000000
Event 8690000 / 10000000
Event 8700000 / 10000000
Event 8705071 Number of Jets accepted = 2 Number of DiJets found = 1
Event 8710000 / 10000000
Event 8720000 / 10000000
Event 8730000 / 10000000
Event 8740000 / 10000000
Event 8741461 Number of Jets accepted = 2 Number of DiJets found = 1
Event 8743808 Number of Jets accepted = 2 Number of DiJets found = 1
Event 8750000 / 10000000
Event 8760000 / 10000000
Event 8770000 / 10000000
Event 8780000 / 10000000
Event 8790000 / 10000000
Event 8800000 / 10000000
Event 8810000 / 10000000
Event 8820000 / 10000000
Event 8821497 Number of Jets accepted = 2 Number of DiJets found = 1
Event 8830000 / 10000000
Event 8834145 Number of Jets accepted = 2 Number of DiJets found = 1
Event 8840000 / 10000000
Event 8850000 / 10000000
Event 8850510 Number of Jets accepted = 2 Number of DiJets found = 1
Event 8854251 Number of Jets accepted = 2 Number of DiJets found = 1
Event 8860000 / 10000000
Event 8860483 Number of Jets accepted = 2 Number of DiJets found = 1
Event 8863250 Number of Jets accepted = 2 Number of DiJets found = 1
Event 8870000 / 10000000
Event 8880000 / 10000000
Event 8887175 Number of Jets accepted = 4 Number of DiJets found = 2
Event 8889820 Number of Jets accepted = 2 Number of DiJets found = 1
Event 8890000 / 10000000
Event 8892986 Number of Jets accepted = 2 Number of DiJets found = 1
Event 8900000 / 10000000
Event 8901547 Number of Jets accepted = 2 Number of DiJets found = 1
Event 8910000 / 10000000
Event 8919546 Number of Jets accepted = 2 Number of DiJets found = 1
Event 8920000 / 10000000
Event 8922527 Number of Jets accepted = 2 Number of DiJets found = 1
Event 8930000 / 10000000
Event 8935340 Number of Jets accepted = 2 Number of DiJets found = 1
Event 8938658 Number of Jets accepted = 2 Number of DiJets found = 1
Event 8940000 / 10000000
Event 8950000 / 10000000
Event 8960000 / 10000000
Event 8970000 / 10000000
Event 8980000 / 10000000
Event 8984033 Number of Jets accepted = 2 Number of DiJets found = 1
Event 8984285 Number of Jets accepted = 2 Number of DiJets found = 1
Event 8990000 / 10000000
Event 9000000 / 10000000
Event 9010000 / 10000000
Event 9020000 / 10000000
Event 9022671 Number of Jets accepted = 2 Number of DiJets found = 1
Event 9029484 Number of Jets accepted = 2 Number of DiJets found = 1
Event 9030000 / 10000000
Event 9040000 / 10000000
Event 9050000 / 10000000
Event 9060000 / 10000000
Event 9070000 / 10000000
Event 9071617 Number of Jets accepted = 2 Number of DiJets found = 1
Event 9072687 Number of Jets accepted = 2 Number of DiJets found = 1
Event 9080000 / 10000000
Event 9082003 Number of Jets accepted = 2 Number of DiJets found = 1
Event 9090000 / 10000000
Event 9100000 / 10000000
Event 9104874 Number of Jets accepted = 2 Number of DiJets found = 1
Event 9108571 Number of Jets accepted = 2 Number of DiJets found = 1
Event 9110000 / 10000000
Event 9120000 / 10000000
Event 9130000 / 10000000
Event 9140000 / 10000000
Event 9150000 / 10000000
Event 9160000 / 10000000
Event 9169722 Number of Jets accepted = 2 Number of DiJets found = 1
Event 9170000 / 10000000
Event 9180000 / 10000000
Event 9190000 / 10000000
Event 9200000 / 10000000
Event 9205940 Number of Jets accepted = 2 Number of DiJets found = 1
Event 9209831 Number of Jets accepted = 2 Number of DiJets found = 1
Event 9210000 / 10000000
Event 9218375 Number of Jets accepted = 2 Number of DiJets found = 1
Event 9220000 / 10000000
Event 9230000 / 10000000
Event 9231881 Number of Jets accepted = 2 Number of DiJets found = 1
Event 9240000 / 10000000
Event 9250000 / 10000000
Event 9254514 Number of Jets accepted = 2 Number of DiJets found = 1
Event 9255593 Number of Jets accepted = 2 Number of DiJets found = 1
Event 9260000 / 10000000
Event 9270000 / 10000000
Event 9278605 Number of Jets accepted = 2 Number of DiJets found = 1
Event 9280000 / 10000000
Event 9282623 Number of Jets accepted = 2 Number of DiJets found = 1
Event 9287254 Number of Jets accepted = 2 Number of DiJets found = 1
Event 9290000 / 10000000
Event 9300000 / 10000000
Event 9301189 Number of Jets accepted = 2 Number of DiJets found = 1
Event 9307914 Number of Jets accepted = 2 Number of DiJets found = 1
Event 9310000 / 10000000
Event 9316833 Number of Jets accepted = 2 Number of DiJets found = 1
Event 9320000 / 10000000
Event 9330000 / 10000000
Event 9340000 / 10000000
Event 9350000 / 10000000
Event 9360000 / 10000000
Event 9365738 Number of Jets accepted = 2 Number of DiJets found = 1
Event 9369568 Number of Jets accepted = 2 Number of DiJets found = 1
Event 9369859 Number of Jets accepted = 2 Number of DiJets found = 1
Event 9370000 / 10000000
Event 9375005 Number of Jets accepted = 2 Number of DiJets found = 1
Event 9380000 / 10000000
Event 9385996 Number of Jets accepted = 2 Number of DiJets found = 1
Event 9390000 / 10000000
Event 9392079 Number of Jets accepted = 2 Number of DiJets found = 1
Event 9400000 / 10000000
Event 9410000 / 10000000
Event 9420000 / 10000000
Event 9430000 / 10000000
Event 9440000 / 10000000
Event 9445939 Number of Jets accepted = 2 Number of DiJets found = 1
Event 9450000 / 10000000
Event 9460000 / 10000000
Event 9460939 Number of Jets accepted = 2 Number of DiJets found = 1
Event 9461223 Number of Jets accepted = 2 Number of DiJets found = 1
Event 9461503 Number of Jets accepted = 2 Number of DiJets found = 1
Event 9470000 / 10000000
Event 9477641 Number of Jets accepted = 2 Number of DiJets found = 1
Event 9480000 / 10000000
Event 9490000 / 10000000
Event 9500000 / 10000000
Event 9501770 Number of Jets accepted = 2 Number of DiJets found = 1
Event 9510000 / 10000000
Event 9512403 Number of Jets accepted = 2 Number of DiJets found = 1
Event 9518668 Number of Jets accepted = 2 Number of DiJets found = 1
Event 9520000 / 10000000
Event 9526271 Number of Jets accepted = 2 Number of DiJets found = 1
Event 9530000 / 10000000
Event 9533851 Number of Jets accepted = 2 Number of DiJets found = 1
Event 9540000 / 10000000
Event 9550000 / 10000000
Event 9560000 / 10000000
Event 9570000 / 10000000
Event 9578236 Number of Jets accepted = 2 Number of DiJets found = 1
Event 9579258 Number of Jets accepted = 2 Number of DiJets found = 1
Event 9580000 / 10000000
Event 9586101 Number of Jets accepted = 2 Number of DiJets found = 1
Event 9590000 / 10000000
Event 9600000 / 10000000
Event 9600625 Number of Jets accepted = 2 Number of DiJets found = 1
Event 9605148 Number of Jets accepted = 2 Number of DiJets found = 1
Event 9610000 / 10000000
Event 9615482 Number of Jets accepted = 2 Number of DiJets found = 1
Event 9620000 / 10000000
Event 9625718 Number of Jets accepted = 2 Number of DiJets found = 1
Event 9630000 / 10000000
Event 9640000 / 10000000
Event 9650000 / 10000000
Event 9660000 / 10000000
Event 9670000 / 10000000
Event 9680000 / 10000000
Event 9690000 / 10000000
Event 9698041 Number of Jets accepted = 2 Number of DiJets found = 1
Event 9700000 / 10000000
Event 9707288 Number of Jets accepted = 2 Number of DiJets found = 1
Event 9710000 / 10000000
Event 9720000 / 10000000
Event 9720709 Number of Jets accepted = 2 Number of DiJets found = 1
Event 9720825 Number of Jets accepted = 2 Number of DiJets found = 1
Event 9730000 / 10000000
Event 9735603 Number of Jets accepted = 2 Number of DiJets found = 1
Event 9740000 / 10000000
Event 9750000 / 10000000
Event 9760000 / 10000000
Event 9760568 Number of Jets accepted = 2 Number of DiJets found = 1
Event 9762967 Number of Jets accepted = 2 Number of DiJets found = 1
Event 9768545 Number of Jets accepted = 2 Number of DiJets found = 1
Event 9770000 / 10000000
Event 9780000 / 10000000
Event 9790000 / 10000000
Event 9791131 Number of Jets accepted = 2 Number of DiJets found = 1
Event 9794864 Number of Jets accepted = 2 Number of DiJets found = 1
Event 9795967 Number of Jets accepted = 2 Number of DiJets found = 1
Event 9796805 Number of Jets accepted = 2 Number of DiJets found = 1
Event 9800000 / 10000000
Event 9808703 Number of Jets accepted = 2 Number of DiJets found = 1
Event 9810000 / 10000000
Event 9810800 Number of Jets accepted = 2 Number of DiJets found = 1
Event 9820000 / 10000000
Event 9830000 / 10000000
Event 9840000 / 10000000
Event 9844372 Number of Jets accepted = 2 Number of DiJets found = 1
Event 9850000 / 10000000
Event 9851026 Number of Jets accepted = 2 Number of DiJets found = 1
Event 9857577 Number of Jets accepted = 2 Number of DiJets found = 1
Event 9860000 / 10000000
Event 9866255 Number of Jets accepted = 2 Number of DiJets found = 1
Event 9868703 Number of Jets accepted = 2 Number of DiJets found = 1
Event 9870000 / 10000000
Event 9880000 / 10000000
Event 9890000 / 10000000
Event 9900000 / 10000000
Event 9900240 Number of Jets accepted = 2 Number of DiJets found = 1
Event 9908074 Number of Jets accepted = 2 Number of DiJets found = 1
Event 9909331 Number of Jets accepted = 2 Number of DiJets found = 1
Event 9910000 / 10000000
Event 9915780 Number of Jets accepted = 2 Number of DiJets found = 1
Event 9920000 / 10000000
Event 9930000 / 10000000
Event 9940000 / 10000000
Event 9950000 / 10000000
Event 9956685 Number of Jets accepted = 2 Number of DiJets found = 1
Event 9960000 / 10000000
Event 9970000 / 10000000
Event 9970582 Number of Jets accepted = 2 Number of DiJets found = 1
Event 9976246 Number of Jets accepted = 2 Number of DiJets found = 1
Event 9980000 / 10000000
Event 9984149 Number of Jets accepted = 2 Number of DiJets found = 1
Event 9990000 / 10000000
Event 9993185 Number of Jets accepted = 2 Number of DiJets found = 1

Found 636 events with jets.

Time elapsed: Real time 39:50:25, CP time 140647.740
