Input path set as: /media/scratch/packard/db/.

Filename set as: pp10mEv_7TeV_ptHatMin0GeV_run0.

opening:   /media/scratch/packard/db/pp10mEv_7TeV_ptHatMin0GeV_run0.root


External input: /media/external1/packard/db/RChange/R2NOCHARGE received for output path! Overriding default...

Output path set as /media/external1/packard/db/RChange/R2NOCHARGE. Will write contents to this directory!

External input 0.2 received for R! Overriding default...

External input 0.4 received for OpeningAngle! Overriding default...

External input 5 received for jet_ptmin! Overriding default...

External input 8 received for LeadPtMin! Overriding default...

External input 5 received for SubLeadPtMin! Overriding default...

External input 200 received for max_track_rap! Overriding default...

External input 0 receieved for PtConsLo! Overriding default...

External input 1 received for PtConsHi! Overriding default...

R: 0.2

OpeningAngle: 0.4

jet_ptmin: 5

LeadPtMin: 8

SubLeadPtMin: 5

max_track_rap: 200

PtConsLo: 0

PtConsHi: 1

Number of events: 10000000.Event 0 / 10000000
#--------------------------------------------------------------------------
#                         FastJet release 3.2.1
#                 M. Cacciari, G.P. Salam and G. Soyez                  
#     A software package for jet finding and analysis at colliders      
#                           http://fastjet.fr                           
#	                                                                      
# Please cite EPJC72(2012)1896 [arXiv:1111.6097] if you use this package
# for scientific work and optionally PLB641(2006)57 [hep-ph/0512210].   
#                                                                       
# FastJet is provided without warranty under the terms of the GNU GPLv2.
# It uses T. Chan's closest pair algorithm, S. Fortune's Voronoi code
# and 3rd party plugin jet algorithms. See COPYING file for details.
#--------------------------------------------------------------------------
Event 10000 / 10000000
Event 20000 / 10000000
Event 30000 / 10000000
Event 31814 Number of Jets accepted = 2 Number of DiJets found = 1
Event 40000 / 10000000
Event 50000 / 10000000
Event 60000 / 10000000
Event 69303 Number of Jets accepted = 2 Number of DiJets found = 1
Event 70000 / 10000000
Event 80000 / 10000000
Event 82451 Number of Jets accepted = 2 Number of DiJets found = 1
Event 87404 Number of Jets accepted = 2 Number of DiJets found = 1
Event 90000 / 10000000
Event 100000 / 10000000
Event 104565 Number of Jets accepted = 2 Number of DiJets found = 1
Event 110000 / 10000000
Event 120000 / 10000000
Event 130000 / 10000000
Event 140000 / 10000000
Event 142428 Number of Jets accepted = 2 Number of DiJets found = 1
Event 150000 / 10000000
Event 151842 Number of Jets accepted = 2 Number of DiJets found = 1
Event 160000 / 10000000
Event 167649 Number of Jets accepted = 2 Number of DiJets found = 1
Event 170000 / 10000000
Event 180000 / 10000000
Event 190000 / 10000000
Event 197645 Number of Jets accepted = 2 Number of DiJets found = 1
Event 200000 / 10000000
Event 210000 / 10000000
Event 218685 Number of Jets accepted = 2 Number of DiJets found = 1
Event 220000 / 10000000
Event 222463 Number of Jets accepted = 2 Number of DiJets found = 1
Event 230000 / 10000000
Event 240000 / 10000000
Event 242566 Number of Jets accepted = 2 Number of DiJets found = 1
Event 250000 / 10000000
Event 253739 Number of Jets accepted = 2 Number of DiJets found = 1
Event 256645 Number of Jets accepted = 2 Number of DiJets found = 1
Event 260000 / 10000000
Event 263182 Number of Jets accepted = 2 Number of DiJets found = 1
Event 270000 / 10000000
Event 280000 / 10000000
Event 290000 / 10000000
Event 300000 / 10000000
Event 300070 Number of Jets accepted = 2 Number of DiJets found = 1
Event 310000 / 10000000
Event 320000 / 10000000
Event 330000 / 10000000
Event 340000 / 10000000
Event 350000 / 10000000
Event 357894 Number of Jets accepted = 2 Number of DiJets found = 1
Event 360000 / 10000000
Event 370000 / 10000000
Event 380000 / 10000000
Event 384634 Number of Jets accepted = 2 Number of DiJets found = 1
Event 388945 Number of Jets accepted = 2 Number of DiJets found = 1
Event 390000 / 10000000
Event 400000 / 10000000
Event 410000 / 10000000
Event 416075 Number of Jets accepted = 2 Number of DiJets found = 1
Event 420000 / 10000000
Event 430000 / 10000000
Event 440000 / 10000000
Event 441559 Number of Jets accepted = 2 Number of DiJets found = 1
Event 450000 / 10000000
Event 454624 Number of Jets accepted = 2 Number of DiJets found = 1
Event 456558 Number of Jets accepted = 2 Number of DiJets found = 1
Event 460000 / 10000000
Event 470000 / 10000000
Event 473855 Number of Jets accepted = 2 Number of DiJets found = 1
Event 478738 Number of Jets accepted = 2 Number of DiJets found = 1
Event 480000 / 10000000
Event 490000 / 10000000
Event 500000 / 10000000
Event 510000 / 10000000
Event 520000 / 10000000
Event 530000 / 10000000
Event 535838 Number of Jets accepted = 2 Number of DiJets found = 1
Event 540000 / 10000000
Event 546610 Number of Jets accepted = 2 Number of DiJets found = 1
Event 550000 / 10000000
Event 550258 Number of Jets accepted = 2 Number of DiJets found = 1
Event 552290 Number of Jets accepted = 2 Number of DiJets found = 1
Event 560000 / 10000000
Event 570000 / 10000000
Event 580000 / 10000000
Event 590000 / 10000000
Event 600000 / 10000000
Event 607351 Number of Jets accepted = 2 Number of DiJets found = 1
Event 610000 / 10000000
Event 614509 Number of Jets accepted = 2 Number of DiJets found = 1
Event 617349 Number of Jets accepted = 2 Number of DiJets found = 1
Event 620000 / 10000000
Event 630000 / 10000000
Event 638816 Number of Jets accepted = 2 Number of DiJets found = 1
Event 640000 / 10000000
Event 650000 / 10000000
Event 659979 Number of Jets accepted = 2 Number of DiJets found = 1
Event 660000 / 10000000
Event 670000 / 10000000
Event 670829 Number of Jets accepted = 2 Number of DiJets found = 1
Event 680000 / 10000000
Event 690000 / 10000000
Event 692606 Number of Jets accepted = 2 Number of DiJets found = 1
Event 698408 Number of Jets accepted = 2 Number of DiJets found = 1
Event 700000 / 10000000
Event 702684 Number of Jets accepted = 2 Number of DiJets found = 1
Event 710000 / 10000000
Event 720000 / 10000000
Event 730000 / 10000000
Event 739238 Number of Jets accepted = 2 Number of DiJets found = 1
Event 740000 / 10000000
Event 742932 Number of Jets accepted = 2 Number of DiJets found = 1
Event 750000 / 10000000
Event 760000 / 10000000
Event 770000 / 10000000
Event 776784 Number of Jets accepted = 2 Number of DiJets found = 1
Event 780000 / 10000000
Event 785772 Number of Jets accepted = 2 Number of DiJets found = 1
Event 790000 / 10000000
Event 797947 Number of Jets accepted = 2 Number of DiJets found = 1
Event 800000 / 10000000
Event 806708 Number of Jets accepted = 2 Number of DiJets found = 1
Event 810000 / 10000000
Event 814226 Number of Jets accepted = 2 Number of DiJets found = 1
Event 816797 Number of Jets accepted = 2 Number of DiJets found = 1
Event 817331 Number of Jets accepted = 2 Number of DiJets found = 1
Event 820000 / 10000000
Event 830000 / 10000000
Event 840000 / 10000000
Event 848541 Number of Jets accepted = 2 Number of DiJets found = 1
Event 850000 / 10000000
Event 860000 / 10000000
Event 867442 Number of Jets accepted = 2 Number of DiJets found = 1
Event 870000 / 10000000
Event 876498 Number of Jets accepted = 2 Number of DiJets found = 1
Event 880000 / 10000000
Event 883839 Number of Jets accepted = 2 Number of DiJets found = 1
Event 890000 / 10000000
Event 894565 Number of Jets accepted = 2 Number of DiJets found = 1
Event 900000 / 10000000
Event 905204 Number of Jets accepted = 2 Number of DiJets found = 1
Event 910000 / 10000000
Event 920000 / 10000000
Event 923573 Number of Jets accepted = 2 Number of DiJets found = 1
Event 930000 / 10000000
Event 940000 / 10000000
Event 944195 Number of Jets accepted = 2 Number of DiJets found = 1
Event 950000 / 10000000
Event 954239 Number of Jets accepted = 2 Number of DiJets found = 1
Event 960000 / 10000000
Event 960367 Number of Jets accepted = 2 Number of DiJets found = 1
Event 970000 / 10000000
Event 977857 Number of Jets accepted = 2 Number of DiJets found = 1
Event 980000 / 10000000
Event 990000 / 10000000
Event 993804 Number of Jets accepted = 2 Number of DiJets found = 1
Event 1000000 / 10000000
Event 1000212 Number of Jets accepted = 2 Number of DiJets found = 1
Event 1005524 Number of Jets accepted = 2 Number of DiJets found = 1
Event 1010000 / 10000000
Event 1011152 Number of Jets accepted = 2 Number of DiJets found = 1
Event 1012763 Number of Jets accepted = 2 Number of DiJets found = 1
Event 1015118 Number of Jets accepted = 2 Number of DiJets found = 1
Event 1015554 Number of Jets accepted = 2 Number of DiJets found = 1
Event 1020000 / 10000000
Event 1030000 / 10000000
Event 1040000 / 10000000
Event 1046500 Number of Jets accepted = 2 Number of DiJets found = 1
Event 1050000 / 10000000
Event 1053848 Number of Jets accepted = 2 Number of DiJets found = 1
Event 1054044 Number of Jets accepted = 2 Number of DiJets found = 1
Event 1060000 / 10000000
Event 1063432 Number of Jets accepted = 2 Number of DiJets found = 1
Event 1070000 / 10000000
Event 1080000 / 10000000
Event 1084065 Number of Jets accepted = 2 Number of DiJets found = 1
Event 1089477 Number of Jets accepted = 2 Number of DiJets found = 1
Event 1090000 / 10000000
Event 1100000 / 10000000
Event 1102549 Number of Jets accepted = 2 Number of DiJets found = 1
Event 1110000 / 10000000
Event 1120000 / 10000000
Event 1122660 Number of Jets accepted = 2 Number of DiJets found = 1
Event 1123509 Number of Jets accepted = 2 Number of DiJets found = 1
Event 1125512 Number of Jets accepted = 2 Number of DiJets found = 1
Event 1129723 Number of Jets accepted = 2 Number of DiJets found = 1
Event 1130000 / 10000000
Event 1133023 Number of Jets accepted = 2 Number of DiJets found = 1
Event 1140000 / 10000000
Event 1141941 Number of Jets accepted = 2 Number of DiJets found = 1
Event 1145698 Number of Jets accepted = 2 Number of DiJets found = 1
Event 1145791 Number of Jets accepted = 2 Number of DiJets found = 1
Event 1146035 Number of Jets accepted = 2 Number of DiJets found = 1
Event 1150000 / 10000000
Event 1155188 Number of Jets accepted = 2 Number of DiJets found = 1
Event 1160000 / 10000000
Event 1170000 / 10000000
Event 1180000 / 10000000
Event 1189252 Number of Jets accepted = 2 Number of DiJets found = 1
Event 1190000 / 10000000
Event 1200000 / 10000000
Event 1204610 Number of Jets accepted = 2 Number of DiJets found = 1
Event 1207081 Number of Jets accepted = 2 Number of DiJets found = 1
Event 1210000 / 10000000
Event 1220000 / 10000000
Event 1230000 / 10000000
Event 1233223 Number of Jets accepted = 2 Number of DiJets found = 1
Event 1240000 / 10000000
Event 1250000 / 10000000
Event 1259140 Number of Jets accepted = 2 Number of DiJets found = 1
Event 1260000 / 10000000
Event 1270000 / 10000000
Event 1270335 Number of Jets accepted = 2 Number of DiJets found = 1
Event 1280000 / 10000000
Event 1290000 / 10000000
Event 1300000 / 10000000
Event 1310000 / 10000000
Event 1319318 Number of Jets accepted = 2 Number of DiJets found = 1
Event 1320000 / 10000000
Event 1321287 Number of Jets accepted = 2 Number of DiJets found = 1
Event 1328374 Number of Jets accepted = 2 Number of DiJets found = 1
Event 1330000 / 10000000
Event 1340000 / 10000000
Event 1350000 / 10000000
Event 1360000 / 10000000
Event 1370000 / 10000000
Event 1380000 / 10000000
Event 1390000 / 10000000
Event 1394604 Number of Jets accepted = 2 Number of DiJets found = 1
Event 1400000 / 10000000
Event 1410000 / 10000000
Event 1420000 / 10000000
Event 1430000 / 10000000
Event 1436577 Number of Jets accepted = 2 Number of DiJets found = 1
Event 1440000 / 10000000
Event 1445025 Number of Jets accepted = 2 Number of DiJets found = 1
Event 1445047 Number of Jets accepted = 2 Number of DiJets found = 1
Event 1447512 Number of Jets accepted = 2 Number of DiJets found = 1
Event 1450000 / 10000000
Event 1460000 / 10000000
Event 1461175 Number of Jets accepted = 2 Number of DiJets found = 1
Event 1461893 Number of Jets accepted = 2 Number of DiJets found = 1
Event 1470000 / 10000000
Event 1480000 / 10000000
Event 1490000 / 10000000
Event 1500000 / 10000000
Event 1503064 Number of Jets accepted = 2 Number of DiJets found = 1
Event 1510000 / 10000000
Event 1520000 / 10000000
Event 1526807 Number of Jets accepted = 2 Number of DiJets found = 1
Event 1530000 / 10000000
Event 1534425 Number of Jets accepted = 2 Number of DiJets found = 1
Event 1540000 / 10000000
Event 1550000 / 10000000
Event 1557581 Number of Jets accepted = 2 Number of DiJets found = 1
Event 1560000 / 10000000
Event 1564730 Number of Jets accepted = 2 Number of DiJets found = 1
Event 1568905 Number of Jets accepted = 2 Number of DiJets found = 1
Event 1570000 / 10000000
Event 1580000 / 10000000
Event 1583141 Number of Jets accepted = 2 Number of DiJets found = 1
Event 1590000 / 10000000
Event 1592225 Number of Jets accepted = 2 Number of DiJets found = 1
Event 1592628 Number of Jets accepted = 2 Number of DiJets found = 1
Event 1600000 / 10000000
Event 1609951 Number of Jets accepted = 2 Number of DiJets found = 1
Event 1610000 / 10000000
Event 1620000 / 10000000
Event 1628444 Number of Jets accepted = 2 Number of DiJets found = 1
Event 1630000 / 10000000
Event 1640000 / 10000000
Event 1650000 / 10000000
Event 1660000 / 10000000
Event 1670000 / 10000000
Event 1678447 Number of Jets accepted = 2 Number of DiJets found = 1
Event 1680000 / 10000000
Event 1685095 Number of Jets accepted = 2 Number of DiJets found = 1
Event 1690000 / 10000000
Event 1695053 Number of Jets accepted = 2 Number of DiJets found = 1
Event 1695549 Number of Jets accepted = 2 Number of DiJets found = 1
Event 1700000 / 10000000
Event 1705183 Number of Jets accepted = 2 Number of DiJets found = 1
Event 1710000 / 10000000
Event 1720000 / 10000000
Event 1730000 / 10000000
Event 1740000 / 10000000
Event 1746584 Number of Jets accepted = 2 Number of DiJets found = 1
Event 1749246 Number of Jets accepted = 2 Number of DiJets found = 1
Event 1750000 / 10000000
Event 1760000 / 10000000
Event 1769951 Number of Jets accepted = 2 Number of DiJets found = 1
Event 1770000 / 10000000
Event 1776069 Number of Jets accepted = 2 Number of DiJets found = 1
Event 1780000 / 10000000
Event 1790000 / 10000000
Event 1797293 Number of Jets accepted = 2 Number of DiJets found = 1
Event 1798355 Number of Jets accepted = 2 Number of DiJets found = 1
Event 1800000 / 10000000
Event 1804393 Number of Jets accepted = 2 Number of DiJets found = 1
Event 1810000 / 10000000
Event 1811245 Number of Jets accepted = 2 Number of DiJets found = 1
Event 1820000 / 10000000
Event 1826283 Number of Jets accepted = 2 Number of DiJets found = 1
Event 1830000 / 10000000
Event 1835170 Number of Jets accepted = 2 Number of DiJets found = 1
Event 1840000 / 10000000
Event 1840366 Number of Jets accepted = 2 Number of DiJets found = 1
Event 1847118 Number of Jets accepted = 2 Number of DiJets found = 1
Event 1848981 Number of Jets accepted = 2 Number of DiJets found = 1
Event 1850000 / 10000000
Event 1854341 Number of Jets accepted = 2 Number of DiJets found = 1
Event 1855661 Number of Jets accepted = 2 Number of DiJets found = 1
Event 1857247 Number of Jets accepted = 2 Number of DiJets found = 1
Event 1860000 / 10000000
Event 1863527 Number of Jets accepted = 2 Number of DiJets found = 1
Event 1864525 Number of Jets accepted = 2 Number of DiJets found = 1
Event 1864975 Number of Jets accepted = 2 Number of DiJets found = 1
Event 1870000 / 10000000
Event 1871089 Number of Jets accepted = 2 Number of DiJets found = 1
Event 1880000 / 10000000
Event 1888930 Number of Jets accepted = 2 Number of DiJets found = 1
Event 1890000 / 10000000
Event 1894230 Number of Jets accepted = 2 Number of DiJets found = 1
Event 1897280 Number of Jets accepted = 2 Number of DiJets found = 1
Event 1898971 Number of Jets accepted = 6 Number of DiJets found = 3
Event 1900000 / 10000000
Event 1904952 Number of Jets accepted = 2 Number of DiJets found = 1
Event 1910000 / 10000000
Event 1911696 Number of Jets accepted = 2 Number of DiJets found = 1
Event 1920000 / 10000000
Event 1920218 Number of Jets accepted = 2 Number of DiJets found = 1
Event 1930000 / 10000000
Event 1940000 / 10000000
Event 1942530 Number of Jets accepted = 2 Number of DiJets found = 1
Event 1949984 Number of Jets accepted = 2 Number of DiJets found = 1
Event 1950000 / 10000000
Event 1960000 / 10000000
Event 1965700 Number of Jets accepted = 2 Number of DiJets found = 1
Event 1970000 / 10000000
Event 1977388 Number of Jets accepted = 2 Number of DiJets found = 1
Event 1980000 / 10000000
Event 1985251 Number of Jets accepted = 2 Number of DiJets found = 1
Event 1987918 Number of Jets accepted = 2 Number of DiJets found = 1
Event 1990000 / 10000000
Event 1996390 Number of Jets accepted = 2 Number of DiJets found = 1
Event 1997751 Number of Jets accepted = 2 Number of DiJets found = 1
Event 2000000 / 10000000
Event 2010000 / 10000000
Event 2014143 Number of Jets accepted = 2 Number of DiJets found = 1
Event 2020000 / 10000000
Event 2030000 / 10000000
Event 2032886 Number of Jets accepted = 2 Number of DiJets found = 1
Event 2040000 / 10000000
Event 2040291 Number of Jets accepted = 2 Number of DiJets found = 1
Event 2050000 / 10000000
Event 2051676 Number of Jets accepted = 2 Number of DiJets found = 1
Event 2060000 / 10000000
Event 2061317 Number of Jets accepted = 2 Number of DiJets found = 1
Event 2070000 / 10000000
Event 2078222 Number of Jets accepted = 2 Number of DiJets found = 1
Event 2078230 Number of Jets accepted = 2 Number of DiJets found = 1
Event 2080000 / 10000000
Event 2090000 / 10000000
Event 2100000 / 10000000
Event 2110000 / 10000000
Event 2120000 / 10000000
Event 2130000 / 10000000
Event 2136152 Number of Jets accepted = 2 Number of DiJets found = 1
Event 2140000 / 10000000
Event 2150000 / 10000000
Event 2154510 Number of Jets accepted = 2 Number of DiJets found = 1
Event 2154944 Number of Jets accepted = 2 Number of DiJets found = 1
Event 2160000 / 10000000
Event 2170000 / 10000000
Event 2180000 / 10000000
Event 2190000 / 10000000
Event 2200000 / 10000000
Event 2202250 Number of Jets accepted = 2 Number of DiJets found = 1
Event 2210000 / 10000000
Event 2220000 / 10000000
Event 2230000 / 10000000
Event 2240000 / 10000000
Event 2242583 Number of Jets accepted = 2 Number of DiJets found = 1
Event 2250000 / 10000000
Event 2250524 Number of Jets accepted = 2 Number of DiJets found = 1
Event 2260000 / 10000000
Event 2270000 / 10000000
Event 2273181 Number of Jets accepted = 2 Number of DiJets found = 1
Event 2280000 / 10000000
Event 2285618 Number of Jets accepted = 2 Number of DiJets found = 1
Event 2290000 / 10000000
Event 2300000 / 10000000
Event 2303777 Number of Jets accepted = 2 Number of DiJets found = 1
Event 2310000 / 10000000
Event 2312259 Number of Jets accepted = 2 Number of DiJets found = 1
Event 2317928 Number of Jets accepted = 2 Number of DiJets found = 1
Event 2320000 / 10000000
Event 2330000 / 10000000
Event 2330724 Number of Jets accepted = 2 Number of DiJets found = 1
Event 2334194 Number of Jets accepted = 2 Number of DiJets found = 1
Event 2339431 Number of Jets accepted = 2 Number of DiJets found = 1
Event 2340000 / 10000000
Event 2343926 Number of Jets accepted = 2 Number of DiJets found = 1
Event 2350000 / 10000000
Event 2351861 Number of Jets accepted = 2 Number of DiJets found = 1
Event 2352095 Number of Jets accepted = 2 Number of DiJets found = 1
Event 2360000 / 10000000
Event 2370000 / 10000000
Event 2380000 / 10000000
Event 2384861 Number of Jets accepted = 2 Number of DiJets found = 1
Event 2390000 / 10000000
Event 2400000 / 10000000
Event 2410000 / 10000000
Event 2420000 / 10000000
Event 2425091 Number of Jets accepted = 2 Number of DiJets found = 1
Event 2430000 / 10000000
Event 2431265 Number of Jets accepted = 2 Number of DiJets found = 1
Event 2440000 / 10000000
Event 2442105 Number of Jets accepted = 2 Number of DiJets found = 1
Event 2445642 Number of Jets accepted = 2 Number of DiJets found = 1
Event 2448286 Number of Jets accepted = 2 Number of DiJets found = 1
Event 2450000 / 10000000
Event 2457834 Number of Jets accepted = 2 Number of DiJets found = 1
Event 2458617 Number of Jets accepted = 2 Number of DiJets found = 1
Event 2460000 / 10000000
Event 2470000 / 10000000
Event 2480000 / 10000000
Event 2484299 Number of Jets accepted = 2 Number of DiJets found = 1
Event 2490000 / 10000000
Event 2493984 Number of Jets accepted = 4 Number of DiJets found = 2
Event 2500000 / 10000000
Event 2510000 / 10000000
Event 2520000 / 10000000
Event 2530000 / 10000000
Event 2540000 / 10000000
Event 2543271 Number of Jets accepted = 2 Number of DiJets found = 1
Event 2550000 / 10000000
Event 2558699 Number of Jets accepted = 2 Number of DiJets found = 1
Event 2560000 / 10000000
Event 2563136 Number of Jets accepted = 2 Number of DiJets found = 1
Event 2570000 / 10000000
Event 2580000 / 10000000
Event 2580558 Number of Jets accepted = 2 Number of DiJets found = 1
Event 2581674 Number of Jets accepted = 2 Number of DiJets found = 1
Event 2590000 / 10000000
Event 2597510 Number of Jets accepted = 2 Number of DiJets found = 1
Event 2600000 / 10000000
Event 2610000 / 10000000
Event 2620000 / 10000000
Event 2622546 Number of Jets accepted = 2 Number of DiJets found = 1
Event 2630000 / 10000000
Event 2640000 / 10000000
Event 2641596 Number of Jets accepted = 2 Number of DiJets found = 1
Event 2650000 / 10000000
Event 2660000 / 10000000
Event 2670000 / 10000000
Event 2680000 / 10000000
Event 2690000 / 10000000
Event 2700000 / 10000000
Event 2710000 / 10000000
Event 2714369 Number of Jets accepted = 2 Number of DiJets found = 1
Event 2720000 / 10000000
Event 2730000 / 10000000
Event 2740000 / 10000000
Event 2747187 Number of Jets accepted = 2 Number of DiJets found = 1
Event 2749635 Number of Jets accepted = 2 Number of DiJets found = 1
Event 2750000 / 10000000
Event 2760000 / 10000000
Event 2767235 Number of Jets accepted = 2 Number of DiJets found = 1
Event 2769876 Number of Jets accepted = 2 Number of DiJets found = 1
Event 2770000 / 10000000
Event 2780000 / 10000000
Event 2780438 Number of Jets accepted = 2 Number of DiJets found = 1
Event 2790000 / 10000000
Event 2800000 / 10000000
Event 2810000 / 10000000
Event 2820000 / 10000000
Event 2827436 Number of Jets accepted = 2 Number of DiJets found = 1
Event 2830000 / 10000000
Event 2840000 / 10000000
Event 2850000 / 10000000
Event 2851951 Number of Jets accepted = 2 Number of DiJets found = 1
Event 2854711 Number of Jets accepted = 2 Number of DiJets found = 1
Event 2859177 Number of Jets accepted = 2 Number of DiJets found = 1
Event 2860000 / 10000000
Event 2870000 / 10000000
Event 2880000 / 10000000
Event 2890000 / 10000000
Event 2900000 / 10000000
Event 2910000 / 10000000
Event 2914111 Number of Jets accepted = 2 Number of DiJets found = 1
Event 2920000 / 10000000
Event 2921483 Number of Jets accepted = 2 Number of DiJets found = 1
Event 2930000 / 10000000
Event 2939212 Number of Jets accepted = 2 Number of DiJets found = 1
Event 2940000 / 10000000
Event 2949244 Number of Jets accepted = 2 Number of DiJets found = 1
Event 2950000 / 10000000
Event 2960000 / 10000000
Event 2970000 / 10000000
Event 2980000 / 10000000
Event 2984668 Number of Jets accepted = 2 Number of DiJets found = 1
Event 2990000 / 10000000
Event 2991814 Number of Jets accepted = 2 Number of DiJets found = 1
Event 3000000 / 10000000
Event 3010000 / 10000000
Event 3014941 Number of Jets accepted = 2 Number of DiJets found = 1
Event 3014996 Number of Jets accepted = 2 Number of DiJets found = 1
Event 3016201 Number of Jets accepted = 2 Number of DiJets found = 1
Event 3018600 Number of Jets accepted = 2 Number of DiJets found = 1
Event 3020000 / 10000000
Event 3026373 Number of Jets accepted = 2 Number of DiJets found = 1
Event 3030000 / 10000000
Event 3040000 / 10000000
Event 3050000 / 10000000
Event 3060000 / 10000000
Event 3070000 / 10000000
Event 3078217 Number of Jets accepted = 2 Number of DiJets found = 1
Event 3080000 / 10000000
Event 3090000 / 10000000
Event 3094771 Number of Jets accepted = 2 Number of DiJets found = 1
Event 3100000 / 10000000
Event 3107741 Number of Jets accepted = 2 Number of DiJets found = 1
Event 3110000 / 10000000
Event 3120000 / 10000000
Event 3130000 / 10000000
Event 3130337 Number of Jets accepted = 2 Number of DiJets found = 1
Event 3140000 / 10000000
Event 3141858 Number of Jets accepted = 2 Number of DiJets found = 1
Event 3146500 Number of Jets accepted = 2 Number of DiJets found = 1
Event 3150000 / 10000000
Event 3160000 / 10000000
Event 3170000 / 10000000
Event 3175704 Number of Jets accepted = 2 Number of DiJets found = 1
Event 3180000 / 10000000
Event 3183201 Number of Jets accepted = 2 Number of DiJets found = 1
Event 3190000 / 10000000
Event 3195137 Number of Jets accepted = 2 Number of DiJets found = 1
Event 3200000 / 10000000
Event 3210000 / 10000000
Event 3220000 / 10000000
Event 3221552 Number of Jets accepted = 2 Number of DiJets found = 1
Event 3226182 Number of Jets accepted = 2 Number of DiJets found = 1
Event 3230000 / 10000000
Event 3240000 / 10000000
Event 3246520 Number of Jets accepted = 2 Number of DiJets found = 1
Event 3250000 / 10000000
Event 3260000 / 10000000
Event 3270000 / 10000000
Event 3280000 / 10000000
Event 3290000 / 10000000
Event 3300000 / 10000000
Event 3310000 / 10000000
Event 3320000 / 10000000
Event 3321642 Number of Jets accepted = 2 Number of DiJets found = 1
Event 3330000 / 10000000
Event 3335522 Number of Jets accepted = 2 Number of DiJets found = 1
Event 3340000 / 10000000
Event 3349177 Number of Jets accepted = 2 Number of DiJets found = 1
Event 3350000 / 10000000
Event 3351654 Number of Jets accepted = 2 Number of DiJets found = 1
Event 3356254 Number of Jets accepted = 2 Number of DiJets found = 1
Event 3356851 Number of Jets accepted = 2 Number of DiJets found = 1
Event 3360000 / 10000000
Event 3370000 / 10000000
Event 3380000 / 10000000
Event 3390000 / 10000000
Event 3390820 Number of Jets accepted = 2 Number of DiJets found = 1
Event 3399001 Number of Jets accepted = 2 Number of DiJets found = 1
Event 3400000 / 10000000
Event 3405462 Number of Jets accepted = 2 Number of DiJets found = 1
Event 3410000 / 10000000
Event 3420000 / 10000000
Event 3420537 Number of Jets accepted = 2 Number of DiJets found = 1
Event 3425954 Number of Jets accepted = 2 Number of DiJets found = 1
Event 3430000 / 10000000
Event 3434416 Number of Jets accepted = 2 Number of DiJets found = 1
Event 3440000 / 10000000
Event 3440120 Number of Jets accepted = 2 Number of DiJets found = 1
Event 3448362 Number of Jets accepted = 2 Number of DiJets found = 1
Event 3450000 / 10000000
Event 3457110 Number of Jets accepted = 2 Number of DiJets found = 1
Event 3458896 Number of Jets accepted = 2 Number of DiJets found = 1
Event 3460000 / 10000000
Event 3470000 / 10000000
Event 3472886 Number of Jets accepted = 2 Number of DiJets found = 1
Event 3475160 Number of Jets accepted = 2 Number of DiJets found = 1
Event 3480000 / 10000000
Event 3480270 Number of Jets accepted = 2 Number of DiJets found = 1
Event 3488698 Number of Jets accepted = 2 Number of DiJets found = 1
Event 3490000 / 10000000
Event 3490004 Number of Jets accepted = 2 Number of DiJets found = 1
Event 3499694 Number of Jets accepted = 2 Number of DiJets found = 1
Event 3500000 / 10000000
Event 3510000 / 10000000
Event 3520000 / 10000000
Event 3522426 Number of Jets accepted = 2 Number of DiJets found = 1
Event 3530000 / 10000000
Event 3540000 / 10000000
Event 3544215 Number of Jets accepted = 2 Number of DiJets found = 1
Event 3550000 / 10000000
Event 3559614 Number of Jets accepted = 2 Number of DiJets found = 1
Event 3560000 / 10000000
Event 3562078 Number of Jets accepted = 2 Number of DiJets found = 1
Event 3563104 Number of Jets accepted = 2 Number of DiJets found = 1
Event 3570000 / 10000000
Event 3579495 Number of Jets accepted = 2 Number of DiJets found = 1
Event 3580000 / 10000000
Event 3580371 Number of Jets accepted = 2 Number of DiJets found = 1
Event 3584514 Number of Jets accepted = 2 Number of DiJets found = 1
Event 3590000 / 10000000
Event 3596526 Number of Jets accepted = 4 Number of DiJets found = 2
Event 3600000 / 10000000
Event 3602373 Number of Jets accepted = 2 Number of DiJets found = 1
Event 3610000 / 10000000
Event 3618898 Number of Jets accepted = 2 Number of DiJets found = 1
Event 3620000 / 10000000
Event 3630000 / 10000000
Event 3634926 Number of Jets accepted = 2 Number of DiJets found = 1
Event 3638188 Number of Jets accepted = 2 Number of DiJets found = 1
Event 3640000 / 10000000
Event 3650000 / 10000000
Event 3660000 / 10000000
Event 3670000 / 10000000
Event 3672022 Number of Jets accepted = 2 Number of DiJets found = 1
Event 3680000 / 10000000
Event 3684279 Number of Jets accepted = 2 Number of DiJets found = 1
Event 3690000 / 10000000
Event 3700000 / 10000000
Event 3710000 / 10000000
Event 3720000 / 10000000
Event 3730000 / 10000000
Event 3740000 / 10000000
Event 3750000 / 10000000
Event 3753081 Number of Jets accepted = 2 Number of DiJets found = 1
Event 3760000 / 10000000
Event 3760126 Number of Jets accepted = 2 Number of DiJets found = 1
Event 3760428 Number of Jets accepted = 2 Number of DiJets found = 1
Event 3763482 Number of Jets accepted = 2 Number of DiJets found = 1
Event 3770000 / 10000000
Event 3780000 / 10000000
Event 3788187 Number of Jets accepted = 2 Number of DiJets found = 1
Event 3790000 / 10000000
Event 3797017 Number of Jets accepted = 2 Number of DiJets found = 1
Event 3800000 / 10000000
Event 3810000 / 10000000
Event 3810134 Number of Jets accepted = 2 Number of DiJets found = 1
Event 3819114 Number of Jets accepted = 4 Number of DiJets found = 2
Event 3820000 / 10000000
Event 3824794 Number of Jets accepted = 2 Number of DiJets found = 1
Event 3826007 Number of Jets accepted = 2 Number of DiJets found = 1
Event 3830000 / 10000000
Event 3840000 / 10000000
Event 3850000 / 10000000
Event 3851957 Number of Jets accepted = 2 Number of DiJets found = 1
Event 3860000 / 10000000
Event 3870000 / 10000000
Event 3875368 Number of Jets accepted = 2 Number of DiJets found = 1
Event 3880000 / 10000000
Event 3890000 / 10000000
Event 3896300 Number of Jets accepted = 2 Number of DiJets found = 1
Event 3900000 / 10000000
Event 3900842 Number of Jets accepted = 2 Number of DiJets found = 1
Event 3901101 Number of Jets accepted = 2 Number of DiJets found = 1
Event 3910000 / 10000000
Event 3917825 Number of Jets accepted = 2 Number of DiJets found = 1
Event 3920000 / 10000000
Event 3925409 Number of Jets accepted = 2 Number of DiJets found = 1
Event 3930000 / 10000000
Event 3932007 Number of Jets accepted = 2 Number of DiJets found = 1
Event 3940000 / 10000000
Event 3942110 Number of Jets accepted = 2 Number of DiJets found = 1
Event 3950000 / 10000000
Event 3957713 Number of Jets accepted = 2 Number of DiJets found = 1
Event 3958560 Number of Jets accepted = 4 Number of DiJets found = 2
Event 3960000 / 10000000
Event 3970000 / 10000000
Event 3980000 / 10000000
Event 3982753 Number of Jets accepted = 2 Number of DiJets found = 1
Event 3990000 / 10000000
Event 3993534 Number of Jets accepted = 2 Number of DiJets found = 1
Event 4000000 / 10000000
Event 4004872 Number of Jets accepted = 2 Number of DiJets found = 1
Event 4008087 Number of Jets accepted = 2 Number of DiJets found = 1
Event 4010000 / 10000000
Event 4012556 Number of Jets accepted = 2 Number of DiJets found = 1
Event 4020000 / 10000000
Event 4030000 / 10000000
Event 4040000 / 10000000
Event 4048660 Number of Jets accepted = 2 Number of DiJets found = 1
Event 4050000 / 10000000
Event 4060000 / 10000000
Event 4070000 / 10000000
Event 4071494 Number of Jets accepted = 2 Number of DiJets found = 1
Event 4074813 Number of Jets accepted = 2 Number of DiJets found = 1
Event 4080000 / 10000000
Event 4087506 Number of Jets accepted = 2 Number of DiJets found = 1
Event 4090000 / 10000000
Event 4100000 / 10000000
Event 4102821 Number of Jets accepted = 2 Number of DiJets found = 1
Event 4110000 / 10000000
Event 4120000 / 10000000
Event 4130000 / 10000000
Event 4133058 Number of Jets accepted = 2 Number of DiJets found = 1
Event 4136814 Number of Jets accepted = 2 Number of DiJets found = 1
Event 4140000 / 10000000
Event 4150000 / 10000000
Event 4158445 Number of Jets accepted = 2 Number of DiJets found = 1
Event 4160000 / 10000000
Event 4162732 Number of Jets accepted = 2 Number of DiJets found = 1
Event 4163523 Number of Jets accepted = 2 Number of DiJets found = 1
Event 4170000 / 10000000
Event 4180000 / 10000000
Event 4184448 Number of Jets accepted = 2 Number of DiJets found = 1
Event 4190000 / 10000000
Event 4200000 / 10000000
Event 4210000 / 10000000
Event 4220000 / 10000000
Event 4225237 Number of Jets accepted = 2 Number of DiJets found = 1
Event 4230000 / 10000000
Event 4236308 Number of Jets accepted = 2 Number of DiJets found = 1
Event 4240000 / 10000000
Event 4243403 Number of Jets accepted = 2 Number of DiJets found = 1
Event 4250000 / 10000000
Event 4260000 / 10000000
Event 4270000 / 10000000
Event 4273378 Number of Jets accepted = 2 Number of DiJets found = 1
Event 4280000 / 10000000
Event 4287040 Number of Jets accepted = 2 Number of DiJets found = 1
Event 4290000 / 10000000
Event 4291606 Number of Jets accepted = 2 Number of DiJets found = 1
Event 4300000 / 10000000
Event 4310000 / 10000000
Event 4320000 / 10000000
Event 4330000 / 10000000
Event 4340000 / 10000000
Event 4342080 Number of Jets accepted = 2 Number of DiJets found = 1
Event 4350000 / 10000000
Event 4360000 / 10000000
Event 4360144 Number of Jets accepted = 2 Number of DiJets found = 1
Event 4363221 Number of Jets accepted = 2 Number of DiJets found = 1
Event 4370000 / 10000000
Event 4380000 / 10000000
Event 4390000 / 10000000
Event 4400000 / 10000000
Event 4410000 / 10000000
Event 4420000 / 10000000
Event 4430000 / 10000000
Event 4435633 Number of Jets accepted = 2 Number of DiJets found = 1
Event 4440000 / 10000000
Event 4448641 Number of Jets accepted = 2 Number of DiJets found = 1
Event 4450000 / 10000000
Event 4460000 / 10000000
Event 4470000 / 10000000
Event 4480000 / 10000000
Event 4490000 / 10000000
Event 4500000 / 10000000
Event 4506764 Number of Jets accepted = 2 Number of DiJets found = 1
Event 4510000 / 10000000
Event 4520000 / 10000000
Event 4530000 / 10000000
Event 4540000 / 10000000
Event 4547497 Number of Jets accepted = 2 Number of DiJets found = 1
Event 4550000 / 10000000
Event 4551261 Number of Jets accepted = 2 Number of DiJets found = 1
Event 4560000 / 10000000
Event 4570000 / 10000000
Event 4572310 Number of Jets accepted = 2 Number of DiJets found = 1
Event 4573726 Number of Jets accepted = 4 Number of DiJets found = 2
Event 4574601 Number of Jets accepted = 2 Number of DiJets found = 1
Event 4580000 / 10000000
Event 4584533 Number of Jets accepted = 2 Number of DiJets found = 1
Event 4590000 / 10000000
Event 4600000 / 10000000
Event 4610000 / 10000000
Event 4615450 Number of Jets accepted = 2 Number of DiJets found = 1
Event 4620000 / 10000000
Event 4621039 Number of Jets accepted = 2 Number of DiJets found = 1
Event 4630000 / 10000000
Event 4640000 / 10000000
Event 4650000 / 10000000
Event 4660000 / 10000000
Event 4670000 / 10000000
Event 4680000 / 10000000
Event 4686121 Number of Jets accepted = 2 Number of DiJets found = 1
Event 4690000 / 10000000
Event 4700000 / 10000000
Event 4710000 / 10000000
Event 4718503 Number of Jets accepted = 2 Number of DiJets found = 1
Event 4720000 / 10000000
Event 4730000 / 10000000
Event 4734061 Number of Jets accepted = 2 Number of DiJets found = 1
Event 4740000 / 10000000
Event 4750000 / 10000000
Event 4754463 Number of Jets accepted = 2 Number of DiJets found = 1
Event 4754867 Number of Jets accepted = 2 Number of DiJets found = 1
Event 4760000 / 10000000
Event 4770000 / 10000000
Event 4772426 Number of Jets accepted = 2 Number of DiJets found = 1
Event 4780000 / 10000000
Event 4782727 Number of Jets accepted = 2 Number of DiJets found = 1
Event 4790000 / 10000000
Event 4796649 Number of Jets accepted = 2 Number of DiJets found = 1
Event 4800000 / 10000000
Event 4810000 / 10000000
Event 4820000 / 10000000
Event 4822600 Number of Jets accepted = 2 Number of DiJets found = 1
Event 4830000 / 10000000
Event 4832918 Number of Jets accepted = 2 Number of DiJets found = 1
Event 4840000 / 10000000
Event 4847224 Number of Jets accepted = 2 Number of DiJets found = 1
Event 4850000 / 10000000
Event 4850602 Number of Jets accepted = 2 Number of DiJets found = 1
Event 4860000 / 10000000
Event 4867328 Number of Jets accepted = 2 Number of DiJets found = 1
Event 4870000 / 10000000
Event 4877357 Number of Jets accepted = 2 Number of DiJets found = 1
Event 4879164 Number of Jets accepted = 2 Number of DiJets found = 1
Event 4880000 / 10000000
Event 4890000 / 10000000
Event 4900000 / 10000000
Event 4910000 / 10000000
Event 4920000 / 10000000
Event 4920556 Number of Jets accepted = 2 Number of DiJets found = 1
Event 4930000 / 10000000
Event 4940000 / 10000000
Event 4950000 / 10000000
Event 4960000 / 10000000
Event 4966566 Number of Jets accepted = 2 Number of DiJets found = 1
Event 4969016 Number of Jets accepted = 2 Number of DiJets found = 1
Event 4969454 Number of Jets accepted = 2 Number of DiJets found = 1
Event 4970000 / 10000000
Event 4980000 / 10000000
Event 4982135 Number of Jets accepted = 2 Number of DiJets found = 1
Event 4990000 / 10000000
Event 5000000 / 10000000
Event 5009967 Number of Jets accepted = 2 Number of DiJets found = 1
Event 5010000 / 10000000
Event 5020000 / 10000000
Event 5030000 / 10000000
Event 5038300 Number of Jets accepted = 2 Number of DiJets found = 1
Event 5040000 / 10000000
Event 5050000 / 10000000
Event 5060000 / 10000000
Event 5061022 Number of Jets accepted = 2 Number of DiJets found = 1
Event 5065792 Number of Jets accepted = 2 Number of DiJets found = 1
Event 5070000 / 10000000
Event 5080000 / 10000000
Event 5090000 / 10000000
Event 5100000 / 10000000
Event 5103006 Number of Jets accepted = 2 Number of DiJets found = 1
Event 5110000 / 10000000
Event 5120000 / 10000000
Event 5125785 Number of Jets accepted = 2 Number of DiJets found = 1
Event 5130000 / 10000000
Event 5131608 Number of Jets accepted = 2 Number of DiJets found = 1
Event 5136271 Number of Jets accepted = 2 Number of DiJets found = 1
Event 5140000 / 10000000
Event 5144727 Number of Jets accepted = 2 Number of DiJets found = 1
Event 5150000 / 10000000
Event 5154335 Number of Jets accepted = 2 Number of DiJets found = 1
Event 5159359 Number of Jets accepted = 2 Number of DiJets found = 1
Event 5160000 / 10000000
Event 5167387 Number of Jets accepted = 2 Number of DiJets found = 1
Event 5170000 / 10000000
Event 5179482 Number of Jets accepted = 2 Number of DiJets found = 1
Event 5180000 / 10000000
Event 5190000 / 10000000
Event 5200000 / 10000000
Event 5201082 Number of Jets accepted = 2 Number of DiJets found = 1
Event 5202314 Number of Jets accepted = 2 Number of DiJets found = 1
Event 5210000 / 10000000
Event 5220000 / 10000000
Event 5230000 / 10000000
Event 5237401 Number of Jets accepted = 2 Number of DiJets found = 1
Event 5240000 / 10000000
Event 5243523 Number of Jets accepted = 2 Number of DiJets found = 1
Event 5250000 / 10000000
Event 5260000 / 10000000
Event 5270000 / 10000000
Event 5280000 / 10000000
Event 5281994 Number of Jets accepted = 2 Number of DiJets found = 1
Event 5290000 / 10000000
Event 5297746 Number of Jets accepted = 2 Number of DiJets found = 1
Event 5300000 / 10000000
Event 5303721 Number of Jets accepted = 2 Number of DiJets found = 1
Event 5310000 / 10000000
Event 5320000 / 10000000
Event 5328591 Number of Jets accepted = 2 Number of DiJets found = 1
Event 5330000 / 10000000
Event 5340000 / 10000000
Event 5348530 Number of Jets accepted = 2 Number of DiJets found = 1
Event 5350000 / 10000000
Event 5360000 / 10000000
Event 5360908 Number of Jets accepted = 2 Number of DiJets found = 1
Event 5361477 Number of Jets accepted = 2 Number of DiJets found = 1
Event 5369522 Number of Jets accepted = 2 Number of DiJets found = 1
Event 5370000 / 10000000
Event 5380000 / 10000000
Event 5385025 Number of Jets accepted = 2 Number of DiJets found = 1
Event 5390000 / 10000000
Event 5400000 / 10000000
Event 5410000 / 10000000
Event 5420000 / 10000000
Event 5425618 Number of Jets accepted = 2 Number of DiJets found = 1
Event 5427354 Number of Jets accepted = 2 Number of DiJets found = 1
Event 5430000 / 10000000
Event 5440000 / 10000000
Event 5450000 / 10000000
Event 5460000 / 10000000
Event 5470000 / 10000000
Event 5471431 Number of Jets accepted = 2 Number of DiJets found = 1
Event 5474788 Number of Jets accepted = 2 Number of DiJets found = 1
Event 5480000 / 10000000
Event 5489714 Number of Jets accepted = 2 Number of DiJets found = 1
Event 5490000 / 10000000
Event 5495906 Number of Jets accepted = 2 Number of DiJets found = 1
Event 5497720 Number of Jets accepted = 2 Number of DiJets found = 1
Event 5500000 / 10000000
Event 5510000 / 10000000
Event 5520000 / 10000000
Event 5530000 / 10000000
Event 5530962 Number of Jets accepted = 2 Number of DiJets found = 1
Event 5534913 Number of Jets accepted = 2 Number of DiJets found = 1
Event 5540000 / 10000000
Event 5550000 / 10000000
Event 5556871 Number of Jets accepted = 2 Number of DiJets found = 1
Event 5560000 / 10000000
Event 5570000 / 10000000
Event 5578475 Number of Jets accepted = 2 Number of DiJets found = 1
Event 5580000 / 10000000
Event 5590000 / 10000000
Event 5600000 / 10000000
Event 5608615 Number of Jets accepted = 2 Number of DiJets found = 1
Event 5610000 / 10000000
Event 5610132 Number of Jets accepted = 2 Number of DiJets found = 1
Event 5620000 / 10000000
Event 5624702 Number of Jets accepted = 2 Number of DiJets found = 1
Event 5627315 Number of Jets accepted = 2 Number of DiJets found = 1
Event 5630000 / 10000000
Event 5640000 / 10000000
Event 5650000 / 10000000
Event 5660000 / 10000000
Event 5670000 / 10000000
Event 5680000 / 10000000
Event 5682278 Number of Jets accepted = 2 Number of DiJets found = 1
Event 5686654 Number of Jets accepted = 2 Number of DiJets found = 1
Event 5688833 Number of Jets accepted = 2 Number of DiJets found = 1
Event 5690000 / 10000000
Event 5699996 Number of Jets accepted = 2 Number of DiJets found = 1
Event 5700000 / 10000000
Event 5701566 Number of Jets accepted = 2 Number of DiJets found = 1
Event 5710000 / 10000000
Event 5720000 / 10000000
Event 5723386 Number of Jets accepted = 2 Number of DiJets found = 1
Event 5730000 / 10000000
Event 5740000 / 10000000
Event 5745112 Number of Jets accepted = 2 Number of DiJets found = 1
Event 5750000 / 10000000
Event 5760000 / 10000000
Event 5770000 / 10000000
Event 5777498 Number of Jets accepted = 2 Number of DiJets found = 1
Event 5780000 / 10000000
Event 5780018 Number of Jets accepted = 2 Number of DiJets found = 1
Event 5789081 Number of Jets accepted = 2 Number of DiJets found = 1
Event 5790000 / 10000000
Event 5798976 Number of Jets accepted = 2 Number of DiJets found = 1
Event 5800000 / 10000000
Event 5809313 Number of Jets accepted = 2 Number of DiJets found = 1
Event 5810000 / 10000000
Event 5810599 Number of Jets accepted = 2 Number of DiJets found = 1
Event 5811258 Number of Jets accepted = 2 Number of DiJets found = 1
Event 5820000 / 10000000
Event 5830000 / 10000000
Event 5833094 Number of Jets accepted = 2 Number of DiJets found = 1
Event 5837183 Number of Jets accepted = 2 Number of DiJets found = 1
Event 5840000 / 10000000
Event 5844439 Number of Jets accepted = 2 Number of DiJets found = 1
Event 5850000 / 10000000
Event 5852969 Number of Jets accepted = 2 Number of DiJets found = 1
Event 5860000 / 10000000
Event 5867688 Number of Jets accepted = 2 Number of DiJets found = 1
Event 5869551 Number of Jets accepted = 2 Number of DiJets found = 1
Event 5870000 / 10000000
Event 5880000 / 10000000
Event 5890000 / 10000000
Event 5900000 / 10000000
Event 5901028 Number of Jets accepted = 2 Number of DiJets found = 1
Event 5910000 / 10000000
Event 5916627 Number of Jets accepted = 2 Number of DiJets found = 1
Event 5920000 / 10000000
Event 5921636 Number of Jets accepted = 2 Number of DiJets found = 1
Event 5930000 / 10000000
Event 5940000 / 10000000
Event 5950000 / 10000000
Event 5960000 / 10000000
Event 5966137 Number of Jets accepted = 2 Number of DiJets found = 1
Event 5970000 / 10000000
Event 5980000 / 10000000
Event 5990000 / 10000000
Event 6000000 / 10000000
Event 6010000 / 10000000
Event 6020000 / 10000000
Event 6023358 Number of Jets accepted = 2 Number of DiJets found = 1
Event 6030000 / 10000000
Event 6040000 / 10000000
Event 6050000 / 10000000
Event 6058101 Number of Jets accepted = 2 Number of DiJets found = 1
Event 6060000 / 10000000
Event 6070000 / 10000000
Event 6080000 / 10000000
Event 6090000 / 10000000
Event 6097110 Number of Jets accepted = 2 Number of DiJets found = 1
Event 6100000 / 10000000
Event 6107719 Number of Jets accepted = 2 Number of DiJets found = 1
Event 6110000 / 10000000
Event 6117922 Number of Jets accepted = 2 Number of DiJets found = 1
Event 6120000 / 10000000
Event 6123356 Number of Jets accepted = 2 Number of DiJets found = 1
Event 6123553 Number of Jets accepted = 2 Number of DiJets found = 1
Event 6130000 / 10000000
Event 6140000 / 10000000
Event 6150000 / 10000000
Event 6160000 / 10000000
Event 6166382 Number of Jets accepted = 2 Number of DiJets found = 1
Event 6170000 / 10000000
Event 6173070 Number of Jets accepted = 2 Number of DiJets found = 1
Event 6180000 / 10000000
Event 6185981 Number of Jets accepted = 2 Number of DiJets found = 1
Event 6190000 / 10000000
Event 6200000 / 10000000
Event 6210000 / 10000000
Event 6220000 / 10000000
Event 6228137 Number of Jets accepted = 2 Number of DiJets found = 1
Event 6230000 / 10000000
Event 6240000 / 10000000
Event 6243434 Number of Jets accepted = 4 Number of DiJets found = 2
Event 6250000 / 10000000
Event 6260000 / 10000000
Event 6264539 Number of Jets accepted = 2 Number of DiJets found = 1
Event 6270000 / 10000000
Event 6280000 / 10000000
Event 6281708 Number of Jets accepted = 2 Number of DiJets found = 1
Event 6290000 / 10000000
Event 6300000 / 10000000
Event 6301702 Number of Jets accepted = 2 Number of DiJets found = 1
Event 6306905 Number of Jets accepted = 2 Number of DiJets found = 1
Event 6310000 / 10000000
Event 6320000 / 10000000
Event 6321167 Number of Jets accepted = 2 Number of DiJets found = 1
Event 6322206 Number of Jets accepted = 2 Number of DiJets found = 1
Event 6330000 / 10000000
Event 6331334 Number of Jets accepted = 2 Number of DiJets found = 1
Event 6340000 / 10000000
Event 6342025 Number of Jets accepted = 2 Number of DiJets found = 1
Event 6349289 Number of Jets accepted = 2 Number of DiJets found = 1
Event 6350000 / 10000000
Event 6351525 Number of Jets accepted = 2 Number of DiJets found = 1
Event 6360000 / 10000000
Event 6370000 / 10000000
Event 6380000 / 10000000
Event 6380878 Number of Jets accepted = 2 Number of DiJets found = 1
Event 6384905 Number of Jets accepted = 2 Number of DiJets found = 1
Event 6390000 / 10000000
Event 6400000 / 10000000
Event 6403256 Number of Jets accepted = 2 Number of DiJets found = 1
Event 6409111 Number of Jets accepted = 2 Number of DiJets found = 1
Event 6410000 / 10000000
Event 6420000 / 10000000
Event 6422865 Number of Jets accepted = 2 Number of DiJets found = 1
Event 6424564 Number of Jets accepted = 2 Number of DiJets found = 1
Event 6426485 Number of Jets accepted = 2 Number of DiJets found = 1
Event 6430000 / 10000000
Event 6433759 Number of Jets accepted = 2 Number of DiJets found = 1
Event 6440000 / 10000000
Event 6442774 Number of Jets accepted = 2 Number of DiJets found = 1
Event 6450000 / 10000000
Event 6460000 / 10000000
Event 6461841 Number of Jets accepted = 2 Number of DiJets found = 1
Event 6462120 Number of Jets accepted = 2 Number of DiJets found = 1
Event 6470000 / 10000000
Event 6473823 Number of Jets accepted = 2 Number of DiJets found = 1
Event 6480000 / 10000000
Event 6482246 Number of Jets accepted = 2 Number of DiJets found = 1
Event 6482682 Number of Jets accepted = 2 Number of DiJets found = 1
Event 6487381 Number of Jets accepted = 2 Number of DiJets found = 1
Event 6490000 / 10000000
Event 6500000 / 10000000
Event 6510000 / 10000000
Event 6520000 / 10000000
Event 6530000 / 10000000
Event 6530336 Number of Jets accepted = 2 Number of DiJets found = 1
Event 6540000 / 10000000
Event 6550000 / 10000000
Event 6550014 Number of Jets accepted = 2 Number of DiJets found = 1
Event 6560000 / 10000000
Event 6570000 / 10000000
Event 6579279 Number of Jets accepted = 2 Number of DiJets found = 1
Event 6580000 / 10000000
Event 6582161 Number of Jets accepted = 2 Number of DiJets found = 1
Event 6590000 / 10000000
Event 6598867 Number of Jets accepted = 2 Number of DiJets found = 1
Event 6600000 / 10000000
Event 6610000 / 10000000
Event 6620000 / 10000000
Event 6630000 / 10000000
Event 6634825 Number of Jets accepted = 2 Number of DiJets found = 1
Event 6640000 / 10000000
Event 6650000 / 10000000
Event 6660000 / 10000000
Event 6670000 / 10000000
Event 6672588 Number of Jets accepted = 2 Number of DiJets found = 1
Event 6674712 Number of Jets accepted = 4 Number of DiJets found = 2
Event 6676683 Number of Jets accepted = 2 Number of DiJets found = 1
Event 6680000 / 10000000
Event 6690000 / 10000000
Event 6700000 / 10000000
Event 6702465 Number of Jets accepted = 2 Number of DiJets found = 1
Event 6703176 Number of Jets accepted = 2 Number of DiJets found = 1
Event 6710000 / 10000000
Event 6720000 / 10000000
Event 6730000 / 10000000
Event 6739127 Number of Jets accepted = 2 Number of DiJets found = 1
Event 6740000 / 10000000
Event 6747723 Number of Jets accepted = 2 Number of DiJets found = 1
Event 6750000 / 10000000
Event 6752246 Number of Jets accepted = 2 Number of DiJets found = 1
Event 6759408 Number of Jets accepted = 2 Number of DiJets found = 1
Event 6760000 / 10000000
Event 6770000 / 10000000
Event 6780000 / 10000000
Event 6784707 Number of Jets accepted = 2 Number of DiJets found = 1
Event 6790000 / 10000000
Event 6800000 / 10000000
Event 6810000 / 10000000
Event 6818269 Number of Jets accepted = 2 Number of DiJets found = 1
Event 6820000 / 10000000
Event 6830000 / 10000000
Event 6834087 Number of Jets accepted = 2 Number of DiJets found = 1
Event 6840000 / 10000000
Event 6848643 Number of Jets accepted = 2 Number of DiJets found = 1
Event 6850000 / 10000000
Event 6853118 Number of Jets accepted = 2 Number of DiJets found = 1
Event 6860000 / 10000000
Event 6870000 / 10000000
Event 6876323 Number of Jets accepted = 2 Number of DiJets found = 1
Event 6880000 / 10000000
Event 6889408 Number of Jets accepted = 2 Number of DiJets found = 1
Event 6890000 / 10000000
Event 6900000 / 10000000
Event 6909039 Number of Jets accepted = 2 Number of DiJets found = 1
Event 6910000 / 10000000
Event 6912744 Number of Jets accepted = 2 Number of DiJets found = 1
Event 6920000 / 10000000
Event 6926684 Number of Jets accepted = 2 Number of DiJets found = 1
Event 6930000 / 10000000
Event 6940000 / 10000000
Event 6944321 Number of Jets accepted = 2 Number of DiJets found = 1
Event 6950000 / 10000000
Event 6960000 / 10000000
Event 6966616 Number of Jets accepted = 2 Number of DiJets found = 1
Event 6970000 / 10000000
Event 6980000 / 10000000
Event 6990000 / 10000000
Event 6992947 Number of Jets accepted = 2 Number of DiJets found = 1
Event 7000000 / 10000000
Event 7005369 Number of Jets accepted = 2 Number of DiJets found = 1
Event 7010000 / 10000000
Event 7020000 / 10000000
Event 7022849 Number of Jets accepted = 2 Number of DiJets found = 1
Event 7024697 Number of Jets accepted = 2 Number of DiJets found = 1
Event 7030000 / 10000000
Event 7040000 / 10000000
Event 7041092 Number of Jets accepted = 2 Number of DiJets found = 1
Event 7050000 / 10000000
Event 7056770 Number of Jets accepted = 2 Number of DiJets found = 1
Event 7060000 / 10000000
Event 7068114 Number of Jets accepted = 2 Number of DiJets found = 1
Event 7070000 / 10000000
Event 7070743 Number of Jets accepted = 2 Number of DiJets found = 1
Event 7080000 / 10000000
Event 7083380 Number of Jets accepted = 2 Number of DiJets found = 1
Event 7090000 / 10000000
Event 7100000 / 10000000
Event 7109160 Number of Jets accepted = 2 Number of DiJets found = 1
Event 7110000 / 10000000
Event 7120000 / 10000000
Event 7130000 / 10000000
Event 7140000 / 10000000
Event 7150000 / 10000000
Event 7155695 Number of Jets accepted = 2 Number of DiJets found = 1
Event 7158818 Number of Jets accepted = 2 Number of DiJets found = 1
Event 7160000 / 10000000
Event 7170000 / 10000000
Event 7178093 Number of Jets accepted = 2 Number of DiJets found = 1
Event 7180000 / 10000000
Event 7190000 / 10000000
Event 7190952 Number of Jets accepted = 2 Number of DiJets found = 1
Event 7193876 Number of Jets accepted = 2 Number of DiJets found = 1
Event 7198496 Number of Jets accepted = 2 Number of DiJets found = 1
Event 7200000 / 10000000
Event 7210000 / 10000000
Event 7220000 / 10000000
Event 7230000 / 10000000
Event 7240000 / 10000000
Event 7247847 Number of Jets accepted = 2 Number of DiJets found = 1
Event 7248546 Number of Jets accepted = 2 Number of DiJets found = 1
Event 7249952 Number of Jets accepted = 2 Number of DiJets found = 1
Event 7250000 / 10000000
Event 7260000 / 10000000
Event 7270000 / 10000000
Event 7280000 / 10000000
Event 7290000 / 10000000
Event 7300000 / 10000000
Event 7310000 / 10000000
Event 7315711 Number of Jets accepted = 2 Number of DiJets found = 1
Event 7320000 / 10000000
Event 7322625 Number of Jets accepted = 2 Number of DiJets found = 1
Event 7324654 Number of Jets accepted = 2 Number of DiJets found = 1
Event 7330000 / 10000000
Event 7333049 Number of Jets accepted = 2 Number of DiJets found = 1
Event 7333403 Number of Jets accepted = 2 Number of DiJets found = 1
Event 7340000 / 10000000
Event 7350000 / 10000000
Event 7360000 / 10000000
Event 7370000 / 10000000
Event 7378969 Number of Jets accepted = 2 Number of DiJets found = 1
Event 7380000 / 10000000
Event 7390000 / 10000000
Event 7391556 Number of Jets accepted = 2 Number of DiJets found = 1
Event 7400000 / 10000000
Event 7410000 / 10000000
Event 7411948 Number of Jets accepted = 2 Number of DiJets found = 1
Event 7420000 / 10000000
Event 7424043 Number of Jets accepted = 2 Number of DiJets found = 1
Event 7427779 Number of Jets accepted = 2 Number of DiJets found = 1
Event 7430000 / 10000000
Event 7432905 Number of Jets accepted = 2 Number of DiJets found = 1
Event 7440000 / 10000000
Event 7450000 / 10000000
Event 7460000 / 10000000
Event 7470000 / 10000000
Event 7480000 / 10000000
Event 7490000 / 10000000
Event 7493518 Number of Jets accepted = 2 Number of DiJets found = 1
Event 7500000 / 10000000
Event 7510000 / 10000000
Event 7520000 / 10000000
Event 7526803 Number of Jets accepted = 2 Number of DiJets found = 1
Event 7530000 / 10000000
Event 7540000 / 10000000
Event 7540774 Number of Jets accepted = 2 Number of DiJets found = 1
Event 7545191 Number of Jets accepted = 2 Number of DiJets found = 1
Event 7550000 / 10000000
Event 7553554 Number of Jets accepted = 2 Number of DiJets found = 1
Event 7560000 / 10000000
Event 7570000 / 10000000
Event 7570693 Number of Jets accepted = 2 Number of DiJets found = 1
Event 7580000 / 10000000
Event 7590000 / 10000000
Event 7595192 Number of Jets accepted = 2 Number of DiJets found = 1
Event 7600000 / 10000000
Event 7602274 Number of Jets accepted = 2 Number of DiJets found = 1
Event 7606073 Number of Jets accepted = 2 Number of DiJets found = 1
Event 7610000 / 10000000
Event 7620000 / 10000000
Event 7630000 / 10000000
Event 7640000 / 10000000
Event 7645709 Number of Jets accepted = 2 Number of DiJets found = 1
Event 7650000 / 10000000
Event 7653589 Number of Jets accepted = 2 Number of DiJets found = 1
Event 7658175 Number of Jets accepted = 2 Number of DiJets found = 1
Event 7660000 / 10000000
Event 7665725 Number of Jets accepted = 2 Number of DiJets found = 1
Event 7670000 / 10000000
Event 7680000 / 10000000
Event 7690000 / 10000000
Event 7696427 Number of Jets accepted = 2 Number of DiJets found = 1
Event 7699867 Number of Jets accepted = 2 Number of DiJets found = 1
Event 7700000 / 10000000
Event 7710000 / 10000000
Event 7720000 / 10000000
Event 7721164 Number of Jets accepted = 2 Number of DiJets found = 1
Event 7730000 / 10000000
Event 7733290 Number of Jets accepted = 2 Number of DiJets found = 1
Event 7740000 / 10000000
Event 7750000 / 10000000
Event 7760000 / 10000000
Event 7762539 Number of Jets accepted = 2 Number of DiJets found = 1
Event 7770000 / 10000000
Event 7775333 Number of Jets accepted = 2 Number of DiJets found = 1
Event 7780000 / 10000000
Event 7783922 Number of Jets accepted = 2 Number of DiJets found = 1
Event 7789726 Number of Jets accepted = 2 Number of DiJets found = 1
Event 7790000 / 10000000
Event 7790352 Number of Jets accepted = 2 Number of DiJets found = 1
Event 7800000 / 10000000
Event 7805616 Number of Jets accepted = 2 Number of DiJets found = 1
Event 7810000 / 10000000
Event 7820000 / 10000000
Event 7830000 / 10000000
Event 7833592 Number of Jets accepted = 2 Number of DiJets found = 1
Event 7840000 / 10000000
Event 7848511 Number of Jets accepted = 2 Number of DiJets found = 1
Event 7850000 / 10000000
Event 7860000 / 10000000
Event 7865328 Number of Jets accepted = 2 Number of DiJets found = 1
Event 7870000 / 10000000
Event 7873952 Number of Jets accepted = 2 Number of DiJets found = 1
Event 7880000 / 10000000
Event 7890000 / 10000000
Event 7895823 Number of Jets accepted = 2 Number of DiJets found = 1
Event 7900000 / 10000000
Event 7910000 / 10000000
Event 7920000 / 10000000
Event 7930000 / 10000000
Event 7940000 / 10000000
Event 7950000 / 10000000
Event 7960000 / 10000000
Event 7970000 / 10000000
Event 7980000 / 10000000
Event 7990000 / 10000000
Event 7990200 Number of Jets accepted = 2 Number of DiJets found = 1
Event 7995030 Number of Jets accepted = 2 Number of DiJets found = 1
Event 8000000 / 10000000
Event 8010000 / 10000000
Event 8012892 Number of Jets accepted = 2 Number of DiJets found = 1
Event 8020000 / 10000000
Event 8030000 / 10000000
Event 8039335 Number of Jets accepted = 2 Number of DiJets found = 1
Event 8040000 / 10000000
Event 8050000 / 10000000
Event 8060000 / 10000000
Event 8064822 Number of Jets accepted = 2 Number of DiJets found = 1
Event 8070000 / 10000000
Event 8080000 / 10000000
Event 8090000 / 10000000
Event 8100000 / 10000000
Event 8110000 / 10000000
Event 8110264 Number of Jets accepted = 2 Number of DiJets found = 1
Event 8120000 / 10000000
Event 8130000 / 10000000
Event 8137079 Number of Jets accepted = 2 Number of DiJets found = 1
Event 8138195 Number of Jets accepted = 2 Number of DiJets found = 1
Event 8140000 / 10000000
Event 8150000 / 10000000
Event 8160000 / 10000000
Event 8161880 Number of Jets accepted = 2 Number of DiJets found = 1
Event 8170000 / 10000000
Event 8180000 / 10000000
Event 8185460 Number of Jets accepted = 2 Number of DiJets found = 1
Event 8187043 Number of Jets accepted = 2 Number of DiJets found = 1
Event 8190000 / 10000000
Event 8190616 Number of Jets accepted = 2 Number of DiJets found = 1
Event 8200000 / 10000000
Event 8206591 Number of Jets accepted = 2 Number of DiJets found = 1
Event 8210000 / 10000000
Event 8212549 Number of Jets accepted = 2 Number of DiJets found = 1
Event 8220000 / 10000000
Event 8230000 / 10000000
Event 8240000 / 10000000
Event 8250000 / 10000000
Event 8260000 / 10000000
Event 8264197 Number of Jets accepted = 2 Number of DiJets found = 1
Event 8270000 / 10000000
Event 8280000 / 10000000
Event 8289025 Number of Jets accepted = 2 Number of DiJets found = 1
Event 8290000 / 10000000
Event 8300000 / 10000000
Event 8310000 / 10000000
Event 8320000 / 10000000
Event 8330000 / 10000000
Event 8332907 Number of Jets accepted = 2 Number of DiJets found = 1
Event 8340000 / 10000000
Event 8350000 / 10000000
Event 8356944 Number of Jets accepted = 2 Number of DiJets found = 1
Event 8360000 / 10000000
Event 8364942 Number of Jets accepted = 2 Number of DiJets found = 1
Event 8370000 / 10000000
Event 8380000 / 10000000
Event 8390000 / 10000000
Event 8400000 / 10000000
Event 8401396 Number of Jets accepted = 2 Number of DiJets found = 1
Event 8404726 Number of Jets accepted = 2 Number of DiJets found = 1
Event 8405195 Number of Jets accepted = 2 Number of DiJets found = 1
Event 8406846 Number of Jets accepted = 2 Number of DiJets found = 1
Event 8408779 Number of Jets accepted = 2 Number of DiJets found = 1
Event 8410000 / 10000000
Event 8420000 / 10000000
Event 8420060 Number of Jets accepted = 2 Number of DiJets found = 1
Event 8427522 Number of Jets accepted = 2 Number of DiJets found = 1
Event 8430000 / 10000000
Event 8433131 Number of Jets accepted = 2 Number of DiJets found = 1
Event 8440000 / 10000000
Event 8447970 Number of Jets accepted = 2 Number of DiJets found = 1
Event 8450000 / 10000000
Event 8460000 / 10000000
Event 8470000 / 10000000
Event 8480000 / 10000000
Event 8490000 / 10000000
Event 8500000 / 10000000
Event 8505016 Number of Jets accepted = 2 Number of DiJets found = 1
Event 8510000 / 10000000
Event 8520000 / 10000000
Event 8530000 / 10000000
Event 8540000 / 10000000
Event 8550000 / 10000000
Event 8557584 Number of Jets accepted = 2 Number of DiJets found = 1
Event 8560000 / 10000000
Event 8567683 Number of Jets accepted = 2 Number of DiJets found = 1
Event 8570000 / 10000000
Event 8570559 Number of Jets accepted = 2 Number of DiJets found = 1
Event 8578239 Number of Jets accepted = 2 Number of DiJets found = 1
Event 8578450 Number of Jets accepted = 2 Number of DiJets found = 1
Event 8580000 / 10000000
Event 8582280 Number of Jets accepted = 2 Number of DiJets found = 1
Event 8590000 / 10000000
Event 8599634 Number of Jets accepted = 2 Number of DiJets found = 1
Event 8600000 / 10000000
Event 8603385 Number of Jets accepted = 2 Number of DiJets found = 1
Event 8610000 / 10000000
Event 8620000 / 10000000
Event 8624739 Number of Jets accepted = 2 Number of DiJets found = 1
Event 8630000 / 10000000
Event 8640000 / 10000000
Event 8650000 / 10000000
Event 8660000 / 10000000
Event 8670000 / 10000000
Event 8677667 Number of Jets accepted = 2 Number of DiJets found = 1
Event 8680000 / 10000000
Event 8681844 Number of Jets accepted = 2 Number of DiJets found = 1
Event 8690000 / 10000000
Event 8699709 Number of Jets accepted = 2 Number of DiJets found = 1
Event 8700000 / 10000000
Event 8710000 / 10000000
Event 8710859 Number of Jets accepted = 2 Number of DiJets found = 1
Event 8720000 / 10000000
Event 8725944 Number of Jets accepted = 2 Number of DiJets found = 1
Event 8730000 / 10000000
Event 8730183 Number of Jets accepted = 2 Number of DiJets found = 1
Event 8737740 Number of Jets accepted = 2 Number of DiJets found = 1
Event 8740000 / 10000000
Event 8750000 / 10000000
Event 8760000 / 10000000
Event 8770000 / 10000000
Event 8780000 / 10000000
Event 8781945 Number of Jets accepted = 2 Number of DiJets found = 1
Event 8790000 / 10000000
Event 8792642 Number of Jets accepted = 2 Number of DiJets found = 1
Event 8794450 Number of Jets accepted = 2 Number of DiJets found = 1
Event 8800000 / 10000000
Event 8801016 Number of Jets accepted = 2 Number of DiJets found = 1
Event 8810000 / 10000000
Event 8811494 Number of Jets accepted = 2 Number of DiJets found = 1
Event 8820000 / 10000000
Event 8830000 / 10000000
Event 8832305 Number of Jets accepted = 2 Number of DiJets found = 1
Event 8840000 / 10000000
Event 8844201 Number of Jets accepted = 2 Number of DiJets found = 1
Event 8848970 Number of Jets accepted = 2 Number of DiJets found = 1
Event 8850000 / 10000000
Event 8860000 / 10000000
Event 8868553 Number of Jets accepted = 2 Number of DiJets found = 1
Event 8869283 Number of Jets accepted = 2 Number of DiJets found = 1
Event 8870000 / 10000000
Event 8874646 Number of Jets accepted = 2 Number of DiJets found = 1
Event 8880000 / 10000000
Event 8890000 / 10000000
Event 8900000 / 10000000
Event 8910000 / 10000000
Event 8912607 Number of Jets accepted = 2 Number of DiJets found = 1
Event 8920000 / 10000000
Event 8930000 / 10000000
Event 8932675 Number of Jets accepted = 2 Number of DiJets found = 1
Event 8940000 / 10000000
Event 8945489 Number of Jets accepted = 2 Number of DiJets found = 1
Event 8950000 / 10000000
Event 8952571 Number of Jets accepted = 2 Number of DiJets found = 1
Event 8960000 / 10000000
Event 8970000 / 10000000
Event 8978522 Number of Jets accepted = 2 Number of DiJets found = 1
Event 8980000 / 10000000
Event 8990000 / 10000000
Event 9000000 / 10000000
Event 9008319 Number of Jets accepted = 2 Number of DiJets found = 1
Event 9010000 / 10000000
Event 9010070 Number of Jets accepted = 2 Number of DiJets found = 1
Event 9011931 Number of Jets accepted = 2 Number of DiJets found = 1
Event 9020000 / 10000000
Event 9020285 Number of Jets accepted = 2 Number of DiJets found = 1
Event 9030000 / 10000000
Event 9034992 Number of Jets accepted = 2 Number of DiJets found = 1
Event 9040000 / 10000000
Event 9044533 Number of Jets accepted = 2 Number of DiJets found = 1
Event 9050000 / 10000000
Event 9060000 / 10000000
Event 9070000 / 10000000
Event 9080000 / 10000000
Event 9090000 / 10000000
Event 9100000 / 10000000
Event 9100510 Number of Jets accepted = 2 Number of DiJets found = 1
Event 9101326 Number of Jets accepted = 4 Number of DiJets found = 2
Event 9104488 Number of Jets accepted = 2 Number of DiJets found = 1
Event 9110000 / 10000000
Event 9117474 Number of Jets accepted = 2 Number of DiJets found = 1
Event 9120000 / 10000000
Event 9129505 Number of Jets accepted = 2 Number of DiJets found = 1
Event 9130000 / 10000000
Event 9140000 / 10000000
Event 9150000 / 10000000
Event 9157327 Number of Jets accepted = 2 Number of DiJets found = 1
Event 9160000 / 10000000
Event 9170000 / 10000000
Event 9174578 Number of Jets accepted = 2 Number of DiJets found = 1
Event 9180000 / 10000000
Event 9190000 / 10000000
Event 9200000 / 10000000
Event 9209160 Number of Jets accepted = 2 Number of DiJets found = 1
Event 9210000 / 10000000
Event 9217651 Number of Jets accepted = 2 Number of DiJets found = 1
Event 9219446 Number of Jets accepted = 2 Number of DiJets found = 1
Event 9220000 / 10000000
Event 9230000 / 10000000
Event 9231581 Number of Jets accepted = 2 Number of DiJets found = 1
Event 9240000 / 10000000
Event 9244995 Number of Jets accepted = 2 Number of DiJets found = 1
Event 9250000 / 10000000
Event 9260000 / 10000000
Event 9269834 Number of Jets accepted = 2 Number of DiJets found = 1
Event 9270000 / 10000000
Event 9273354 Number of Jets accepted = 2 Number of DiJets found = 1
Event 9274196 Number of Jets accepted = 2 Number of DiJets found = 1
Event 9278865 Number of Jets accepted = 2 Number of DiJets found = 1
Event 9280000 / 10000000
Event 9290000 / 10000000
Event 9300000 / 10000000
Event 9306896 Number of Jets accepted = 2 Number of DiJets found = 1
Event 9310000 / 10000000
Event 9320000 / 10000000
Event 9325154 Number of Jets accepted = 2 Number of DiJets found = 1
Event 9330000 / 10000000
Event 9340000 / 10000000
Event 9347246 Number of Jets accepted = 2 Number of DiJets found = 1
Event 9350000 / 10000000
Event 9351552 Number of Jets accepted = 2 Number of DiJets found = 1
Event 9360000 / 10000000
Event 9370000 / 10000000
Event 9380000 / 10000000
Event 9386768 Number of Jets accepted = 2 Number of DiJets found = 1
Event 9390000 / 10000000
Event 9392038 Number of Jets accepted = 2 Number of DiJets found = 1
Event 9399065 Number of Jets accepted = 2 Number of DiJets found = 1
Event 9400000 / 10000000
Event 9402556 Number of Jets accepted = 2 Number of DiJets found = 1
Event 9402890 Number of Jets accepted = 2 Number of DiJets found = 1
Event 9403511 Number of Jets accepted = 2 Number of DiJets found = 1
Event 9410000 / 10000000
Event 9417177 Number of Jets accepted = 2 Number of DiJets found = 1
Event 9420000 / 10000000
Event 9420444 Number of Jets accepted = 2 Number of DiJets found = 1
Event 9430000 / 10000000
Event 9434151 Number of Jets accepted = 2 Number of DiJets found = 1
Event 9436030 Number of Jets accepted = 2 Number of DiJets found = 1
Event 9440000 / 10000000
Event 9440511 Number of Jets accepted = 2 Number of DiJets found = 1
Event 9450000 / 10000000
Event 9460000 / 10000000
Event 9468351 Number of Jets accepted = 2 Number of DiJets found = 1
Event 9468577 Number of Jets accepted = 2 Number of DiJets found = 1
Event 9469410 Number of Jets accepted = 2 Number of DiJets found = 1
Event 9470000 / 10000000
Event 9480000 / 10000000
Event 9490000 / 10000000
Event 9498937 Number of Jets accepted = 2 Number of DiJets found = 1
Event 9500000 / 10000000
Event 9510000 / 10000000
Event 9520000 / 10000000
Event 9530000 / 10000000
Event 9540000 / 10000000
Event 9540995 Number of Jets accepted = 2 Number of DiJets found = 1
Event 9550000 / 10000000
Event 9560000 / 10000000
Event 9564403 Number of Jets accepted = 2 Number of DiJets found = 1
Event 9570000 / 10000000
Event 9580000 / 10000000
Event 9590000 / 10000000
Event 9600000 / 10000000
Event 9610000 / 10000000
Event 9612497 Number of Jets accepted = 2 Number of DiJets found = 1
Event 9617854 Number of Jets accepted = 2 Number of DiJets found = 1
Event 9620000 / 10000000
Event 9630000 / 10000000
Event 9630042 Number of Jets accepted = 2 Number of DiJets found = 1
Event 9632574 Number of Jets accepted = 2 Number of DiJets found = 1
Event 9640000 / 10000000
Event 9648635 Number of Jets accepted = 2 Number of DiJets found = 1
Event 9650000 / 10000000
Event 9650263 Number of Jets accepted = 2 Number of DiJets found = 1
Event 9659439 Number of Jets accepted = 2 Number of DiJets found = 1
Event 9660000 / 10000000
Event 9666418 Number of Jets accepted = 2 Number of DiJets found = 1
Event 9670000 / 10000000
Event 9680000 / 10000000
Event 9680253 Number of Jets accepted = 2 Number of DiJets found = 1
Event 9682227 Number of Jets accepted = 2 Number of DiJets found = 1
Event 9687957 Number of Jets accepted = 2 Number of DiJets found = 1
Event 9690000 / 10000000
Event 9693159 Number of Jets accepted = 2 Number of DiJets found = 1
Event 9700000 / 10000000
Event 9702879 Number of Jets accepted = 2 Number of DiJets found = 1
Event 9704646 Number of Jets accepted = 2 Number of DiJets found = 1
Event 9710000 / 10000000
Event 9713790 Number of Jets accepted = 2 Number of DiJets found = 1
Event 9720000 / 10000000
Event 9730000 / 10000000
Event 9740000 / 10000000
Event 9743131 Number of Jets accepted = 2 Number of DiJets found = 1
Event 9749662 Number of Jets accepted = 2 Number of DiJets found = 1
Event 9750000 / 10000000
Event 9752471 Number of Jets accepted = 2 Number of DiJets found = 1
Event 9760000 / 10000000
Event 9761945 Number of Jets accepted = 2 Number of DiJets found = 1
Event 9763929 Number of Jets accepted = 2 Number of DiJets found = 1
Event 9770000 / 10000000
Event 9770310 Number of Jets accepted = 2 Number of DiJets found = 1
Event 9780000 / 10000000
Event 9783039 Number of Jets accepted = 2 Number of DiJets found = 1
Event 9784786 Number of Jets accepted = 2 Number of DiJets found = 1
Event 9790000 / 10000000
Event 9790271 Number of Jets accepted = 2 Number of DiJets found = 1
Event 9800000 / 10000000
Event 9806057 Number of Jets accepted = 2 Number of DiJets found = 1
Event 9807023 Number of Jets accepted = 2 Number of DiJets found = 1
Event 9810000 / 10000000
Event 9812919 Number of Jets accepted = 2 Number of DiJets found = 1
Event 9820000 / 10000000
Event 9830000 / 10000000
Event 9840000 / 10000000
Event 9849687 Number of Jets accepted = 2 Number of DiJets found = 1
Event 9850000 / 10000000
Event 9854992 Number of Jets accepted = 2 Number of DiJets found = 1
Event 9860000 / 10000000
Event 9867401 Number of Jets accepted = 2 Number of DiJets found = 1
Event 9868301 Number of Jets accepted = 2 Number of DiJets found = 1
Event 9870000 / 10000000
Event 9872856 Number of Jets accepted = 2 Number of DiJets found = 1
Event 9880000 / 10000000
Event 9882710 Number of Jets accepted = 2 Number of DiJets found = 1
Event 9890000 / 10000000
Event 9892468 Number of Jets accepted = 2 Number of DiJets found = 1
Event 9900000 / 10000000
Event 9900922 Number of Jets accepted = 2 Number of DiJets found = 1
Event 9906638 Number of Jets accepted = 2 Number of DiJets found = 1
Event 9910000 / 10000000
Event 9912039 Number of Jets accepted = 2 Number of DiJets found = 1
Event 9920000 / 10000000
Event 9926295 Number of Jets accepted = 2 Number of DiJets found = 1
Event 9930000 / 10000000
Event 9935943 Number of Jets accepted = 2 Number of DiJets found = 1
Event 9940000 / 10000000
Event 9950000 / 10000000
Event 9960000 / 10000000
Event 9966126 Number of Jets accepted = 2 Number of DiJets found = 1
Event 9970000 / 10000000
Event 9980000 / 10000000
Event 9990000 / 10000000

Found 669 events with jets.

Time elapsed: Real time 39:57:12, CP time 141148.150
