Input path set as: /media/scratch/packard/db/.

Filename set as: pp10mEv_7TeV_ptHatMin0GeV_run1.

opening:   /media/scratch/packard/db/pp10mEv_7TeV_ptHatMin0GeV_run1.root


External input: /media/external1/packard/db/RChange/R2NOCHARGE received for output path! Overriding default...

Output path set as /media/external1/packard/db/RChange/R2NOCHARGE. Will write contents to this directory!

External input 0.2 received for R! Overriding default...

External input 0.4 received for OpeningAngle! Overriding default...

External input 5 received for jet_ptmin! Overriding default...

External input 8 received for LeadPtMin! Overriding default...

External input 5 received for SubLeadPtMin! Overriding default...

External input 200 received for max_track_rap! Overriding default...

External input 0 receieved for PtConsLo! Overriding default...

External input 1 received for PtConsHi! Overriding default...

R: 0.2

OpeningAngle: 0.4

jet_ptmin: 5

LeadPtMin: 8

SubLeadPtMin: 5

max_track_rap: 200

PtConsLo: 0

PtConsHi: 1

Number of events: 10000000.Event 0 / 10000000
#--------------------------------------------------------------------------
#                         FastJet release 3.2.1
#                 M. Cacciari, G.P. Salam and G. Soyez                  
#     A software package for jet finding and analysis at colliders      
#                           http://fastjet.fr                           
#	                                                                      
# Please cite EPJC72(2012)1896 [arXiv:1111.6097] if you use this package
# for scientific work and optionally PLB641(2006)57 [hep-ph/0512210].   
#                                                                       
# FastJet is provided without warranty under the terms of the GNU GPLv2.
# It uses T. Chan's closest pair algorithm, S. Fortune's Voronoi code
# and 3rd party plugin jet algorithms. See COPYING file for details.
#--------------------------------------------------------------------------
Event 1856 Number of Jets accepted = 2 Number of DiJets found = 1
Event 10000 / 10000000
Event 20000 / 10000000
Event 30000 / 10000000
Event 40000 / 10000000
Event 40033 Number of Jets accepted = 2 Number of DiJets found = 1
Event 50000 / 10000000
Event 55458 Number of Jets accepted = 2 Number of DiJets found = 1
Event 60000 / 10000000
Event 70000 / 10000000
Event 80000 / 10000000
Event 80613 Number of Jets accepted = 2 Number of DiJets found = 1
Event 88118 Number of Jets accepted = 2 Number of DiJets found = 1
Event 90000 / 10000000
Event 100000 / 10000000
Event 110000 / 10000000
Event 120000 / 10000000
Event 130000 / 10000000
Event 133850 Number of Jets accepted = 2 Number of DiJets found = 1
Event 140000 / 10000000
Event 150000 / 10000000
Event 154616 Number of Jets accepted = 2 Number of DiJets found = 1
Event 156086 Number of Jets accepted = 2 Number of DiJets found = 1
Event 159409 Number of Jets accepted = 2 Number of DiJets found = 1
Event 160000 / 10000000
Event 162426 Number of Jets accepted = 2 Number of DiJets found = 1
Event 170000 / 10000000
Event 180000 / 10000000
Event 181219 Number of Jets accepted = 2 Number of DiJets found = 1
Event 190000 / 10000000
Event 200000 / 10000000
Event 201328 Number of Jets accepted = 2 Number of DiJets found = 1
Event 203979 Number of Jets accepted = 2 Number of DiJets found = 1
Event 204872 Number of Jets accepted = 2 Number of DiJets found = 1
Event 209883 Number of Jets accepted = 2 Number of DiJets found = 1
Event 210000 / 10000000
Event 210552 Number of Jets accepted = 2 Number of DiJets found = 1
Event 212637 Number of Jets accepted = 2 Number of DiJets found = 1
Event 220000 / 10000000
Event 228579 Number of Jets accepted = 2 Number of DiJets found = 1
Event 230000 / 10000000
Event 240000 / 10000000
Event 250000 / 10000000
Event 260000 / 10000000
Event 270000 / 10000000
Event 280000 / 10000000
Event 290000 / 10000000
Event 292364 Number of Jets accepted = 2 Number of DiJets found = 1
Event 295649 Number of Jets accepted = 2 Number of DiJets found = 1
Event 300000 / 10000000
Event 310000 / 10000000
Event 311001 Number of Jets accepted = 2 Number of DiJets found = 1
Event 320000 / 10000000
Event 330000 / 10000000
Event 336245 Number of Jets accepted = 2 Number of DiJets found = 1
Event 340000 / 10000000
Event 342012 Number of Jets accepted = 2 Number of DiJets found = 1
Event 350000 / 10000000
Event 355811 Number of Jets accepted = 2 Number of DiJets found = 1
Event 360000 / 10000000
Event 370000 / 10000000
Event 378131 Number of Jets accepted = 2 Number of DiJets found = 1
Event 378952 Number of Jets accepted = 4 Number of DiJets found = 2
Event 380000 / 10000000
Event 388066 Number of Jets accepted = 2 Number of DiJets found = 1
Event 390000 / 10000000
Event 398966 Number of Jets accepted = 2 Number of DiJets found = 1
Event 400000 / 10000000
Event 401762 Number of Jets accepted = 2 Number of DiJets found = 1
Event 405856 Number of Jets accepted = 2 Number of DiJets found = 1
Event 410000 / 10000000
Event 416926 Number of Jets accepted = 2 Number of DiJets found = 1
Event 420000 / 10000000
Event 430000 / 10000000
Event 440000 / 10000000
Event 450000 / 10000000
Event 460000 / 10000000
Event 470000 / 10000000
Event 472070 Number of Jets accepted = 2 Number of DiJets found = 1
Event 474060 Number of Jets accepted = 2 Number of DiJets found = 1
Event 478343 Number of Jets accepted = 2 Number of DiJets found = 1
Event 479749 Number of Jets accepted = 2 Number of DiJets found = 1
Event 480000 / 10000000
Event 488396 Number of Jets accepted = 2 Number of DiJets found = 1
Event 490000 / 10000000
Event 492355 Number of Jets accepted = 2 Number of DiJets found = 1
Event 493600 Number of Jets accepted = 2 Number of DiJets found = 1
Event 494821 Number of Jets accepted = 2 Number of DiJets found = 1
Event 500000 / 10000000
Event 501190 Number of Jets accepted = 2 Number of DiJets found = 1
Event 510000 / 10000000
Event 520000 / 10000000
Event 530000 / 10000000
Event 540000 / 10000000
Event 550000 / 10000000
Event 554515 Number of Jets accepted = 2 Number of DiJets found = 1
Event 560000 / 10000000
Event 570000 / 10000000
Event 580000 / 10000000
Event 590000 / 10000000
Event 599445 Number of Jets accepted = 2 Number of DiJets found = 1
Event 600000 / 10000000
Event 610000 / 10000000
Event 610740 Number of Jets accepted = 2 Number of DiJets found = 1
Event 620000 / 10000000
Event 630000 / 10000000
Event 640000 / 10000000
Event 645615 Number of Jets accepted = 2 Number of DiJets found = 1
Event 650000 / 10000000
Event 660000 / 10000000
Event 670000 / 10000000
Event 680000 / 10000000
Event 685203 Number of Jets accepted = 2 Number of DiJets found = 1
Event 690000 / 10000000
Event 700000 / 10000000
Event 710000 / 10000000
Event 715136 Number of Jets accepted = 2 Number of DiJets found = 1
Event 720000 / 10000000
Event 730000 / 10000000
Event 740000 / 10000000
Event 750000 / 10000000
Event 753769 Number of Jets accepted = 2 Number of DiJets found = 1
Event 760000 / 10000000
Event 769101 Number of Jets accepted = 2 Number of DiJets found = 1
Event 770000 / 10000000
Event 780000 / 10000000
Event 784396 Number of Jets accepted = 2 Number of DiJets found = 1
Event 790000 / 10000000
Event 800000 / 10000000
Event 810000 / 10000000
Event 816999 Number of Jets accepted = 2 Number of DiJets found = 1
Event 820000 / 10000000
Event 824177 Number of Jets accepted = 2 Number of DiJets found = 1
Event 827986 Number of Jets accepted = 2 Number of DiJets found = 1
Event 830000 / 10000000
Event 840000 / 10000000
Event 842583 Number of Jets accepted = 2 Number of DiJets found = 1
Event 850000 / 10000000
Event 860000 / 10000000
Event 870000 / 10000000
Event 880000 / 10000000
Event 883176 Number of Jets accepted = 2 Number of DiJets found = 1
Event 890000 / 10000000
Event 897455 Number of Jets accepted = 2 Number of DiJets found = 1
Event 900000 / 10000000
Event 910000 / 10000000
Event 911398 Number of Jets accepted = 2 Number of DiJets found = 1
Event 920000 / 10000000
Event 930000 / 10000000
Event 932900 Number of Jets accepted = 2 Number of DiJets found = 1
Event 940000 / 10000000
Event 950000 / 10000000
Event 953574 Number of Jets accepted = 2 Number of DiJets found = 1
Event 956766 Number of Jets accepted = 2 Number of DiJets found = 1
Event 960000 / 10000000
Event 968413 Number of Jets accepted = 2 Number of DiJets found = 1
Event 970000 / 10000000
Event 980000 / 10000000
Event 980190 Number of Jets accepted = 2 Number of DiJets found = 1
Event 990000 / 10000000
Event 994653 Number of Jets accepted = 2 Number of DiJets found = 1
Event 1000000 / 10000000
Event 1010000 / 10000000
Event 1020000 / 10000000
Event 1030000 / 10000000
Event 1034878 Number of Jets accepted = 2 Number of DiJets found = 1
Event 1035942 Number of Jets accepted = 2 Number of DiJets found = 1
Event 1040000 / 10000000
Event 1050000 / 10000000
Event 1060000 / 10000000
Event 1070000 / 10000000
Event 1080000 / 10000000
Event 1082889 Number of Jets accepted = 2 Number of DiJets found = 1
Event 1083262 Number of Jets accepted = 2 Number of DiJets found = 1
Event 1088040 Number of Jets accepted = 2 Number of DiJets found = 1
Event 1090000 / 10000000
Event 1092857 Number of Jets accepted = 2 Number of DiJets found = 1
Event 1094710 Number of Jets accepted = 2 Number of DiJets found = 1
Event 1100000 / 10000000
Event 1108643 Number of Jets accepted = 2 Number of DiJets found = 1
Event 1110000 / 10000000
Event 1112614 Number of Jets accepted = 2 Number of DiJets found = 1
Event 1120000 / 10000000
Event 1130000 / 10000000
Event 1140000 / 10000000
Event 1150000 / 10000000
Event 1160000 / 10000000
Event 1170000 / 10000000
Event 1180000 / 10000000
Event 1190000 / 10000000
Event 1200000 / 10000000
Event 1205946 Number of Jets accepted = 2 Number of DiJets found = 1
Event 1210000 / 10000000
Event 1220000 / 10000000
Event 1230000 / 10000000
Event 1240000 / 10000000
Event 1250000 / 10000000
Event 1251479 Number of Jets accepted = 2 Number of DiJets found = 1
Event 1258053 Number of Jets accepted = 2 Number of DiJets found = 1
Event 1260000 / 10000000
Event 1270000 / 10000000
Event 1279951 Number of Jets accepted = 2 Number of DiJets found = 1
Event 1280000 / 10000000
Event 1290000 / 10000000
Event 1293936 Number of Jets accepted = 2 Number of DiJets found = 1
Event 1300000 / 10000000
Event 1310000 / 10000000
Event 1320000 / 10000000
Event 1330000 / 10000000
Event 1335914 Number of Jets accepted = 2 Number of DiJets found = 1
Event 1340000 / 10000000
Event 1350000 / 10000000
Event 1360000 / 10000000
Event 1370000 / 10000000
Event 1374523 Number of Jets accepted = 2 Number of DiJets found = 1
Event 1380000 / 10000000
Event 1390000 / 10000000
Event 1398283 Number of Jets accepted = 2 Number of DiJets found = 1
Event 1400000 / 10000000
Event 1410000 / 10000000
Event 1420000 / 10000000
Event 1426477 Number of Jets accepted = 2 Number of DiJets found = 1
Event 1430000 / 10000000
Event 1440000 / 10000000
Event 1447939 Number of Jets accepted = 2 Number of DiJets found = 1
Event 1448894 Number of Jets accepted = 2 Number of DiJets found = 1
Event 1450000 / 10000000
Event 1452627 Number of Jets accepted = 2 Number of DiJets found = 1
Event 1460000 / 10000000
Event 1470000 / 10000000
Event 1477394 Number of Jets accepted = 2 Number of DiJets found = 1
Event 1480000 / 10000000
Event 1490000 / 10000000
Event 1491963 Number of Jets accepted = 2 Number of DiJets found = 1
Event 1492536 Number of Jets accepted = 2 Number of DiJets found = 1
Event 1500000 / 10000000
Event 1502346 Number of Jets accepted = 2 Number of DiJets found = 1
Event 1504744 Number of Jets accepted = 2 Number of DiJets found = 1
Event 1509369 Number of Jets accepted = 2 Number of DiJets found = 1
Event 1510000 / 10000000
Event 1520000 / 10000000
Event 1520995 Number of Jets accepted = 2 Number of DiJets found = 1
Event 1530000 / 10000000
Event 1540000 / 10000000
Event 1540013 Number of Jets accepted = 2 Number of DiJets found = 1
Event 1550000 / 10000000
Event 1560000 / 10000000
Event 1570000 / 10000000
Event 1580000 / 10000000
Event 1582833 Number of Jets accepted = 2 Number of DiJets found = 1
Event 1590000 / 10000000
Event 1590218 Number of Jets accepted = 2 Number of DiJets found = 1
Event 1600000 / 10000000
Event 1610000 / 10000000
Event 1620000 / 10000000
Event 1630000 / 10000000
Event 1640000 / 10000000
Event 1648377 Number of Jets accepted = 2 Number of DiJets found = 1
Event 1650000 / 10000000
Event 1660000 / 10000000
Event 1670000 / 10000000
Event 1679916 Number of Jets accepted = 2 Number of DiJets found = 1
Event 1680000 / 10000000
Event 1689863 Number of Jets accepted = 2 Number of DiJets found = 1
Event 1690000 / 10000000
Event 1697039 Number of Jets accepted = 2 Number of DiJets found = 1
Event 1700000 / 10000000
Event 1707249 Number of Jets accepted = 2 Number of DiJets found = 1
Event 1710000 / 10000000
Event 1720000 / 10000000
Event 1730000 / 10000000
Event 1734519 Number of Jets accepted = 2 Number of DiJets found = 1
Event 1740000 / 10000000
Event 1750000 / 10000000
Event 1754218 Number of Jets accepted = 2 Number of DiJets found = 1
Event 1760000 / 10000000
Event 1770000 / 10000000
Event 1780000 / 10000000
Event 1790000 / 10000000
Event 1800000 / 10000000
Event 1810000 / 10000000
Event 1820000 / 10000000
Event 1828087 Number of Jets accepted = 2 Number of DiJets found = 1
Event 1830000 / 10000000
Event 1833564 Number of Jets accepted = 2 Number of DiJets found = 1
Event 1840000 / 10000000
Event 1850000 / 10000000
Event 1854567 Number of Jets accepted = 2 Number of DiJets found = 1
Event 1858472 Number of Jets accepted = 2 Number of DiJets found = 1
Event 1860000 / 10000000
Event 1866434 Number of Jets accepted = 2 Number of DiJets found = 1
Event 1870000 / 10000000
Event 1878164 Number of Jets accepted = 2 Number of DiJets found = 1
Event 1880000 / 10000000
Event 1890000 / 10000000
Event 1890370 Number of Jets accepted = 2 Number of DiJets found = 1
Event 1896945 Number of Jets accepted = 2 Number of DiJets found = 1
Event 1900000 / 10000000
Event 1910000 / 10000000
Event 1920000 / 10000000
Event 1930000 / 10000000
Event 1931337 Number of Jets accepted = 2 Number of DiJets found = 1
Event 1940000 / 10000000
Event 1950000 / 10000000
Event 1953234 Number of Jets accepted = 2 Number of DiJets found = 1
Event 1956919 Number of Jets accepted = 2 Number of DiJets found = 1
Event 1960000 / 10000000
Event 1970000 / 10000000
Event 1974146 Number of Jets accepted = 2 Number of DiJets found = 1
Event 1980000 / 10000000
Event 1984861 Number of Jets accepted = 2 Number of DiJets found = 1
Event 1990000 / 10000000
Event 1992901 Number of Jets accepted = 2 Number of DiJets found = 1
Event 2000000 / 10000000
Event 2004977 Number of Jets accepted = 2 Number of DiJets found = 1
Event 2010000 / 10000000
Event 2013590 Number of Jets accepted = 2 Number of DiJets found = 1
Event 2014028 Number of Jets accepted = 2 Number of DiJets found = 1
Event 2020000 / 10000000
Event 2030000 / 10000000
Event 2035906 Number of Jets accepted = 2 Number of DiJets found = 1
Event 2040000 / 10000000
Event 2050000 / 10000000
Event 2060000 / 10000000
Event 2067397 Number of Jets accepted = 2 Number of DiJets found = 1
Event 2070000 / 10000000
Event 2078765 Number of Jets accepted = 2 Number of DiJets found = 1
Event 2079366 Number of Jets accepted = 2 Number of DiJets found = 1
Event 2080000 / 10000000
Event 2090000 / 10000000
Event 2100000 / 10000000
Event 2106860 Number of Jets accepted = 2 Number of DiJets found = 1
Event 2110000 / 10000000
Event 2120000 / 10000000
Event 2130000 / 10000000
Event 2135699 Number of Jets accepted = 2 Number of DiJets found = 1
Event 2140000 / 10000000
Event 2150000 / 10000000
Event 2160000 / 10000000
Event 2168291 Number of Jets accepted = 2 Number of DiJets found = 1
Event 2170000 / 10000000
Event 2170986 Number of Jets accepted = 2 Number of DiJets found = 1
Event 2177562 Number of Jets accepted = 2 Number of DiJets found = 1
Event 2180000 / 10000000
Event 2189381 Number of Jets accepted = 2 Number of DiJets found = 1
Event 2190000 / 10000000
Event 2197429 Number of Jets accepted = 2 Number of DiJets found = 1
Event 2200000 / 10000000
Event 2209843 Number of Jets accepted = 2 Number of DiJets found = 1
Event 2210000 / 10000000
Event 2211198 Number of Jets accepted = 2 Number of DiJets found = 1
Event 2220000 / 10000000
Event 2228000 Number of Jets accepted = 4 Number of DiJets found = 2
Event 2230000 / 10000000
Event 2231312 Number of Jets accepted = 2 Number of DiJets found = 1
Event 2240000 / 10000000
Event 2250000 / 10000000
Event 2260000 / 10000000
Event 2261559 Number of Jets accepted = 2 Number of DiJets found = 1
Event 2263436 Number of Jets accepted = 2 Number of DiJets found = 1
Event 2270000 / 10000000
Event 2276888 Number of Jets accepted = 2 Number of DiJets found = 1
Event 2280000 / 10000000
Event 2290000 / 10000000
Event 2298413 Number of Jets accepted = 2 Number of DiJets found = 1
Event 2299429 Number of Jets accepted = 2 Number of DiJets found = 1
Event 2300000 / 10000000
Event 2302549 Number of Jets accepted = 4 Number of DiJets found = 2
Event 2305207 Number of Jets accepted = 2 Number of DiJets found = 1
Event 2310000 / 10000000
Event 2316741 Number of Jets accepted = 2 Number of DiJets found = 1
Event 2320000 / 10000000
Event 2330000 / 10000000
Event 2331186 Number of Jets accepted = 2 Number of DiJets found = 1
Event 2335140 Number of Jets accepted = 2 Number of DiJets found = 1
Event 2340000 / 10000000
Event 2341878 Number of Jets accepted = 2 Number of DiJets found = 1
Event 2350000 / 10000000
Event 2360000 / 10000000
Event 2364824 Number of Jets accepted = 2 Number of DiJets found = 1
Event 2367413 Number of Jets accepted = 2 Number of DiJets found = 1
Event 2370000 / 10000000
Event 2373916 Number of Jets accepted = 2 Number of DiJets found = 1
Event 2380000 / 10000000
Event 2390000 / 10000000
Event 2400000 / 10000000
Event 2410000 / 10000000
Event 2420000 / 10000000
Event 2430000 / 10000000
Event 2432891 Number of Jets accepted = 2 Number of DiJets found = 1
Event 2440000 / 10000000
Event 2441983 Number of Jets accepted = 2 Number of DiJets found = 1
Event 2450000 / 10000000
Event 2457697 Number of Jets accepted = 4 Number of DiJets found = 2
Event 2460000 / 10000000
Event 2470000 / 10000000
Event 2480000 / 10000000
Event 2490000 / 10000000
Event 2500000 / 10000000
Event 2510000 / 10000000
Event 2513965 Number of Jets accepted = 2 Number of DiJets found = 1
Event 2517580 Number of Jets accepted = 2 Number of DiJets found = 1
Event 2520000 / 10000000
Event 2530000 / 10000000
Event 2540000 / 10000000
Event 2550000 / 10000000
Event 2558653 Number of Jets accepted = 2 Number of DiJets found = 1
Event 2560000 / 10000000
Event 2570000 / 10000000
Event 2571767 Number of Jets accepted = 2 Number of DiJets found = 1
Event 2580000 / 10000000
Event 2584838 Number of Jets accepted = 2 Number of DiJets found = 1
Event 2588839 Number of Jets accepted = 2 Number of DiJets found = 1
Event 2590000 / 10000000
Event 2600000 / 10000000
Event 2603289 Number of Jets accepted = 2 Number of DiJets found = 1
Event 2604405 Number of Jets accepted = 2 Number of DiJets found = 1
Event 2610000 / 10000000
Event 2611193 Number of Jets accepted = 2 Number of DiJets found = 1
Event 2620000 / 10000000
Event 2621533 Number of Jets accepted = 2 Number of DiJets found = 1
Event 2623983 Number of Jets accepted = 2 Number of DiJets found = 1
Event 2630000 / 10000000
Event 2640000 / 10000000
Event 2643143 Number of Jets accepted = 2 Number of DiJets found = 1
Event 2650000 / 10000000
Event 2660000 / 10000000
Event 2664917 Number of Jets accepted = 2 Number of DiJets found = 1
Event 2670000 / 10000000
Event 2680000 / 10000000
Event 2690000 / 10000000
Event 2691364 Number of Jets accepted = 2 Number of DiJets found = 1
Event 2700000 / 10000000
Event 2710000 / 10000000
Event 2720000 / 10000000
Event 2730000 / 10000000
Event 2739752 Number of Jets accepted = 2 Number of DiJets found = 1
Event 2740000 / 10000000
Event 2744394 Number of Jets accepted = 2 Number of DiJets found = 1
Event 2747415 Number of Jets accepted = 2 Number of DiJets found = 1
Event 2750000 / 10000000
Event 2758754 Number of Jets accepted = 2 Number of DiJets found = 1
Event 2760000 / 10000000
Event 2770000 / 10000000
Event 2780000 / 10000000
Event 2780538 Number of Jets accepted = 2 Number of DiJets found = 1
Event 2790000 / 10000000
Event 2794922 Number of Jets accepted = 2 Number of DiJets found = 1
Event 2798047 Number of Jets accepted = 2 Number of DiJets found = 1
Event 2800000 / 10000000
Event 2805476 Number of Jets accepted = 2 Number of DiJets found = 1
Event 2810000 / 10000000
Event 2815561 Number of Jets accepted = 2 Number of DiJets found = 1
Event 2820000 / 10000000
Event 2830000 / 10000000
Event 2840000 / 10000000
Event 2850000 / 10000000
Event 2853600 Number of Jets accepted = 2 Number of DiJets found = 1
Event 2855784 Number of Jets accepted = 2 Number of DiJets found = 1
Event 2860000 / 10000000
Event 2860265 Number of Jets accepted = 2 Number of DiJets found = 1
Event 2863487 Number of Jets accepted = 2 Number of DiJets found = 1
Event 2869373 Number of Jets accepted = 4 Number of DiJets found = 2
Event 2870000 / 10000000
Event 2879230 Number of Jets accepted = 2 Number of DiJets found = 1
Event 2880000 / 10000000
Event 2888794 Number of Jets accepted = 2 Number of DiJets found = 1
Event 2890000 / 10000000
Event 2895785 Number of Jets accepted = 2 Number of DiJets found = 1
Event 2900000 / 10000000
Event 2910000 / 10000000
Event 2920000 / 10000000
Event 2925388 Number of Jets accepted = 2 Number of DiJets found = 1
Event 2930000 / 10000000
Event 2933033 Number of Jets accepted = 2 Number of DiJets found = 1
Event 2940000 / 10000000
Event 2950000 / 10000000
Event 2960000 / 10000000
Event 2962628 Number of Jets accepted = 2 Number of DiJets found = 1
Event 2968213 Number of Jets accepted = 2 Number of DiJets found = 1
Event 2970000 / 10000000
Event 2971316 Number of Jets accepted = 2 Number of DiJets found = 1
Event 2976844 Number of Jets accepted = 2 Number of DiJets found = 1
Event 2980000 / 10000000
Event 2990000 / 10000000
Event 3000000 / 10000000
Event 3000699 Number of Jets accepted = 2 Number of DiJets found = 1
Event 3010000 / 10000000
Event 3011392 Number of Jets accepted = 2 Number of DiJets found = 1
Event 3020000 / 10000000
Event 3021639 Number of Jets accepted = 2 Number of DiJets found = 1
Event 3023759 Number of Jets accepted = 2 Number of DiJets found = 1
Event 3030000 / 10000000
Event 3040000 / 10000000
Event 3050000 / 10000000
Event 3060000 / 10000000
Event 3070000 / 10000000
Event 3080000 / 10000000
Event 3082807 Number of Jets accepted = 2 Number of DiJets found = 1
Event 3090000 / 10000000
Event 3100000 / 10000000
Event 3101778 Number of Jets accepted = 2 Number of DiJets found = 1
Event 3110000 / 10000000
Event 3111404 Number of Jets accepted = 2 Number of DiJets found = 1
Event 3120000 / 10000000
Event 3124028 Number of Jets accepted = 2 Number of DiJets found = 1
Event 3125902 Number of Jets accepted = 2 Number of DiJets found = 1
Event 3130000 / 10000000
Event 3133866 Number of Jets accepted = 2 Number of DiJets found = 1
Event 3136994 Number of Jets accepted = 2 Number of DiJets found = 1
Event 3140000 / 10000000
Event 3150000 / 10000000
Event 3160000 / 10000000
Event 3162927 Number of Jets accepted = 2 Number of DiJets found = 1
Event 3164010 Number of Jets accepted = 2 Number of DiJets found = 1
Event 3170000 / 10000000
Event 3175234 Number of Jets accepted = 6 Number of DiJets found = 3
Event 3180000 / 10000000
Event 3190000 / 10000000
Event 3193653 Number of Jets accepted = 2 Number of DiJets found = 1
Event 3200000 / 10000000
Event 3210000 / 10000000
Event 3220000 / 10000000
Event 3230000 / 10000000
Event 3237768 Number of Jets accepted = 2 Number of DiJets found = 1
Event 3240000 / 10000000
Event 3250000 / 10000000
Event 3256195 Number of Jets accepted = 2 Number of DiJets found = 1
Event 3259779 Number of Jets accepted = 2 Number of DiJets found = 1
Event 3260000 / 10000000
Event 3270000 / 10000000
Event 3272420 Number of Jets accepted = 2 Number of DiJets found = 1
Event 3280000 / 10000000
Event 3290000 / 10000000
Event 3294924 Number of Jets accepted = 2 Number of DiJets found = 1
Event 3297835 Number of Jets accepted = 2 Number of DiJets found = 1
Event 3300000 / 10000000
Event 3310000 / 10000000
Event 3320000 / 10000000
Event 3330000 / 10000000
Event 3340000 / 10000000
Event 3342017 Number of Jets accepted = 2 Number of DiJets found = 1
Event 3349504 Number of Jets accepted = 2 Number of DiJets found = 1
Event 3350000 / 10000000
Event 3352555 Number of Jets accepted = 2 Number of DiJets found = 1
Event 3360000 / 10000000
Event 3360615 Number of Jets accepted = 2 Number of DiJets found = 1
Event 3366944 Number of Jets accepted = 2 Number of DiJets found = 1
Event 3367936 Number of Jets accepted = 2 Number of DiJets found = 1
Event 3370000 / 10000000
Event 3380000 / 10000000
Event 3390000 / 10000000
Event 3400000 / 10000000
Event 3410000 / 10000000
Event 3420000 / 10000000
Event 3421299 Number of Jets accepted = 2 Number of DiJets found = 1
Event 3423854 Number of Jets accepted = 2 Number of DiJets found = 1
Event 3426605 Number of Jets accepted = 2 Number of DiJets found = 1
Event 3430000 / 10000000
Event 3432127 Number of Jets accepted = 2 Number of DiJets found = 1
Event 3440000 / 10000000
Event 3450000 / 10000000
Event 3460000 / 10000000
Event 3470000 / 10000000
Event 3480000 / 10000000
Event 3480614 Number of Jets accepted = 2 Number of DiJets found = 1
Event 3483382 Number of Jets accepted = 2 Number of DiJets found = 1
Event 3486485 Number of Jets accepted = 2 Number of DiJets found = 1
Event 3490000 / 10000000
Event 3494659 Number of Jets accepted = 2 Number of DiJets found = 1
Event 3496016 Number of Jets accepted = 2 Number of DiJets found = 1
Event 3500000 / 10000000
Event 3510000 / 10000000
Event 3511120 Number of Jets accepted = 2 Number of DiJets found = 1
Event 3519076 Number of Jets accepted = 2 Number of DiJets found = 1
Event 3520000 / 10000000
Event 3530000 / 10000000
Event 3538352 Number of Jets accepted = 4 Number of DiJets found = 2
Event 3540000 / 10000000
Event 3550000 / 10000000
Event 3552215 Number of Jets accepted = 2 Number of DiJets found = 1
Event 3560000 / 10000000
Event 3560491 Number of Jets accepted = 2 Number of DiJets found = 1
Event 3563262 Number of Jets accepted = 2 Number of DiJets found = 1
Event 3565035 Number of Jets accepted = 2 Number of DiJets found = 1
Event 3570000 / 10000000
Event 3578713 Number of Jets accepted = 2 Number of DiJets found = 1
Event 3580000 / 10000000
Event 3590000 / 10000000
Event 3600000 / 10000000
Event 3604774 Number of Jets accepted = 2 Number of DiJets found = 1
Event 3610000 / 10000000
Event 3620000 / 10000000
Event 3630000 / 10000000
Event 3640000 / 10000000
Event 3650000 / 10000000
Event 3658476 Number of Jets accepted = 2 Number of DiJets found = 1
Event 3660000 / 10000000
Event 3667973 Number of Jets accepted = 2 Number of DiJets found = 1
Event 3670000 / 10000000
Event 3680000 / 10000000
Event 3684142 Number of Jets accepted = 2 Number of DiJets found = 1
Event 3690000 / 10000000
Event 3699395 Number of Jets accepted = 2 Number of DiJets found = 1
Event 3700000 / 10000000
Event 3710000 / 10000000
Event 3718766 Number of Jets accepted = 2 Number of DiJets found = 1
Event 3720000 / 10000000
Event 3723497 Number of Jets accepted = 2 Number of DiJets found = 1
Event 3723998 Number of Jets accepted = 2 Number of DiJets found = 1
Event 3724932 Number of Jets accepted = 2 Number of DiJets found = 1
Event 3730000 / 10000000
Event 3732367 Number of Jets accepted = 2 Number of DiJets found = 1
Event 3733249 Number of Jets accepted = 2 Number of DiJets found = 1
Event 3740000 / 10000000
Event 3746417 Number of Jets accepted = 2 Number of DiJets found = 1
Event 3750000 / 10000000
Event 3760000 / 10000000
Event 3770000 / 10000000
Event 3777393 Number of Jets accepted = 2 Number of DiJets found = 1
Event 3780000 / 10000000
Event 3782899 Number of Jets accepted = 2 Number of DiJets found = 1
Event 3790000 / 10000000
Event 3790247 Number of Jets accepted = 2 Number of DiJets found = 1
Event 3800000 / 10000000
Event 3810000 / 10000000
Event 3811530 Number of Jets accepted = 2 Number of DiJets found = 1
Event 3820000 / 10000000
Event 3830000 / 10000000
Event 3836591 Number of Jets accepted = 2 Number of DiJets found = 1
Event 3837911 Number of Jets accepted = 4 Number of DiJets found = 2
Event 3840000 / 10000000
Event 3846087 Number of Jets accepted = 2 Number of DiJets found = 1
Event 3846167 Number of Jets accepted = 2 Number of DiJets found = 1
Event 3850000 / 10000000
Event 3860000 / 10000000
Event 3870000 / 10000000
Event 3880000 / 10000000
Event 3884543 Number of Jets accepted = 2 Number of DiJets found = 1
Event 3890000 / 10000000
Event 3900000 / 10000000
Event 3910000 / 10000000
Event 3911801 Number of Jets accepted = 2 Number of DiJets found = 1
Event 3915653 Number of Jets accepted = 2 Number of DiJets found = 1
Event 3920000 / 10000000
Event 3930000 / 10000000
Event 3934409 Number of Jets accepted = 2 Number of DiJets found = 1
Event 3934765 Number of Jets accepted = 2 Number of DiJets found = 1
Event 3937130 Number of Jets accepted = 2 Number of DiJets found = 1
Event 3940000 / 10000000
Event 3943371 Number of Jets accepted = 2 Number of DiJets found = 1
Event 3950000 / 10000000
Event 3959947 Number of Jets accepted = 2 Number of DiJets found = 1
Event 3960000 / 10000000
Event 3962532 Number of Jets accepted = 2 Number of DiJets found = 1
Event 3963106 Number of Jets accepted = 2 Number of DiJets found = 1
Event 3970000 / 10000000
Event 3980000 / 10000000
Event 3980228 Number of Jets accepted = 2 Number of DiJets found = 1
Event 3990000 / 10000000
Event 4000000 / 10000000
Event 4002111 Number of Jets accepted = 2 Number of DiJets found = 1
Event 4010000 / 10000000
Event 4017244 Number of Jets accepted = 4 Number of DiJets found = 2
Event 4020000 / 10000000
Event 4030000 / 10000000
Event 4040000 / 10000000
Event 4043330 Number of Jets accepted = 4 Number of DiJets found = 2
Event 4048217 Number of Jets accepted = 2 Number of DiJets found = 1
Event 4050000 / 10000000
Event 4060000 / 10000000
Event 4065877 Number of Jets accepted = 2 Number of DiJets found = 1
Event 4070000 / 10000000
Event 4075954 Number of Jets accepted = 2 Number of DiJets found = 1
Event 4080000 / 10000000
Event 4090000 / 10000000
Event 4092698 Number of Jets accepted = 2 Number of DiJets found = 1
Event 4100000 / 10000000
Event 4110000 / 10000000
Event 4114153 Number of Jets accepted = 2 Number of DiJets found = 1
Event 4120000 / 10000000
Event 4123926 Number of Jets accepted = 2 Number of DiJets found = 1
Event 4130000 / 10000000
Event 4140000 / 10000000
Event 4148728 Number of Jets accepted = 2 Number of DiJets found = 1
Event 4150000 / 10000000
Event 4159759 Number of Jets accepted = 2 Number of DiJets found = 1
Event 4160000 / 10000000
Event 4167936 Number of Jets accepted = 2 Number of DiJets found = 1
Event 4168289 Number of Jets accepted = 2 Number of DiJets found = 1
Event 4170000 / 10000000
Event 4179386 Number of Jets accepted = 2 Number of DiJets found = 1
Event 4180000 / 10000000
Event 4185972 Number of Jets accepted = 2 Number of DiJets found = 1
Event 4190000 / 10000000
Event 4197580 Number of Jets accepted = 2 Number of DiJets found = 1
Event 4200000 / 10000000
Event 4206903 Number of Jets accepted = 2 Number of DiJets found = 1
Event 4210000 / 10000000
Event 4220000 / 10000000
Event 4230000 / 10000000
Event 4240000 / 10000000
Event 4250000 / 10000000
Event 4260000 / 10000000
Event 4270000 / 10000000
Event 4280000 / 10000000
Event 4287729 Number of Jets accepted = 2 Number of DiJets found = 1
Event 4290000 / 10000000
Event 4290550 Number of Jets accepted = 2 Number of DiJets found = 1
Event 4300000 / 10000000
Event 4300321 Number of Jets accepted = 2 Number of DiJets found = 1
Event 4305839 Number of Jets accepted = 2 Number of DiJets found = 1
Event 4310000 / 10000000
Event 4317220 Number of Jets accepted = 2 Number of DiJets found = 1
Event 4320000 / 10000000
Event 4322492 Number of Jets accepted = 2 Number of DiJets found = 1
Event 4330000 / 10000000
Event 4340000 / 10000000
Event 4350000 / 10000000
Event 4357571 Number of Jets accepted = 2 Number of DiJets found = 1
Event 4360000 / 10000000
Event 4370000 / 10000000
Event 4380000 / 10000000
Event 4390000 / 10000000
Event 4400000 / 10000000
Event 4402641 Number of Jets accepted = 2 Number of DiJets found = 1
Event 4410000 / 10000000
Event 4419314 Number of Jets accepted = 2 Number of DiJets found = 1
Event 4420000 / 10000000
Event 4420588 Number of Jets accepted = 2 Number of DiJets found = 1
Event 4420779 Number of Jets accepted = 2 Number of DiJets found = 1
Event 4429946 Number of Jets accepted = 2 Number of DiJets found = 1
Event 4430000 / 10000000
Event 4440000 / 10000000
Event 4450000 / 10000000
Event 4451931 Number of Jets accepted = 2 Number of DiJets found = 1
Event 4460000 / 10000000
Event 4470000 / 10000000
Event 4480000 / 10000000
Event 4481842 Number of Jets accepted = 2 Number of DiJets found = 1
Event 4490000 / 10000000
Event 4492079 Number of Jets accepted = 2 Number of DiJets found = 1
Event 4493593 Number of Jets accepted = 2 Number of DiJets found = 1
Event 4500000 / 10000000
Event 4507221 Number of Jets accepted = 2 Number of DiJets found = 1
Event 4510000 / 10000000
Event 4520000 / 10000000
Event 4528841 Number of Jets accepted = 2 Number of DiJets found = 1
Event 4530000 / 10000000
Event 4532012 Number of Jets accepted = 2 Number of DiJets found = 1
Event 4536315 Number of Jets accepted = 2 Number of DiJets found = 1
Event 4540000 / 10000000
Event 4550000 / 10000000
Event 4560000 / 10000000
Event 4570000 / 10000000
Event 4580000 / 10000000
Event 4590000 / 10000000
Event 4600000 / 10000000
Event 4600398 Number of Jets accepted = 2 Number of DiJets found = 1
Event 4605419 Number of Jets accepted = 2 Number of DiJets found = 1
Event 4606291 Number of Jets accepted = 2 Number of DiJets found = 1
Event 4610000 / 10000000
Event 4612704 Number of Jets accepted = 2 Number of DiJets found = 1
Event 4620000 / 10000000
Event 4630000 / 10000000
Event 4640000 / 10000000
Event 4650000 / 10000000
Event 4660000 / 10000000
Event 4670000 / 10000000
Event 4680000 / 10000000
Event 4685292 Number of Jets accepted = 2 Number of DiJets found = 1
Event 4690000 / 10000000
Event 4699739 Number of Jets accepted = 2 Number of DiJets found = 1
Event 4700000 / 10000000
Event 4710000 / 10000000
Event 4717394 Number of Jets accepted = 2 Number of DiJets found = 1
Event 4720000 / 10000000
Event 4723692 Number of Jets accepted = 2 Number of DiJets found = 1
Event 4730000 / 10000000
Event 4734732 Number of Jets accepted = 2 Number of DiJets found = 1
Event 4736302 Number of Jets accepted = 2 Number of DiJets found = 1
Event 4740000 / 10000000
Event 4745640 Number of Jets accepted = 2 Number of DiJets found = 1
Event 4746935 Number of Jets accepted = 2 Number of DiJets found = 1
Event 4750000 / 10000000
Event 4760000 / 10000000
Event 4769540 Number of Jets accepted = 2 Number of DiJets found = 1
Event 4770000 / 10000000
Event 4773908 Number of Jets accepted = 2 Number of DiJets found = 1
Event 4776410 Number of Jets accepted = 2 Number of DiJets found = 1
Event 4777084 Number of Jets accepted = 2 Number of DiJets found = 1
Event 4780000 / 10000000
Event 4780753 Number of Jets accepted = 2 Number of DiJets found = 1
Event 4790000 / 10000000
Event 4791126 Number of Jets accepted = 2 Number of DiJets found = 1
Event 4791201 Number of Jets accepted = 2 Number of DiJets found = 1
Event 4794909 Number of Jets accepted = 2 Number of DiJets found = 1
Event 4797012 Number of Jets accepted = 2 Number of DiJets found = 1
Event 4800000 / 10000000
Event 4803758 Number of Jets accepted = 2 Number of DiJets found = 1
Event 4810000 / 10000000
Event 4812619 Number of Jets accepted = 2 Number of DiJets found = 1
Event 4820000 / 10000000
Event 4830000 / 10000000
Event 4840000 / 10000000
Event 4847967 Number of Jets accepted = 2 Number of DiJets found = 1
Event 4850000 / 10000000
Event 4855107 Number of Jets accepted = 2 Number of DiJets found = 1
Event 4860000 / 10000000
Event 4870000 / 10000000
Event 4880000 / 10000000
Event 4890000 / 10000000
Event 4900000 / 10000000
Event 4909327 Number of Jets accepted = 2 Number of DiJets found = 1
Event 4910000 / 10000000
Event 4920000 / 10000000
Event 4930000 / 10000000
Event 4940000 / 10000000
Event 4950000 / 10000000
Event 4960000 / 10000000
Event 4961545 Number of Jets accepted = 2 Number of DiJets found = 1
Event 4968673 Number of Jets accepted = 2 Number of DiJets found = 1
Event 4970000 / 10000000
Event 4980000 / 10000000
Event 4990000 / 10000000
Event 5000000 / 10000000
Event 5010000 / 10000000
Event 5020000 / 10000000
Event 5030000 / 10000000
Event 5040000 / 10000000
Event 5050000 / 10000000
Event 5060000 / 10000000
Event 5063291 Number of Jets accepted = 2 Number of DiJets found = 1
Event 5065720 Number of Jets accepted = 2 Number of DiJets found = 1
Event 5070000 / 10000000
Event 5080000 / 10000000
Event 5085075 Number of Jets accepted = 2 Number of DiJets found = 1
Event 5090000 / 10000000
Event 5100000 / 10000000
Event 5101005 Number of Jets accepted = 2 Number of DiJets found = 1
Event 5107295 Number of Jets accepted = 2 Number of DiJets found = 1
Event 5110000 / 10000000
Event 5114818 Number of Jets accepted = 2 Number of DiJets found = 1
Event 5120000 / 10000000
Event 5124710 Number of Jets accepted = 2 Number of DiJets found = 1
Event 5130000 / 10000000
Event 5140000 / 10000000
Event 5146869 Number of Jets accepted = 2 Number of DiJets found = 1
Event 5150000 / 10000000
Event 5160000 / 10000000
Event 5169344 Number of Jets accepted = 2 Number of DiJets found = 1
Event 5170000 / 10000000
Event 5174427 Number of Jets accepted = 2 Number of DiJets found = 1
Event 5180000 / 10000000
Event 5190000 / 10000000
Event 5190505 Number of Jets accepted = 2 Number of DiJets found = 1
Event 5195692 Number of Jets accepted = 2 Number of DiJets found = 1
Event 5200000 / 10000000
Event 5210000 / 10000000
Event 5220000 / 10000000
Event 5221482 Number of Jets accepted = 2 Number of DiJets found = 1
Event 5222074 Number of Jets accepted = 2 Number of DiJets found = 1
Event 5230000 / 10000000
Event 5240000 / 10000000
Event 5248948 Number of Jets accepted = 2 Number of DiJets found = 1
Event 5250000 / 10000000
Event 5260000 / 10000000
Event 5270000 / 10000000
Event 5280000 / 10000000
Event 5290000 / 10000000
Event 5290501 Number of Jets accepted = 2 Number of DiJets found = 1
Event 5298510 Number of Jets accepted = 2 Number of DiJets found = 1
Event 5300000 / 10000000
Event 5301706 Number of Jets accepted = 2 Number of DiJets found = 1
Event 5310000 / 10000000
Event 5313562 Number of Jets accepted = 2 Number of DiJets found = 1
Event 5317633 Number of Jets accepted = 2 Number of DiJets found = 1
Event 5320000 / 10000000
Event 5322040 Number of Jets accepted = 2 Number of DiJets found = 1
Event 5329195 Number of Jets accepted = 2 Number of DiJets found = 1
Event 5330000 / 10000000
Event 5333455 Number of Jets accepted = 2 Number of DiJets found = 1
Event 5340000 / 10000000
Event 5344089 Number of Jets accepted = 2 Number of DiJets found = 1
Event 5349918 Number of Jets accepted = 2 Number of DiJets found = 1
Event 5350000 / 10000000
Event 5360000 / 10000000
Event 5362863 Number of Jets accepted = 2 Number of DiJets found = 1
Event 5367359 Number of Jets accepted = 2 Number of DiJets found = 1
Event 5370000 / 10000000
Event 5380000 / 10000000
Event 5383454 Number of Jets accepted = 2 Number of DiJets found = 1
Event 5390000 / 10000000
Event 5399115 Number of Jets accepted = 2 Number of DiJets found = 1
Event 5400000 / 10000000
Event 5406620 Number of Jets accepted = 2 Number of DiJets found = 1
Event 5410000 / 10000000
Event 5420000 / 10000000
Event 5430000 / 10000000
Event 5437440 Number of Jets accepted = 2 Number of DiJets found = 1
Event 5440000 / 10000000
Event 5443480 Number of Jets accepted = 2 Number of DiJets found = 1
Event 5450000 / 10000000
Event 5460000 / 10000000
Event 5462675 Number of Jets accepted = 2 Number of DiJets found = 1
Event 5469721 Number of Jets accepted = 2 Number of DiJets found = 1
Event 5470000 / 10000000
Event 5480000 / 10000000
Event 5488715 Number of Jets accepted = 2 Number of DiJets found = 1
Event 5490000 / 10000000
Event 5500000 / 10000000
Event 5500340 Number of Jets accepted = 2 Number of DiJets found = 1
Event 5501553 Number of Jets accepted = 2 Number of DiJets found = 1
Event 5510000 / 10000000
Event 5517864 Number of Jets accepted = 2 Number of DiJets found = 1
Event 5520000 / 10000000
Event 5528288 Number of Jets accepted = 2 Number of DiJets found = 1
Event 5530000 / 10000000
Event 5540000 / 10000000
Event 5550000 / 10000000
Event 5560000 / 10000000
Event 5570000 / 10000000
Event 5577756 Number of Jets accepted = 2 Number of DiJets found = 1
Event 5580000 / 10000000
Event 5590000 / 10000000
Event 5600000 / 10000000
Event 5606556 Number of Jets accepted = 2 Number of DiJets found = 1
Event 5606658 Number of Jets accepted = 2 Number of DiJets found = 1
Event 5607535 Number of Jets accepted = 2 Number of DiJets found = 1
Event 5610000 / 10000000
Event 5620000 / 10000000
Event 5630000 / 10000000
Event 5640000 / 10000000
Event 5648684 Number of Jets accepted = 2 Number of DiJets found = 1
Event 5650000 / 10000000
Event 5660000 / 10000000
Event 5667585 Number of Jets accepted = 2 Number of DiJets found = 1
Event 5669595 Number of Jets accepted = 2 Number of DiJets found = 1
Event 5670000 / 10000000
Event 5670296 Number of Jets accepted = 2 Number of DiJets found = 1
Event 5675028 Number of Jets accepted = 2 Number of DiJets found = 1
Event 5676254 Number of Jets accepted = 2 Number of DiJets found = 1
Event 5680000 / 10000000
Event 5681044 Number of Jets accepted = 2 Number of DiJets found = 1
Event 5687008 Number of Jets accepted = 2 Number of DiJets found = 1
Event 5690000 / 10000000
Event 5695254 Number of Jets accepted = 2 Number of DiJets found = 1
Event 5700000 / 10000000
Event 5710000 / 10000000
Event 5710401 Number of Jets accepted = 2 Number of DiJets found = 1
Event 5712900 Number of Jets accepted = 2 Number of DiJets found = 1
Event 5716133 Number of Jets accepted = 2 Number of DiJets found = 1
Event 5720000 / 10000000
Event 5720320 Number of Jets accepted = 2 Number of DiJets found = 1
Event 5722536 Number of Jets accepted = 2 Number of DiJets found = 1
Event 5730000 / 10000000
Event 5740000 / 10000000
Event 5750000 / 10000000
Event 5760000 / 10000000
Event 5768125 Number of Jets accepted = 2 Number of DiJets found = 1
Event 5770000 / 10000000
Event 5780000 / 10000000
Event 5783297 Number of Jets accepted = 2 Number of DiJets found = 1
Event 5788450 Number of Jets accepted = 2 Number of DiJets found = 1
Event 5790000 / 10000000
Event 5800000 / 10000000
Event 5808249 Number of Jets accepted = 2 Number of DiJets found = 1
Event 5810000 / 10000000
Event 5820000 / 10000000
Event 5821297 Number of Jets accepted = 2 Number of DiJets found = 1
Event 5830000 / 10000000
Event 5840000 / 10000000
Event 5842595 Number of Jets accepted = 2 Number of DiJets found = 1
Event 5850000 / 10000000
Event 5850090 Number of Jets accepted = 2 Number of DiJets found = 1
Event 5860000 / 10000000
Event 5870000 / 10000000
Event 5878466 Number of Jets accepted = 2 Number of DiJets found = 1
Event 5880000 / 10000000
Event 5890000 / 10000000
Event 5896413 Number of Jets accepted = 2 Number of DiJets found = 1
Event 5900000 / 10000000
Event 5903267 Number of Jets accepted = 2 Number of DiJets found = 1
Event 5910000 / 10000000
Event 5920000 / 10000000
Event 5930000 / 10000000
Event 5940000 / 10000000
Event 5943590 Number of Jets accepted = 2 Number of DiJets found = 1
Event 5944640 Number of Jets accepted = 2 Number of DiJets found = 1
Event 5945176 Number of Jets accepted = 2 Number of DiJets found = 1
Event 5950000 / 10000000
Event 5960000 / 10000000
Event 5970000 / 10000000
Event 5980000 / 10000000
Event 5983110 Number of Jets accepted = 2 Number of DiJets found = 1
Event 5990000 / 10000000
Event 6000000 / 10000000
Event 6010000 / 10000000
Event 6018349 Number of Jets accepted = 2 Number of DiJets found = 1
Event 6020000 / 10000000
Event 6030000 / 10000000
Event 6040000 / 10000000
Event 6042994 Number of Jets accepted = 2 Number of DiJets found = 1
Event 6050000 / 10000000
Event 6051599 Number of Jets accepted = 2 Number of DiJets found = 1
Event 6060000 / 10000000
Event 6070000 / 10000000
Event 6080000 / 10000000
Event 6090000 / 10000000
Event 6095297 Number of Jets accepted = 2 Number of DiJets found = 1
Event 6100000 / 10000000
Event 6101677 Number of Jets accepted = 2 Number of DiJets found = 1
Event 6104641 Number of Jets accepted = 2 Number of DiJets found = 1
Event 6110000 / 10000000
Event 6119353 Number of Jets accepted = 2 Number of DiJets found = 1
Event 6120000 / 10000000
Event 6127947 Number of Jets accepted = 2 Number of DiJets found = 1
Event 6130000 / 10000000
Event 6140000 / 10000000
Event 6148440 Number of Jets accepted = 2 Number of DiJets found = 1
Event 6150000 / 10000000
Event 6160000 / 10000000
Event 6170000 / 10000000
Event 6174954 Number of Jets accepted = 2 Number of DiJets found = 1
Event 6176102 Number of Jets accepted = 2 Number of DiJets found = 1
Event 6180000 / 10000000
Event 6190000 / 10000000
Event 6200000 / 10000000
Event 6206305 Number of Jets accepted = 2 Number of DiJets found = 1
Event 6210000 / 10000000
Event 6220000 / 10000000
Event 6228714 Number of Jets accepted = 2 Number of DiJets found = 1
Event 6230000 / 10000000
Event 6237069 Number of Jets accepted = 2 Number of DiJets found = 1
Event 6237795 Number of Jets accepted = 2 Number of DiJets found = 1
Event 6240000 / 10000000
Event 6250000 / 10000000
Event 6260000 / 10000000
Event 6270000 / 10000000
Event 6276621 Number of Jets accepted = 2 Number of DiJets found = 1
Event 6280000 / 10000000
Event 6280340 Number of Jets accepted = 2 Number of DiJets found = 1
Event 6290000 / 10000000
Event 6290743 Number of Jets accepted = 2 Number of DiJets found = 1
Event 6297071 Number of Jets accepted = 2 Number of DiJets found = 1
Event 6300000 / 10000000
Event 6300691 Number of Jets accepted = 2 Number of DiJets found = 1
Event 6310000 / 10000000
Event 6320000 / 10000000
Event 6330000 / 10000000
Event 6340000 / 10000000
Event 6340948 Number of Jets accepted = 2 Number of DiJets found = 1
Event 6346349 Number of Jets accepted = 2 Number of DiJets found = 1
Event 6350000 / 10000000
Event 6360000 / 10000000
Event 6370000 / 10000000
Event 6380000 / 10000000
Event 6380972 Number of Jets accepted = 2 Number of DiJets found = 1
Event 6390000 / 10000000
Event 6400000 / 10000000
Event 6404876 Number of Jets accepted = 2 Number of DiJets found = 1
Event 6410000 / 10000000
Event 6415388 Number of Jets accepted = 2 Number of DiJets found = 1
Event 6417917 Number of Jets accepted = 2 Number of DiJets found = 1
Event 6420000 / 10000000
Event 6430000 / 10000000
Event 6431447 Number of Jets accepted = 2 Number of DiJets found = 1
Event 6440000 / 10000000
Event 6450000 / 10000000
Event 6460000 / 10000000
Event 6465508 Number of Jets accepted = 2 Number of DiJets found = 1
Event 6470000 / 10000000
Event 6480000 / 10000000
Event 6488963 Number of Jets accepted = 2 Number of DiJets found = 1
Event 6490000 / 10000000
Event 6490369 Number of Jets accepted = 2 Number of DiJets found = 1
Event 6499854 Number of Jets accepted = 2 Number of DiJets found = 1
Event 6500000 / 10000000
Event 6510000 / 10000000
Event 6520000 / 10000000
Event 6523895 Number of Jets accepted = 2 Number of DiJets found = 1
Event 6530000 / 10000000
Event 6540000 / 10000000
Event 6550000 / 10000000
Event 6554463 Number of Jets accepted = 2 Number of DiJets found = 1
Event 6560000 / 10000000
Event 6570000 / 10000000
Event 6580000 / 10000000
Event 6582733 Number of Jets accepted = 2 Number of DiJets found = 1
Event 6585176 Number of Jets accepted = 2 Number of DiJets found = 1
Event 6590000 / 10000000
Event 6591948 Number of Jets accepted = 2 Number of DiJets found = 1
Event 6598636 Number of Jets accepted = 2 Number of DiJets found = 1
Event 6600000 / 10000000
Event 6610000 / 10000000
Event 6613601 Number of Jets accepted = 2 Number of DiJets found = 1
Event 6615524 Number of Jets accepted = 2 Number of DiJets found = 1
Event 6617781 Number of Jets accepted = 2 Number of DiJets found = 1
Event 6620000 / 10000000
Event 6630000 / 10000000
Event 6636326 Number of Jets accepted = 4 Number of DiJets found = 2
Event 6636382 Number of Jets accepted = 2 Number of DiJets found = 1
Event 6640000 / 10000000
Event 6644940 Number of Jets accepted = 2 Number of DiJets found = 1
Event 6650000 / 10000000
Event 6653152 Number of Jets accepted = 2 Number of DiJets found = 1
Event 6654578 Number of Jets accepted = 2 Number of DiJets found = 1
Event 6660000 / 10000000
Event 6661738 Number of Jets accepted = 2 Number of DiJets found = 1
Event 6670000 / 10000000
Event 6680000 / 10000000
Event 6690000 / 10000000
Event 6700000 / 10000000
Event 6710000 / 10000000
Event 6720000 / 10000000
Event 6729104 Number of Jets accepted = 2 Number of DiJets found = 1
Event 6730000 / 10000000
Event 6740000 / 10000000
Event 6740556 Number of Jets accepted = 2 Number of DiJets found = 1
Event 6750000 / 10000000
Event 6760000 / 10000000
Event 6770000 / 10000000
Event 6771279 Number of Jets accepted = 2 Number of DiJets found = 1
Event 6775867 Number of Jets accepted = 2 Number of DiJets found = 1
Event 6780000 / 10000000
Event 6782374 Number of Jets accepted = 2 Number of DiJets found = 1
Event 6790000 / 10000000
Event 6795749 Number of Jets accepted = 2 Number of DiJets found = 1
Event 6797156 Number of Jets accepted = 2 Number of DiJets found = 1
Event 6800000 / 10000000
Event 6810000 / 10000000
Event 6818546 Number of Jets accepted = 2 Number of DiJets found = 1
Event 6819408 Number of Jets accepted = 2 Number of DiJets found = 1
Event 6820000 / 10000000
Event 6830000 / 10000000
Event 6830975 Number of Jets accepted = 2 Number of DiJets found = 1
Event 6840000 / 10000000
Event 6850000 / 10000000
Event 6853061 Number of Jets accepted = 2 Number of DiJets found = 1
Event 6860000 / 10000000
Event 6870000 / 10000000
Event 6874390 Number of Jets accepted = 2 Number of DiJets found = 1
Event 6880000 / 10000000
Event 6886135 Number of Jets accepted = 2 Number of DiJets found = 1
Event 6890000 / 10000000
Event 6900000 / 10000000
Event 6910000 / 10000000
Event 6920000 / 10000000
Event 6930000 / 10000000
Event 6940000 / 10000000
Event 6940594 Number of Jets accepted = 2 Number of DiJets found = 1
Event 6950000 / 10000000
Event 6957044 Number of Jets accepted = 2 Number of DiJets found = 1
Event 6960000 / 10000000
Event 6961172 Number of Jets accepted = 2 Number of DiJets found = 1
Event 6966362 Number of Jets accepted = 2 Number of DiJets found = 1
Event 6970000 / 10000000
Event 6975959 Number of Jets accepted = 2 Number of DiJets found = 1
Event 6980000 / 10000000
Event 6990000 / 10000000
Event 7000000 / 10000000
Event 7010000 / 10000000
Event 7020000 / 10000000
Event 7023791 Number of Jets accepted = 2 Number of DiJets found = 1
Event 7026521 Number of Jets accepted = 2 Number of DiJets found = 1
Event 7030000 / 10000000
Event 7040000 / 10000000
Event 7042902 Number of Jets accepted = 2 Number of DiJets found = 1
Event 7050000 / 10000000
Event 7051900 Number of Jets accepted = 2 Number of DiJets found = 1
Event 7060000 / 10000000
Event 7067686 Number of Jets accepted = 2 Number of DiJets found = 1
Event 7070000 / 10000000
Event 7073309 Number of Jets accepted = 2 Number of DiJets found = 1
Event 7074465 Number of Jets accepted = 2 Number of DiJets found = 1
Event 7076552 Number of Jets accepted = 2 Number of DiJets found = 1
Event 7080000 / 10000000
Event 7090000 / 10000000
Event 7100000 / 10000000
Event 7100690 Number of Jets accepted = 2 Number of DiJets found = 1
Event 7110000 / 10000000
Event 7120000 / 10000000
Event 7121024 Number of Jets accepted = 2 Number of DiJets found = 1
Event 7130000 / 10000000
Event 7139854 Number of Jets accepted = 2 Number of DiJets found = 1
Event 7140000 / 10000000
Event 7145965 Number of Jets accepted = 2 Number of DiJets found = 1
Event 7150000 / 10000000
Event 7160000 / 10000000
Event 7161801 Number of Jets accepted = 2 Number of DiJets found = 1
Event 7170000 / 10000000
Event 7180000 / 10000000
Event 7190000 / 10000000
Event 7200000 / 10000000
Event 7210000 / 10000000
Event 7220000 / 10000000
Event 7222272 Number of Jets accepted = 2 Number of DiJets found = 1
Event 7230000 / 10000000
Event 7240000 / 10000000
Event 7250000 / 10000000
Event 7259559 Number of Jets accepted = 2 Number of DiJets found = 1
Event 7260000 / 10000000
Event 7267787 Number of Jets accepted = 2 Number of DiJets found = 1
Event 7270000 / 10000000
Event 7280000 / 10000000
Event 7290000 / 10000000
Event 7294055 Number of Jets accepted = 2 Number of DiJets found = 1
Event 7300000 / 10000000
Event 7310000 / 10000000
Event 7320000 / 10000000
Event 7321550 Number of Jets accepted = 2 Number of DiJets found = 1
Event 7329125 Number of Jets accepted = 2 Number of DiJets found = 1
Event 7330000 / 10000000
Event 7340000 / 10000000
Event 7350000 / 10000000
Event 7360000 / 10000000
Event 7363738 Number of Jets accepted = 2 Number of DiJets found = 1
Event 7370000 / 10000000
Event 7380000 / 10000000
Event 7390000 / 10000000
Event 7396463 Number of Jets accepted = 2 Number of DiJets found = 1
Event 7397588 Number of Jets accepted = 2 Number of DiJets found = 1
Event 7400000 / 10000000
Event 7402546 Number of Jets accepted = 2 Number of DiJets found = 1
Event 7410000 / 10000000
Event 7420000 / 10000000
Event 7430000 / 10000000
Event 7436444 Number of Jets accepted = 2 Number of DiJets found = 1
Event 7440000 / 10000000
Event 7450000 / 10000000
Event 7460000 / 10000000
Event 7462271 Number of Jets accepted = 2 Number of DiJets found = 1
Event 7470000 / 10000000
Event 7470585 Number of Jets accepted = 2 Number of DiJets found = 1
Event 7480000 / 10000000
Event 7490000 / 10000000
Event 7500000 / 10000000
Event 7510000 / 10000000
Event 7520000 / 10000000
Event 7530000 / 10000000
Event 7536483 Number of Jets accepted = 2 Number of DiJets found = 1
Event 7540000 / 10000000
Event 7545280 Number of Jets accepted = 2 Number of DiJets found = 1
Event 7546616 Number of Jets accepted = 2 Number of DiJets found = 1
Event 7550000 / 10000000
Event 7552989 Number of Jets accepted = 2 Number of DiJets found = 1
Event 7560000 / 10000000
Event 7564534 Number of Jets accepted = 2 Number of DiJets found = 1
Event 7570000 / 10000000
Event 7575750 Number of Jets accepted = 2 Number of DiJets found = 1
Event 7580000 / 10000000
Event 7590000 / 10000000
Event 7600000 / 10000000
Event 7610000 / 10000000
Event 7615788 Number of Jets accepted = 2 Number of DiJets found = 1
Event 7617110 Number of Jets accepted = 2 Number of DiJets found = 1
Event 7620000 / 10000000
Event 7629283 Number of Jets accepted = 2 Number of DiJets found = 1
Event 7630000 / 10000000
Event 7640000 / 10000000
Event 7650000 / 10000000
Event 7660000 / 10000000
Event 7670000 / 10000000
Event 7680000 / 10000000
Event 7683849 Number of Jets accepted = 2 Number of DiJets found = 1
Event 7690000 / 10000000
Event 7690273 Number of Jets accepted = 2 Number of DiJets found = 1
Event 7700000 / 10000000
Event 7700394 Number of Jets accepted = 2 Number of DiJets found = 1
Event 7706744 Number of Jets accepted = 2 Number of DiJets found = 1
Event 7710000 / 10000000
Event 7720000 / 10000000
Event 7720082 Number of Jets accepted = 2 Number of DiJets found = 1
Event 7727353 Number of Jets accepted = 2 Number of DiJets found = 1
Event 7730000 / 10000000
Event 7740000 / 10000000
Event 7750000 / 10000000
Event 7751018 Number of Jets accepted = 2 Number of DiJets found = 1
Event 7760000 / 10000000
Event 7760526 Number of Jets accepted = 2 Number of DiJets found = 1
Event 7770000 / 10000000
Event 7780000 / 10000000
Event 7790000 / 10000000
Event 7800000 / 10000000
Event 7806955 Number of Jets accepted = 2 Number of DiJets found = 1
Event 7810000 / 10000000
Event 7820000 / 10000000
Event 7830000 / 10000000
Event 7831232 Number of Jets accepted = 2 Number of DiJets found = 1
Event 7838694 Number of Jets accepted = 2 Number of DiJets found = 1
Event 7840000 / 10000000
Event 7850000 / 10000000
Event 7851694 Number of Jets accepted = 2 Number of DiJets found = 1
Event 7860000 / 10000000
Event 7870000 / 10000000
Event 7875137 Number of Jets accepted = 2 Number of DiJets found = 1
Event 7880000 / 10000000
Event 7886865 Number of Jets accepted = 2 Number of DiJets found = 1
Event 7890000 / 10000000
Event 7900000 / 10000000
Event 7904028 Number of Jets accepted = 2 Number of DiJets found = 1
Event 7910000 / 10000000
Event 7915130 Number of Jets accepted = 2 Number of DiJets found = 1
Event 7915832 Number of Jets accepted = 2 Number of DiJets found = 1
Event 7918448 Number of Jets accepted = 2 Number of DiJets found = 1
Event 7920000 / 10000000
Event 7930000 / 10000000
Event 7940000 / 10000000
Event 7950000 / 10000000
Event 7954060 Number of Jets accepted = 2 Number of DiJets found = 1
Event 7960000 / 10000000
Event 7967025 Number of Jets accepted = 2 Number of DiJets found = 1
Event 7970000 / 10000000
Event 7980000 / 10000000
Event 7988201 Number of Jets accepted = 2 Number of DiJets found = 1
Event 7990000 / 10000000
Event 7997175 Number of Jets accepted = 2 Number of DiJets found = 1
Event 8000000 / 10000000
Event 8000504 Number of Jets accepted = 2 Number of DiJets found = 1
Event 8010000 / 10000000
Event 8012122 Number of Jets accepted = 2 Number of DiJets found = 1
Event 8014342 Number of Jets accepted = 2 Number of DiJets found = 1
Event 8020000 / 10000000
Event 8030000 / 10000000
Event 8040000 / 10000000
Event 8050000 / 10000000
Event 8060000 / 10000000
Event 8065287 Number of Jets accepted = 2 Number of DiJets found = 1
Event 8070000 / 10000000
Event 8070221 Number of Jets accepted = 2 Number of DiJets found = 1
Event 8071267 Number of Jets accepted = 2 Number of DiJets found = 1
Event 8075230 Number of Jets accepted = 2 Number of DiJets found = 1
Event 8075706 Number of Jets accepted = 2 Number of DiJets found = 1
Event 8080000 / 10000000
Event 8090000 / 10000000
Event 8095047 Number of Jets accepted = 2 Number of DiJets found = 1
Event 8096825 Number of Jets accepted = 2 Number of DiJets found = 1
Event 8100000 / 10000000
Event 8107508 Number of Jets accepted = 2 Number of DiJets found = 1
Event 8110000 / 10000000
Event 8120000 / 10000000
Event 8130000 / 10000000
Event 8134971 Number of Jets accepted = 2 Number of DiJets found = 1
Event 8140000 / 10000000
Event 8150000 / 10000000
Event 8160000 / 10000000
Event 8170000 / 10000000
Event 8180000 / 10000000
Event 8184161 Number of Jets accepted = 2 Number of DiJets found = 1
Event 8190000 / 10000000
Event 8198871 Number of Jets accepted = 2 Number of DiJets found = 1
Event 8200000 / 10000000
Event 8206705 Number of Jets accepted = 2 Number of DiJets found = 1
Event 8208799 Number of Jets accepted = 2 Number of DiJets found = 1
Event 8210000 / 10000000
Event 8219328 Number of Jets accepted = 2 Number of DiJets found = 1
Event 8220000 / 10000000
Event 8230000 / 10000000
Event 8231897 Number of Jets accepted = 2 Number of DiJets found = 1
Event 8232724 Number of Jets accepted = 2 Number of DiJets found = 1
Event 8240000 / 10000000
Event 8250000 / 10000000
Event 8253247 Number of Jets accepted = 2 Number of DiJets found = 1
Event 8260000 / 10000000
Event 8270000 / 10000000
Event 8270218 Number of Jets accepted = 2 Number of DiJets found = 1
Event 8274977 Number of Jets accepted = 2 Number of DiJets found = 1
Event 8280000 / 10000000
Event 8286347 Number of Jets accepted = 2 Number of DiJets found = 1
Event 8286886 Number of Jets accepted = 2 Number of DiJets found = 1
Event 8290000 / 10000000
Event 8300000 / 10000000
Event 8301174 Number of Jets accepted = 2 Number of DiJets found = 1
Event 8309393 Number of Jets accepted = 2 Number of DiJets found = 1
Event 8310000 / 10000000
Event 8320000 / 10000000
Event 8330000 / 10000000
Event 8334058 Number of Jets accepted = 2 Number of DiJets found = 1
Event 8336242 Number of Jets accepted = 2 Number of DiJets found = 1
Event 8340000 / 10000000
Event 8350000 / 10000000
Event 8357107 Number of Jets accepted = 2 Number of DiJets found = 1
Event 8360000 / 10000000
Event 8370000 / 10000000
Event 8380000 / 10000000
Event 8390000 / 10000000
Event 8400000 / 10000000
Event 8407777 Number of Jets accepted = 2 Number of DiJets found = 1
Event 8410000 / 10000000
Event 8418380 Number of Jets accepted = 2 Number of DiJets found = 1
Event 8419037 Number of Jets accepted = 2 Number of DiJets found = 1
Event 8420000 / 10000000
Event 8430000 / 10000000
Event 8440000 / 10000000
Event 8448075 Number of Jets accepted = 2 Number of DiJets found = 1
Event 8450000 / 10000000
Event 8456125 Number of Jets accepted = 2 Number of DiJets found = 1
Event 8458187 Number of Jets accepted = 2 Number of DiJets found = 1
Event 8458402 Number of Jets accepted = 2 Number of DiJets found = 1
Event 8460000 / 10000000
Event 8460826 Number of Jets accepted = 2 Number of DiJets found = 1
Event 8470000 / 10000000
Event 8479003 Number of Jets accepted = 2 Number of DiJets found = 1
Event 8480000 / 10000000
Event 8482118 Number of Jets accepted = 2 Number of DiJets found = 1
Event 8490000 / 10000000
Event 8493788 Number of Jets accepted = 2 Number of DiJets found = 1
Event 8500000 / 10000000
Event 8510000 / 10000000
Event 8520000 / 10000000
Event 8525850 Number of Jets accepted = 2 Number of DiJets found = 1
Event 8530000 / 10000000
Event 8536293 Number of Jets accepted = 2 Number of DiJets found = 1
Event 8540000 / 10000000
Event 8550000 / 10000000
Event 8560000 / 10000000
Event 8561343 Number of Jets accepted = 2 Number of DiJets found = 1
Event 8561715 Number of Jets accepted = 2 Number of DiJets found = 1
Event 8564384 Number of Jets accepted = 2 Number of DiJets found = 1
Event 8564582 Number of Jets accepted = 2 Number of DiJets found = 1
Event 8570000 / 10000000
Event 8580000 / 10000000
Event 8589697 Number of Jets accepted = 2 Number of DiJets found = 1
Event 8590000 / 10000000
Event 8598367 Number of Jets accepted = 2 Number of DiJets found = 1
Event 8600000 / 10000000
Event 8605301 Number of Jets accepted = 2 Number of DiJets found = 1
Event 8605547 Number of Jets accepted = 4 Number of DiJets found = 2
Event 8610000 / 10000000
Event 8610911 Number of Jets accepted = 2 Number of DiJets found = 1
Event 8620000 / 10000000
Event 8630000 / 10000000
Event 8640000 / 10000000
Event 8650000 / 10000000
Event 8658031 Number of Jets accepted = 2 Number of DiJets found = 1
Event 8660000 / 10000000
Event 8661868 Number of Jets accepted = 2 Number of DiJets found = 1
Event 8670000 / 10000000
Event 8680000 / 10000000
Event 8682474 Number of Jets accepted = 2 Number of DiJets found = 1
Event 8690000 / 10000000
Event 8700000 / 10000000
Event 8710000 / 10000000
Event 8718977 Number of Jets accepted = 2 Number of DiJets found = 1
Event 8720000 / 10000000
Event 8730000 / 10000000
Event 8734728 Number of Jets accepted = 2 Number of DiJets found = 1
Event 8735065 Number of Jets accepted = 2 Number of DiJets found = 1
Event 8740000 / 10000000
Event 8750000 / 10000000
Event 8760000 / 10000000
Event 8765407 Number of Jets accepted = 2 Number of DiJets found = 1
Event 8770000 / 10000000
Event 8780000 / 10000000
Event 8787080 Number of Jets accepted = 2 Number of DiJets found = 1
Event 8790000 / 10000000
Event 8794595 Number of Jets accepted = 2 Number of DiJets found = 1
Event 8800000 / 10000000
Event 8810000 / 10000000
Event 8820000 / 10000000
Event 8821457 Number of Jets accepted = 2 Number of DiJets found = 1
Event 8830000 / 10000000
Event 8832528 Number of Jets accepted = 2 Number of DiJets found = 1
Event 8840000 / 10000000
Event 8850000 / 10000000
Event 8853028 Number of Jets accepted = 2 Number of DiJets found = 1
Event 8855834 Number of Jets accepted = 2 Number of DiJets found = 1
Event 8856811 Number of Jets accepted = 2 Number of DiJets found = 1
Event 8860000 / 10000000
Event 8865837 Number of Jets accepted = 2 Number of DiJets found = 1
Event 8870000 / 10000000
Event 8876420 Number of Jets accepted = 2 Number of DiJets found = 1
Event 8880000 / 10000000
Event 8890000 / 10000000
Event 8900000 / 10000000
Event 8910000 / 10000000
Event 8920000 / 10000000
Event 8926758 Number of Jets accepted = 2 Number of DiJets found = 1
Event 8930000 / 10000000
Event 8940000 / 10000000
Event 8941622 Number of Jets accepted = 2 Number of DiJets found = 1
Event 8947653 Number of Jets accepted = 2 Number of DiJets found = 1
Event 8950000 / 10000000
Event 8954287 Number of Jets accepted = 2 Number of DiJets found = 1
Event 8960000 / 10000000
Event 8960273 Number of Jets accepted = 2 Number of DiJets found = 1
Event 8970000 / 10000000
Event 8980000 / 10000000
Event 8990000 / 10000000
Event 9000000 / 10000000
Event 9009969 Number of Jets accepted = 2 Number of DiJets found = 1
Event 9010000 / 10000000
Event 9020000 / 10000000
Event 9030000 / 10000000
Event 9039917 Number of Jets accepted = 2 Number of DiJets found = 1
Event 9040000 / 10000000
Event 9046697 Number of Jets accepted = 2 Number of DiJets found = 1
Event 9050000 / 10000000
Event 9058105 Number of Jets accepted = 2 Number of DiJets found = 1
Event 9060000 / 10000000
Event 9070000 / 10000000
Event 9074580 Number of Jets accepted = 2 Number of DiJets found = 1
Event 9078997 Number of Jets accepted = 2 Number of DiJets found = 1
Event 9080000 / 10000000
Event 9090000 / 10000000
Event 9100000 / 10000000
Event 9104727 Number of Jets accepted = 2 Number of DiJets found = 1
Event 9110000 / 10000000
Event 9120000 / 10000000
Event 9130000 / 10000000
Event 9140000 / 10000000
Event 9150000 / 10000000
Event 9160000 / 10000000
Event 9170000 / 10000000
Event 9172822 Number of Jets accepted = 2 Number of DiJets found = 1
Event 9176820 Number of Jets accepted = 2 Number of DiJets found = 1
Event 9180000 / 10000000
Event 9190000 / 10000000
Event 9200000 / 10000000
Event 9210000 / 10000000
Event 9213310 Number of Jets accepted = 2 Number of DiJets found = 1
Event 9215182 Number of Jets accepted = 2 Number of DiJets found = 1
Event 9220000 / 10000000
Event 9230000 / 10000000
Event 9234309 Number of Jets accepted = 2 Number of DiJets found = 1
Event 9236593 Number of Jets accepted = 2 Number of DiJets found = 1
Event 9240000 / 10000000
Event 9242679 Number of Jets accepted = 2 Number of DiJets found = 1
Event 9243107 Number of Jets accepted = 2 Number of DiJets found = 1
Event 9250000 / 10000000
Event 9260000 / 10000000
Event 9261260 Number of Jets accepted = 2 Number of DiJets found = 1
Event 9270000 / 10000000
Event 9273274 Number of Jets accepted = 2 Number of DiJets found = 1
Event 9280000 / 10000000
Event 9290000 / 10000000
Event 9292012 Number of Jets accepted = 2 Number of DiJets found = 1
Event 9300000 / 10000000
Event 9310000 / 10000000
Event 9314662 Number of Jets accepted = 4 Number of DiJets found = 2
Event 9320000 / 10000000
Event 9330000 / 10000000
Event 9340000 / 10000000
Event 9350000 / 10000000
Event 9352075 Number of Jets accepted = 2 Number of DiJets found = 1
Event 9360000 / 10000000
Event 9370000 / 10000000
Event 9379566 Number of Jets accepted = 2 Number of DiJets found = 1
Event 9380000 / 10000000
Event 9381257 Number of Jets accepted = 2 Number of DiJets found = 1
Event 9390000 / 10000000
Event 9400000 / 10000000
Event 9402137 Number of Jets accepted = 2 Number of DiJets found = 1
Event 9410000 / 10000000
Event 9420000 / 10000000
Event 9421291 Number of Jets accepted = 2 Number of DiJets found = 1
Event 9424545 Number of Jets accepted = 2 Number of DiJets found = 1
Event 9430000 / 10000000
Event 9436179 Number of Jets accepted = 2 Number of DiJets found = 1
Event 9440000 / 10000000
Event 9440184 Number of Jets accepted = 2 Number of DiJets found = 1
Event 9450000 / 10000000
Event 9460000 / 10000000
Event 9463569 Number of Jets accepted = 2 Number of DiJets found = 1
Event 9467078 Number of Jets accepted = 2 Number of DiJets found = 1
Event 9470000 / 10000000
Event 9480000 / 10000000
Event 9490000 / 10000000
Event 9500000 / 10000000
Event 9510000 / 10000000
Event 9510208 Number of Jets accepted = 2 Number of DiJets found = 1
Event 9520000 / 10000000
Event 9520252 Number of Jets accepted = 2 Number of DiJets found = 1
Event 9530000 / 10000000
Event 9538529 Number of Jets accepted = 2 Number of DiJets found = 1
Event 9540000 / 10000000
Event 9548403 Number of Jets accepted = 2 Number of DiJets found = 1
Event 9550000 / 10000000
Event 9551375 Number of Jets accepted = 2 Number of DiJets found = 1
Event 9555857 Number of Jets accepted = 2 Number of DiJets found = 1
Event 9560000 / 10000000
Event 9561023 Number of Jets accepted = 2 Number of DiJets found = 1
Event 9570000 / 10000000
Event 9580000 / 10000000
Event 9590000 / 10000000
Event 9596142 Number of Jets accepted = 2 Number of DiJets found = 1
Event 9600000 / 10000000
Event 9600907 Number of Jets accepted = 2 Number of DiJets found = 1
Event 9610000 / 10000000
Event 9620000 / 10000000
Event 9620475 Number of Jets accepted = 2 Number of DiJets found = 1
Event 9630000 / 10000000
Event 9640000 / 10000000
Event 9650000 / 10000000
Event 9655240 Number of Jets accepted = 2 Number of DiJets found = 1
Event 9660000 / 10000000
Event 9670000 / 10000000
Event 9680000 / 10000000
Event 9690000 / 10000000
Event 9700000 / 10000000
Event 9706119 Number of Jets accepted = 2 Number of DiJets found = 1
Event 9710000 / 10000000
Event 9716027 Number of Jets accepted = 2 Number of DiJets found = 1
Event 9720000 / 10000000
Event 9730000 / 10000000
Event 9733771 Number of Jets accepted = 2 Number of DiJets found = 1
Event 9740000 / 10000000
Event 9747899 Number of Jets accepted = 2 Number of DiJets found = 1
Event 9747952 Number of Jets accepted = 2 Number of DiJets found = 1
Event 9750000 / 10000000
Event 9759203 Number of Jets accepted = 2 Number of DiJets found = 1
Event 9760000 / 10000000
Event 9760757 Number of Jets accepted = 2 Number of DiJets found = 1
Event 9760807 Number of Jets accepted = 2 Number of DiJets found = 1
Event 9761775 Number of Jets accepted = 2 Number of DiJets found = 1
Event 9762218 Number of Jets accepted = 2 Number of DiJets found = 1
Event 9770000 / 10000000
Event 9775123 Number of Jets accepted = 2 Number of DiJets found = 1
Event 9780000 / 10000000
Event 9790000 / 10000000
Event 9800000 / 10000000
Event 9810000 / 10000000
Event 9811687 Number of Jets accepted = 2 Number of DiJets found = 1
Event 9820000 / 10000000
Event 9830000 / 10000000
Event 9840000 / 10000000
Event 9850000 / 10000000
Event 9860000 / 10000000
Event 9870000 / 10000000
Event 9875844 Number of Jets accepted = 2 Number of DiJets found = 1
Event 9880000 / 10000000
Event 9890000 / 10000000
Event 9890318 Number of Jets accepted = 2 Number of DiJets found = 1
Event 9898046 Number of Jets accepted = 2 Number of DiJets found = 1
Event 9900000 / 10000000
Event 9904288 Number of Jets accepted = 2 Number of DiJets found = 1
Event 9910000 / 10000000
Event 9916792 Number of Jets accepted = 2 Number of DiJets found = 1
Event 9920000 / 10000000
Event 9930000 / 10000000
Event 9933230 Number of Jets accepted = 2 Number of DiJets found = 1
Event 9937455 Number of Jets accepted = 2 Number of DiJets found = 1
Event 9940000 / 10000000
Event 9946907 Number of Jets accepted = 2 Number of DiJets found = 1
Event 9950000 / 10000000
Event 9956518 Number of Jets accepted = 2 Number of DiJets found = 1
Event 9958077 Number of Jets accepted = 2 Number of DiJets found = 1
Event 9959016 Number of Jets accepted = 2 Number of DiJets found = 1
Event 9959347 Number of Jets accepted = 2 Number of DiJets found = 1
Event 9960000 / 10000000
Event 9968695 Number of Jets accepted = 2 Number of DiJets found = 1
Event 9970000 / 10000000
Event 9980000 / 10000000
Event 9983716 Number of Jets accepted = 2 Number of DiJets found = 1
Event 9989487 Number of Jets accepted = 2 Number of DiJets found = 1
Event 9990000 / 10000000

Found 657 events with jets.

Time elapsed: Real time 40:27:34, CP time 143257.630
