Input path set as: /media/scratch/packard/db/.

Filename set as: pp10mEv_7TeV_ptHatMin0GeV_run6.

opening:   /media/scratch/packard/db/pp10mEv_7TeV_ptHatMin0GeV_run6.root


External input: /media/external1/packard/db/RChange/R2NOCHARGE received for output path! Overriding default...

Output path set as /media/external1/packard/db/RChange/R2NOCHARGE. Will write contents to this directory!

External input 0.2 received for R! Overriding default...

External input 0.4 received for OpeningAngle! Overriding default...

External input 5 received for jet_ptmin! Overriding default...

External input 8 received for LeadPtMin! Overriding default...

External input 5 received for SubLeadPtMin! Overriding default...

External input 200 received for max_track_rap! Overriding default...

External input 0 receieved for PtConsLo! Overriding default...

External input 1 received for PtConsHi! Overriding default...

R: 0.2

OpeningAngle: 0.4

jet_ptmin: 5

LeadPtMin: 8

SubLeadPtMin: 5

max_track_rap: 200

PtConsLo: 0

PtConsHi: 1

Number of events: 10000000.Event 0 / 10000000
#--------------------------------------------------------------------------
#                         FastJet release 3.2.1
#                 M. Cacciari, G.P. Salam and G. Soyez                  
#     A software package for jet finding and analysis at colliders      
#                           http://fastjet.fr                           
#	                                                                      
# Please cite EPJC72(2012)1896 [arXiv:1111.6097] if you use this package
# for scientific work and optionally PLB641(2006)57 [hep-ph/0512210].   
#                                                                       
# FastJet is provided without warranty under the terms of the GNU GPLv2.
# It uses T. Chan's closest pair algorithm, S. Fortune's Voronoi code
# and 3rd party plugin jet algorithms. See COPYING file for details.
#--------------------------------------------------------------------------
Event 3134 Number of Jets accepted = 2 Number of DiJets found = 1
Event 3820 Number of Jets accepted = 2 Number of DiJets found = 1
Event 10000 / 10000000
Event 16366 Number of Jets accepted = 2 Number of DiJets found = 1
Event 20000 / 10000000
Event 30000 / 10000000
Event 40000 / 10000000
Event 41850 Number of Jets accepted = 2 Number of DiJets found = 1
Event 50000 / 10000000
Event 60000 / 10000000
Event 70000 / 10000000
Event 73874 Number of Jets accepted = 2 Number of DiJets found = 1
Event 80000 / 10000000
Event 90000 / 10000000
Event 94489 Number of Jets accepted = 2 Number of DiJets found = 1
Event 100000 / 10000000
Event 109917 Number of Jets accepted = 2 Number of DiJets found = 1
Event 110000 / 10000000
Event 120000 / 10000000
Event 130000 / 10000000
Event 140000 / 10000000
Event 150000 / 10000000
Event 160000 / 10000000
Event 170000 / 10000000
Event 180000 / 10000000
Event 188691 Number of Jets accepted = 2 Number of DiJets found = 1
Event 190000 / 10000000
Event 192855 Number of Jets accepted = 2 Number of DiJets found = 1
Event 200000 / 10000000
Event 203542 Number of Jets accepted = 2 Number of DiJets found = 1
Event 210000 / 10000000
Event 220000 / 10000000
Event 230000 / 10000000
Event 231319 Number of Jets accepted = 2 Number of DiJets found = 1
Event 236419 Number of Jets accepted = 2 Number of DiJets found = 1
Event 240000 / 10000000
Event 250000 / 10000000
Event 258773 Number of Jets accepted = 2 Number of DiJets found = 1
Event 260000 / 10000000
Event 270000 / 10000000
Event 280000 / 10000000
Event 290000 / 10000000
Event 291311 Number of Jets accepted = 2 Number of DiJets found = 1
Event 292245 Number of Jets accepted = 2 Number of DiJets found = 1
Event 294988 Number of Jets accepted = 2 Number of DiJets found = 1
Event 300000 / 10000000
Event 310000 / 10000000
Event 319946 Number of Jets accepted = 2 Number of DiJets found = 1
Event 320000 / 10000000
Event 330000 / 10000000
Event 340000 / 10000000
Event 350000 / 10000000
Event 356978 Number of Jets accepted = 2 Number of DiJets found = 1
Event 360000 / 10000000
Event 370000 / 10000000
Event 374575 Number of Jets accepted = 2 Number of DiJets found = 1
Event 380000 / 10000000
Event 390000 / 10000000
Event 399294 Number of Jets accepted = 2 Number of DiJets found = 1
Event 400000 / 10000000
Event 402829 Number of Jets accepted = 2 Number of DiJets found = 1
Event 410000 / 10000000
Event 415677 Number of Jets accepted = 2 Number of DiJets found = 1
Event 420000 / 10000000
Event 423347 Number of Jets accepted = 2 Number of DiJets found = 1
Event 430000 / 10000000
Event 440000 / 10000000
Event 440183 Number of Jets accepted = 2 Number of DiJets found = 1
Event 450000 / 10000000
Event 458684 Number of Jets accepted = 2 Number of DiJets found = 1
Event 460000 / 10000000
Event 461435 Number of Jets accepted = 2 Number of DiJets found = 1
Event 463272 Number of Jets accepted = 2 Number of DiJets found = 1
Event 465411 Number of Jets accepted = 2 Number of DiJets found = 1
Event 470000 / 10000000
Event 471843 Number of Jets accepted = 2 Number of DiJets found = 1
Event 474701 Number of Jets accepted = 2 Number of DiJets found = 1
Event 475926 Number of Jets accepted = 2 Number of DiJets found = 1
Event 477199 Number of Jets accepted = 2 Number of DiJets found = 1
Event 480000 / 10000000
Event 490000 / 10000000
Event 500000 / 10000000
Event 509248 Number of Jets accepted = 2 Number of DiJets found = 1
Event 510000 / 10000000
Event 520000 / 10000000
Event 530000 / 10000000
Event 530698 Number of Jets accepted = 2 Number of DiJets found = 1
Event 540000 / 10000000
Event 550000 / 10000000
Event 560000 / 10000000
Event 570000 / 10000000
Event 580000 / 10000000
Event 581972 Number of Jets accepted = 2 Number of DiJets found = 1
Event 586542 Number of Jets accepted = 2 Number of DiJets found = 1
Event 590000 / 10000000
Event 600000 / 10000000
Event 610000 / 10000000
Event 620000 / 10000000
Event 630000 / 10000000
Event 637284 Number of Jets accepted = 2 Number of DiJets found = 1
Event 640000 / 10000000
Event 650000 / 10000000
Event 660000 / 10000000
Event 669537 Number of Jets accepted = 2 Number of DiJets found = 1
Event 670000 / 10000000
Event 680000 / 10000000
Event 690000 / 10000000
Event 700000 / 10000000
Event 710000 / 10000000
Event 718446 Number of Jets accepted = 2 Number of DiJets found = 1
Event 720000 / 10000000
Event 730000 / 10000000
Event 740000 / 10000000
Event 749688 Number of Jets accepted = 2 Number of DiJets found = 1
Event 750000 / 10000000
Event 760000 / 10000000
Event 770000 / 10000000
Event 780000 / 10000000
Event 790000 / 10000000
Event 794356 Number of Jets accepted = 2 Number of DiJets found = 1
Event 800000 / 10000000
Event 800107 Number of Jets accepted = 2 Number of DiJets found = 1
Event 810000 / 10000000
Event 820000 / 10000000
Event 830000 / 10000000
Event 833815 Number of Jets accepted = 2 Number of DiJets found = 1
Event 840000 / 10000000
Event 841994 Number of Jets accepted = 2 Number of DiJets found = 1
Event 850000 / 10000000
Event 856993 Number of Jets accepted = 2 Number of DiJets found = 1
Event 858768 Number of Jets accepted = 2 Number of DiJets found = 1
Event 860000 / 10000000
Event 870000 / 10000000
Event 875747 Number of Jets accepted = 2 Number of DiJets found = 1
Event 880000 / 10000000
Event 890000 / 10000000
Event 898005 Number of Jets accepted = 2 Number of DiJets found = 1
Event 900000 / 10000000
Event 901156 Number of Jets accepted = 2 Number of DiJets found = 1
Event 910000 / 10000000
Event 911722 Number of Jets accepted = 2 Number of DiJets found = 1
Event 920000 / 10000000
Event 930000 / 10000000
Event 937071 Number of Jets accepted = 2 Number of DiJets found = 1
Event 940000 / 10000000
Event 940556 Number of Jets accepted = 2 Number of DiJets found = 1
Event 945004 Number of Jets accepted = 2 Number of DiJets found = 1
Event 950000 / 10000000
Event 958662 Number of Jets accepted = 2 Number of DiJets found = 1
Event 960000 / 10000000
Event 970000 / 10000000
Event 980000 / 10000000
Event 990000 / 10000000
Event 1000000 / 10000000
Event 1003686 Number of Jets accepted = 2 Number of DiJets found = 1
Event 1004446 Number of Jets accepted = 4 Number of DiJets found = 2
Event 1010000 / 10000000
Event 1020000 / 10000000
Event 1023607 Number of Jets accepted = 2 Number of DiJets found = 1
Event 1030000 / 10000000
Event 1040000 / 10000000
Event 1050000 / 10000000
Event 1060000 / 10000000
Event 1070000 / 10000000
Event 1070849 Number of Jets accepted = 2 Number of DiJets found = 1
Event 1080000 / 10000000
Event 1085461 Number of Jets accepted = 2 Number of DiJets found = 1
Event 1090000 / 10000000
Event 1097242 Number of Jets accepted = 2 Number of DiJets found = 1
Event 1100000 / 10000000
Event 1110000 / 10000000
Event 1120000 / 10000000
Event 1129007 Number of Jets accepted = 2 Number of DiJets found = 1
Event 1130000 / 10000000
Event 1140000 / 10000000
Event 1142188 Number of Jets accepted = 2 Number of DiJets found = 1
Event 1143239 Number of Jets accepted = 2 Number of DiJets found = 1
Event 1150000 / 10000000
Event 1151599 Number of Jets accepted = 2 Number of DiJets found = 1
Event 1158380 Number of Jets accepted = 2 Number of DiJets found = 1
Event 1160000 / 10000000
Event 1170000 / 10000000
Event 1180000 / 10000000
Event 1185163 Number of Jets accepted = 2 Number of DiJets found = 1
Event 1190000 / 10000000
Event 1191480 Number of Jets accepted = 2 Number of DiJets found = 1
Event 1200000 / 10000000
Event 1210000 / 10000000
Event 1220000 / 10000000
Event 1223087 Number of Jets accepted = 2 Number of DiJets found = 1
Event 1230000 / 10000000
Event 1235666 Number of Jets accepted = 2 Number of DiJets found = 1
Event 1240000 / 10000000
Event 1250000 / 10000000
Event 1260000 / 10000000
Event 1270000 / 10000000
Event 1276544 Number of Jets accepted = 2 Number of DiJets found = 1
Event 1280000 / 10000000
Event 1290000 / 10000000
Event 1291491 Number of Jets accepted = 2 Number of DiJets found = 1
Event 1291514 Number of Jets accepted = 2 Number of DiJets found = 1
Event 1292766 Number of Jets accepted = 2 Number of DiJets found = 1
Event 1300000 / 10000000
Event 1310000 / 10000000
Event 1320000 / 10000000
Event 1330000 / 10000000
Event 1331608 Number of Jets accepted = 2 Number of DiJets found = 1
Event 1340000 / 10000000
Event 1347070 Number of Jets accepted = 2 Number of DiJets found = 1
Event 1350000 / 10000000
Event 1357961 Number of Jets accepted = 2 Number of DiJets found = 1
Event 1358036 Number of Jets accepted = 2 Number of DiJets found = 1
Event 1360000 / 10000000
Event 1370000 / 10000000
Event 1372257 Number of Jets accepted = 2 Number of DiJets found = 1
Event 1380000 / 10000000
Event 1390000 / 10000000
Event 1400000 / 10000000
Event 1402946 Number of Jets accepted = 2 Number of DiJets found = 1
Event 1410000 / 10000000
Event 1414419 Number of Jets accepted = 2 Number of DiJets found = 1
Event 1420000 / 10000000
Event 1430000 / 10000000
Event 1440000 / 10000000
Event 1446478 Number of Jets accepted = 2 Number of DiJets found = 1
Event 1450000 / 10000000
Event 1451061 Number of Jets accepted = 2 Number of DiJets found = 1
Event 1454578 Number of Jets accepted = 2 Number of DiJets found = 1
Event 1460000 / 10000000
Event 1470000 / 10000000
Event 1480000 / 10000000
Event 1483343 Number of Jets accepted = 2 Number of DiJets found = 1
Event 1490000 / 10000000
Event 1491554 Number of Jets accepted = 4 Number of DiJets found = 2
Event 1498261 Number of Jets accepted = 2 Number of DiJets found = 1
Event 1500000 / 10000000
Event 1504363 Number of Jets accepted = 2 Number of DiJets found = 1
Event 1510000 / 10000000
Event 1520000 / 10000000
Event 1530000 / 10000000
Event 1537964 Number of Jets accepted = 2 Number of DiJets found = 1
Event 1540000 / 10000000
Event 1550000 / 10000000
Event 1558393 Number of Jets accepted = 2 Number of DiJets found = 1
Event 1559050 Number of Jets accepted = 2 Number of DiJets found = 1
Event 1560000 / 10000000
Event 1570000 / 10000000
Event 1580000 / 10000000
Event 1590000 / 10000000
Event 1600000 / 10000000
Event 1605812 Number of Jets accepted = 2 Number of DiJets found = 1
Event 1610000 / 10000000
Event 1620000 / 10000000
Event 1622505 Number of Jets accepted = 2 Number of DiJets found = 1
Event 1630000 / 10000000
Event 1632691 Number of Jets accepted = 2 Number of DiJets found = 1
Event 1640000 / 10000000
Event 1642616 Number of Jets accepted = 2 Number of DiJets found = 1
Event 1644213 Number of Jets accepted = 2 Number of DiJets found = 1
Event 1649611 Number of Jets accepted = 2 Number of DiJets found = 1
Event 1650000 / 10000000
Event 1656651 Number of Jets accepted = 2 Number of DiJets found = 1
Event 1658533 Number of Jets accepted = 2 Number of DiJets found = 1
Event 1660000 / 10000000
Event 1670000 / 10000000
Event 1680000 / 10000000
Event 1686114 Number of Jets accepted = 2 Number of DiJets found = 1
Event 1690000 / 10000000
Event 1699616 Number of Jets accepted = 2 Number of DiJets found = 1
Event 1700000 / 10000000
Event 1707963 Number of Jets accepted = 2 Number of DiJets found = 1
Event 1710000 / 10000000
Event 1720000 / 10000000
Event 1720816 Number of Jets accepted = 2 Number of DiJets found = 1
Event 1730000 / 10000000
Event 1735443 Number of Jets accepted = 2 Number of DiJets found = 1
Event 1740000 / 10000000
Event 1750000 / 10000000
Event 1751976 Number of Jets accepted = 2 Number of DiJets found = 1
Event 1760000 / 10000000
Event 1762386 Number of Jets accepted = 2 Number of DiJets found = 1
Event 1762777 Number of Jets accepted = 2 Number of DiJets found = 1
Event 1765347 Number of Jets accepted = 2 Number of DiJets found = 1
Event 1767868 Number of Jets accepted = 2 Number of DiJets found = 1
Event 1770000 / 10000000
Event 1771308 Number of Jets accepted = 2 Number of DiJets found = 1
Event 1780000 / 10000000
Event 1781765 Number of Jets accepted = 2 Number of DiJets found = 1
Event 1790000 / 10000000
Event 1800000 / 10000000
Event 1810000 / 10000000
Event 1820000 / 10000000
Event 1830000 / 10000000
Event 1831888 Number of Jets accepted = 2 Number of DiJets found = 1
Event 1840000 / 10000000
Event 1845521 Number of Jets accepted = 2 Number of DiJets found = 1
Event 1850000 / 10000000
Event 1860000 / 10000000
Event 1866609 Number of Jets accepted = 2 Number of DiJets found = 1
Event 1868804 Number of Jets accepted = 2 Number of DiJets found = 1
Event 1870000 / 10000000
Event 1878707 Number of Jets accepted = 2 Number of DiJets found = 1
Event 1880000 / 10000000
Event 1890000 / 10000000
Event 1900000 / 10000000
Event 1910000 / 10000000
Event 1910825 Number of Jets accepted = 2 Number of DiJets found = 1
Event 1920000 / 10000000
Event 1930000 / 10000000
Event 1937995 Number of Jets accepted = 2 Number of DiJets found = 1
Event 1940000 / 10000000
Event 1947446 Number of Jets accepted = 2 Number of DiJets found = 1
Event 1949589 Number of Jets accepted = 2 Number of DiJets found = 1
Event 1950000 / 10000000
Event 1956578 Number of Jets accepted = 2 Number of DiJets found = 1
Event 1960000 / 10000000
Event 1970000 / 10000000
Event 1975272 Number of Jets accepted = 2 Number of DiJets found = 1
Event 1980000 / 10000000
Event 1990000 / 10000000
Event 1999004 Number of Jets accepted = 2 Number of DiJets found = 1
Event 1999471 Number of Jets accepted = 2 Number of DiJets found = 1
Event 2000000 / 10000000
Event 2003092 Number of Jets accepted = 2 Number of DiJets found = 1
Event 2010000 / 10000000
Event 2010368 Number of Jets accepted = 2 Number of DiJets found = 1
Event 2020000 / 10000000
Event 2022451 Number of Jets accepted = 2 Number of DiJets found = 1
Event 2025657 Number of Jets accepted = 2 Number of DiJets found = 1
Event 2030000 / 10000000
Event 2040000 / 10000000
Event 2050000 / 10000000
Event 2060000 / 10000000
Event 2063932 Number of Jets accepted = 2 Number of DiJets found = 1
Event 2068058 Number of Jets accepted = 2 Number of DiJets found = 1
Event 2070000 / 10000000
Event 2071596 Number of Jets accepted = 2 Number of DiJets found = 1
Event 2080000 / 10000000
Event 2090000 / 10000000
Event 2096265 Number of Jets accepted = 2 Number of DiJets found = 1
Event 2100000 / 10000000
Event 2110000 / 10000000
Event 2120000 / 10000000
Event 2122552 Number of Jets accepted = 2 Number of DiJets found = 1
Event 2130000 / 10000000
Event 2140000 / 10000000
Event 2145145 Number of Jets accepted = 2 Number of DiJets found = 1
Event 2150000 / 10000000
Event 2157112 Number of Jets accepted = 2 Number of DiJets found = 1
Event 2160000 / 10000000
Event 2170000 / 10000000
Event 2176723 Number of Jets accepted = 2 Number of DiJets found = 1
Event 2180000 / 10000000
Event 2190000 / 10000000
Event 2200000 / 10000000
Event 2210000 / 10000000
Event 2220000 / 10000000
Event 2220607 Number of Jets accepted = 2 Number of DiJets found = 1
Event 2227038 Number of Jets accepted = 2 Number of DiJets found = 1
Event 2230000 / 10000000
Event 2234288 Number of Jets accepted = 2 Number of DiJets found = 1
Event 2240000 / 10000000
Event 2250000 / 10000000
Event 2260000 / 10000000
Event 2270000 / 10000000
Event 2274656 Number of Jets accepted = 2 Number of DiJets found = 1
Event 2280000 / 10000000
Event 2290000 / 10000000
Event 2296490 Number of Jets accepted = 2 Number of DiJets found = 1
Event 2300000 / 10000000
Event 2310000 / 10000000
Event 2314018 Number of Jets accepted = 2 Number of DiJets found = 1
Event 2314185 Number of Jets accepted = 2 Number of DiJets found = 1
Event 2315167 Number of Jets accepted = 2 Number of DiJets found = 1
Event 2320000 / 10000000
Event 2323211 Number of Jets accepted = 2 Number of DiJets found = 1
Event 2330000 / 10000000
Event 2340000 / 10000000
Event 2350000 / 10000000
Event 2360000 / 10000000
Event 2365618 Number of Jets accepted = 2 Number of DiJets found = 1
Event 2369797 Number of Jets accepted = 2 Number of DiJets found = 1
Event 2370000 / 10000000
Event 2380000 / 10000000
Event 2387499 Number of Jets accepted = 2 Number of DiJets found = 1
Event 2389838 Number of Jets accepted = 2 Number of DiJets found = 1
Event 2390000 / 10000000
Event 2399005 Number of Jets accepted = 2 Number of DiJets found = 1
Event 2400000 / 10000000
Event 2401348 Number of Jets accepted = 2 Number of DiJets found = 1
Event 2405340 Number of Jets accepted = 2 Number of DiJets found = 1
Event 2410000 / 10000000
Event 2420000 / 10000000
Event 2430000 / 10000000
Event 2440000 / 10000000
Event 2446953 Number of Jets accepted = 2 Number of DiJets found = 1
Event 2449988 Number of Jets accepted = 2 Number of DiJets found = 1
Event 2450000 / 10000000
Event 2460000 / 10000000
Event 2462451 Number of Jets accepted = 2 Number of DiJets found = 1
Event 2470000 / 10000000
Event 2480000 / 10000000
Event 2488425 Number of Jets accepted = 2 Number of DiJets found = 1
Event 2490000 / 10000000
Event 2500000 / 10000000
Event 2510000 / 10000000
Event 2520000 / 10000000
Event 2520954 Number of Jets accepted = 2 Number of DiJets found = 1
Event 2530000 / 10000000
Event 2540000 / 10000000
Event 2541861 Number of Jets accepted = 2 Number of DiJets found = 1
Event 2545696 Number of Jets accepted = 2 Number of DiJets found = 1
Event 2550000 / 10000000
Event 2560000 / 10000000
Event 2570000 / 10000000
Event 2573730 Number of Jets accepted = 2 Number of DiJets found = 1
Event 2575616 Number of Jets accepted = 2 Number of DiJets found = 1
Event 2580000 / 10000000
Event 2590000 / 10000000
Event 2590950 Number of Jets accepted = 2 Number of DiJets found = 1
Event 2600000 / 10000000
Event 2610000 / 10000000
Event 2615230 Number of Jets accepted = 2 Number of DiJets found = 1
Event 2619253 Number of Jets accepted = 2 Number of DiJets found = 1
Event 2620000 / 10000000
Event 2630000 / 10000000
Event 2635482 Number of Jets accepted = 2 Number of DiJets found = 1
Event 2638416 Number of Jets accepted = 2 Number of DiJets found = 1
Event 2638687 Number of Jets accepted = 2 Number of DiJets found = 1
Event 2640000 / 10000000
Event 2650000 / 10000000
Event 2660000 / 10000000
Event 2670000 / 10000000
Event 2680000 / 10000000
Event 2690000 / 10000000
Event 2700000 / 10000000
Event 2708606 Number of Jets accepted = 2 Number of DiJets found = 1
Event 2710000 / 10000000
Event 2710089 Number of Jets accepted = 2 Number of DiJets found = 1
Event 2720000 / 10000000
Event 2720433 Number of Jets accepted = 2 Number of DiJets found = 1
Event 2723466 Number of Jets accepted = 2 Number of DiJets found = 1
Event 2730000 / 10000000
Event 2731757 Number of Jets accepted = 2 Number of DiJets found = 1
Event 2734480 Number of Jets accepted = 2 Number of DiJets found = 1
Event 2734938 Number of Jets accepted = 2 Number of DiJets found = 1
Event 2740000 / 10000000
Event 2750000 / 10000000
Event 2760000 / 10000000
Event 2770000 / 10000000
Event 2780000 / 10000000
Event 2782616 Number of Jets accepted = 2 Number of DiJets found = 1
Event 2790000 / 10000000
Event 2800000 / 10000000
Event 2810000 / 10000000
Event 2820000 / 10000000
Event 2823546 Number of Jets accepted = 2 Number of DiJets found = 1
Event 2830000 / 10000000
Event 2832004 Number of Jets accepted = 2 Number of DiJets found = 1
Event 2839508 Number of Jets accepted = 2 Number of DiJets found = 1
Event 2840000 / 10000000
Event 2846408 Number of Jets accepted = 2 Number of DiJets found = 1
Event 2846455 Number of Jets accepted = 2 Number of DiJets found = 1
Event 2850000 / 10000000
Event 2851473 Number of Jets accepted = 2 Number of DiJets found = 1
Event 2854755 Number of Jets accepted = 2 Number of DiJets found = 1
Event 2860000 / 10000000
Event 2860471 Number of Jets accepted = 2 Number of DiJets found = 1
Event 2870000 / 10000000
Event 2880000 / 10000000
Event 2882552 Number of Jets accepted = 2 Number of DiJets found = 1
Event 2890000 / 10000000
Event 2891747 Number of Jets accepted = 2 Number of DiJets found = 1
Event 2897481 Number of Jets accepted = 2 Number of DiJets found = 1
Event 2900000 / 10000000
Event 2903793 Number of Jets accepted = 2 Number of DiJets found = 1
Event 2907019 Number of Jets accepted = 2 Number of DiJets found = 1
Event 2910000 / 10000000
Event 2920000 / 10000000
Event 2922817 Number of Jets accepted = 2 Number of DiJets found = 1
Event 2930000 / 10000000
Event 2936331 Number of Jets accepted = 4 Number of DiJets found = 2
Event 2940000 / 10000000
Event 2940966 Number of Jets accepted = 2 Number of DiJets found = 1
Event 2950000 / 10000000
Event 2955165 Number of Jets accepted = 2 Number of DiJets found = 1
Event 2957700 Number of Jets accepted = 2 Number of DiJets found = 1
Event 2960000 / 10000000
Event 2969430 Number of Jets accepted = 2 Number of DiJets found = 1
Event 2970000 / 10000000
Event 2980000 / 10000000
Event 2990000 / 10000000
Event 2998815 Number of Jets accepted = 2 Number of DiJets found = 1
Event 3000000 / 10000000
Event 3010000 / 10000000
Event 3020000 / 10000000
Event 3030000 / 10000000
Event 3032456 Number of Jets accepted = 2 Number of DiJets found = 1
Event 3040000 / 10000000
Event 3050000 / 10000000
Event 3060000 / 10000000
Event 3065613 Number of Jets accepted = 2 Number of DiJets found = 1
Event 3066771 Number of Jets accepted = 2 Number of DiJets found = 1
Event 3070000 / 10000000
Event 3070252 Number of Jets accepted = 2 Number of DiJets found = 1
Event 3080000 / 10000000
Event 3090000 / 10000000
Event 3096574 Number of Jets accepted = 2 Number of DiJets found = 1
Event 3100000 / 10000000
Event 3103195 Number of Jets accepted = 2 Number of DiJets found = 1
Event 3110000 / 10000000
Event 3120000 / 10000000
Event 3130000 / 10000000
Event 3140000 / 10000000
Event 3150000 / 10000000
Event 3160000 / 10000000
Event 3170000 / 10000000
Event 3180000 / 10000000
Event 3190000 / 10000000
Event 3200000 / 10000000
Event 3210000 / 10000000
Event 3210009 Number of Jets accepted = 2 Number of DiJets found = 1
Event 3220000 / 10000000
Event 3230000 / 10000000
Event 3234445 Number of Jets accepted = 2 Number of DiJets found = 1
Event 3238676 Number of Jets accepted = 2 Number of DiJets found = 1
Event 3240000 / 10000000
Event 3250000 / 10000000
Event 3260000 / 10000000
Event 3270000 / 10000000
Event 3276867 Number of Jets accepted = 2 Number of DiJets found = 1
Event 3280000 / 10000000
Event 3287485 Number of Jets accepted = 2 Number of DiJets found = 1
Event 3290000 / 10000000
Event 3297104 Number of Jets accepted = 2 Number of DiJets found = 1
Event 3300000 / 10000000
Event 3308863 Number of Jets accepted = 2 Number of DiJets found = 1
Event 3310000 / 10000000
Event 3319417 Number of Jets accepted = 2 Number of DiJets found = 1
Event 3320000 / 10000000
Event 3330000 / 10000000
Event 3332854 Number of Jets accepted = 2 Number of DiJets found = 1
Event 3340000 / 10000000
Event 3340927 Number of Jets accepted = 2 Number of DiJets found = 1
Event 3350000 / 10000000
Event 3360000 / 10000000
Event 3370000 / 10000000
Event 3374499 Number of Jets accepted = 2 Number of DiJets found = 1
Event 3375051 Number of Jets accepted = 2 Number of DiJets found = 1
Event 3380000 / 10000000
Event 3390000 / 10000000
Event 3400000 / 10000000
Event 3403164 Number of Jets accepted = 2 Number of DiJets found = 1
Event 3410000 / 10000000
Event 3414817 Number of Jets accepted = 2 Number of DiJets found = 1
Event 3420000 / 10000000
Event 3430000 / 10000000
Event 3434060 Number of Jets accepted = 2 Number of DiJets found = 1
Event 3438312 Number of Jets accepted = 2 Number of DiJets found = 1
Event 3440000 / 10000000
Event 3450000 / 10000000
Event 3453359 Number of Jets accepted = 2 Number of DiJets found = 1
Event 3458042 Number of Jets accepted = 2 Number of DiJets found = 1
Event 3460000 / 10000000
Event 3467894 Number of Jets accepted = 2 Number of DiJets found = 1
Event 3470000 / 10000000
Event 3479823 Number of Jets accepted = 2 Number of DiJets found = 1
Event 3480000 / 10000000
Event 3487089 Number of Jets accepted = 2 Number of DiJets found = 1
Event 3490000 / 10000000
Event 3500000 / 10000000
Event 3502069 Number of Jets accepted = 2 Number of DiJets found = 1
Event 3510000 / 10000000
Event 3518401 Number of Jets accepted = 2 Number of DiJets found = 1
Event 3520000 / 10000000
Event 3523118 Number of Jets accepted = 2 Number of DiJets found = 1
Event 3523499 Number of Jets accepted = 2 Number of DiJets found = 1
Event 3525873 Number of Jets accepted = 2 Number of DiJets found = 1
Event 3528574 Number of Jets accepted = 2 Number of DiJets found = 1
Event 3530000 / 10000000
Event 3530240 Number of Jets accepted = 2 Number of DiJets found = 1
Event 3532531 Number of Jets accepted = 2 Number of DiJets found = 1
Event 3540000 / 10000000
Event 3550000 / 10000000
Event 3560000 / 10000000
Event 3566412 Number of Jets accepted = 2 Number of DiJets found = 1
Event 3567569 Number of Jets accepted = 2 Number of DiJets found = 1
Event 3570000 / 10000000
Event 3571758 Number of Jets accepted = 2 Number of DiJets found = 1
Event 3580000 / 10000000
Event 3590000 / 10000000
Event 3590008 Number of Jets accepted = 2 Number of DiJets found = 1
Event 3600000 / 10000000
Event 3610000 / 10000000
Event 3620000 / 10000000
Event 3630000 / 10000000
Event 3634702 Number of Jets accepted = 2 Number of DiJets found = 1
Event 3640000 / 10000000
Event 3642389 Number of Jets accepted = 2 Number of DiJets found = 1
Event 3650000 / 10000000
Event 3660000 / 10000000
Event 3670000 / 10000000
Event 3670599 Number of Jets accepted = 2 Number of DiJets found = 1
Event 3680000 / 10000000
Event 3690000 / 10000000
Event 3700000 / 10000000
Event 3700252 Number of Jets accepted = 2 Number of DiJets found = 1
Event 3701397 Number of Jets accepted = 2 Number of DiJets found = 1
Event 3710000 / 10000000
Event 3720000 / 10000000
Event 3730000 / 10000000
Event 3733344 Number of Jets accepted = 2 Number of DiJets found = 1
Event 3734718 Number of Jets accepted = 2 Number of DiJets found = 1
Event 3740000 / 10000000
Event 3750000 / 10000000
Event 3758019 Number of Jets accepted = 2 Number of DiJets found = 1
Event 3760000 / 10000000
Event 3770000 / 10000000
Event 3780000 / 10000000
Event 3790000 / 10000000
Event 3791093 Number of Jets accepted = 2 Number of DiJets found = 1
Event 3800000 / 10000000
Event 3808838 Number of Jets accepted = 2 Number of DiJets found = 1
Event 3810000 / 10000000
Event 3820000 / 10000000
Event 3827751 Number of Jets accepted = 2 Number of DiJets found = 1
Event 3830000 / 10000000
Event 3834121 Number of Jets accepted = 2 Number of DiJets found = 1
Event 3840000 / 10000000
Event 3843440 Number of Jets accepted = 2 Number of DiJets found = 1
Event 3850000 / 10000000
Event 3860000 / 10000000
Event 3865284 Number of Jets accepted = 2 Number of DiJets found = 1
Event 3868462 Number of Jets accepted = 2 Number of DiJets found = 1
Event 3870000 / 10000000
Event 3878210 Number of Jets accepted = 2 Number of DiJets found = 1
Event 3880000 / 10000000
Event 3890000 / 10000000
Event 3897982 Number of Jets accepted = 2 Number of DiJets found = 1
Event 3900000 / 10000000
Event 3908746 Number of Jets accepted = 2 Number of DiJets found = 1
Event 3910000 / 10000000
Event 3917345 Number of Jets accepted = 2 Number of DiJets found = 1
Event 3920000 / 10000000
Event 3930000 / 10000000
Event 3938906 Number of Jets accepted = 2 Number of DiJets found = 1
Event 3940000 / 10000000
Event 3949978 Number of Jets accepted = 2 Number of DiJets found = 1
Event 3950000 / 10000000
Event 3960000 / 10000000
Event 3970000 / 10000000
Event 3980000 / 10000000
Event 3990000 / 10000000
Event 4000000 / 10000000
Event 4010000 / 10000000
Event 4020000 / 10000000
Event 4021166 Number of Jets accepted = 2 Number of DiJets found = 1
Event 4029975 Number of Jets accepted = 2 Number of DiJets found = 1
Event 4030000 / 10000000
Event 4040000 / 10000000
Event 4050000 / 10000000
Event 4057549 Number of Jets accepted = 2 Number of DiJets found = 1
Event 4060000 / 10000000
Event 4070000 / 10000000
Event 4079630 Number of Jets accepted = 2 Number of DiJets found = 1
Event 4080000 / 10000000
Event 4085144 Number of Jets accepted = 2 Number of DiJets found = 1
Event 4090000 / 10000000
Event 4100000 / 10000000
Event 4102093 Number of Jets accepted = 2 Number of DiJets found = 1
Event 4110000 / 10000000
Event 4120000 / 10000000
Event 4127264 Number of Jets accepted = 2 Number of DiJets found = 1
Event 4130000 / 10000000
Event 4138957 Number of Jets accepted = 2 Number of DiJets found = 1
Event 4140000 / 10000000
Event 4150000 / 10000000
Event 4160000 / 10000000
Event 4170000 / 10000000
Event 4177074 Number of Jets accepted = 2 Number of DiJets found = 1
Event 4180000 / 10000000
Event 4190000 / 10000000
Event 4192343 Number of Jets accepted = 2 Number of DiJets found = 1
Event 4196592 Number of Jets accepted = 2 Number of DiJets found = 1
Event 4200000 / 10000000
Event 4210000 / 10000000
Event 4218716 Number of Jets accepted = 2 Number of DiJets found = 1
Event 4220000 / 10000000
Event 4229704 Number of Jets accepted = 2 Number of DiJets found = 1
Event 4230000 / 10000000
Event 4230407 Number of Jets accepted = 2 Number of DiJets found = 1
Event 4240000 / 10000000
Event 4246496 Number of Jets accepted = 2 Number of DiJets found = 1
Event 4250000 / 10000000
Event 4260000 / 10000000
Event 4260167 Number of Jets accepted = 2 Number of DiJets found = 1
Event 4270000 / 10000000
Event 4275206 Number of Jets accepted = 2 Number of DiJets found = 1
Event 4280000 / 10000000
Event 4290000 / 10000000
Event 4300000 / 10000000
Event 4310000 / 10000000
Event 4320000 / 10000000
Event 4330000 / 10000000
Event 4338781 Number of Jets accepted = 2 Number of DiJets found = 1
Event 4340000 / 10000000
Event 4350000 / 10000000
Event 4360000 / 10000000
Event 4370000 / 10000000
Event 4372302 Number of Jets accepted = 2 Number of DiJets found = 1
Event 4380000 / 10000000
Event 4390000 / 10000000
Event 4398328 Number of Jets accepted = 2 Number of DiJets found = 1
Event 4398438 Number of Jets accepted = 2 Number of DiJets found = 1
Event 4400000 / 10000000
Event 4410000 / 10000000
Event 4414052 Number of Jets accepted = 2 Number of DiJets found = 1
Event 4416077 Number of Jets accepted = 2 Number of DiJets found = 1
Event 4419076 Number of Jets accepted = 2 Number of DiJets found = 1
Event 4420000 / 10000000
Event 4430000 / 10000000
Event 4439435 Number of Jets accepted = 2 Number of DiJets found = 1
Event 4440000 / 10000000
Event 4443096 Number of Jets accepted = 2 Number of DiJets found = 1
Event 4444176 Number of Jets accepted = 2 Number of DiJets found = 1
Event 4450000 / 10000000
Event 4453102 Number of Jets accepted = 2 Number of DiJets found = 1
Event 4457752 Number of Jets accepted = 2 Number of DiJets found = 1
Event 4460000 / 10000000
Event 4470000 / 10000000
Event 4478273 Number of Jets accepted = 2 Number of DiJets found = 1
Event 4480000 / 10000000
Event 4485905 Number of Jets accepted = 2 Number of DiJets found = 1
Event 4490000 / 10000000
Event 4500000 / 10000000
Event 4500613 Number of Jets accepted = 2 Number of DiJets found = 1
Event 4510000 / 10000000
Event 4518199 Number of Jets accepted = 2 Number of DiJets found = 1
Event 4518406 Number of Jets accepted = 2 Number of DiJets found = 1
Event 4520000 / 10000000
Event 4530000 / 10000000
Event 4540000 / 10000000
Event 4550000 / 10000000
Event 4556284 Number of Jets accepted = 2 Number of DiJets found = 1
Event 4560000 / 10000000
Event 4561403 Number of Jets accepted = 2 Number of DiJets found = 1
Event 4563366 Number of Jets accepted = 2 Number of DiJets found = 1
Event 4570000 / 10000000
Event 4580000 / 10000000
Event 4590000 / 10000000
Event 4591013 Number of Jets accepted = 2 Number of DiJets found = 1
Event 4599014 Number of Jets accepted = 2 Number of DiJets found = 1
Event 4600000 / 10000000
Event 4610000 / 10000000
Event 4620000 / 10000000
Event 4625859 Number of Jets accepted = 2 Number of DiJets found = 1
Event 4630000 / 10000000
Event 4640000 / 10000000
Event 4645251 Number of Jets accepted = 2 Number of DiJets found = 1
Event 4650000 / 10000000
Event 4651909 Number of Jets accepted = 2 Number of DiJets found = 1
Event 4660000 / 10000000
Event 4670000 / 10000000
Event 4680000 / 10000000
Event 4683353 Number of Jets accepted = 2 Number of DiJets found = 1
Event 4684495 Number of Jets accepted = 2 Number of DiJets found = 1
Event 4684852 Number of Jets accepted = 2 Number of DiJets found = 1
Event 4690000 / 10000000
Event 4693212 Number of Jets accepted = 2 Number of DiJets found = 1
Event 4700000 / 10000000
Event 4710000 / 10000000
Event 4719552 Number of Jets accepted = 2 Number of DiJets found = 1
Event 4720000 / 10000000
Event 4725485 Number of Jets accepted = 2 Number of DiJets found = 1
Event 4730000 / 10000000
Event 4740000 / 10000000
Event 4750000 / 10000000
Event 4754110 Number of Jets accepted = 2 Number of DiJets found = 1
Event 4755280 Number of Jets accepted = 2 Number of DiJets found = 1
Event 4760000 / 10000000
Event 4770000 / 10000000
Event 4780000 / 10000000
Event 4790000 / 10000000
Event 4800000 / 10000000
Event 4807710 Number of Jets accepted = 2 Number of DiJets found = 1
Event 4810000 / 10000000
Event 4810981 Number of Jets accepted = 2 Number of DiJets found = 1
Event 4811032 Number of Jets accepted = 2 Number of DiJets found = 1
Event 4820000 / 10000000
Event 4830000 / 10000000
Event 4835597 Number of Jets accepted = 2 Number of DiJets found = 1
Event 4840000 / 10000000
Event 4850000 / 10000000
Event 4851863 Number of Jets accepted = 2 Number of DiJets found = 1
Event 4856167 Number of Jets accepted = 2 Number of DiJets found = 1
Event 4860000 / 10000000
Event 4869183 Number of Jets accepted = 2 Number of DiJets found = 1
Event 4870000 / 10000000
Event 4876357 Number of Jets accepted = 2 Number of DiJets found = 1
Event 4880000 / 10000000
Event 4890000 / 10000000
Event 4900000 / 10000000
Event 4910000 / 10000000
Event 4920000 / 10000000
Event 4930000 / 10000000
Event 4940000 / 10000000
Event 4950000 / 10000000
Event 4959088 Number of Jets accepted = 2 Number of DiJets found = 1
Event 4960000 / 10000000
Event 4970000 / 10000000
Event 4974308 Number of Jets accepted = 2 Number of DiJets found = 1
Event 4980000 / 10000000
Event 4984412 Number of Jets accepted = 2 Number of DiJets found = 1
Event 4990000 / 10000000
Event 4990015 Number of Jets accepted = 2 Number of DiJets found = 1
Event 5000000 / 10000000
Event 5010000 / 10000000
Event 5020000 / 10000000
Event 5030000 / 10000000
Event 5037791 Number of Jets accepted = 2 Number of DiJets found = 1
Event 5040000 / 10000000
Event 5043831 Number of Jets accepted = 2 Number of DiJets found = 1
Event 5047506 Number of Jets accepted = 2 Number of DiJets found = 1
Event 5050000 / 10000000
Event 5056212 Number of Jets accepted = 2 Number of DiJets found = 1
Event 5056625 Number of Jets accepted = 2 Number of DiJets found = 1
Event 5060000 / 10000000
Event 5070000 / 10000000
Event 5076049 Number of Jets accepted = 2 Number of DiJets found = 1
Event 5080000 / 10000000
Event 5085014 Number of Jets accepted = 2 Number of DiJets found = 1
Event 5090000 / 10000000
Event 5100000 / 10000000
Event 5104373 Number of Jets accepted = 2 Number of DiJets found = 1
Event 5110000 / 10000000
Event 5120000 / 10000000
Event 5130000 / 10000000
Event 5134214 Number of Jets accepted = 2 Number of DiJets found = 1
Event 5137753 Number of Jets accepted = 2 Number of DiJets found = 1
Event 5140000 / 10000000
Event 5150000 / 10000000
Event 5160000 / 10000000
Event 5165901 Number of Jets accepted = 2 Number of DiJets found = 1
Event 5170000 / 10000000
Event 5180000 / 10000000
Event 5190000 / 10000000
Event 5200000 / 10000000
Event 5202697 Number of Jets accepted = 2 Number of DiJets found = 1
Event 5205381 Number of Jets accepted = 2 Number of DiJets found = 1
Event 5210000 / 10000000
Event 5214441 Number of Jets accepted = 2 Number of DiJets found = 1
Event 5220000 / 10000000
Event 5230000 / 10000000
Event 5240000 / 10000000
Event 5249453 Number of Jets accepted = 2 Number of DiJets found = 1
Event 5250000 / 10000000
Event 5251823 Number of Jets accepted = 2 Number of DiJets found = 1
Event 5260000 / 10000000
Event 5263892 Number of Jets accepted = 2 Number of DiJets found = 1
Event 5270000 / 10000000
Event 5273472 Number of Jets accepted = 2 Number of DiJets found = 1
Event 5280000 / 10000000
Event 5290000 / 10000000
Event 5300000 / 10000000
Event 5310000 / 10000000
Event 5320000 / 10000000
Event 5326115 Number of Jets accepted = 2 Number of DiJets found = 1
Event 5330000 / 10000000
Event 5340000 / 10000000
Event 5341388 Number of Jets accepted = 2 Number of DiJets found = 1
Event 5345701 Number of Jets accepted = 2 Number of DiJets found = 1
Event 5350000 / 10000000
Event 5358082 Number of Jets accepted = 2 Number of DiJets found = 1
Event 5360000 / 10000000
Event 5363466 Number of Jets accepted = 2 Number of DiJets found = 1
Event 5370000 / 10000000
Event 5375621 Number of Jets accepted = 2 Number of DiJets found = 1
Event 5380000 / 10000000
Event 5390000 / 10000000
Event 5390959 Number of Jets accepted = 2 Number of DiJets found = 1
Event 5394449 Number of Jets accepted = 2 Number of DiJets found = 1
Event 5400000 / 10000000
Event 5403993 Number of Jets accepted = 2 Number of DiJets found = 1
Event 5410000 / 10000000
Event 5418878 Number of Jets accepted = 2 Number of DiJets found = 1
Event 5420000 / 10000000
Event 5427117 Number of Jets accepted = 2 Number of DiJets found = 1
Event 5430000 / 10000000
Event 5432503 Number of Jets accepted = 2 Number of DiJets found = 1
Event 5440000 / 10000000
Event 5441120 Number of Jets accepted = 2 Number of DiJets found = 1
Event 5450000 / 10000000
Event 5450849 Number of Jets accepted = 2 Number of DiJets found = 1
Event 5460000 / 10000000
Event 5470000 / 10000000
Event 5470155 Number of Jets accepted = 2 Number of DiJets found = 1
Event 5479695 Number of Jets accepted = 2 Number of DiJets found = 1
Event 5480000 / 10000000
Event 5480691 Number of Jets accepted = 2 Number of DiJets found = 1
Event 5490000 / 10000000
Event 5500000 / 10000000
Event 5508319 Number of Jets accepted = 2 Number of DiJets found = 1
Event 5510000 / 10000000
Event 5520000 / 10000000
Event 5530000 / 10000000
Event 5540000 / 10000000
Event 5550000 / 10000000
Event 5557632 Number of Jets accepted = 2 Number of DiJets found = 1
Event 5560000 / 10000000
Event 5570000 / 10000000
Event 5580000 / 10000000
Event 5590000 / 10000000
Event 5591492 Number of Jets accepted = 2 Number of DiJets found = 1
Event 5600000 / 10000000
Event 5602899 Number of Jets accepted = 2 Number of DiJets found = 1
Event 5609948 Number of Jets accepted = 2 Number of DiJets found = 1
Event 5610000 / 10000000
Event 5620000 / 10000000
Event 5629174 Number of Jets accepted = 2 Number of DiJets found = 1
Event 5630000 / 10000000
Event 5640000 / 10000000
Event 5650000 / 10000000
Event 5660000 / 10000000
Event 5663252 Number of Jets accepted = 2 Number of DiJets found = 1
Event 5664894 Number of Jets accepted = 2 Number of DiJets found = 1
Event 5670000 / 10000000
Event 5678891 Number of Jets accepted = 2 Number of DiJets found = 1
Event 5680000 / 10000000
Event 5690000 / 10000000
Event 5700000 / 10000000
Event 5710000 / 10000000
Event 5710625 Number of Jets accepted = 2 Number of DiJets found = 1
Event 5720000 / 10000000
Event 5728421 Number of Jets accepted = 2 Number of DiJets found = 1
Event 5730000 / 10000000
Event 5731063 Number of Jets accepted = 2 Number of DiJets found = 1
Event 5735196 Number of Jets accepted = 2 Number of DiJets found = 1
Event 5735720 Number of Jets accepted = 2 Number of DiJets found = 1
Event 5740000 / 10000000
Event 5742836 Number of Jets accepted = 2 Number of DiJets found = 1
Event 5750000 / 10000000
Event 5760000 / 10000000
Event 5770000 / 10000000
Event 5773352 Number of Jets accepted = 2 Number of DiJets found = 1
Event 5779236 Number of Jets accepted = 2 Number of DiJets found = 1
Event 5780000 / 10000000
Event 5790000 / 10000000
Event 5796754 Number of Jets accepted = 2 Number of DiJets found = 1
Event 5800000 / 10000000
Event 5810000 / 10000000
Event 5813786 Number of Jets accepted = 2 Number of DiJets found = 1
Event 5820000 / 10000000
Event 5830000 / 10000000
Event 5835161 Number of Jets accepted = 2 Number of DiJets found = 1
Event 5840000 / 10000000
Event 5842843 Number of Jets accepted = 2 Number of DiJets found = 1
Event 5850000 / 10000000
Event 5860000 / 10000000
Event 5870000 / 10000000
Event 5880000 / 10000000
Event 5888600 Number of Jets accepted = 2 Number of DiJets found = 1
Event 5890000 / 10000000
Event 5900000 / 10000000
Event 5903259 Number of Jets accepted = 2 Number of DiJets found = 1
Event 5910000 / 10000000
Event 5920000 / 10000000
Event 5930000 / 10000000
Event 5939097 Number of Jets accepted = 2 Number of DiJets found = 1
Event 5940000 / 10000000
Event 5950000 / 10000000
Event 5960000 / 10000000
Event 5963404 Number of Jets accepted = 2 Number of DiJets found = 1
Event 5970000 / 10000000
Event 5980000 / 10000000
Event 5980222 Number of Jets accepted = 2 Number of DiJets found = 1
Event 5990000 / 10000000
Event 5999461 Number of Jets accepted = 2 Number of DiJets found = 1
Event 6000000 / 10000000
Event 6010000 / 10000000
Event 6020000 / 10000000
Event 6030000 / 10000000
Event 6030095 Number of Jets accepted = 2 Number of DiJets found = 1
Event 6040000 / 10000000
Event 6050000 / 10000000
Event 6060000 / 10000000
Event 6065640 Number of Jets accepted = 2 Number of DiJets found = 1
Event 6070000 / 10000000
Event 6073018 Number of Jets accepted = 2 Number of DiJets found = 1
Event 6080000 / 10000000
Event 6090000 / 10000000
Event 6092657 Number of Jets accepted = 2 Number of DiJets found = 1
Event 6096067 Number of Jets accepted = 2 Number of DiJets found = 1
Event 6100000 / 10000000
Event 6110000 / 10000000
Event 6110139 Number of Jets accepted = 2 Number of DiJets found = 1
Event 6111666 Number of Jets accepted = 2 Number of DiJets found = 1
Event 6120000 / 10000000
Event 6130000 / 10000000
Event 6140000 / 10000000
Event 6143408 Number of Jets accepted = 2 Number of DiJets found = 1
Event 6150000 / 10000000
Event 6160000 / 10000000
Event 6169043 Number of Jets accepted = 2 Number of DiJets found = 1
Event 6170000 / 10000000
Event 6174619 Number of Jets accepted = 2 Number of DiJets found = 1
Event 6175556 Number of Jets accepted = 2 Number of DiJets found = 1
Event 6180000 / 10000000
Event 6190000 / 10000000
Event 6200000 / 10000000
Event 6210000 / 10000000
Event 6211385 Number of Jets accepted = 2 Number of DiJets found = 1
Event 6220000 / 10000000
Event 6220771 Number of Jets accepted = 2 Number of DiJets found = 1
Event 6230000 / 10000000
Event 6240000 / 10000000
Event 6250000 / 10000000
Event 6256556 Number of Jets accepted = 2 Number of DiJets found = 1
Event 6260000 / 10000000
Event 6270000 / 10000000
Event 6273725 Number of Jets accepted = 2 Number of DiJets found = 1
Event 6280000 / 10000000
Event 6281734 Number of Jets accepted = 2 Number of DiJets found = 1
Event 6288299 Number of Jets accepted = 2 Number of DiJets found = 1
Event 6290000 / 10000000
Event 6300000 / 10000000
Event 6310000 / 10000000
Event 6320000 / 10000000
Event 6330000 / 10000000
Event 6333893 Number of Jets accepted = 2 Number of DiJets found = 1
Event 6340000 / 10000000
Event 6350000 / 10000000
Event 6360000 / 10000000
Event 6366617 Number of Jets accepted = 2 Number of DiJets found = 1
Event 6370000 / 10000000
Event 6377487 Number of Jets accepted = 2 Number of DiJets found = 1
Event 6380000 / 10000000
Event 6390000 / 10000000
Event 6400000 / 10000000
Event 6410000 / 10000000
Event 6420000 / 10000000
Event 6420190 Number of Jets accepted = 2 Number of DiJets found = 1
Event 6430000 / 10000000
Event 6437418 Number of Jets accepted = 2 Number of DiJets found = 1
Event 6437749 Number of Jets accepted = 2 Number of DiJets found = 1
Event 6440000 / 10000000
Event 6446047 Number of Jets accepted = 2 Number of DiJets found = 1
Event 6450000 / 10000000
Event 6455494 Number of Jets accepted = 2 Number of DiJets found = 1
Event 6460000 / 10000000
Event 6466452 Number of Jets accepted = 2 Number of DiJets found = 1
Event 6470000 / 10000000
Event 6480000 / 10000000
Event 6490000 / 10000000
Event 6500000 / 10000000
Event 6510000 / 10000000
Event 6510916 Number of Jets accepted = 2 Number of DiJets found = 1
Event 6520000 / 10000000
Event 6530000 / 10000000
Event 6540000 / 10000000
Event 6550000 / 10000000
Event 6560000 / 10000000
Event 6570000 / 10000000
Event 6570679 Number of Jets accepted = 2 Number of DiJets found = 1
Event 6575364 Number of Jets accepted = 2 Number of DiJets found = 1
Event 6579040 Number of Jets accepted = 2 Number of DiJets found = 1
Event 6580000 / 10000000
Event 6590000 / 10000000
Event 6600000 / 10000000
Event 6601906 Number of Jets accepted = 2 Number of DiJets found = 1
Event 6607598 Number of Jets accepted = 2 Number of DiJets found = 1
Event 6609844 Number of Jets accepted = 2 Number of DiJets found = 1
Event 6610000 / 10000000
Event 6620000 / 10000000
Event 6630000 / 10000000
Event 6640000 / 10000000
Event 6641256 Number of Jets accepted = 2 Number of DiJets found = 1
Event 6650000 / 10000000
Event 6651870 Number of Jets accepted = 2 Number of DiJets found = 1
Event 6654770 Number of Jets accepted = 2 Number of DiJets found = 1
Event 6660000 / 10000000
Event 6670000 / 10000000
Event 6680000 / 10000000
Event 6686598 Number of Jets accepted = 2 Number of DiJets found = 1
Event 6687337 Number of Jets accepted = 2 Number of DiJets found = 1
Event 6689196 Number of Jets accepted = 2 Number of DiJets found = 1
Event 6690000 / 10000000
Event 6697985 Number of Jets accepted = 2 Number of DiJets found = 1
Event 6700000 / 10000000
Event 6708613 Number of Jets accepted = 2 Number of DiJets found = 1
Event 6708799 Number of Jets accepted = 2 Number of DiJets found = 1
Event 6710000 / 10000000
Event 6711968 Number of Jets accepted = 2 Number of DiJets found = 1
Event 6712927 Number of Jets accepted = 2 Number of DiJets found = 1
Event 6720000 / 10000000
Event 6722975 Number of Jets accepted = 2 Number of DiJets found = 1
Event 6725967 Number of Jets accepted = 2 Number of DiJets found = 1
Event 6727295 Number of Jets accepted = 2 Number of DiJets found = 1
Event 6730000 / 10000000
Event 6735988 Number of Jets accepted = 2 Number of DiJets found = 1
Event 6740000 / 10000000
Event 6750000 / 10000000
Event 6752265 Number of Jets accepted = 2 Number of DiJets found = 1
Event 6760000 / 10000000
Event 6770000 / 10000000
Event 6780000 / 10000000
Event 6784608 Number of Jets accepted = 2 Number of DiJets found = 1
Event 6790000 / 10000000
Event 6800000 / 10000000
Event 6810000 / 10000000
Event 6820000 / 10000000
Event 6830000 / 10000000
Event 6833719 Number of Jets accepted = 2 Number of DiJets found = 1
Event 6840000 / 10000000
Event 6850000 / 10000000
Event 6860000 / 10000000
Event 6868758 Number of Jets accepted = 2 Number of DiJets found = 1
Event 6869689 Number of Jets accepted = 2 Number of DiJets found = 1
Event 6870000 / 10000000
Event 6873623 Number of Jets accepted = 2 Number of DiJets found = 1
Event 6880000 / 10000000
Event 6890000 / 10000000
Event 6892513 Number of Jets accepted = 2 Number of DiJets found = 1
Event 6900000 / 10000000
Event 6907430 Number of Jets accepted = 2 Number of DiJets found = 1
Event 6910000 / 10000000
Event 6920000 / 10000000
Event 6928091 Number of Jets accepted = 2 Number of DiJets found = 1
Event 6930000 / 10000000
Event 6935735 Number of Jets accepted = 2 Number of DiJets found = 1
Event 6940000 / 10000000
Event 6950000 / 10000000
Event 6960000 / 10000000
Event 6968761 Number of Jets accepted = 2 Number of DiJets found = 1
Event 6970000 / 10000000
Event 6980000 / 10000000
Event 6990000 / 10000000
Event 7000000 / 10000000
Event 7004881 Number of Jets accepted = 2 Number of DiJets found = 1
Event 7010000 / 10000000
Event 7020000 / 10000000
Event 7021470 Number of Jets accepted = 2 Number of DiJets found = 1
Event 7030000 / 10000000
Event 7030084 Number of Jets accepted = 2 Number of DiJets found = 1
Event 7031907 Number of Jets accepted = 2 Number of DiJets found = 1
Event 7035734 Number of Jets accepted = 2 Number of DiJets found = 1
Event 7040000 / 10000000
Event 7050000 / 10000000
Event 7060000 / 10000000
Event 7065092 Number of Jets accepted = 2 Number of DiJets found = 1
Event 7070000 / 10000000
Event 7080000 / 10000000
Event 7090000 / 10000000
Event 7095636 Number of Jets accepted = 2 Number of DiJets found = 1
Event 7100000 / 10000000
Event 7110000 / 10000000
Event 7111447 Number of Jets accepted = 2 Number of DiJets found = 1
Event 7112845 Number of Jets accepted = 2 Number of DiJets found = 1
Event 7113350 Number of Jets accepted = 2 Number of DiJets found = 1
Event 7120000 / 10000000
Event 7130000 / 10000000
Event 7140000 / 10000000
Event 7143315 Number of Jets accepted = 2 Number of DiJets found = 1
Event 7150000 / 10000000
Event 7154157 Number of Jets accepted = 2 Number of DiJets found = 1
Event 7160000 / 10000000
Event 7165669 Number of Jets accepted = 2 Number of DiJets found = 1
Event 7170000 / 10000000
Event 7180000 / 10000000
Event 7190000 / 10000000
Event 7198076 Number of Jets accepted = 2 Number of DiJets found = 1
Event 7200000 / 10000000
Event 7210000 / 10000000
Event 7214042 Number of Jets accepted = 2 Number of DiJets found = 1
Event 7216639 Number of Jets accepted = 2 Number of DiJets found = 1
Event 7218442 Number of Jets accepted = 2 Number of DiJets found = 1
Event 7220000 / 10000000
Event 7220133 Number of Jets accepted = 2 Number of DiJets found = 1
Event 7230000 / 10000000
Event 7240000 / 10000000
Event 7245193 Number of Jets accepted = 2 Number of DiJets found = 1
Event 7250000 / 10000000
Event 7260000 / 10000000
Event 7269965 Number of Jets accepted = 2 Number of DiJets found = 1
Event 7270000 / 10000000
Event 7274685 Number of Jets accepted = 2 Number of DiJets found = 1
Event 7280000 / 10000000
Event 7290000 / 10000000
Event 7295852 Number of Jets accepted = 2 Number of DiJets found = 1
Event 7300000 / 10000000
Event 7310000 / 10000000
Event 7314539 Number of Jets accepted = 2 Number of DiJets found = 1
Event 7320000 / 10000000
Event 7330000 / 10000000
Event 7340000 / 10000000
Event 7350000 / 10000000
Event 7360000 / 10000000
Event 7368483 Number of Jets accepted = 2 Number of DiJets found = 1
Event 7370000 / 10000000
Event 7380000 / 10000000
Event 7390000 / 10000000
Event 7395104 Number of Jets accepted = 2 Number of DiJets found = 1
Event 7400000 / 10000000
Event 7410000 / 10000000
Event 7419177 Number of Jets accepted = 2 Number of DiJets found = 1
Event 7420000 / 10000000
Event 7430000 / 10000000
Event 7440000 / 10000000
Event 7450000 / 10000000
Event 7456264 Number of Jets accepted = 2 Number of DiJets found = 1
Event 7459547 Number of Jets accepted = 2 Number of DiJets found = 1
Event 7460000 / 10000000
Event 7470000 / 10000000
Event 7480000 / 10000000
Event 7490000 / 10000000
Event 7497175 Number of Jets accepted = 2 Number of DiJets found = 1
Event 7500000 / 10000000
Event 7510000 / 10000000
Event 7520000 / 10000000
Event 7521903 Number of Jets accepted = 2 Number of DiJets found = 1
Event 7530000 / 10000000
Event 7530533 Number of Jets accepted = 2 Number of DiJets found = 1
Event 7539474 Number of Jets accepted = 2 Number of DiJets found = 1
Event 7539972 Number of Jets accepted = 2 Number of DiJets found = 1
Event 7540000 / 10000000
Event 7550000 / 10000000
Event 7551736 Number of Jets accepted = 2 Number of DiJets found = 1
Event 7560000 / 10000000
Event 7567677 Number of Jets accepted = 2 Number of DiJets found = 1
Event 7568321 Number of Jets accepted = 2 Number of DiJets found = 1
Event 7570000 / 10000000
Event 7580000 / 10000000
Event 7590000 / 10000000
Event 7598989 Number of Jets accepted = 2 Number of DiJets found = 1
Event 7600000 / 10000000
Event 7610000 / 10000000
Event 7616627 Number of Jets accepted = 4 Number of DiJets found = 2
Event 7619059 Number of Jets accepted = 2 Number of DiJets found = 1
Event 7620000 / 10000000
Event 7630000 / 10000000
Event 7640000 / 10000000
Event 7650000 / 10000000
Event 7660000 / 10000000
Event 7664043 Number of Jets accepted = 2 Number of DiJets found = 1
Event 7670000 / 10000000
Event 7678501 Number of Jets accepted = 2 Number of DiJets found = 1
Event 7680000 / 10000000
Event 7690000 / 10000000
Event 7699153 Number of Jets accepted = 2 Number of DiJets found = 1
Event 7700000 / 10000000
Event 7710000 / 10000000
Event 7720000 / 10000000
Event 7721076 Number of Jets accepted = 2 Number of DiJets found = 1
Event 7730000 / 10000000
Event 7731006 Number of Jets accepted = 2 Number of DiJets found = 1
Event 7740000 / 10000000
Event 7748513 Number of Jets accepted = 2 Number of DiJets found = 1
Event 7750000 / 10000000
Event 7760000 / 10000000
Event 7770000 / 10000000
Event 7771917 Number of Jets accepted = 2 Number of DiJets found = 1
Event 7780000 / 10000000
Event 7780106 Number of Jets accepted = 2 Number of DiJets found = 1
Event 7790000 / 10000000
Event 7793499 Number of Jets accepted = 2 Number of DiJets found = 1
Event 7800000 / 10000000
Event 7810000 / 10000000
Event 7810872 Number of Jets accepted = 2 Number of DiJets found = 1
Event 7811815 Number of Jets accepted = 2 Number of DiJets found = 1
Event 7820000 / 10000000
Event 7830000 / 10000000
Event 7835911 Number of Jets accepted = 2 Number of DiJets found = 1
Event 7840000 / 10000000
Event 7850000 / 10000000
Event 7860000 / 10000000
Event 7870000 / 10000000
Event 7880000 / 10000000
Event 7880848 Number of Jets accepted = 2 Number of DiJets found = 1
Event 7890000 / 10000000
Event 7890317 Number of Jets accepted = 2 Number of DiJets found = 1
Event 7900000 / 10000000
Event 7907355 Number of Jets accepted = 2 Number of DiJets found = 1
Event 7910000 / 10000000
Event 7920000 / 10000000
Event 7925027 Number of Jets accepted = 2 Number of DiJets found = 1
Event 7927398 Number of Jets accepted = 2 Number of DiJets found = 1
Event 7930000 / 10000000
Event 7930738 Number of Jets accepted = 2 Number of DiJets found = 1
Event 7932141 Number of Jets accepted = 2 Number of DiJets found = 1
Event 7940000 / 10000000
Event 7944686 Number of Jets accepted = 2 Number of DiJets found = 1
Event 7950000 / 10000000
Event 7960000 / 10000000
Event 7965978 Number of Jets accepted = 2 Number of DiJets found = 1
Event 7967822 Number of Jets accepted = 2 Number of DiJets found = 1
Event 7970000 / 10000000
Event 7973964 Number of Jets accepted = 2 Number of DiJets found = 1
Event 7980000 / 10000000
Event 7988290 Number of Jets accepted = 2 Number of DiJets found = 1
Event 7990000 / 10000000
Event 7998412 Number of Jets accepted = 2 Number of DiJets found = 1
Event 8000000 / 10000000
Event 8009645 Number of Jets accepted = 2 Number of DiJets found = 1
Event 8010000 / 10000000
Event 8010067 Number of Jets accepted = 2 Number of DiJets found = 1
Event 8020000 / 10000000
Event 8030000 / 10000000
Event 8040000 / 10000000
Event 8050000 / 10000000
Event 8057185 Number of Jets accepted = 2 Number of DiJets found = 1
Event 8060000 / 10000000
Event 8070000 / 10000000
Event 8078085 Number of Jets accepted = 2 Number of DiJets found = 1
Event 8080000 / 10000000
Event 8090000 / 10000000
Event 8100000 / 10000000
Event 8110000 / 10000000
Event 8120000 / 10000000
Event 8130000 / 10000000
Event 8140000 / 10000000
Event 8140061 Number of Jets accepted = 2 Number of DiJets found = 1
Event 8146216 Number of Jets accepted = 2 Number of DiJets found = 1
Event 8150000 / 10000000
Event 8160000 / 10000000
Event 8170000 / 10000000
Event 8180000 / 10000000
Event 8190000 / 10000000
Event 8200000 / 10000000
Event 8210000 / 10000000
Event 8211442 Number of Jets accepted = 2 Number of DiJets found = 1
Event 8217099 Number of Jets accepted = 2 Number of DiJets found = 1
Event 8220000 / 10000000
Event 8223188 Number of Jets accepted = 2 Number of DiJets found = 1
Event 8230000 / 10000000
Event 8234381 Number of Jets accepted = 2 Number of DiJets found = 1
Event 8234535 Number of Jets accepted = 2 Number of DiJets found = 1
Event 8240000 / 10000000
Event 8250000 / 10000000
Event 8260000 / 10000000
Event 8270000 / 10000000
Event 8275296 Number of Jets accepted = 2 Number of DiJets found = 1
Event 8280000 / 10000000
Event 8290000 / 10000000
Event 8300000 / 10000000
Event 8310000 / 10000000
Event 8320000 / 10000000
Event 8322047 Number of Jets accepted = 2 Number of DiJets found = 1
Event 8327677 Number of Jets accepted = 2 Number of DiJets found = 1
Event 8330000 / 10000000
Event 8340000 / 10000000
Event 8350000 / 10000000
Event 8360000 / 10000000
Event 8370000 / 10000000
Event 8378766 Number of Jets accepted = 2 Number of DiJets found = 1
Event 8380000 / 10000000
Event 8387215 Number of Jets accepted = 2 Number of DiJets found = 1
Event 8390000 / 10000000
Event 8400000 / 10000000
Event 8410000 / 10000000
Event 8420000 / 10000000
Event 8424450 Number of Jets accepted = 2 Number of DiJets found = 1
Event 8430000 / 10000000
Event 8439381 Number of Jets accepted = 2 Number of DiJets found = 1
Event 8440000 / 10000000
Event 8446908 Number of Jets accepted = 2 Number of DiJets found = 1
Event 8450000 / 10000000
Event 8451252 Number of Jets accepted = 2 Number of DiJets found = 1
Event 8460000 / 10000000
Event 8470000 / 10000000
Event 8472765 Number of Jets accepted = 2 Number of DiJets found = 1
Event 8478778 Number of Jets accepted = 2 Number of DiJets found = 1
Event 8480000 / 10000000
Event 8490000 / 10000000
Event 8492325 Number of Jets accepted = 2 Number of DiJets found = 1
Event 8500000 / 10000000
Event 8500928 Number of Jets accepted = 2 Number of DiJets found = 1
Event 8502682 Number of Jets accepted = 2 Number of DiJets found = 1
Event 8510000 / 10000000
Event 8512211 Number of Jets accepted = 2 Number of DiJets found = 1
Event 8520000 / 10000000
Event 8530000 / 10000000
Event 8540000 / 10000000
Event 8550000 / 10000000
Event 8553921 Number of Jets accepted = 2 Number of DiJets found = 1
Event 8554592 Number of Jets accepted = 2 Number of DiJets found = 1
Event 8558345 Number of Jets accepted = 2 Number of DiJets found = 1
Event 8560000 / 10000000
Event 8566968 Number of Jets accepted = 2 Number of DiJets found = 1
Event 8570000 / 10000000
Event 8580000 / 10000000
Event 8584243 Number of Jets accepted = 2 Number of DiJets found = 1
Event 8590000 / 10000000
Event 8600000 / 10000000
Event 8610000 / 10000000
Event 8620000 / 10000000
Event 8630000 / 10000000
Event 8636919 Number of Jets accepted = 2 Number of DiJets found = 1
Event 8640000 / 10000000
Event 8649048 Number of Jets accepted = 2 Number of DiJets found = 1
Event 8650000 / 10000000
Event 8660000 / 10000000
Event 8662706 Number of Jets accepted = 2 Number of DiJets found = 1
Event 8670000 / 10000000
Event 8680000 / 10000000
Event 8690000 / 10000000
Event 8700000 / 10000000
Event 8704925 Number of Jets accepted = 2 Number of DiJets found = 1
Event 8706243 Number of Jets accepted = 2 Number of DiJets found = 1
Event 8710000 / 10000000
Event 8715378 Number of Jets accepted = 2 Number of DiJets found = 1
Event 8720000 / 10000000
Event 8720325 Number of Jets accepted = 2 Number of DiJets found = 1
Event 8726386 Number of Jets accepted = 2 Number of DiJets found = 1
Event 8730000 / 10000000
Event 8738739 Number of Jets accepted = 2 Number of DiJets found = 1
Event 8740000 / 10000000
Event 8744223 Number of Jets accepted = 2 Number of DiJets found = 1
Event 8750000 / 10000000
Event 8757581 Number of Jets accepted = 2 Number of DiJets found = 1
Event 8760000 / 10000000
Event 8770000 / 10000000
Event 8772071 Number of Jets accepted = 2 Number of DiJets found = 1
Event 8780000 / 10000000
Event 8790000 / 10000000
Event 8800000 / 10000000
Event 8806847 Number of Jets accepted = 2 Number of DiJets found = 1
Event 8810000 / 10000000
Event 8811467 Number of Jets accepted = 2 Number of DiJets found = 1
Event 8812093 Number of Jets accepted = 2 Number of DiJets found = 1
Event 8813873 Number of Jets accepted = 2 Number of DiJets found = 1
Event 8820000 / 10000000
Event 8825673 Number of Jets accepted = 2 Number of DiJets found = 1
Event 8830000 / 10000000
Event 8835399 Number of Jets accepted = 2 Number of DiJets found = 1
Event 8840000 / 10000000
Event 8846230 Number of Jets accepted = 2 Number of DiJets found = 1
Event 8850000 / 10000000
Event 8860000 / 10000000
Event 8865637 Number of Jets accepted = 2 Number of DiJets found = 1
Event 8870000 / 10000000
Event 8880000 / 10000000
Event 8884942 Number of Jets accepted = 2 Number of DiJets found = 1
Event 8890000 / 10000000
Event 8890622 Number of Jets accepted = 2 Number of DiJets found = 1
Event 8895010 Number of Jets accepted = 2 Number of DiJets found = 1
Event 8900000 / 10000000
Event 8910000 / 10000000
Event 8910996 Number of Jets accepted = 2 Number of DiJets found = 1
Event 8912751 Number of Jets accepted = 2 Number of DiJets found = 1
Event 8916426 Number of Jets accepted = 2 Number of DiJets found = 1
Event 8920000 / 10000000
Event 8930000 / 10000000
Event 8940000 / 10000000
Event 8950000 / 10000000
Event 8960000 / 10000000
Event 8970000 / 10000000
Event 8980000 / 10000000
Event 8980222 Number of Jets accepted = 2 Number of DiJets found = 1
Event 8982582 Number of Jets accepted = 2 Number of DiJets found = 1
Event 8987030 Number of Jets accepted = 2 Number of DiJets found = 1
Event 8990000 / 10000000
Event 8993960 Number of Jets accepted = 2 Number of DiJets found = 1
Event 9000000 / 10000000
Event 9007592 Number of Jets accepted = 2 Number of DiJets found = 1
Event 9010000 / 10000000
Event 9015088 Number of Jets accepted = 2 Number of DiJets found = 1
Event 9020000 / 10000000
Event 9030000 / 10000000
Event 9040000 / 10000000
Event 9042725 Number of Jets accepted = 2 Number of DiJets found = 1
Event 9044335 Number of Jets accepted = 2 Number of DiJets found = 1
Event 9046004 Number of Jets accepted = 2 Number of DiJets found = 1
Event 9050000 / 10000000
Event 9054170 Number of Jets accepted = 2 Number of DiJets found = 1
Event 9060000 / 10000000
Event 9070000 / 10000000
Event 9080000 / 10000000
Event 9090000 / 10000000
Event 9096216 Number of Jets accepted = 2 Number of DiJets found = 1
Event 9100000 / 10000000
Event 9101006 Number of Jets accepted = 2 Number of DiJets found = 1
Event 9110000 / 10000000
Event 9120000 / 10000000
Event 9128953 Number of Jets accepted = 2 Number of DiJets found = 1
Event 9130000 / 10000000
Event 9140000 / 10000000
Event 9143212 Number of Jets accepted = 2 Number of DiJets found = 1
Event 9150000 / 10000000
Event 9159526 Number of Jets accepted = 2 Number of DiJets found = 1
Event 9160000 / 10000000
Event 9160419 Number of Jets accepted = 2 Number of DiJets found = 1
Event 9170000 / 10000000
Event 9180000 / 10000000
Event 9190000 / 10000000
Event 9197772 Number of Jets accepted = 2 Number of DiJets found = 1
Event 9200000 / 10000000
Event 9206596 Number of Jets accepted = 2 Number of DiJets found = 1
Event 9210000 / 10000000
Event 9215169 Number of Jets accepted = 2 Number of DiJets found = 1
Event 9220000 / 10000000
Event 9230000 / 10000000
Event 9240000 / 10000000
Event 9242985 Number of Jets accepted = 2 Number of DiJets found = 1
Event 9250000 / 10000000
Event 9258281 Number of Jets accepted = 2 Number of DiJets found = 1
Event 9260000 / 10000000
Event 9270000 / 10000000
Event 9276104 Number of Jets accepted = 2 Number of DiJets found = 1
Event 9280000 / 10000000
Event 9283011 Number of Jets accepted = 2 Number of DiJets found = 1
Event 9284248 Number of Jets accepted = 2 Number of DiJets found = 1
Event 9290000 / 10000000
Event 9292045 Number of Jets accepted = 2 Number of DiJets found = 1
Event 9300000 / 10000000
Event 9300949 Number of Jets accepted = 2 Number of DiJets found = 1
Event 9308042 Number of Jets accepted = 2 Number of DiJets found = 1
Event 9310000 / 10000000
Event 9320000 / 10000000
Event 9321392 Number of Jets accepted = 2 Number of DiJets found = 1
Event 9324617 Number of Jets accepted = 2 Number of DiJets found = 1
Event 9330000 / 10000000
Event 9340000 / 10000000
Event 9342228 Number of Jets accepted = 2 Number of DiJets found = 1
Event 9343142 Number of Jets accepted = 2 Number of DiJets found = 1
Event 9350000 / 10000000
Event 9357580 Number of Jets accepted = 2 Number of DiJets found = 1
Event 9360000 / 10000000
Event 9361693 Number of Jets accepted = 2 Number of DiJets found = 1
Event 9370000 / 10000000
Event 9378745 Number of Jets accepted = 2 Number of DiJets found = 1
Event 9380000 / 10000000
Event 9390000 / 10000000
Event 9397124 Number of Jets accepted = 2 Number of DiJets found = 1
Event 9397731 Number of Jets accepted = 2 Number of DiJets found = 1
Event 9400000 / 10000000
Event 9410000 / 10000000
Event 9420000 / 10000000
Event 9430000 / 10000000
Event 9440000 / 10000000
Event 9450000 / 10000000
Event 9460000 / 10000000
Event 9470000 / 10000000
Event 9480000 / 10000000
Event 9484989 Number of Jets accepted = 2 Number of DiJets found = 1
Event 9487767 Number of Jets accepted = 2 Number of DiJets found = 1
Event 9490000 / 10000000
Event 9495044 Number of Jets accepted = 2 Number of DiJets found = 1
Event 9500000 / 10000000
Event 9506258 Number of Jets accepted = 4 Number of DiJets found = 2
Event 9509564 Number of Jets accepted = 2 Number of DiJets found = 1
Event 9510000 / 10000000
Event 9520000 / 10000000
Event 9530000 / 10000000
Event 9540000 / 10000000
Event 9550000 / 10000000
Event 9560000 / 10000000
Event 9565457 Number of Jets accepted = 2 Number of DiJets found = 1
Event 9566657 Number of Jets accepted = 2 Number of DiJets found = 1
Event 9570000 / 10000000
Event 9580000 / 10000000
Event 9588771 Number of Jets accepted = 2 Number of DiJets found = 1
Event 9590000 / 10000000
Event 9600000 / 10000000
Event 9609001 Number of Jets accepted = 2 Number of DiJets found = 1
Event 9610000 / 10000000
Event 9620000 / 10000000
Event 9630000 / 10000000
Event 9640000 / 10000000
Event 9641519 Number of Jets accepted = 2 Number of DiJets found = 1
Event 9650000 / 10000000
Event 9660000 / 10000000
Event 9670000 / 10000000
Event 9673053 Number of Jets accepted = 2 Number of DiJets found = 1
Event 9675475 Number of Jets accepted = 2 Number of DiJets found = 1
Event 9680000 / 10000000
Event 9690000 / 10000000
Event 9700000 / 10000000
Event 9702170 Number of Jets accepted = 2 Number of DiJets found = 1
Event 9710000 / 10000000
Event 9720000 / 10000000
Event 9730000 / 10000000
Event 9733742 Number of Jets accepted = 2 Number of DiJets found = 1
Event 9740000 / 10000000
Event 9750000 / 10000000
Event 9760000 / 10000000
Event 9770000 / 10000000
Event 9780000 / 10000000
Event 9780194 Number of Jets accepted = 2 Number of DiJets found = 1
Event 9790000 / 10000000
Event 9800000 / 10000000
Event 9810000 / 10000000
Event 9820000 / 10000000
Event 9830000 / 10000000
Event 9840000 / 10000000
Event 9846224 Number of Jets accepted = 2 Number of DiJets found = 1
Event 9850000 / 10000000
Event 9854793 Number of Jets accepted = 2 Number of DiJets found = 1
Event 9860000 / 10000000
Event 9865564 Number of Jets accepted = 2 Number of DiJets found = 1
Event 9870000 / 10000000
Event 9872635 Number of Jets accepted = 2 Number of DiJets found = 1
Event 9880000 / 10000000
Event 9885479 Number of Jets accepted = 2 Number of DiJets found = 1
Event 9890000 / 10000000
Event 9900000 / 10000000
Event 9904003 Number of Jets accepted = 2 Number of DiJets found = 1
Event 9904212 Number of Jets accepted = 2 Number of DiJets found = 1
Event 9910000 / 10000000
Event 9915849 Number of Jets accepted = 2 Number of DiJets found = 1
Event 9920000 / 10000000
Event 9926762 Number of Jets accepted = 2 Number of DiJets found = 1
Event 9930000 / 10000000
Event 9930098 Number of Jets accepted = 2 Number of DiJets found = 1
Event 9936072 Number of Jets accepted = 2 Number of DiJets found = 1
Event 9940000 / 10000000
Event 9945490 Number of Jets accepted = 2 Number of DiJets found = 1
Event 9950000 / 10000000
Event 9960000 / 10000000
Event 9966699 Number of Jets accepted = 2 Number of DiJets found = 1
Event 9970000 / 10000000
Event 9972253 Number of Jets accepted = 2 Number of DiJets found = 1
Event 9980000 / 10000000
Event 9990000 / 10000000

Found 623 events with jets.

Time elapsed: Real time 40:10:45, CP time 142064.490
