Input path set as: /media/scratch/packard/db/.

Filename set as: pp10mEv_7TeV_ptHatMin0GeV_run8.

opening:   /media/scratch/packard/db/pp10mEv_7TeV_ptHatMin0GeV_run8.root


External input: /media/external1/packard/db/RChange/R2NOCHARGE received for output path! Overriding default...

Output path set as /media/external1/packard/db/RChange/R2NOCHARGE. Will write contents to this directory!

External input 0.2 received for R! Overriding default...

External input 0.4 received for OpeningAngle! Overriding default...

External input 5 received for jet_ptmin! Overriding default...

External input 8 received for LeadPtMin! Overriding default...

External input 5 received for SubLeadPtMin! Overriding default...

External input 200 received for max_track_rap! Overriding default...

External input 0 receieved for PtConsLo! Overriding default...

External input 1 received for PtConsHi! Overriding default...

R: 0.2

OpeningAngle: 0.4

jet_ptmin: 5

LeadPtMin: 8

SubLeadPtMin: 5

max_track_rap: 200

PtConsLo: 0

PtConsHi: 1

Number of events: 10000000.Event 0 / 10000000
#--------------------------------------------------------------------------
#                         FastJet release 3.2.1
#                 M. Cacciari, G.P. Salam and G. Soyez                  
#     A software package for jet finding and analysis at colliders      
#                           http://fastjet.fr                           
#	                                                                      
# Please cite EPJC72(2012)1896 [arXiv:1111.6097] if you use this package
# for scientific work and optionally PLB641(2006)57 [hep-ph/0512210].   
#                                                                       
# FastJet is provided without warranty under the terms of the GNU GPLv2.
# It uses T. Chan's closest pair algorithm, S. Fortune's Voronoi code
# and 3rd party plugin jet algorithms. See COPYING file for details.
#--------------------------------------------------------------------------
Event 9324 Number of Jets accepted = 2 Number of DiJets found = 1
Event 10000 / 10000000
Event 10122 Number of Jets accepted = 2 Number of DiJets found = 1
Event 10731 Number of Jets accepted = 2 Number of DiJets found = 1
Event 20000 / 10000000
Event 30000 / 10000000
Event 32515 Number of Jets accepted = 2 Number of DiJets found = 1
Event 35710 Number of Jets accepted = 2 Number of DiJets found = 1
Event 40000 / 10000000
Event 50000 / 10000000
Event 60000 / 10000000
Event 70000 / 10000000
Event 70704 Number of Jets accepted = 2 Number of DiJets found = 1
Event 80000 / 10000000
Event 90000 / 10000000
Event 90227 Number of Jets accepted = 2 Number of DiJets found = 1
Event 100000 / 10000000
Event 101037 Number of Jets accepted = 2 Number of DiJets found = 1
Event 110000 / 10000000
Event 117877 Number of Jets accepted = 2 Number of DiJets found = 1
Event 120000 / 10000000
Event 121070 Number of Jets accepted = 2 Number of DiJets found = 1
Event 130000 / 10000000
Event 130530 Number of Jets accepted = 2 Number of DiJets found = 1
Event 140000 / 10000000
Event 150000 / 10000000
Event 160000 / 10000000
Event 162479 Number of Jets accepted = 2 Number of DiJets found = 1
Event 170000 / 10000000
Event 180000 / 10000000
Event 190000 / 10000000
Event 200000 / 10000000
Event 200866 Number of Jets accepted = 2 Number of DiJets found = 1
Event 210000 / 10000000
Event 220000 / 10000000
Event 230000 / 10000000
Event 240000 / 10000000
Event 250000 / 10000000
Event 260000 / 10000000
Event 261127 Number of Jets accepted = 2 Number of DiJets found = 1
Event 270000 / 10000000
Event 280000 / 10000000
Event 286184 Number of Jets accepted = 2 Number of DiJets found = 1
Event 290000 / 10000000
Event 290488 Number of Jets accepted = 2 Number of DiJets found = 1
Event 297353 Number of Jets accepted = 2 Number of DiJets found = 1
Event 300000 / 10000000
Event 300032 Number of Jets accepted = 2 Number of DiJets found = 1
Event 310000 / 10000000
Event 320000 / 10000000
Event 324521 Number of Jets accepted = 2 Number of DiJets found = 1
Event 330000 / 10000000
Event 332960 Number of Jets accepted = 2 Number of DiJets found = 1
Event 339679 Number of Jets accepted = 2 Number of DiJets found = 1
Event 340000 / 10000000
Event 350000 / 10000000
Event 356001 Number of Jets accepted = 2 Number of DiJets found = 1
Event 360000 / 10000000
Event 368536 Number of Jets accepted = 2 Number of DiJets found = 1
Event 370000 / 10000000
Event 370604 Number of Jets accepted = 2 Number of DiJets found = 1
Event 380000 / 10000000
Event 380719 Number of Jets accepted = 2 Number of DiJets found = 1
Event 383871 Number of Jets accepted = 2 Number of DiJets found = 1
Event 390000 / 10000000
Event 397169 Number of Jets accepted = 2 Number of DiJets found = 1
Event 400000 / 10000000
Event 406307 Number of Jets accepted = 2 Number of DiJets found = 1
Event 410000 / 10000000
Event 420000 / 10000000
Event 430000 / 10000000
Event 431825 Number of Jets accepted = 2 Number of DiJets found = 1
Event 440000 / 10000000
Event 450000 / 10000000
Event 460000 / 10000000
Event 470000 / 10000000
Event 472333 Number of Jets accepted = 4 Number of DiJets found = 2
Event 480000 / 10000000
Event 488789 Number of Jets accepted = 2 Number of DiJets found = 1
Event 490000 / 10000000
Event 494308 Number of Jets accepted = 2 Number of DiJets found = 1
Event 500000 / 10000000
Event 510000 / 10000000
Event 520000 / 10000000
Event 530000 / 10000000
Event 531126 Number of Jets accepted = 2 Number of DiJets found = 1
Event 536018 Number of Jets accepted = 2 Number of DiJets found = 1
Event 537288 Number of Jets accepted = 2 Number of DiJets found = 1
Event 540000 / 10000000
Event 545948 Number of Jets accepted = 2 Number of DiJets found = 1
Event 550000 / 10000000
Event 560000 / 10000000
Event 564704 Number of Jets accepted = 2 Number of DiJets found = 1
Event 570000 / 10000000
Event 580000 / 10000000
Event 590000 / 10000000
Event 600000 / 10000000
Event 610000 / 10000000
Event 616748 Number of Jets accepted = 2 Number of DiJets found = 1
Event 620000 / 10000000
Event 621722 Number of Jets accepted = 2 Number of DiJets found = 1
Event 630000 / 10000000
Event 640000 / 10000000
Event 647543 Number of Jets accepted = 2 Number of DiJets found = 1
Event 648951 Number of Jets accepted = 2 Number of DiJets found = 1
Event 650000 / 10000000
Event 660000 / 10000000
Event 664296 Number of Jets accepted = 2 Number of DiJets found = 1
Event 670000 / 10000000
Event 680000 / 10000000
Event 690000 / 10000000
Event 700000 / 10000000
Event 710000 / 10000000
Event 719232 Number of Jets accepted = 2 Number of DiJets found = 1
Event 720000 / 10000000
Event 730000 / 10000000
Event 740000 / 10000000
Event 750000 / 10000000
Event 751756 Number of Jets accepted = 2 Number of DiJets found = 1
Event 757300 Number of Jets accepted = 2 Number of DiJets found = 1
Event 760000 / 10000000
Event 770000 / 10000000
Event 778346 Number of Jets accepted = 2 Number of DiJets found = 1
Event 780000 / 10000000
Event 786855 Number of Jets accepted = 2 Number of DiJets found = 1
Event 790000 / 10000000
Event 800000 / 10000000
Event 801316 Number of Jets accepted = 2 Number of DiJets found = 1
Event 810000 / 10000000
Event 811066 Number of Jets accepted = 2 Number of DiJets found = 1
Event 813933 Number of Jets accepted = 2 Number of DiJets found = 1
Event 814696 Number of Jets accepted = 2 Number of DiJets found = 1
Event 820000 / 10000000
Event 830000 / 10000000
Event 840000 / 10000000
Event 840089 Number of Jets accepted = 2 Number of DiJets found = 1
Event 850000 / 10000000
Event 860000 / 10000000
Event 870000 / 10000000
Event 880000 / 10000000
Event 882780 Number of Jets accepted = 2 Number of DiJets found = 1
Event 890000 / 10000000
Event 900000 / 10000000
Event 902181 Number of Jets accepted = 2 Number of DiJets found = 1
Event 910000 / 10000000
Event 917057 Number of Jets accepted = 2 Number of DiJets found = 1
Event 920000 / 10000000
Event 930000 / 10000000
Event 940000 / 10000000
Event 942236 Number of Jets accepted = 2 Number of DiJets found = 1
Event 946930 Number of Jets accepted = 2 Number of DiJets found = 1
Event 950000 / 10000000
Event 958844 Number of Jets accepted = 2 Number of DiJets found = 1
Event 960000 / 10000000
Event 970000 / 10000000
Event 971308 Number of Jets accepted = 2 Number of DiJets found = 1
Event 980000 / 10000000
Event 984863 Number of Jets accepted = 2 Number of DiJets found = 1
Event 990000 / 10000000
Event 1000000 / 10000000
Event 1010000 / 10000000
Event 1011128 Number of Jets accepted = 2 Number of DiJets found = 1
Event 1020000 / 10000000
Event 1029324 Number of Jets accepted = 2 Number of DiJets found = 1
Event 1030000 / 10000000
Event 1034935 Number of Jets accepted = 2 Number of DiJets found = 1
Event 1040000 / 10000000
Event 1049672 Number of Jets accepted = 2 Number of DiJets found = 1
Event 1050000 / 10000000
Event 1058248 Number of Jets accepted = 2 Number of DiJets found = 1
Event 1060000 / 10000000
Event 1069279 Number of Jets accepted = 2 Number of DiJets found = 1
Event 1070000 / 10000000
Event 1080000 / 10000000
Event 1081791 Number of Jets accepted = 2 Number of DiJets found = 1
Event 1086236 Number of Jets accepted = 2 Number of DiJets found = 1
Event 1090000 / 10000000
Event 1096729 Number of Jets accepted = 2 Number of DiJets found = 1
Event 1100000 / 10000000
Event 1103140 Number of Jets accepted = 2 Number of DiJets found = 1
Event 1110000 / 10000000
Event 1120000 / 10000000
Event 1128148 Number of Jets accepted = 2 Number of DiJets found = 1
Event 1130000 / 10000000
Event 1140000 / 10000000
Event 1150000 / 10000000
Event 1160000 / 10000000
Event 1170000 / 10000000
Event 1180000 / 10000000
Event 1187357 Number of Jets accepted = 2 Number of DiJets found = 1
Event 1190000 / 10000000
Event 1196444 Number of Jets accepted = 2 Number of DiJets found = 1
Event 1197237 Number of Jets accepted = 2 Number of DiJets found = 1
Event 1200000 / 10000000
Event 1200297 Number of Jets accepted = 2 Number of DiJets found = 1
Event 1204219 Number of Jets accepted = 2 Number of DiJets found = 1
Event 1210000 / 10000000
Event 1220000 / 10000000
Event 1230000 / 10000000
Event 1230959 Number of Jets accepted = 2 Number of DiJets found = 1
Event 1240000 / 10000000
Event 1250000 / 10000000
Event 1255141 Number of Jets accepted = 2 Number of DiJets found = 1
Event 1260000 / 10000000
Event 1263967 Number of Jets accepted = 2 Number of DiJets found = 1
Event 1270000 / 10000000
Event 1273900 Number of Jets accepted = 2 Number of DiJets found = 1
Event 1280000 / 10000000
Event 1281609 Number of Jets accepted = 2 Number of DiJets found = 1
Event 1290000 / 10000000
Event 1300000 / 10000000
Event 1302872 Number of Jets accepted = 2 Number of DiJets found = 1
Event 1310000 / 10000000
Event 1320000 / 10000000
Event 1322869 Number of Jets accepted = 2 Number of DiJets found = 1
Event 1330000 / 10000000
Event 1340000 / 10000000
Event 1350000 / 10000000
Event 1360000 / 10000000
Event 1370000 / 10000000
Event 1371830 Number of Jets accepted = 2 Number of DiJets found = 1
Event 1378521 Number of Jets accepted = 2 Number of DiJets found = 1
Event 1378583 Number of Jets accepted = 2 Number of DiJets found = 1
Event 1380000 / 10000000
Event 1382551 Number of Jets accepted = 2 Number of DiJets found = 1
Event 1390000 / 10000000
Event 1400000 / 10000000
Event 1400260 Number of Jets accepted = 2 Number of DiJets found = 1
Event 1401752 Number of Jets accepted = 2 Number of DiJets found = 1
Event 1401956 Number of Jets accepted = 2 Number of DiJets found = 1
Event 1403088 Number of Jets accepted = 2 Number of DiJets found = 1
Event 1407173 Number of Jets accepted = 2 Number of DiJets found = 1
Event 1410000 / 10000000
Event 1420000 / 10000000
Event 1422098 Number of Jets accepted = 2 Number of DiJets found = 1
Event 1430000 / 10000000
Event 1436398 Number of Jets accepted = 2 Number of DiJets found = 1
Event 1440000 / 10000000
Event 1450000 / 10000000
Event 1460000 / 10000000
Event 1466728 Number of Jets accepted = 2 Number of DiJets found = 1
Event 1470000 / 10000000
Event 1471720 Number of Jets accepted = 2 Number of DiJets found = 1
Event 1480000 / 10000000
Event 1481326 Number of Jets accepted = 2 Number of DiJets found = 1
Event 1490000 / 10000000
Event 1500000 / 10000000
Event 1506898 Number of Jets accepted = 2 Number of DiJets found = 1
Event 1510000 / 10000000
Event 1513769 Number of Jets accepted = 2 Number of DiJets found = 1
Event 1520000 / 10000000
Event 1523736 Number of Jets accepted = 2 Number of DiJets found = 1
Event 1530000 / 10000000
Event 1540000 / 10000000
Event 1550000 / 10000000
Event 1555005 Number of Jets accepted = 2 Number of DiJets found = 1
Event 1556642 Number of Jets accepted = 2 Number of DiJets found = 1
Event 1559947 Number of Jets accepted = 2 Number of DiJets found = 1
Event 1560000 / 10000000
Event 1570000 / 10000000
Event 1572384 Number of Jets accepted = 2 Number of DiJets found = 1
Event 1580000 / 10000000
Event 1590000 / 10000000
Event 1591641 Number of Jets accepted = 2 Number of DiJets found = 1
Event 1600000 / 10000000
Event 1610000 / 10000000
Event 1614143 Number of Jets accepted = 2 Number of DiJets found = 1
Event 1620000 / 10000000
Event 1624923 Number of Jets accepted = 2 Number of DiJets found = 1
Event 1630000 / 10000000
Event 1640000 / 10000000
Event 1646752 Number of Jets accepted = 2 Number of DiJets found = 1
Event 1650000 / 10000000
Event 1660000 / 10000000
Event 1670000 / 10000000
Event 1674864 Number of Jets accepted = 2 Number of DiJets found = 1
Event 1680000 / 10000000
Event 1690000 / 10000000
Event 1697141 Number of Jets accepted = 2 Number of DiJets found = 1
Event 1700000 / 10000000
Event 1702401 Number of Jets accepted = 2 Number of DiJets found = 1
Event 1707122 Number of Jets accepted = 2 Number of DiJets found = 1
Event 1710000 / 10000000
Event 1720000 / 10000000
Event 1730000 / 10000000
Event 1740000 / 10000000
Event 1743720 Number of Jets accepted = 2 Number of DiJets found = 1
Event 1746479 Number of Jets accepted = 2 Number of DiJets found = 1
Event 1750000 / 10000000
Event 1760000 / 10000000
Event 1770000 / 10000000
Event 1780000 / 10000000
Event 1784218 Number of Jets accepted = 2 Number of DiJets found = 1
Event 1790000 / 10000000
Event 1798966 Number of Jets accepted = 2 Number of DiJets found = 1
Event 1800000 / 10000000
Event 1801812 Number of Jets accepted = 2 Number of DiJets found = 1
Event 1810000 / 10000000
Event 1820000 / 10000000
Event 1824608 Number of Jets accepted = 4 Number of DiJets found = 2
Event 1830000 / 10000000
Event 1840000 / 10000000
Event 1850000 / 10000000
Event 1860000 / 10000000
Event 1870000 / 10000000
Event 1880000 / 10000000
Event 1890000 / 10000000
Event 1893281 Number of Jets accepted = 2 Number of DiJets found = 1
Event 1900000 / 10000000
Event 1901651 Number of Jets accepted = 2 Number of DiJets found = 1
Event 1910000 / 10000000
Event 1915839 Number of Jets accepted = 2 Number of DiJets found = 1
Event 1920000 / 10000000
Event 1922205 Number of Jets accepted = 2 Number of DiJets found = 1
Event 1930000 / 10000000
Event 1934024 Number of Jets accepted = 2 Number of DiJets found = 1
Event 1940000 / 10000000
Event 1950000 / 10000000
Event 1960000 / 10000000
Event 1970000 / 10000000
Event 1980000 / 10000000
Event 1990000 / 10000000
Event 1991676 Number of Jets accepted = 2 Number of DiJets found = 1
Event 2000000 / 10000000
Event 2010000 / 10000000
Event 2019347 Number of Jets accepted = 2 Number of DiJets found = 1
Event 2020000 / 10000000
Event 2021758 Number of Jets accepted = 2 Number of DiJets found = 1
Event 2024402 Number of Jets accepted = 2 Number of DiJets found = 1
Event 2030000 / 10000000
Event 2040000 / 10000000
Event 2044083 Number of Jets accepted = 2 Number of DiJets found = 1
Event 2050000 / 10000000
Event 2060000 / 10000000
Event 2070000 / 10000000
Event 2080000 / 10000000
Event 2090000 / 10000000
Event 2090276 Number of Jets accepted = 2 Number of DiJets found = 1
Event 2100000 / 10000000
Event 2108025 Number of Jets accepted = 2 Number of DiJets found = 1
Event 2110000 / 10000000
Event 2120000 / 10000000
Event 2129120 Number of Jets accepted = 2 Number of DiJets found = 1
Event 2130000 / 10000000
Event 2140000 / 10000000
Event 2140869 Number of Jets accepted = 2 Number of DiJets found = 1
Event 2141354 Number of Jets accepted = 2 Number of DiJets found = 1
Event 2150000 / 10000000
Event 2160000 / 10000000
Event 2170000 / 10000000
Event 2171110 Number of Jets accepted = 2 Number of DiJets found = 1
Event 2180000 / 10000000
Event 2190000 / 10000000
Event 2200000 / 10000000
Event 2210000 / 10000000
Event 2217762 Number of Jets accepted = 2 Number of DiJets found = 1
Event 2220000 / 10000000
Event 2223692 Number of Jets accepted = 2 Number of DiJets found = 1
Event 2230000 / 10000000
Event 2240000 / 10000000
Event 2242264 Number of Jets accepted = 2 Number of DiJets found = 1
Event 2243067 Number of Jets accepted = 2 Number of DiJets found = 1
Event 2250000 / 10000000
Event 2253575 Number of Jets accepted = 2 Number of DiJets found = 1
Event 2260000 / 10000000
Event 2270000 / 10000000
Event 2279069 Number of Jets accepted = 2 Number of DiJets found = 1
Event 2280000 / 10000000
Event 2286175 Number of Jets accepted = 2 Number of DiJets found = 1
Event 2288272 Number of Jets accepted = 2 Number of DiJets found = 1
Event 2290000 / 10000000
Event 2300000 / 10000000
Event 2308728 Number of Jets accepted = 2 Number of DiJets found = 1
Event 2310000 / 10000000
Event 2320000 / 10000000
Event 2330000 / 10000000
Event 2340000 / 10000000
Event 2341036 Number of Jets accepted = 2 Number of DiJets found = 1
Event 2341128 Number of Jets accepted = 2 Number of DiJets found = 1
Event 2346660 Number of Jets accepted = 2 Number of DiJets found = 1
Event 2347684 Number of Jets accepted = 2 Number of DiJets found = 1
Event 2350000 / 10000000
Event 2355931 Number of Jets accepted = 2 Number of DiJets found = 1
Event 2360000 / 10000000
Event 2360898 Number of Jets accepted = 2 Number of DiJets found = 1
Event 2362590 Number of Jets accepted = 2 Number of DiJets found = 1
Event 2370000 / 10000000
Event 2374697 Number of Jets accepted = 2 Number of DiJets found = 1
Event 2380000 / 10000000
Event 2390000 / 10000000
Event 2400000 / 10000000
Event 2408885 Number of Jets accepted = 2 Number of DiJets found = 1
Event 2410000 / 10000000
Event 2420000 / 10000000
Event 2420847 Number of Jets accepted = 2 Number of DiJets found = 1
Event 2430000 / 10000000
Event 2437669 Number of Jets accepted = 2 Number of DiJets found = 1
Event 2440000 / 10000000
Event 2450000 / 10000000
Event 2460000 / 10000000
Event 2460649 Number of Jets accepted = 2 Number of DiJets found = 1
Event 2470000 / 10000000
Event 2479806 Number of Jets accepted = 2 Number of DiJets found = 1
Event 2480000 / 10000000
Event 2490000 / 10000000
Event 2498439 Number of Jets accepted = 2 Number of DiJets found = 1
Event 2500000 / 10000000
Event 2507681 Number of Jets accepted = 2 Number of DiJets found = 1
Event 2510000 / 10000000
Event 2513645 Number of Jets accepted = 2 Number of DiJets found = 1
Event 2520000 / 10000000
Event 2525950 Number of Jets accepted = 2 Number of DiJets found = 1
Event 2530000 / 10000000
Event 2537374 Number of Jets accepted = 2 Number of DiJets found = 1
Event 2540000 / 10000000
Event 2550000 / 10000000
Event 2551061 Number of Jets accepted = 2 Number of DiJets found = 1
Event 2552397 Number of Jets accepted = 2 Number of DiJets found = 1
Event 2560000 / 10000000
Event 2564542 Number of Jets accepted = 2 Number of DiJets found = 1
Event 2570000 / 10000000
Event 2580000 / 10000000
Event 2590000 / 10000000
Event 2599255 Number of Jets accepted = 2 Number of DiJets found = 1
Event 2600000 / 10000000
Event 2610000 / 10000000
Event 2620000 / 10000000
Event 2627698 Number of Jets accepted = 2 Number of DiJets found = 1
Event 2630000 / 10000000
Event 2640000 / 10000000
Event 2640509 Number of Jets accepted = 2 Number of DiJets found = 1
Event 2650000 / 10000000
Event 2660000 / 10000000
Event 2668512 Number of Jets accepted = 2 Number of DiJets found = 1
Event 2670000 / 10000000
Event 2680000 / 10000000
Event 2684665 Number of Jets accepted = 2 Number of DiJets found = 1
Event 2690000 / 10000000
Event 2693308 Number of Jets accepted = 2 Number of DiJets found = 1
Event 2698327 Number of Jets accepted = 2 Number of DiJets found = 1
Event 2700000 / 10000000
Event 2702676 Number of Jets accepted = 2 Number of DiJets found = 1
Event 2706667 Number of Jets accepted = 2 Number of DiJets found = 1
Event 2710000 / 10000000
Event 2717340 Number of Jets accepted = 2 Number of DiJets found = 1
Event 2720000 / 10000000
Event 2722543 Number of Jets accepted = 2 Number of DiJets found = 1
Event 2724898 Number of Jets accepted = 2 Number of DiJets found = 1
Event 2730000 / 10000000
Event 2732301 Number of Jets accepted = 2 Number of DiJets found = 1
Event 2737373 Number of Jets accepted = 2 Number of DiJets found = 1
Event 2740000 / 10000000
Event 2742579 Number of Jets accepted = 2 Number of DiJets found = 1
Event 2750000 / 10000000
Event 2751024 Number of Jets accepted = 2 Number of DiJets found = 1
Event 2756591 Number of Jets accepted = 2 Number of DiJets found = 1
Event 2760000 / 10000000
Event 2770000 / 10000000
Event 2773782 Number of Jets accepted = 2 Number of DiJets found = 1
Event 2780000 / 10000000
Event 2783497 Number of Jets accepted = 2 Number of DiJets found = 1
Event 2790000 / 10000000
Event 2800000 / 10000000
Event 2810000 / 10000000
Event 2820000 / 10000000
Event 2830000 / 10000000
Event 2840000 / 10000000
Event 2850000 / 10000000
Event 2852083 Number of Jets accepted = 2 Number of DiJets found = 1
Event 2858683 Number of Jets accepted = 2 Number of DiJets found = 1
Event 2860000 / 10000000
Event 2870000 / 10000000
Event 2880000 / 10000000
Event 2890000 / 10000000
Event 2900000 / 10000000
Event 2910000 / 10000000
Event 2913821 Number of Jets accepted = 2 Number of DiJets found = 1
Event 2920000 / 10000000
Event 2930000 / 10000000
Event 2940000 / 10000000
Event 2950000 / 10000000
Event 2960000 / 10000000
Event 2966705 Number of Jets accepted = 2 Number of DiJets found = 1
Event 2970000 / 10000000
Event 2973271 Number of Jets accepted = 2 Number of DiJets found = 1
Event 2980000 / 10000000
Event 2988823 Number of Jets accepted = 2 Number of DiJets found = 1
Event 2990000 / 10000000
Event 3000000 / 10000000
Event 3010000 / 10000000
Event 3020000 / 10000000
Event 3023756 Number of Jets accepted = 2 Number of DiJets found = 1
Event 3028479 Number of Jets accepted = 2 Number of DiJets found = 1
Event 3030000 / 10000000
Event 3030018 Number of Jets accepted = 2 Number of DiJets found = 1
Event 3037018 Number of Jets accepted = 2 Number of DiJets found = 1
Event 3040000 / 10000000
Event 3050000 / 10000000
Event 3060000 / 10000000
Event 3070000 / 10000000
Event 3073008 Number of Jets accepted = 2 Number of DiJets found = 1
Event 3074779 Number of Jets accepted = 2 Number of DiJets found = 1
Event 3080000 / 10000000
Event 3081582 Number of Jets accepted = 2 Number of DiJets found = 1
Event 3087157 Number of Jets accepted = 2 Number of DiJets found = 1
Event 3090000 / 10000000
Event 3100000 / 10000000
Event 3110000 / 10000000
Event 3120000 / 10000000
Event 3130000 / 10000000
Event 3140000 / 10000000
Event 3150000 / 10000000
Event 3150898 Number of Jets accepted = 2 Number of DiJets found = 1
Event 3151456 Number of Jets accepted = 2 Number of DiJets found = 1
Event 3160000 / 10000000
Event 3170000 / 10000000
Event 3172316 Number of Jets accepted = 2 Number of DiJets found = 1
Event 3175072 Number of Jets accepted = 2 Number of DiJets found = 1
Event 3180000 / 10000000
Event 3187505 Number of Jets accepted = 2 Number of DiJets found = 1
Event 3190000 / 10000000
Event 3200000 / 10000000
Event 3210000 / 10000000
Event 3213189 Number of Jets accepted = 2 Number of DiJets found = 1
Event 3220000 / 10000000
Event 3230000 / 10000000
Event 3240000 / 10000000
Event 3250000 / 10000000
Event 3258672 Number of Jets accepted = 2 Number of DiJets found = 1
Event 3259172 Number of Jets accepted = 2 Number of DiJets found = 1
Event 3260000 / 10000000
Event 3270000 / 10000000
Event 3279926 Number of Jets accepted = 2 Number of DiJets found = 1
Event 3280000 / 10000000
Event 3285351 Number of Jets accepted = 2 Number of DiJets found = 1
Event 3290000 / 10000000
Event 3300000 / 10000000
Event 3310000 / 10000000
Event 3320000 / 10000000
Event 3330000 / 10000000
Event 3336947 Number of Jets accepted = 2 Number of DiJets found = 1
Event 3340000 / 10000000
Event 3350000 / 10000000
Event 3360000 / 10000000
Event 3370000 / 10000000
Event 3380000 / 10000000
Event 3390000 / 10000000
Event 3394060 Number of Jets accepted = 2 Number of DiJets found = 1
Event 3396622 Number of Jets accepted = 2 Number of DiJets found = 1
Event 3400000 / 10000000
Event 3410000 / 10000000
Event 3420000 / 10000000
Event 3430000 / 10000000
Event 3440000 / 10000000
Event 3450000 / 10000000
Event 3452726 Number of Jets accepted = 2 Number of DiJets found = 1
Event 3460000 / 10000000
Event 3470000 / 10000000
Event 3480000 / 10000000
Event 3490000 / 10000000
Event 3495611 Number of Jets accepted = 2 Number of DiJets found = 1
Event 3500000 / 10000000
Event 3501175 Number of Jets accepted = 2 Number of DiJets found = 1
Event 3505654 Number of Jets accepted = 2 Number of DiJets found = 1
Event 3510000 / 10000000
Event 3510500 Number of Jets accepted = 2 Number of DiJets found = 1
Event 3520000 / 10000000
Event 3530000 / 10000000
Event 3540000 / 10000000
Event 3550000 / 10000000
Event 3554633 Number of Jets accepted = 2 Number of DiJets found = 1
Event 3560000 / 10000000
Event 3570000 / 10000000
Event 3575534 Number of Jets accepted = 2 Number of DiJets found = 1
Event 3580000 / 10000000
Event 3581559 Number of Jets accepted = 2 Number of DiJets found = 1
Event 3590000 / 10000000
Event 3600000 / 10000000
Event 3605179 Number of Jets accepted = 2 Number of DiJets found = 1
Event 3610000 / 10000000
Event 3620000 / 10000000
Event 3621540 Number of Jets accepted = 2 Number of DiJets found = 1
Event 3630000 / 10000000
Event 3640000 / 10000000
Event 3650000 / 10000000
Event 3660000 / 10000000
Event 3662711 Number of Jets accepted = 2 Number of DiJets found = 1
Event 3668358 Number of Jets accepted = 2 Number of DiJets found = 1
Event 3670000 / 10000000
Event 3675502 Number of Jets accepted = 2 Number of DiJets found = 1
Event 3680000 / 10000000
Event 3683007 Number of Jets accepted = 2 Number of DiJets found = 1
Event 3690000 / 10000000
Event 3693036 Number of Jets accepted = 2 Number of DiJets found = 1
Event 3697990 Number of Jets accepted = 2 Number of DiJets found = 1
Event 3700000 / 10000000
Event 3710000 / 10000000
Event 3710434 Number of Jets accepted = 2 Number of DiJets found = 1
Event 3720000 / 10000000
Event 3730000 / 10000000
Event 3740000 / 10000000
Event 3746240 Number of Jets accepted = 2 Number of DiJets found = 1
Event 3746965 Number of Jets accepted = 2 Number of DiJets found = 1
Event 3750000 / 10000000
Event 3760000 / 10000000
Event 3760664 Number of Jets accepted = 2 Number of DiJets found = 1
Event 3765726 Number of Jets accepted = 2 Number of DiJets found = 1
Event 3770000 / 10000000
Event 3772658 Number of Jets accepted = 2 Number of DiJets found = 1
Event 3779797 Number of Jets accepted = 2 Number of DiJets found = 1
Event 3780000 / 10000000
Event 3790000 / 10000000
Event 3795885 Number of Jets accepted = 2 Number of DiJets found = 1
Event 3800000 / 10000000
Event 3805278 Number of Jets accepted = 2 Number of DiJets found = 1
Event 3810000 / 10000000
Event 3820000 / 10000000
Event 3830000 / 10000000
Event 3840000 / 10000000
Event 3850000 / 10000000
Event 3860000 / 10000000
Event 3870000 / 10000000
Event 3877931 Number of Jets accepted = 2 Number of DiJets found = 1
Event 3880000 / 10000000
Event 3890000 / 10000000
Event 3900000 / 10000000
Event 3910000 / 10000000
Event 3920000 / 10000000
Event 3930000 / 10000000
Event 3934770 Number of Jets accepted = 2 Number of DiJets found = 1
Event 3940000 / 10000000
Event 3950000 / 10000000
Event 3951534 Number of Jets accepted = 2 Number of DiJets found = 1
Event 3953094 Number of Jets accepted = 2 Number of DiJets found = 1
Event 3960000 / 10000000
Event 3968663 Number of Jets accepted = 2 Number of DiJets found = 1
Event 3970000 / 10000000
Event 3980000 / 10000000
Event 3990000 / 10000000
Event 3991682 Number of Jets accepted = 2 Number of DiJets found = 1
Event 3999964 Number of Jets accepted = 2 Number of DiJets found = 1
Event 4000000 / 10000000
Event 4009498 Number of Jets accepted = 2 Number of DiJets found = 1
Event 4010000 / 10000000
Event 4017174 Number of Jets accepted = 2 Number of DiJets found = 1
Event 4020000 / 10000000
Event 4030000 / 10000000
Event 4040000 / 10000000
Event 4041670 Number of Jets accepted = 2 Number of DiJets found = 1
Event 4044332 Number of Jets accepted = 2 Number of DiJets found = 1
Event 4048865 Number of Jets accepted = 2 Number of DiJets found = 1
Event 4050000 / 10000000
Event 4060000 / 10000000
Event 4060636 Number of Jets accepted = 2 Number of DiJets found = 1
Event 4070000 / 10000000
Event 4077620 Number of Jets accepted = 2 Number of DiJets found = 1
Event 4079627 Number of Jets accepted = 2 Number of DiJets found = 1
Event 4080000 / 10000000
Event 4086942 Number of Jets accepted = 2 Number of DiJets found = 1
Event 4087466 Number of Jets accepted = 2 Number of DiJets found = 1
Event 4090000 / 10000000
Event 4090321 Number of Jets accepted = 2 Number of DiJets found = 1
Event 4100000 / 10000000
Event 4110000 / 10000000
Event 4113749 Number of Jets accepted = 2 Number of DiJets found = 1
Event 4117653 Number of Jets accepted = 2 Number of DiJets found = 1
Event 4120000 / 10000000
Event 4123626 Number of Jets accepted = 2 Number of DiJets found = 1
Event 4130000 / 10000000
Event 4137038 Number of Jets accepted = 2 Number of DiJets found = 1
Event 4140000 / 10000000
Event 4150000 / 10000000
Event 4160000 / 10000000
Event 4161634 Number of Jets accepted = 2 Number of DiJets found = 1
Event 4170000 / 10000000
Event 4173882 Number of Jets accepted = 2 Number of DiJets found = 1
Event 4180000 / 10000000
Event 4190000 / 10000000
Event 4196688 Number of Jets accepted = 2 Number of DiJets found = 1
Event 4200000 / 10000000
Event 4210000 / 10000000
Event 4220000 / 10000000
Event 4230000 / 10000000
Event 4240000 / 10000000
Event 4245318 Number of Jets accepted = 2 Number of DiJets found = 1
Event 4250000 / 10000000
Event 4260000 / 10000000
Event 4270000 / 10000000
Event 4274826 Number of Jets accepted = 2 Number of DiJets found = 1
Event 4280000 / 10000000
Event 4290000 / 10000000
Event 4292409 Number of Jets accepted = 2 Number of DiJets found = 1
Event 4298867 Number of Jets accepted = 2 Number of DiJets found = 1
Event 4300000 / 10000000
Event 4310000 / 10000000
Event 4320000 / 10000000
Event 4326624 Number of Jets accepted = 2 Number of DiJets found = 1
Event 4330000 / 10000000
Event 4340000 / 10000000
Event 4343810 Number of Jets accepted = 2 Number of DiJets found = 1
Event 4350000 / 10000000
Event 4354674 Number of Jets accepted = 2 Number of DiJets found = 1
Event 4360000 / 10000000
Event 4370000 / 10000000
Event 4380000 / 10000000
Event 4385292 Number of Jets accepted = 2 Number of DiJets found = 1
Event 4390000 / 10000000
Event 4400000 / 10000000
Event 4410000 / 10000000
Event 4414399 Number of Jets accepted = 2 Number of DiJets found = 1
Event 4420000 / 10000000
Event 4425909 Number of Jets accepted = 2 Number of DiJets found = 1
Event 4430000 / 10000000
Event 4440000 / 10000000
Event 4450000 / 10000000
Event 4456409 Number of Jets accepted = 2 Number of DiJets found = 1
Event 4460000 / 10000000
Event 4467166 Number of Jets accepted = 2 Number of DiJets found = 1
Event 4469109 Number of Jets accepted = 2 Number of DiJets found = 1
Event 4470000 / 10000000
Event 4470659 Number of Jets accepted = 2 Number of DiJets found = 1
Event 4480000 / 10000000
Event 4487835 Number of Jets accepted = 2 Number of DiJets found = 1
Event 4490000 / 10000000
Event 4500000 / 10000000
Event 4510000 / 10000000
Event 4520000 / 10000000
Event 4530000 / 10000000
Event 4540000 / 10000000
Event 4550000 / 10000000
Event 4560000 / 10000000
Event 4562731 Number of Jets accepted = 2 Number of DiJets found = 1
Event 4564167 Number of Jets accepted = 2 Number of DiJets found = 1
Event 4570000 / 10000000
Event 4573354 Number of Jets accepted = 2 Number of DiJets found = 1
Event 4580000 / 10000000
Event 4580895 Number of Jets accepted = 2 Number of DiJets found = 1
Event 4590000 / 10000000
Event 4594979 Number of Jets accepted = 2 Number of DiJets found = 1
Event 4600000 / 10000000
Event 4601540 Number of Jets accepted = 2 Number of DiJets found = 1
Event 4610000 / 10000000
Event 4612616 Number of Jets accepted = 2 Number of DiJets found = 1
Event 4620000 / 10000000
Event 4623998 Number of Jets accepted = 2 Number of DiJets found = 1
Event 4630000 / 10000000
Event 4640000 / 10000000
Event 4649245 Number of Jets accepted = 2 Number of DiJets found = 1
Event 4650000 / 10000000
Event 4660000 / 10000000
Event 4667903 Number of Jets accepted = 2 Number of DiJets found = 1
Event 4668144 Number of Jets accepted = 2 Number of DiJets found = 1
Event 4670000 / 10000000
Event 4675386 Number of Jets accepted = 2 Number of DiJets found = 1
Event 4680000 / 10000000
Event 4680238 Number of Jets accepted = 2 Number of DiJets found = 1
Event 4690000 / 10000000
Event 4698684 Number of Jets accepted = 2 Number of DiJets found = 1
Event 4700000 / 10000000
Event 4710000 / 10000000
Event 4715479 Number of Jets accepted = 2 Number of DiJets found = 1
Event 4720000 / 10000000
Event 4730000 / 10000000
Event 4740000 / 10000000
Event 4743760 Number of Jets accepted = 2 Number of DiJets found = 1
Event 4747122 Number of Jets accepted = 2 Number of DiJets found = 1
Event 4748345 Number of Jets accepted = 2 Number of DiJets found = 1
Event 4750000 / 10000000
Event 4753340 Number of Jets accepted = 2 Number of DiJets found = 1
Event 4754348 Number of Jets accepted = 2 Number of DiJets found = 1
Event 4760000 / 10000000
Event 4765249 Number of Jets accepted = 2 Number of DiJets found = 1
Event 4766929 Number of Jets accepted = 2 Number of DiJets found = 1
Event 4770000 / 10000000
Event 4776601 Number of Jets accepted = 2 Number of DiJets found = 1
Event 4779279 Number of Jets accepted = 2 Number of DiJets found = 1
Event 4780000 / 10000000
Event 4790000 / 10000000
Event 4798950 Number of Jets accepted = 2 Number of DiJets found = 1
Event 4800000 / 10000000
Event 4810000 / 10000000
Event 4820000 / 10000000
Event 4830000 / 10000000
Event 4840000 / 10000000
Event 4847898 Number of Jets accepted = 2 Number of DiJets found = 1
Event 4850000 / 10000000
Event 4860000 / 10000000
Event 4870000 / 10000000
Event 4871757 Number of Jets accepted = 2 Number of DiJets found = 1
Event 4872694 Number of Jets accepted = 2 Number of DiJets found = 1
Event 4876432 Number of Jets accepted = 2 Number of DiJets found = 1
Event 4877432 Number of Jets accepted = 2 Number of DiJets found = 1
Event 4879018 Number of Jets accepted = 2 Number of DiJets found = 1
Event 4880000 / 10000000
Event 4890000 / 10000000
Event 4893244 Number of Jets accepted = 2 Number of DiJets found = 1
Event 4893536 Number of Jets accepted = 2 Number of DiJets found = 1
Event 4898603 Number of Jets accepted = 2 Number of DiJets found = 1
Event 4900000 / 10000000
Event 4910000 / 10000000
Event 4918313 Number of Jets accepted = 2 Number of DiJets found = 1
Event 4920000 / 10000000
Event 4924892 Number of Jets accepted = 2 Number of DiJets found = 1
Event 4928878 Number of Jets accepted = 2 Number of DiJets found = 1
Event 4930000 / 10000000
Event 4933731 Number of Jets accepted = 4 Number of DiJets found = 2
Event 4940000 / 10000000
Event 4940598 Number of Jets accepted = 2 Number of DiJets found = 1
Event 4946164 Number of Jets accepted = 2 Number of DiJets found = 1
Event 4950000 / 10000000
Event 4960000 / 10000000
Event 4960457 Number of Jets accepted = 2 Number of DiJets found = 1
Event 4970000 / 10000000
Event 4980000 / 10000000
Event 4988316 Number of Jets accepted = 2 Number of DiJets found = 1
Event 4990000 / 10000000
Event 4990543 Number of Jets accepted = 2 Number of DiJets found = 1
Event 5000000 / 10000000
Event 5000120 Number of Jets accepted = 2 Number of DiJets found = 1
Event 5008881 Number of Jets accepted = 2 Number of DiJets found = 1
Event 5010000 / 10000000
Event 5012595 Number of Jets accepted = 2 Number of DiJets found = 1
Event 5020000 / 10000000
Event 5022809 Number of Jets accepted = 2 Number of DiJets found = 1
Event 5027931 Number of Jets accepted = 2 Number of DiJets found = 1
Event 5030000 / 10000000
Event 5040000 / 10000000
Event 5050000 / 10000000
Event 5053976 Number of Jets accepted = 2 Number of DiJets found = 1
Event 5060000 / 10000000
Event 5061662 Number of Jets accepted = 2 Number of DiJets found = 1
Event 5068771 Number of Jets accepted = 2 Number of DiJets found = 1
Event 5068998 Number of Jets accepted = 2 Number of DiJets found = 1
Event 5069859 Number of Jets accepted = 2 Number of DiJets found = 1
Event 5070000 / 10000000
Event 5070387 Number of Jets accepted = 2 Number of DiJets found = 1
Event 5080000 / 10000000
Event 5087230 Number of Jets accepted = 2 Number of DiJets found = 1
Event 5090000 / 10000000
Event 5093548 Number of Jets accepted = 2 Number of DiJets found = 1
Event 5095790 Number of Jets accepted = 2 Number of DiJets found = 1
Event 5096270 Number of Jets accepted = 2 Number of DiJets found = 1
Event 5100000 / 10000000
Event 5110000 / 10000000
Event 5115022 Number of Jets accepted = 2 Number of DiJets found = 1
Event 5115322 Number of Jets accepted = 2 Number of DiJets found = 1
Event 5120000 / 10000000
Event 5130000 / 10000000
Event 5137924 Number of Jets accepted = 2 Number of DiJets found = 1
Event 5140000 / 10000000
Event 5150000 / 10000000
Event 5160000 / 10000000
Event 5170000 / 10000000
Event 5170097 Number of Jets accepted = 2 Number of DiJets found = 1
Event 5180000 / 10000000
Event 5190000 / 10000000
Event 5200000 / 10000000
Event 5203842 Number of Jets accepted = 2 Number of DiJets found = 1
Event 5203968 Number of Jets accepted = 2 Number of DiJets found = 1
Event 5210000 / 10000000
Event 5213058 Number of Jets accepted = 2 Number of DiJets found = 1
Event 5218535 Number of Jets accepted = 2 Number of DiJets found = 1
Event 5220000 / 10000000
Event 5230000 / 10000000
Event 5240000 / 10000000
Event 5250000 / 10000000
Event 5260000 / 10000000
Event 5270000 / 10000000
Event 5273368 Number of Jets accepted = 2 Number of DiJets found = 1
Event 5280000 / 10000000
Event 5280064 Number of Jets accepted = 2 Number of DiJets found = 1
Event 5280812 Number of Jets accepted = 2 Number of DiJets found = 1
Event 5281191 Number of Jets accepted = 2 Number of DiJets found = 1
Event 5285402 Number of Jets accepted = 2 Number of DiJets found = 1
Event 5290000 / 10000000
Event 5293113 Number of Jets accepted = 2 Number of DiJets found = 1
Event 5300000 / 10000000
Event 5310000 / 10000000
Event 5320000 / 10000000
Event 5326034 Number of Jets accepted = 2 Number of DiJets found = 1
Event 5330000 / 10000000
Event 5335122 Number of Jets accepted = 2 Number of DiJets found = 1
Event 5340000 / 10000000
Event 5347068 Number of Jets accepted = 2 Number of DiJets found = 1
Event 5350000 / 10000000
Event 5360000 / 10000000
Event 5367343 Number of Jets accepted = 2 Number of DiJets found = 1
Event 5370000 / 10000000
Event 5380000 / 10000000
Event 5382085 Number of Jets accepted = 2 Number of DiJets found = 1
Event 5390000 / 10000000
Event 5397522 Number of Jets accepted = 2 Number of DiJets found = 1
Event 5400000 / 10000000
Event 5410000 / 10000000
Event 5412252 Number of Jets accepted = 2 Number of DiJets found = 1
Event 5420000 / 10000000
Event 5430000 / 10000000
Event 5431989 Number of Jets accepted = 2 Number of DiJets found = 1
Event 5438808 Number of Jets accepted = 2 Number of DiJets found = 1
Event 5440000 / 10000000
Event 5450000 / 10000000
Event 5458155 Number of Jets accepted = 2 Number of DiJets found = 1
Event 5460000 / 10000000
Event 5470000 / 10000000
Event 5480000 / 10000000
Event 5490000 / 10000000
Event 5500000 / 10000000
Event 5510000 / 10000000
Event 5516418 Number of Jets accepted = 2 Number of DiJets found = 1
Event 5517447 Number of Jets accepted = 2 Number of DiJets found = 1
Event 5520000 / 10000000
Event 5526988 Number of Jets accepted = 2 Number of DiJets found = 1
Event 5530000 / 10000000
Event 5540000 / 10000000
Event 5550000 / 10000000
Event 5560000 / 10000000
Event 5570000 / 10000000
Event 5580000 / 10000000
Event 5590000 / 10000000
Event 5592274 Number of Jets accepted = 2 Number of DiJets found = 1
Event 5595792 Number of Jets accepted = 2 Number of DiJets found = 1
Event 5600000 / 10000000
Event 5601489 Number of Jets accepted = 2 Number of DiJets found = 1
Event 5610000 / 10000000
Event 5619316 Number of Jets accepted = 2 Number of DiJets found = 1
Event 5620000 / 10000000
Event 5630000 / 10000000
Event 5640000 / 10000000
Event 5649894 Number of Jets accepted = 2 Number of DiJets found = 1
Event 5650000 / 10000000
Event 5650153 Number of Jets accepted = 2 Number of DiJets found = 1
Event 5657818 Number of Jets accepted = 2 Number of DiJets found = 1
Event 5660000 / 10000000
Event 5670000 / 10000000
Event 5680000 / 10000000
Event 5690000 / 10000000
Event 5700000 / 10000000
Event 5710000 / 10000000
Event 5720000 / 10000000
Event 5720584 Number of Jets accepted = 2 Number of DiJets found = 1
Event 5730000 / 10000000
Event 5740000 / 10000000
Event 5745289 Number of Jets accepted = 2 Number of DiJets found = 1
Event 5747323 Number of Jets accepted = 2 Number of DiJets found = 1
Event 5747642 Number of Jets accepted = 2 Number of DiJets found = 1
Event 5749766 Number of Jets accepted = 2 Number of DiJets found = 1
Event 5750000 / 10000000
Event 5751278 Number of Jets accepted = 2 Number of DiJets found = 1
Event 5753980 Number of Jets accepted = 2 Number of DiJets found = 1
Event 5760000 / 10000000
Event 5760469 Number of Jets accepted = 2 Number of DiJets found = 1
Event 5761214 Number of Jets accepted = 2 Number of DiJets found = 1
Event 5766400 Number of Jets accepted = 2 Number of DiJets found = 1
Event 5770000 / 10000000
Event 5780000 / 10000000
Event 5781598 Number of Jets accepted = 2 Number of DiJets found = 1
Event 5786218 Number of Jets accepted = 2 Number of DiJets found = 1
Event 5790000 / 10000000
Event 5800000 / 10000000
Event 5810000 / 10000000
Event 5812655 Number of Jets accepted = 2 Number of DiJets found = 1
Event 5820000 / 10000000
Event 5830000 / 10000000
Event 5831959 Number of Jets accepted = 2 Number of DiJets found = 1
Event 5840000 / 10000000
Event 5850000 / 10000000
Event 5860000 / 10000000
Event 5870000 / 10000000
Event 5880000 / 10000000
Event 5890000 / 10000000
Event 5900000 / 10000000
Event 5910000 / 10000000
Event 5920000 / 10000000
Event 5926162 Number of Jets accepted = 2 Number of DiJets found = 1
Event 5930000 / 10000000
Event 5931815 Number of Jets accepted = 2 Number of DiJets found = 1
Event 5938748 Number of Jets accepted = 2 Number of DiJets found = 1
Event 5940000 / 10000000
Event 5950000 / 10000000
Event 5958008 Number of Jets accepted = 2 Number of DiJets found = 1
Event 5960000 / 10000000
Event 5966050 Number of Jets accepted = 2 Number of DiJets found = 1
Event 5970000 / 10000000
Event 5980000 / 10000000
Event 5988089 Number of Jets accepted = 2 Number of DiJets found = 1
Event 5990000 / 10000000
Event 5994374 Number of Jets accepted = 2 Number of DiJets found = 1
Event 5997812 Number of Jets accepted = 2 Number of DiJets found = 1
Event 5998961 Number of Jets accepted = 2 Number of DiJets found = 1
Event 6000000 / 10000000
Event 6010000 / 10000000
Event 6010598 Number of Jets accepted = 2 Number of DiJets found = 1
Event 6020000 / 10000000
Event 6030000 / 10000000
Event 6035839 Number of Jets accepted = 2 Number of DiJets found = 1
Event 6037203 Number of Jets accepted = 2 Number of DiJets found = 1
Event 6040000 / 10000000
Event 6050000 / 10000000
Event 6058008 Number of Jets accepted = 2 Number of DiJets found = 1
Event 6060000 / 10000000
Event 6070000 / 10000000
Event 6076369 Number of Jets accepted = 2 Number of DiJets found = 1
Event 6077249 Number of Jets accepted = 2 Number of DiJets found = 1
Event 6080000 / 10000000
Event 6090000 / 10000000
Event 6100000 / 10000000
Event 6110000 / 10000000
Event 6120000 / 10000000
Event 6130000 / 10000000
Event 6138114 Number of Jets accepted = 2 Number of DiJets found = 1
Event 6140000 / 10000000
Event 6150000 / 10000000
Event 6154342 Number of Jets accepted = 2 Number of DiJets found = 1
Event 6160000 / 10000000
Event 6166535 Number of Jets accepted = 2 Number of DiJets found = 1
Event 6168791 Number of Jets accepted = 2 Number of DiJets found = 1
Event 6170000 / 10000000
Event 6179821 Number of Jets accepted = 2 Number of DiJets found = 1
Event 6180000 / 10000000
Event 6190000 / 10000000
Event 6200000 / 10000000
Event 6210000 / 10000000
Event 6220000 / 10000000
Event 6230000 / 10000000
Event 6240000 / 10000000
Event 6247634 Number of Jets accepted = 2 Number of DiJets found = 1
Event 6250000 / 10000000
Event 6260000 / 10000000
Event 6270000 / 10000000
Event 6278365 Number of Jets accepted = 2 Number of DiJets found = 1
Event 6280000 / 10000000
Event 6290000 / 10000000
Event 6295229 Number of Jets accepted = 2 Number of DiJets found = 1
Event 6300000 / 10000000
Event 6310000 / 10000000
Event 6320000 / 10000000
Event 6324657 Number of Jets accepted = 2 Number of DiJets found = 1
Event 6330000 / 10000000
Event 6332463 Number of Jets accepted = 2 Number of DiJets found = 1
Event 6340000 / 10000000
Event 6350000 / 10000000
Event 6360000 / 10000000
Event 6370000 / 10000000
Event 6373749 Number of Jets accepted = 2 Number of DiJets found = 1
Event 6376717 Number of Jets accepted = 2 Number of DiJets found = 1
Event 6380000 / 10000000
Event 6390000 / 10000000
Event 6392172 Number of Jets accepted = 2 Number of DiJets found = 1
Event 6400000 / 10000000
Event 6410000 / 10000000
Event 6420000 / 10000000
Event 6428448 Number of Jets accepted = 2 Number of DiJets found = 1
Event 6430000 / 10000000
Event 6440000 / 10000000
Event 6450000 / 10000000
Event 6460000 / 10000000
Event 6465050 Number of Jets accepted = 2 Number of DiJets found = 1
Event 6470000 / 10000000
Event 6473394 Number of Jets accepted = 2 Number of DiJets found = 1
Event 6474621 Number of Jets accepted = 2 Number of DiJets found = 1
Event 6480000 / 10000000
Event 6483493 Number of Jets accepted = 2 Number of DiJets found = 1
Event 6490000 / 10000000
Event 6500000 / 10000000
Event 6510000 / 10000000
Event 6520000 / 10000000
Event 6530000 / 10000000
Event 6540000 / 10000000
Event 6550000 / 10000000
Event 6560000 / 10000000
Event 6564619 Number of Jets accepted = 2 Number of DiJets found = 1
Event 6570000 / 10000000
Event 6580000 / 10000000
Event 6590000 / 10000000
Event 6598601 Number of Jets accepted = 2 Number of DiJets found = 1
Event 6600000 / 10000000
Event 6610000 / 10000000
Event 6610283 Number of Jets accepted = 2 Number of DiJets found = 1
Event 6611826 Number of Jets accepted = 2 Number of DiJets found = 1
Event 6620000 / 10000000
Event 6621000 Number of Jets accepted = 2 Number of DiJets found = 1
Event 6630000 / 10000000
Event 6640000 / 10000000
Event 6650000 / 10000000
Event 6651744 Number of Jets accepted = 2 Number of DiJets found = 1
Event 6653506 Number of Jets accepted = 2 Number of DiJets found = 1
Event 6660000 / 10000000
Event 6670000 / 10000000
Event 6676568 Number of Jets accepted = 2 Number of DiJets found = 1
Event 6677600 Number of Jets accepted = 2 Number of DiJets found = 1
Event 6680000 / 10000000
Event 6690000 / 10000000
Event 6691391 Number of Jets accepted = 2 Number of DiJets found = 1
Event 6700000 / 10000000
Event 6700922 Number of Jets accepted = 2 Number of DiJets found = 1
Event 6709337 Number of Jets accepted = 2 Number of DiJets found = 1
Event 6710000 / 10000000
Event 6720000 / 10000000
Event 6730000 / 10000000
Event 6740000 / 10000000
Event 6750000 / 10000000
Event 6760000 / 10000000
Event 6770000 / 10000000
Event 6780000 / 10000000
Event 6790000 / 10000000
Event 6800000 / 10000000
Event 6810000 / 10000000
Event 6812692 Number of Jets accepted = 2 Number of DiJets found = 1
Event 6820000 / 10000000
Event 6825721 Number of Jets accepted = 2 Number of DiJets found = 1
Event 6830000 / 10000000
Event 6830312 Number of Jets accepted = 2 Number of DiJets found = 1
Event 6840000 / 10000000
Event 6845542 Number of Jets accepted = 2 Number of DiJets found = 1
Event 6848880 Number of Jets accepted = 2 Number of DiJets found = 1
Event 6850000 / 10000000
Event 6860000 / 10000000
Event 6870000 / 10000000
Event 6880000 / 10000000
Event 6884900 Number of Jets accepted = 2 Number of DiJets found = 1
Event 6890000 / 10000000
Event 6900000 / 10000000
Event 6910000 / 10000000
Event 6920000 / 10000000
Event 6929768 Number of Jets accepted = 2 Number of DiJets found = 1
Event 6930000 / 10000000
Event 6940000 / 10000000
Event 6950000 / 10000000
Event 6960000 / 10000000
Event 6964676 Number of Jets accepted = 2 Number of DiJets found = 1
Event 6970000 / 10000000
Event 6971231 Number of Jets accepted = 2 Number of DiJets found = 1
Event 6980000 / 10000000
Event 6983428 Number of Jets accepted = 2 Number of DiJets found = 1
Event 6984101 Number of Jets accepted = 2 Number of DiJets found = 1
Event 6990000 / 10000000
Event 7000000 / 10000000
Event 7000663 Number of Jets accepted = 2 Number of DiJets found = 1
Event 7007278 Number of Jets accepted = 2 Number of DiJets found = 1
Event 7010000 / 10000000
Event 7020000 / 10000000
Event 7030000 / 10000000
Event 7040000 / 10000000
Event 7050000 / 10000000
Event 7060000 / 10000000
Event 7065250 Number of Jets accepted = 4 Number of DiJets found = 2
Event 7070000 / 10000000
Event 7070599 Number of Jets accepted = 2 Number of DiJets found = 1
Event 7076166 Number of Jets accepted = 2 Number of DiJets found = 1
Event 7080000 / 10000000
Event 7080036 Number of Jets accepted = 2 Number of DiJets found = 1
Event 7090000 / 10000000
Event 7100000 / 10000000
Event 7110000 / 10000000
Event 7110626 Number of Jets accepted = 2 Number of DiJets found = 1
Event 7120000 / 10000000
Event 7130000 / 10000000
Event 7135650 Number of Jets accepted = 2 Number of DiJets found = 1
Event 7135861 Number of Jets accepted = 2 Number of DiJets found = 1
Event 7140000 / 10000000
Event 7140208 Number of Jets accepted = 2 Number of DiJets found = 1
Event 7143134 Number of Jets accepted = 2 Number of DiJets found = 1
Event 7147285 Number of Jets accepted = 2 Number of DiJets found = 1
Event 7150000 / 10000000
Event 7158406 Number of Jets accepted = 2 Number of DiJets found = 1
Event 7160000 / 10000000
Event 7170000 / 10000000
Event 7180000 / 10000000
Event 7190000 / 10000000
Event 7196940 Number of Jets accepted = 2 Number of DiJets found = 1
Event 7200000 / 10000000
Event 7210000 / 10000000
Event 7212335 Number of Jets accepted = 2 Number of DiJets found = 1
Event 7220000 / 10000000
Event 7230000 / 10000000
Event 7234221 Number of Jets accepted = 2 Number of DiJets found = 1
Event 7240000 / 10000000
Event 7249613 Number of Jets accepted = 2 Number of DiJets found = 1
Event 7250000 / 10000000
Event 7260000 / 10000000
Event 7270000 / 10000000
Event 7275639 Number of Jets accepted = 2 Number of DiJets found = 1
Event 7280000 / 10000000
Event 7281263 Number of Jets accepted = 2 Number of DiJets found = 1
Event 7282396 Number of Jets accepted = 2 Number of DiJets found = 1
Event 7282593 Number of Jets accepted = 2 Number of DiJets found = 1
Event 7288621 Number of Jets accepted = 2 Number of DiJets found = 1
Event 7290000 / 10000000
Event 7296062 Number of Jets accepted = 2 Number of DiJets found = 1
Event 7300000 / 10000000
Event 7310000 / 10000000
Event 7315399 Number of Jets accepted = 2 Number of DiJets found = 1
Event 7320000 / 10000000
Event 7330000 / 10000000
Event 7340000 / 10000000
Event 7343799 Number of Jets accepted = 2 Number of DiJets found = 1
Event 7344594 Number of Jets accepted = 2 Number of DiJets found = 1
Event 7350000 / 10000000
Event 7360000 / 10000000
Event 7370000 / 10000000
Event 7372899 Number of Jets accepted = 2 Number of DiJets found = 1
Event 7380000 / 10000000
Event 7382136 Number of Jets accepted = 2 Number of DiJets found = 1
Event 7390000 / 10000000
Event 7400000 / 10000000
Event 7410000 / 10000000
Event 7420000 / 10000000
Event 7430000 / 10000000
Event 7440000 / 10000000
Event 7440060 Number of Jets accepted = 2 Number of DiJets found = 1
Event 7441210 Number of Jets accepted = 2 Number of DiJets found = 1
Event 7450000 / 10000000
Event 7450012 Number of Jets accepted = 2 Number of DiJets found = 1
Event 7456933 Number of Jets accepted = 2 Number of DiJets found = 1
Event 7460000 / 10000000
Event 7470000 / 10000000
Event 7470776 Number of Jets accepted = 2 Number of DiJets found = 1
Event 7480000 / 10000000
Event 7490000 / 10000000
Event 7490355 Number of Jets accepted = 2 Number of DiJets found = 1
Event 7499170 Number of Jets accepted = 2 Number of DiJets found = 1
Event 7500000 / 10000000
Event 7503607 Number of Jets accepted = 2 Number of DiJets found = 1
Event 7510000 / 10000000
Event 7510100 Number of Jets accepted = 2 Number of DiJets found = 1
Event 7520000 / 10000000
Event 7530000 / 10000000
Event 7540000 / 10000000
Event 7543490 Number of Jets accepted = 2 Number of DiJets found = 1
Event 7550000 / 10000000
Event 7560000 / 10000000
Event 7570000 / 10000000
Event 7570511 Number of Jets accepted = 2 Number of DiJets found = 1
Event 7579845 Number of Jets accepted = 2 Number of DiJets found = 1
Event 7580000 / 10000000
Event 7582650 Number of Jets accepted = 2 Number of DiJets found = 1
Event 7585511 Number of Jets accepted = 2 Number of DiJets found = 1
Event 7590000 / 10000000
Event 7592839 Number of Jets accepted = 2 Number of DiJets found = 1
Event 7593449 Number of Jets accepted = 2 Number of DiJets found = 1
Event 7600000 / 10000000
Event 7600809 Number of Jets accepted = 2 Number of DiJets found = 1
Event 7610000 / 10000000
Event 7620000 / 10000000
Event 7623966 Number of Jets accepted = 2 Number of DiJets found = 1
Event 7630000 / 10000000
Event 7631600 Number of Jets accepted = 2 Number of DiJets found = 1
Event 7638010 Number of Jets accepted = 2 Number of DiJets found = 1
Event 7639869 Number of Jets accepted = 2 Number of DiJets found = 1
Event 7640000 / 10000000
Event 7645373 Number of Jets accepted = 2 Number of DiJets found = 1
Event 7650000 / 10000000
Event 7660000 / 10000000
Event 7670000 / 10000000
Event 7680000 / 10000000
Event 7681508 Number of Jets accepted = 2 Number of DiJets found = 1
Event 7690000 / 10000000
Event 7700000 / 10000000
Event 7710000 / 10000000
Event 7720000 / 10000000
Event 7730000 / 10000000
Event 7732145 Number of Jets accepted = 2 Number of DiJets found = 1
Event 7735451 Number of Jets accepted = 2 Number of DiJets found = 1
Event 7737832 Number of Jets accepted = 2 Number of DiJets found = 1
Event 7740000 / 10000000
Event 7747325 Number of Jets accepted = 2 Number of DiJets found = 1
Event 7747518 Number of Jets accepted = 2 Number of DiJets found = 1
Event 7750000 / 10000000
Event 7760000 / 10000000
Event 7765357 Number of Jets accepted = 2 Number of DiJets found = 1
Event 7770000 / 10000000
Event 7775884 Number of Jets accepted = 2 Number of DiJets found = 1
Event 7780000 / 10000000
Event 7780907 Number of Jets accepted = 2 Number of DiJets found = 1
Event 7790000 / 10000000
Event 7792858 Number of Jets accepted = 2 Number of DiJets found = 1
Event 7800000 / 10000000
Event 7801263 Number of Jets accepted = 2 Number of DiJets found = 1
Event 7806643 Number of Jets accepted = 2 Number of DiJets found = 1
Event 7810000 / 10000000
Event 7820000 / 10000000
Event 7826966 Number of Jets accepted = 2 Number of DiJets found = 1
Event 7830000 / 10000000
Event 7839443 Number of Jets accepted = 2 Number of DiJets found = 1
Event 7840000 / 10000000
Event 7841837 Number of Jets accepted = 2 Number of DiJets found = 1
Event 7850000 / 10000000
Event 7860000 / 10000000
Event 7870000 / 10000000
Event 7873575 Number of Jets accepted = 2 Number of DiJets found = 1
Event 7880000 / 10000000
Event 7890000 / 10000000
Event 7900000 / 10000000
Event 7900764 Number of Jets accepted = 2 Number of DiJets found = 1
Event 7901626 Number of Jets accepted = 2 Number of DiJets found = 1
Event 7910000 / 10000000
Event 7920000 / 10000000
Event 7920510 Number of Jets accepted = 2 Number of DiJets found = 1
Event 7930000 / 10000000
Event 7936114 Number of Jets accepted = 2 Number of DiJets found = 1
Event 7936682 Number of Jets accepted = 2 Number of DiJets found = 1
Event 7940000 / 10000000
Event 7942051 Number of Jets accepted = 2 Number of DiJets found = 1
Event 7950000 / 10000000
Event 7960000 / 10000000
Event 7960491 Number of Jets accepted = 2 Number of DiJets found = 1
Event 7970000 / 10000000
Event 7980000 / 10000000
Event 7990000 / 10000000
Event 8000000 / 10000000
Event 8001147 Number of Jets accepted = 2 Number of DiJets found = 1
Event 8002336 Number of Jets accepted = 2 Number of DiJets found = 1
Event 8007540 Number of Jets accepted = 2 Number of DiJets found = 1
Event 8010000 / 10000000
Event 8018989 Number of Jets accepted = 2 Number of DiJets found = 1
Event 8020000 / 10000000
Event 8030000 / 10000000
Event 8040000 / 10000000
Event 8050000 / 10000000
Event 8060000 / 10000000
Event 8070000 / 10000000
Event 8070547 Number of Jets accepted = 2 Number of DiJets found = 1
Event 8080000 / 10000000
Event 8082362 Number of Jets accepted = 2 Number of DiJets found = 1
Event 8090000 / 10000000
Event 8092839 Number of Jets accepted = 2 Number of DiJets found = 1
Event 8100000 / 10000000
Event 8100008 Number of Jets accepted = 2 Number of DiJets found = 1
Event 8110000 / 10000000
Event 8116080 Number of Jets accepted = 2 Number of DiJets found = 1
Event 8118089 Number of Jets accepted = 2 Number of DiJets found = 1
Event 8120000 / 10000000
Event 8123302 Number of Jets accepted = 2 Number of DiJets found = 1
Event 8126022 Number of Jets accepted = 2 Number of DiJets found = 1
Event 8130000 / 10000000
Event 8140000 / 10000000
Event 8142714 Number of Jets accepted = 2 Number of DiJets found = 1
Event 8150000 / 10000000
Event 8159958 Number of Jets accepted = 2 Number of DiJets found = 1
Event 8160000 / 10000000
Event 8169925 Number of Jets accepted = 2 Number of DiJets found = 1
Event 8170000 / 10000000
Event 8180000 / 10000000
Event 8183195 Number of Jets accepted = 2 Number of DiJets found = 1
Event 8189052 Number of Jets accepted = 2 Number of DiJets found = 1
Event 8190000 / 10000000
Event 8190284 Number of Jets accepted = 2 Number of DiJets found = 1
Event 8190702 Number of Jets accepted = 2 Number of DiJets found = 1
Event 8200000 / 10000000
Event 8200169 Number of Jets accepted = 2 Number of DiJets found = 1
Event 8202784 Number of Jets accepted = 2 Number of DiJets found = 1
Event 8210000 / 10000000
Event 8220000 / 10000000
Event 8230000 / 10000000
Event 8240000 / 10000000
Event 8250000 / 10000000
Event 8251413 Number of Jets accepted = 2 Number of DiJets found = 1
Event 8260000 / 10000000
Event 8270000 / 10000000
Event 8270041 Number of Jets accepted = 2 Number of DiJets found = 1
Event 8271686 Number of Jets accepted = 2 Number of DiJets found = 1
Event 8280000 / 10000000
Event 8285001 Number of Jets accepted = 2 Number of DiJets found = 1
Event 8290000 / 10000000
Event 8296718 Number of Jets accepted = 2 Number of DiJets found = 1
Event 8300000 / 10000000
Event 8300661 Number of Jets accepted = 2 Number of DiJets found = 1
Event 8302037 Number of Jets accepted = 2 Number of DiJets found = 1
Event 8310000 / 10000000
Event 8320000 / 10000000
Event 8326184 Number of Jets accepted = 2 Number of DiJets found = 1
Event 8330000 / 10000000
Event 8340000 / 10000000
Event 8342205 Number of Jets accepted = 2 Number of DiJets found = 1
Event 8343353 Number of Jets accepted = 2 Number of DiJets found = 1
Event 8349860 Number of Jets accepted = 2 Number of DiJets found = 1
Event 8350000 / 10000000
Event 8360000 / 10000000
Event 8361957 Number of Jets accepted = 2 Number of DiJets found = 1
Event 8365241 Number of Jets accepted = 2 Number of DiJets found = 1
Event 8370000 / 10000000
Event 8380000 / 10000000
Event 8390000 / 10000000
Event 8398186 Number of Jets accepted = 4 Number of DiJets found = 2
Event 8400000 / 10000000
Event 8400558 Number of Jets accepted = 2 Number of DiJets found = 1
Event 8409616 Number of Jets accepted = 2 Number of DiJets found = 1
Event 8410000 / 10000000
Event 8412533 Number of Jets accepted = 2 Number of DiJets found = 1
Event 8420000 / 10000000
Event 8430000 / 10000000
Event 8432379 Number of Jets accepted = 2 Number of DiJets found = 1
Event 8432739 Number of Jets accepted = 2 Number of DiJets found = 1
Event 8440000 / 10000000
Event 8450000 / 10000000
Event 8452676 Number of Jets accepted = 2 Number of DiJets found = 1
Event 8460000 / 10000000
Event 8469255 Number of Jets accepted = 2 Number of DiJets found = 1
Event 8470000 / 10000000
Event 8472323 Number of Jets accepted = 2 Number of DiJets found = 1
Event 8480000 / 10000000
Event 8485793 Number of Jets accepted = 2 Number of DiJets found = 1
Event 8490000 / 10000000
Event 8492611 Number of Jets accepted = 2 Number of DiJets found = 1
Event 8500000 / 10000000
Event 8502537 Number of Jets accepted = 2 Number of DiJets found = 1
Event 8505542 Number of Jets accepted = 2 Number of DiJets found = 1
Event 8510000 / 10000000
Event 8520000 / 10000000
Event 8522268 Number of Jets accepted = 2 Number of DiJets found = 1
Event 8530000 / 10000000
Event 8540000 / 10000000
Event 8548241 Number of Jets accepted = 2 Number of DiJets found = 1
Event 8550000 / 10000000
Event 8554682 Number of Jets accepted = 2 Number of DiJets found = 1
Event 8560000 / 10000000
Event 8570000 / 10000000
Event 8570587 Number of Jets accepted = 2 Number of DiJets found = 1
Event 8574480 Number of Jets accepted = 2 Number of DiJets found = 1
Event 8580000 / 10000000
Event 8590000 / 10000000
Event 8600000 / 10000000
Event 8609160 Number of Jets accepted = 2 Number of DiJets found = 1
Event 8610000 / 10000000
Event 8616339 Number of Jets accepted = 2 Number of DiJets found = 1
Event 8617859 Number of Jets accepted = 2 Number of DiJets found = 1
Event 8618495 Number of Jets accepted = 4 Number of DiJets found = 2
Event 8620000 / 10000000
Event 8630000 / 10000000
Event 8633001 Number of Jets accepted = 2 Number of DiJets found = 1
Event 8640000 / 10000000
Event 8641288 Number of Jets accepted = 2 Number of DiJets found = 1
Event 8650000 / 10000000
Event 8656738 Number of Jets accepted = 2 Number of DiJets found = 1
Event 8660000 / 10000000
Event 8670000 / 10000000
Event 8680000 / 10000000
Event 8684800 Number of Jets accepted = 2 Number of DiJets found = 1
Event 8690000 / 10000000
Event 8700000 / 10000000
Event 8710000 / 10000000
Event 8710843 Number of Jets accepted = 2 Number of DiJets found = 1
Event 8720000 / 10000000
Event 8721096 Number of Jets accepted = 2 Number of DiJets found = 1
Event 8730000 / 10000000
Event 8740000 / 10000000
Event 8750000 / 10000000
Event 8760000 / 10000000
Event 8770000 / 10000000
Event 8770036 Number of Jets accepted = 2 Number of DiJets found = 1
Event 8780000 / 10000000
Event 8790000 / 10000000
Event 8800000 / 10000000
Event 8810000 / 10000000
Event 8814559 Number of Jets accepted = 2 Number of DiJets found = 1
Event 8817801 Number of Jets accepted = 2 Number of DiJets found = 1
Event 8820000 / 10000000
Event 8830000 / 10000000
Event 8840000 / 10000000
Event 8840305 Number of Jets accepted = 2 Number of DiJets found = 1
Event 8850000 / 10000000
Event 8852126 Number of Jets accepted = 2 Number of DiJets found = 1
Event 8854337 Number of Jets accepted = 2 Number of DiJets found = 1
Event 8855681 Number of Jets accepted = 2 Number of DiJets found = 1
Event 8860000 / 10000000
Event 8865576 Number of Jets accepted = 2 Number of DiJets found = 1
Event 8870000 / 10000000
Event 8880000 / 10000000
Event 8890000 / 10000000
Event 8899636 Number of Jets accepted = 2 Number of DiJets found = 1
Event 8900000 / 10000000
Event 8910000 / 10000000
Event 8915696 Number of Jets accepted = 2 Number of DiJets found = 1
Event 8918681 Number of Jets accepted = 2 Number of DiJets found = 1
Event 8920000 / 10000000
Event 8920852 Number of Jets accepted = 4 Number of DiJets found = 2
Event 8924626 Number of Jets accepted = 2 Number of DiJets found = 1
Event 8930000 / 10000000
Event 8940000 / 10000000
Event 8943818 Number of Jets accepted = 2 Number of DiJets found = 1
Event 8950000 / 10000000
Event 8960000 / 10000000
Event 8970000 / 10000000
Event 8971000 Number of Jets accepted = 2 Number of DiJets found = 1
Event 8980000 / 10000000
Event 8990000 / 10000000
Event 8993144 Number of Jets accepted = 2 Number of DiJets found = 1
Event 9000000 / 10000000
Event 9010000 / 10000000
Event 9017673 Number of Jets accepted = 2 Number of DiJets found = 1
Event 9019791 Number of Jets accepted = 2 Number of DiJets found = 1
Event 9020000 / 10000000
Event 9020530 Number of Jets accepted = 2 Number of DiJets found = 1
Event 9024704 Number of Jets accepted = 2 Number of DiJets found = 1
Event 9030000 / 10000000
Event 9037382 Number of Jets accepted = 2 Number of DiJets found = 1
Event 9040000 / 10000000
Event 9050000 / 10000000
Event 9060000 / 10000000
Event 9063244 Number of Jets accepted = 2 Number of DiJets found = 1
Event 9063585 Number of Jets accepted = 2 Number of DiJets found = 1
Event 9070000 / 10000000
Event 9080000 / 10000000
Event 9080563 Number of Jets accepted = 2 Number of DiJets found = 1
Event 9080865 Number of Jets accepted = 2 Number of DiJets found = 1
Event 9088827 Number of Jets accepted = 2 Number of DiJets found = 1
Event 9090000 / 10000000
Event 9093379 Number of Jets accepted = 2 Number of DiJets found = 1
Event 9100000 / 10000000
Event 9110000 / 10000000
Event 9120000 / 10000000
Event 9130000 / 10000000
Event 9130240 Number of Jets accepted = 2 Number of DiJets found = 1
Event 9133376 Number of Jets accepted = 2 Number of DiJets found = 1
Event 9137373 Number of Jets accepted = 2 Number of DiJets found = 1
Event 9140000 / 10000000
Event 9150000 / 10000000
Event 9160000 / 10000000
Event 9160971 Number of Jets accepted = 2 Number of DiJets found = 1
Event 9170000 / 10000000
Event 9173954 Number of Jets accepted = 2 Number of DiJets found = 1
Event 9180000 / 10000000
Event 9185339 Number of Jets accepted = 2 Number of DiJets found = 1
Event 9190000 / 10000000
Event 9200000 / 10000000
Event 9200564 Number of Jets accepted = 2 Number of DiJets found = 1
Event 9210000 / 10000000
Event 9220000 / 10000000
Event 9222268 Number of Jets accepted = 2 Number of DiJets found = 1
Event 9226981 Number of Jets accepted = 2 Number of DiJets found = 1
Event 9227640 Number of Jets accepted = 2 Number of DiJets found = 1
Event 9230000 / 10000000
Event 9240000 / 10000000
Event 9250000 / 10000000
Event 9260000 / 10000000
Event 9266971 Number of Jets accepted = 2 Number of DiJets found = 1
Event 9270000 / 10000000
Event 9271203 Number of Jets accepted = 2 Number of DiJets found = 1
Event 9278100 Number of Jets accepted = 2 Number of DiJets found = 1
Event 9280000 / 10000000
Event 9285844 Number of Jets accepted = 2 Number of DiJets found = 1
Event 9287017 Number of Jets accepted = 2 Number of DiJets found = 1
Event 9290000 / 10000000
Event 9300000 / 10000000
Event 9301878 Number of Jets accepted = 2 Number of DiJets found = 1
Event 9310000 / 10000000
Event 9318568 Number of Jets accepted = 2 Number of DiJets found = 1
Event 9320000 / 10000000
Event 9329391 Number of Jets accepted = 2 Number of DiJets found = 1
Event 9330000 / 10000000
Event 9340000 / 10000000
Event 9350000 / 10000000
Event 9350516 Number of Jets accepted = 2 Number of DiJets found = 1
Event 9351467 Number of Jets accepted = 2 Number of DiJets found = 1
Event 9360000 / 10000000
Event 9365936 Number of Jets accepted = 2 Number of DiJets found = 1
Event 9368870 Number of Jets accepted = 2 Number of DiJets found = 1
Event 9370000 / 10000000
Event 9376421 Number of Jets accepted = 2 Number of DiJets found = 1
Event 9380000 / 10000000
Event 9390000 / 10000000
Event 9393160 Number of Jets accepted = 2 Number of DiJets found = 1
Event 9400000 / 10000000
Event 9410000 / 10000000
Event 9420000 / 10000000
Event 9430000 / 10000000
Event 9440000 / 10000000
Event 9445793 Number of Jets accepted = 2 Number of DiJets found = 1
Event 9450000 / 10000000
Event 9453674 Number of Jets accepted = 2 Number of DiJets found = 1
Event 9457990 Number of Jets accepted = 2 Number of DiJets found = 1
Event 9459664 Number of Jets accepted = 2 Number of DiJets found = 1
Event 9460000 / 10000000
Event 9467793 Number of Jets accepted = 2 Number of DiJets found = 1
Event 9470000 / 10000000
Event 9474574 Number of Jets accepted = 2 Number of DiJets found = 1
Event 9479633 Number of Jets accepted = 2 Number of DiJets found = 1
Event 9480000 / 10000000
Event 9490000 / 10000000
Event 9500000 / 10000000
Event 9508170 Number of Jets accepted = 2 Number of DiJets found = 1
Event 9510000 / 10000000
Event 9520000 / 10000000
Event 9530000 / 10000000
Event 9540000 / 10000000
Event 9542047 Number of Jets accepted = 2 Number of DiJets found = 1
Event 9550000 / 10000000
Event 9560000 / 10000000
Event 9570000 / 10000000
Event 9578340 Number of Jets accepted = 2 Number of DiJets found = 1
Event 9580000 / 10000000
Event 9584396 Number of Jets accepted = 2 Number of DiJets found = 1
Event 9590000 / 10000000
Event 9600000 / 10000000
Event 9610000 / 10000000
Event 9613421 Number of Jets accepted = 2 Number of DiJets found = 1
Event 9617143 Number of Jets accepted = 2 Number of DiJets found = 1
Event 9620000 / 10000000
Event 9630000 / 10000000
Event 9640000 / 10000000
Event 9644686 Number of Jets accepted = 2 Number of DiJets found = 1
Event 9650000 / 10000000
Event 9660000 / 10000000
Event 9669003 Number of Jets accepted = 2 Number of DiJets found = 1
Event 9670000 / 10000000
Event 9680000 / 10000000
Event 9683214 Number of Jets accepted = 2 Number of DiJets found = 1
Event 9690000 / 10000000
Event 9692479 Number of Jets accepted = 2 Number of DiJets found = 1
Event 9700000 / 10000000
Event 9708697 Number of Jets accepted = 2 Number of DiJets found = 1
Event 9710000 / 10000000
Event 9720000 / 10000000
Event 9730000 / 10000000
Event 9737502 Number of Jets accepted = 2 Number of DiJets found = 1
Event 9740000 / 10000000
Event 9750000 / 10000000
Event 9750348 Number of Jets accepted = 2 Number of DiJets found = 1
Event 9760000 / 10000000
Event 9770000 / 10000000
Event 9773945 Number of Jets accepted = 2 Number of DiJets found = 1
Event 9774392 Number of Jets accepted = 2 Number of DiJets found = 1
Event 9774708 Number of Jets accepted = 2 Number of DiJets found = 1
Event 9780000 / 10000000
Event 9789148 Number of Jets accepted = 2 Number of DiJets found = 1
Event 9790000 / 10000000
Event 9800000 / 10000000
Event 9810000 / 10000000
Event 9812525 Number of Jets accepted = 2 Number of DiJets found = 1
Event 9820000 / 10000000
Event 9824055 Number of Jets accepted = 2 Number of DiJets found = 1
Event 9830000 / 10000000
Event 9834026 Number of Jets accepted = 2 Number of DiJets found = 1
Event 9840000 / 10000000
Event 9847993 Number of Jets accepted = 2 Number of DiJets found = 1
Event 9850000 / 10000000
Event 9856937 Number of Jets accepted = 2 Number of DiJets found = 1
Event 9858096 Number of Jets accepted = 2 Number of DiJets found = 1
Event 9860000 / 10000000
Event 9870000 / 10000000
Event 9880000 / 10000000
Event 9887029 Number of Jets accepted = 2 Number of DiJets found = 1
Event 9890000 / 10000000
Event 9896808 Number of Jets accepted = 2 Number of DiJets found = 1
Event 9900000 / 10000000
Event 9910000 / 10000000
Event 9914980 Number of Jets accepted = 2 Number of DiJets found = 1
Event 9920000 / 10000000
Event 9926876 Number of Jets accepted = 2 Number of DiJets found = 1
Event 9930000 / 10000000
Event 9932620 Number of Jets accepted = 2 Number of DiJets found = 1
Event 9940000 / 10000000
Event 9947254 Number of Jets accepted = 2 Number of DiJets found = 1
Event 9950000 / 10000000
Event 9960000 / 10000000
Event 9970000 / 10000000
Event 9974124 Number of Jets accepted = 2 Number of DiJets found = 1
Event 9980000 / 10000000
Event 9990000 / 10000000

Found 660 events with jets.

Time elapsed: Real time 39:52:29, CP time 140961.200
